Command line:
   main_isim_beh.exe
     -simmode  gui
     -simrunnum  0
     -socket  61139

Wed Jun 10 16:20:24 2015


 Elaboration Time: 0.156 sec

 Current Memory Usage: 1474.48 Meg

 Total Signals          : 28
 Total Nets             : 24
 Total Signal Drivers   : 13
 Total Blocks           : 7
 Total Primitive Blocks : 6
 Total Processes        : 13
 Total Traceable Variables  : 8
 Total Scalar Nets and Variables : 384
Total Line Count : 13
Total Line Count : 13

 Total Simulation Time: 0.202801 sec

 Current Memory Usage: 688.013 Meg

Wed Jun 10 16:28:46 2015

