!SESSION 2016-03-01 12:17:24.247 -----------------------------------------------
eclipse.buildId=4.5.2.M20160212-1500
java.version=1.7.0_79
java.vendor=Oracle Corporation
BootLoader constants: OS=linux, ARCH=x86, WS=gtk, NL=es_MX
Framework arguments:  -product org.eclipse.epp.package.jee.product
Command-line arguments:  -os linux -ws gtk -arch x86 -product org.eclipse.epp.package.jee.product

!ENTRY org.eclipse.ui 1 1 2016-03-01 12:26:58.595
!MESSAGE Workbench migration started

!ENTRY org.eclipse.ui 1 1 2016-03-01 12:27:01.645
!MESSAGE Workbench migration finished

!ENTRY org.eclipse.epp.logging.aeri.ide 2 16 2016-03-01 12:27:24.391
!MESSAGE Server ‘org.eclipse.epp.logging.aeri.ide.server’ failed with exception: Connect to dev.eclipse.org:443 [dev.eclipse.org/198.41.30.200] failed: connect timed out. ; version: 1.100.0.v20160217-0435
!STACK 0
org.apache.http.conn.ConnectTimeoutException: Connect to dev.eclipse.org:443 [dev.eclipse.org/198.41.30.200] failed: connect timed out
	at org.apache.http.impl.conn.HttpClientConnectionOperator.connect(HttpClientConnectionOperator.java:134)
	at org.apache.http.impl.conn.PoolingHttpClientConnectionManager.connect(PoolingHttpClientConnectionManager.java:319)
	at org.apache.http.impl.execchain.MainClientExec.establishRoute(MainClientExec.java:363)
	at org.apache.http.impl.execchain.MainClientExec.execute(MainClientExec.java:219)
	at org.apache.http.impl.execchain.ProtocolExec.execute(ProtocolExec.java:195)
	at org.apache.http.impl.execchain.RetryExec.execute(RetryExec.java:86)
	at org.apache.http.impl.execchain.RedirectExec.execute(RedirectExec.java:108)
	at org.apache.http.impl.client.InternalHttpClient.doExecute(InternalHttpClient.java:184)
	at org.apache.http.impl.client.CloseableHttpClient.execute(CloseableHttpClient.java:82)
	at org.apache.http.impl.client.CloseableHttpClient.execute(CloseableHttpClient.java:57)
	at org.apache.http.client.fluent.Executor.execute(Executor.java:206)
	at org.eclipse.epp.internal.logging.aeri.ide.server.mars.IO.request(IO.java:205)
	at org.eclipse.epp.internal.logging.aeri.ide.server.mars.IO.refreshConfiguration(IO.java:68)
	at org.eclipse.epp.internal.logging.aeri.ide.server.mars.ServerConnection.startUp(ServerConnection.java:101)
	at com.google.common.util.concurrent.AbstractIdleService$2$1.run(AbstractIdleService.java:54)
	at com.google.common.util.concurrent.Callables$3.run(Callables.java:93)
	at java.lang.Thread.run(Thread.java:745)
Caused by: java.net.SocketTimeoutException: connect timed out
	at java.net.PlainSocketImpl.socketConnect(Native Method)
	at java.net.AbstractPlainSocketImpl.doConnect(AbstractPlainSocketImpl.java:339)
	at java.net.AbstractPlainSocketImpl.connectToAddress(AbstractPlainSocketImpl.java:200)
	at java.net.AbstractPlainSocketImpl.connect(AbstractPlainSocketImpl.java:182)
	at java.net.SocksSocketImpl.connect(SocksSocketImpl.java:392)
	at java.net.Socket.connect(Socket.java:579)
	at org.apache.http.conn.ssl.SSLConnectionSocketFactory.connectSocket(SSLConnectionSocketFactory.java:244)
	at org.apache.http.impl.conn.HttpClientConnectionOperator.connect(HttpClientConnectionOperator.java:125)
	... 16 more

!ENTRY org.eclipse.core.jobs 4 2 2016-03-01 12:32:16.287
!MESSAGE An internal error occurred during: "Computing size".
!STACK 0
java.lang.IllegalStateException: The profile is currently in use.
	at org.eclipse.equinox.internal.p2.engine.SimpleProfileRegistry.lockProfile(SimpleProfileRegistry.java:838)
	at org.eclipse.equinox.internal.p2.engine.Engine.perform(Engine.java:67)
	at org.eclipse.equinox.internal.p2.engine.Engine.perform(Engine.java:44)
	at org.eclipse.equinox.internal.p2.ui.ProvUI.getSize(ProvUI.java:236)
	at org.eclipse.equinox.internal.p2.ui.dialogs.SizeComputingWizardPage$1.run(SizeComputingWizardPage.java:63)
	at org.eclipse.core.internal.jobs.Worker.run(Worker.java:55)

!ENTRY org.eclipse.equinox.p2.engine 4 4 2016-03-01 12:33:47.503
!MESSAGE An error occurred while collecting items to be installed
!SUBENTRY 1 org.eclipse.equinox.p2.engine 4 0 2016-03-01 12:33:47.503
!MESSAGE session context was:(profile=epp.package.jee, phase=org.eclipse.equinox.internal.p2.engine.phases.Collect, operand=, action=).
!SUBENTRY 1 org.eclipse.equinox.p2.artifact.repository 4 0 2016-03-01 12:33:47.504
!MESSAGE No repository found containing: osgi.bundle,org.eclipse.cvs.source,1.2.0.dist
!SUBENTRY 1 org.eclipse.equinox.p2.artifact.repository 4 0 2016-03-01 12:33:47.504
!MESSAGE No repository found containing: org.eclipse.update.feature,org.eclipse.cvs.source,1.3.200.dist-7B79FJJ9exZ_
!SUBENTRY 1 org.eclipse.equinox.p2.artifact.repository 4 0 2016-03-01 12:33:47.504
!MESSAGE No repository found containing: osgi.bundle,org.eclipse.equinox.http.jetty.source,3.0.0.dist
!SUBENTRY 1 org.eclipse.equinox.p2.artifact.repository 4 0 2016-03-01 12:33:47.504
!MESSAGE No repository found containing: osgi.bundle,org.eclipse.equinox.http.registry.source,1.1.200.dist
!SUBENTRY 1 org.eclipse.equinox.p2.artifact.repository 4 0 2016-03-01 12:33:47.504
!MESSAGE No repository found containing: osgi.bundle,org.eclipse.equinox.http.servlet.source,1.1.300.dist
!SUBENTRY 1 org.eclipse.equinox.p2.artifact.repository 4 0 2016-03-01 12:33:47.504
!MESSAGE No repository found containing: osgi.bundle,org.eclipse.equinox.jsp.jasper.registry.source,1.0.300.dist
!SUBENTRY 1 org.eclipse.equinox.p2.artifact.repository 4 0 2016-03-01 12:33:47.504
!MESSAGE No repository found containing: osgi.bundle,org.eclipse.equinox.jsp.jasper.source,1.0.400.dist
!SUBENTRY 1 org.eclipse.equinox.p2.artifact.repository 4 0 2016-03-01 12:33:47.504
!MESSAGE No repository found containing: org.eclipse.update.feature,org.eclipse.equinox.p2.rcp.feature.source,1.1.0.dist-785EoAUkcjGofGLmS7BA7
!SUBENTRY 1 org.eclipse.equinox.p2.artifact.repository 4 0 2016-03-01 12:33:47.504
!MESSAGE No repository found containing: osgi.bundle,org.eclipse.equinox.p2.ui.sdk.scheduler.source,1.1.0.dist
!SUBENTRY 1 org.eclipse.equinox.p2.artifact.repository 4 0 2016-03-01 12:33:47.504
!MESSAGE No repository found containing: osgi.bundle,org.eclipse.equinox.p2.ui.sdk.source,1.0.200.dist
!SUBENTRY 1 org.eclipse.equinox.p2.artifact.repository 4 0 2016-03-01 12:33:47.504
!MESSAGE No repository found containing: osgi.bundle,org.eclipse.equinox.p2.ui.source,2.2.0.dist
!SUBENTRY 1 org.eclipse.equinox.p2.artifact.repository 4 0 2016-03-01 12:33:47.504
!MESSAGE No repository found containing: osgi.bundle,org.eclipse.equinox.p2.updatechecker.source,1.1.200.dist
!SUBENTRY 1 org.eclipse.equinox.p2.artifact.repository 4 0 2016-03-01 12:33:47.504
!MESSAGE No repository found containing: osgi.bundle,org.eclipse.equinox.security.ui.source,1.1.100.dist
!SUBENTRY 1 org.eclipse.equinox.p2.artifact.repository 4 0 2016-03-01 12:33:47.504
!MESSAGE No repository found containing: osgi.bundle,org.eclipse.help.base.source,3.6.100.dist
!SUBENTRY 1 org.eclipse.equinox.p2.artifact.repository 4 0 2016-03-01 12:33:47.504
!MESSAGE No repository found containing: org.eclipse.update.feature,org.eclipse.help.source,1.4.1.dist-8v7oFRvFCmSPZkILLj597H
!SUBENTRY 1 org.eclipse.equinox.p2.artifact.repository 4 0 2016-03-01 12:33:47.504
!MESSAGE No repository found containing: osgi.bundle,org.eclipse.help.ui.source,3.5.200.dist
!SUBENTRY 1 org.eclipse.equinox.p2.artifact.repository 4 0 2016-03-01 12:33:47.504
!MESSAGE No repository found containing: osgi.bundle,org.eclipse.help.webapp.source,3.6.101.dist
!SUBENTRY 1 org.eclipse.equinox.p2.artifact.repository 4 0 2016-03-01 12:33:47.504
!MESSAGE No repository found containing: org.eclipse.update.feature,org.eclipse.license,1.0.0.dist
!SUBENTRY 1 org.eclipse.equinox.p2.artifact.repository 4 0 2016-03-01 12:33:47.504
!MESSAGE No repository found containing: osgi.bundle,org.eclipse.pde.api.tools.source,1.0.400.dist
!SUBENTRY 1 org.eclipse.equinox.p2.artifact.repository 4 0 2016-03-01 12:33:47.504
!MESSAGE No repository found containing: osgi.bundle,org.eclipse.pde.api.tools.ui.source,1.0.400.dist
!SUBENTRY 1 org.eclipse.equinox.p2.artifact.repository 4 0 2016-03-01 12:33:47.504
!MESSAGE No repository found containing: osgi.bundle,org.eclipse.pde.build.source,3.8.1.dist
!SUBENTRY 1 org.eclipse.equinox.p2.artifact.repository 4 0 2016-03-01 12:33:47.504
!MESSAGE No repository found containing: osgi.bundle,org.eclipse.pde.core.source,3.8.0.dist
!SUBENTRY 1 org.eclipse.equinox.p2.artifact.repository 4 0 2016-03-01 12:33:47.504
!MESSAGE No repository found containing: osgi.bundle,org.eclipse.pde.ds.core.source,1.0.200.dist
!SUBENTRY 1 org.eclipse.equinox.p2.artifact.repository 4 0 2016-03-01 12:33:47.504
!MESSAGE No repository found containing: osgi.bundle,org.eclipse.pde.ds.ui.source,1.0.200.dist
!SUBENTRY 1 org.eclipse.equinox.p2.artifact.repository 4 0 2016-03-01 12:33:47.504
!MESSAGE No repository found containing: osgi.bundle,org.eclipse.pde.junit.runtime.source,3.4.200.dist
!SUBENTRY 1 org.eclipse.equinox.p2.artifact.repository 4 0 2016-03-01 12:33:47.504
!MESSAGE No repository found containing: osgi.bundle,org.eclipse.pde.launching.source,3.6.100.dist
!SUBENTRY 1 org.eclipse.equinox.p2.artifact.repository 4 0 2016-03-01 12:33:47.504
!MESSAGE No repository found containing: osgi.bundle,org.eclipse.pde.runtime.source,3.4.300.dist
!SUBENTRY 1 org.eclipse.equinox.p2.artifact.repository 4 0 2016-03-01 12:33:47.504
!MESSAGE No repository found containing: osgi.bundle,org.eclipse.pde.source,3.7.0.dist
!SUBENTRY 1 org.eclipse.equinox.p2.artifact.repository 4 0 2016-03-01 12:33:47.504
!MESSAGE No repository found containing: org.eclipse.update.feature,org.eclipse.pde.source,3.8.1.dist-7c7vFiyFALX8A
!SUBENTRY 1 org.eclipse.equinox.p2.artifact.repository 4 0 2016-03-01 12:33:47.504
!MESSAGE No repository found containing: osgi.bundle,org.eclipse.pde.ua.core.source,1.0.200.dist
!SUBENTRY 1 org.eclipse.equinox.p2.artifact.repository 4 0 2016-03-01 12:33:47.504
!MESSAGE No repository found containing: osgi.bundle,org.eclipse.pde.ua.ui.source,1.0.200.dist
!SUBENTRY 1 org.eclipse.equinox.p2.artifact.repository 4 0 2016-03-01 12:33:47.505
!MESSAGE No repository found containing: osgi.bundle,org.eclipse.pde.ui.source,3.7.1.dist
!SUBENTRY 1 org.eclipse.equinox.p2.artifact.repository 4 0 2016-03-01 12:33:47.505
!MESSAGE No repository found containing: osgi.bundle,org.eclipse.pde.ui.templates.source,3.4.500.dist
!SUBENTRY 1 org.eclipse.equinox.p2.artifact.repository 4 0 2016-03-01 12:33:47.505
!MESSAGE No repository found containing: osgi.bundle,org.eclipse.team.cvs.core.source,3.3.500.dist
!SUBENTRY 1 org.eclipse.equinox.p2.artifact.repository 4 0 2016-03-01 12:33:47.505
!MESSAGE No repository found containing: osgi.bundle,org.eclipse.team.cvs.ssh2.source,3.2.300.dist
!SUBENTRY 1 org.eclipse.equinox.p2.artifact.repository 4 0 2016-03-01 12:33:47.505
!MESSAGE No repository found containing: osgi.bundle,org.eclipse.team.cvs.ui.source,3.3.500.dist
!SUBENTRY 1 org.eclipse.equinox.p2.artifact.repository 4 0 2016-03-01 12:33:47.505
!MESSAGE No repository found containing: osgi.bundle,org.eclipse.ui.trace.source,1.0.1.dist
!SUBENTRY 1 org.eclipse.equinox.p2.artifact.repository 4 0 2016-03-01 12:33:47.505
!MESSAGE No repository found containing: osgi.bundle,org.eclipse.ui.views.log.source,1.0.300.dist
!SESSION 2016-03-01 13:16:51.197 -----------------------------------------------
eclipse.buildId=4.5.2.M20160212-1500
java.version=1.7.0_79
java.vendor=Oracle Corporation
BootLoader constants: OS=linux, ARCH=x86, WS=gtk, NL=es_MX
Framework arguments:  -product org.eclipse.epp.package.jee.product
Command-line arguments:  -os linux -ws gtk -arch x86 -product org.eclipse.epp.package.jee.product

!ENTRY org.eclipse.equinox.p2.publisher.eclipse 4 0 2016-03-01 13:16:53.690
!MESSAGE Unable to acquire PluginConverter service during generation for: /opt/ide/32/eclipse/features/org.eclipse.wb.layout.group.feature_1.8.0.r45x201506110824.jar.

!ENTRY org.eclipse.equinox.p2.publisher.eclipse 4 0 2016-03-01 13:16:53.690
!MESSAGE Unable to acquire PluginConverter service during generation for: /opt/ide/32/eclipse/features/org.eclipse.wb.doc.user.feature_1.8.0.r45x201506110838.jar.

!ENTRY org.eclipse.equinox.p2.publisher.eclipse 4 0 2016-03-01 13:16:53.690
!MESSAGE Unable to acquire PluginConverter service during generation for: /opt/ide/32/eclipse/features/org.eclipse.wb.core.ui.feature_1.8.0.r45x201506110822.jar.

!ENTRY org.eclipse.equinox.p2.publisher.eclipse 4 0 2016-03-01 13:16:53.691
!MESSAGE Unable to acquire PluginConverter service during generation for: /opt/ide/32/eclipse/features/org.eclipse.wb.core.xml.feature_1.8.0.r45x201506110823.jar.

!ENTRY org.eclipse.equinox.p2.publisher.eclipse 4 0 2016-03-01 13:16:53.691
!MESSAGE Unable to acquire PluginConverter service during generation for: /opt/ide/32/eclipse/features/org.eclipse.wb.rcp.feature_1.8.0.r45x201506110827.jar.

!ENTRY org.eclipse.equinox.p2.publisher.eclipse 4 0 2016-03-01 13:16:53.692
!MESSAGE Unable to acquire PluginConverter service during generation for: /opt/ide/32/eclipse/features/org.eclipse.wb.swt.feature_1.8.0.r45x201506110825.jar.

!ENTRY org.eclipse.equinox.p2.publisher.eclipse 4 0 2016-03-01 13:16:53.692
!MESSAGE Unable to acquire PluginConverter service during generation for: /opt/ide/32/eclipse/features/org.eclipse.wb.swing.feature_1.8.0.r45x201506110826.jar.

!ENTRY org.eclipse.equinox.p2.publisher.eclipse 4 0 2016-03-01 13:16:53.692
!MESSAGE Unable to acquire PluginConverter service during generation for: /opt/ide/32/eclipse/features/org.eclipse.wb.core.java.feature_1.8.0.r45x201506110821.jar.

!ENTRY org.eclipse.equinox.p2.publisher.eclipse 4 0 2016-03-01 13:16:53.693
!MESSAGE Unable to acquire PluginConverter service during generation for: /opt/ide/32/eclipse/features/org.eclipse.wb.xwt.feature_1.8.0.r45x201506110829.jar.

!ENTRY org.eclipse.equinox.p2.publisher.eclipse 4 0 2016-03-01 13:16:53.693
!MESSAGE Unable to acquire PluginConverter service during generation for: /opt/ide/32/eclipse/features/org.eclipse.wb.rcp.doc.user.feature_1.8.0.r45x201506110839.jar.

!ENTRY org.eclipse.equinox.p2.publisher.eclipse 4 0 2016-03-01 13:16:53.693
!MESSAGE Unable to acquire PluginConverter service during generation for: /opt/ide/32/eclipse/features/org.eclipse.wb.rcp.SWT_AWT_support_1.8.0.r45x201506110828.jar.

!ENTRY org.eclipse.equinox.p2.publisher.eclipse 4 0 2016-03-01 13:16:53.694
!MESSAGE Unable to acquire PluginConverter service during generation for: /opt/ide/32/eclipse/features/org.eclipse.wb.swing.doc.user.feature_1.8.0.r45x201506110839.jar.

!ENTRY org.eclipse.equinox.p2.publisher.eclipse 4 0 2016-03-01 13:16:53.694
!MESSAGE Unable to acquire PluginConverter service during generation for: /opt/ide/32/eclipse/features/org.eclipse.wb.core.feature_1.8.0.r45x201506110820.jar.

!ENTRY org.eclipse.equinox.p2.publisher.eclipse 4 0 2016-03-01 13:16:53.947
!MESSAGE Unable to acquire PluginConverter service during generation for: /opt/ide/32/eclipse/features/org.eclipse.wb.layout.group.feature_1.8.0.r45x201506110824.jar.

!ENTRY org.eclipse.equinox.p2.publisher.eclipse 4 0 2016-03-01 13:16:53.947
!MESSAGE Unable to acquire PluginConverter service during generation for: /opt/ide/32/eclipse/features/org.eclipse.wb.doc.user.feature_1.8.0.r45x201506110838.jar.

!ENTRY org.eclipse.equinox.p2.publisher.eclipse 4 0 2016-03-01 13:16:53.948
!MESSAGE Unable to acquire PluginConverter service during generation for: /opt/ide/32/eclipse/features/org.eclipse.wb.core.ui.feature_1.8.0.r45x201506110822.jar.

!ENTRY org.eclipse.equinox.p2.publisher.eclipse 4 0 2016-03-01 13:16:53.948
!MESSAGE Unable to acquire PluginConverter service during generation for: /opt/ide/32/eclipse/features/org.eclipse.wb.core.xml.feature_1.8.0.r45x201506110823.jar.

!ENTRY org.eclipse.equinox.p2.publisher.eclipse 4 0 2016-03-01 13:16:53.948
!MESSAGE Unable to acquire PluginConverter service during generation for: /opt/ide/32/eclipse/features/org.eclipse.wb.rcp.feature_1.8.0.r45x201506110827.jar.

!ENTRY org.eclipse.equinox.p2.publisher.eclipse 4 0 2016-03-01 13:16:53.949
!MESSAGE Unable to acquire PluginConverter service during generation for: /opt/ide/32/eclipse/features/org.eclipse.wb.swt.feature_1.8.0.r45x201506110825.jar.

!ENTRY org.eclipse.equinox.p2.publisher.eclipse 4 0 2016-03-01 13:16:53.949
!MESSAGE Unable to acquire PluginConverter service during generation for: /opt/ide/32/eclipse/features/org.eclipse.wb.swing.feature_1.8.0.r45x201506110826.jar.

!ENTRY org.eclipse.equinox.p2.publisher.eclipse 4 0 2016-03-01 13:16:53.949
!MESSAGE Unable to acquire PluginConverter service during generation for: /opt/ide/32/eclipse/features/org.eclipse.wb.core.java.feature_1.8.0.r45x201506110821.jar.

!ENTRY org.eclipse.equinox.p2.publisher.eclipse 4 0 2016-03-01 13:16:53.950
!MESSAGE Unable to acquire PluginConverter service during generation for: /opt/ide/32/eclipse/features/org.eclipse.wb.xwt.feature_1.8.0.r45x201506110829.jar.

!ENTRY org.eclipse.equinox.p2.publisher.eclipse 4 0 2016-03-01 13:16:53.950
!MESSAGE Unable to acquire PluginConverter service during generation for: /opt/ide/32/eclipse/features/org.eclipse.wb.rcp.doc.user.feature_1.8.0.r45x201506110839.jar.

!ENTRY org.eclipse.equinox.p2.publisher.eclipse 4 0 2016-03-01 13:16:53.950
!MESSAGE Unable to acquire PluginConverter service during generation for: /opt/ide/32/eclipse/features/org.eclipse.wb.rcp.SWT_AWT_support_1.8.0.r45x201506110828.jar.

!ENTRY org.eclipse.equinox.p2.publisher.eclipse 4 0 2016-03-01 13:16:53.951
!MESSAGE Unable to acquire PluginConverter service during generation for: /opt/ide/32/eclipse/features/org.eclipse.wb.swing.doc.user.feature_1.8.0.r45x201506110839.jar.

!ENTRY org.eclipse.equinox.p2.publisher.eclipse 4 0 2016-03-01 13:16:53.951
!MESSAGE Unable to acquire PluginConverter service during generation for: /opt/ide/32/eclipse/features/org.eclipse.wb.core.feature_1.8.0.r45x201506110820.jar.

!ENTRY org.eclipse.equinox.p2.publisher.eclipse 4 0 2016-03-01 15:37:53.275
!MESSAGE Unable to acquire PluginConverter service during generation for: /opt/ide/32/eclipse/features/org.eclipse.wb.layout.group.feature_1.8.0.r45x201506110824.jar.

!ENTRY org.eclipse.equinox.p2.publisher.eclipse 4 0 2016-03-01 15:37:53.456
!MESSAGE Unable to acquire PluginConverter service during generation for: /opt/ide/32/eclipse/features/org.eclipse.wb.doc.user.feature_1.8.0.r45x201506110838.jar.

!ENTRY org.eclipse.equinox.p2.publisher.eclipse 4 0 2016-03-01 15:37:53.464
!MESSAGE Unable to acquire PluginConverter service during generation for: /opt/ide/32/eclipse/features/org.eclipse.wb.core.ui.feature_1.8.0.r45x201506110822.jar.

!ENTRY org.eclipse.equinox.p2.publisher.eclipse 4 0 2016-03-01 15:37:53.465
!MESSAGE Unable to acquire PluginConverter service during generation for: /opt/ide/32/eclipse/features/org.eclipse.wb.core.xml.feature_1.8.0.r45x201506110823.jar.

!ENTRY org.eclipse.equinox.p2.publisher.eclipse 4 0 2016-03-01 15:37:53.483
!MESSAGE Unable to acquire PluginConverter service during generation for: /opt/ide/32/eclipse/features/org.eclipse.wb.rcp.feature_1.8.0.r45x201506110827.jar.

!ENTRY org.eclipse.equinox.p2.publisher.eclipse 4 0 2016-03-01 15:37:53.499
!MESSAGE Unable to acquire PluginConverter service during generation for: /opt/ide/32/eclipse/features/org.eclipse.wb.swt.feature_1.8.0.r45x201506110825.jar.

!ENTRY org.eclipse.equinox.p2.publisher.eclipse 4 0 2016-03-01 15:37:53.510
!MESSAGE Unable to acquire PluginConverter service during generation for: /opt/ide/32/eclipse/features/org.eclipse.wb.swing.feature_1.8.0.r45x201506110826.jar.

!ENTRY org.eclipse.equinox.p2.publisher.eclipse 4 0 2016-03-01 15:37:53.527
!MESSAGE Unable to acquire PluginConverter service during generation for: /opt/ide/32/eclipse/features/org.eclipse.wb.core.java.feature_1.8.0.r45x201506110821.jar.

!ENTRY org.eclipse.equinox.p2.publisher.eclipse 4 0 2016-03-01 15:37:53.547
!MESSAGE Unable to acquire PluginConverter service during generation for: /opt/ide/32/eclipse/features/org.eclipse.wb.xwt.feature_1.8.0.r45x201506110829.jar.

!ENTRY org.eclipse.equinox.p2.publisher.eclipse 4 0 2016-03-01 15:37:53.568
!MESSAGE Unable to acquire PluginConverter service during generation for: /opt/ide/32/eclipse/features/org.eclipse.wb.rcp.doc.user.feature_1.8.0.r45x201506110839.jar.

!ENTRY org.eclipse.equinox.p2.publisher.eclipse 4 0 2016-03-01 15:37:53.569
!MESSAGE Unable to acquire PluginConverter service during generation for: /opt/ide/32/eclipse/features/org.eclipse.wb.rcp.SWT_AWT_support_1.8.0.r45x201506110828.jar.

!ENTRY org.eclipse.equinox.p2.publisher.eclipse 4 0 2016-03-01 15:37:53.585
!MESSAGE Unable to acquire PluginConverter service during generation for: /opt/ide/32/eclipse/features/org.eclipse.wb.swing.doc.user.feature_1.8.0.r45x201506110839.jar.

!ENTRY org.eclipse.equinox.p2.publisher.eclipse 4 0 2016-03-01 15:37:53.586
!MESSAGE Unable to acquire PluginConverter service during generation for: /opt/ide/32/eclipse/features/org.eclipse.wb.core.feature_1.8.0.r45x201506110820.jar.
!SESSION 2016-03-01 15:39:49.559 -----------------------------------------------
eclipse.buildId=4.5.2.M20160212-1500
java.version=1.7.0_79
java.vendor=Oracle Corporation
BootLoader constants: OS=linux, ARCH=x86, WS=gtk, NL=es_MX
Framework arguments:  -product org.eclipse.epp.package.jee.product -product org.eclipse.epp.package.jee.product
Command-line arguments:  -os linux -ws gtk -arch x86 -product org.eclipse.epp.package.jee.product -data file:/home/allan/workspace/ -product org.eclipse.epp.package.jee.product

!ENTRY org.eclipse.equinox.p2.publisher.eclipse 4 0 2016-03-01 15:39:53.904
!MESSAGE Unable to acquire PluginConverter service during generation for: /opt/ide/32/eclipse/features/org.eclipse.wb.layout.group.feature_1.8.0.r45x201506110824.jar.

!ENTRY org.eclipse.equinox.p2.publisher.eclipse 4 0 2016-03-01 15:39:53.905
!MESSAGE Unable to acquire PluginConverter service during generation for: /opt/ide/32/eclipse/features/org.eclipse.wb.doc.user.feature_1.8.0.r45x201506110838.jar.

!ENTRY org.eclipse.equinox.p2.publisher.eclipse 4 0 2016-03-01 15:39:53.905
!MESSAGE Unable to acquire PluginConverter service during generation for: /opt/ide/32/eclipse/features/org.eclipse.wb.core.ui.feature_1.8.0.r45x201506110822.jar.

!ENTRY org.eclipse.equinox.p2.publisher.eclipse 4 0 2016-03-01 15:39:53.905
!MESSAGE Unable to acquire PluginConverter service during generation for: /opt/ide/32/eclipse/features/org.eclipse.wb.core.xml.feature_1.8.0.r45x201506110823.jar.

!ENTRY org.eclipse.equinox.p2.publisher.eclipse 4 0 2016-03-01 15:39:53.906
!MESSAGE Unable to acquire PluginConverter service during generation for: /opt/ide/32/eclipse/features/org.eclipse.wb.rcp.feature_1.8.0.r45x201506110827.jar.

!ENTRY org.eclipse.equinox.p2.publisher.eclipse 4 0 2016-03-01 15:39:53.906
!MESSAGE Unable to acquire PluginConverter service during generation for: /opt/ide/32/eclipse/features/org.eclipse.wb.swt.feature_1.8.0.r45x201506110825.jar.

!ENTRY org.eclipse.equinox.p2.publisher.eclipse 4 0 2016-03-01 15:39:53.906
!MESSAGE Unable to acquire PluginConverter service during generation for: /opt/ide/32/eclipse/features/org.eclipse.wb.swing.feature_1.8.0.r45x201506110826.jar.

!ENTRY org.eclipse.equinox.p2.publisher.eclipse 4 0 2016-03-01 15:39:53.907
!MESSAGE Unable to acquire PluginConverter service during generation for: /opt/ide/32/eclipse/features/org.eclipse.wb.core.java.feature_1.8.0.r45x201506110821.jar.

!ENTRY org.eclipse.equinox.p2.publisher.eclipse 4 0 2016-03-01 15:39:53.907
!MESSAGE Unable to acquire PluginConverter service during generation for: /opt/ide/32/eclipse/features/org.eclipse.wb.xwt.feature_1.8.0.r45x201506110829.jar.

!ENTRY org.eclipse.equinox.p2.publisher.eclipse 4 0 2016-03-01 15:39:53.907
!MESSAGE Unable to acquire PluginConverter service during generation for: /opt/ide/32/eclipse/features/org.eclipse.wb.rcp.doc.user.feature_1.8.0.r45x201506110839.jar.

!ENTRY org.eclipse.equinox.p2.publisher.eclipse 4 0 2016-03-01 15:39:53.908
!MESSAGE Unable to acquire PluginConverter service during generation for: /opt/ide/32/eclipse/features/org.eclipse.wb.rcp.SWT_AWT_support_1.8.0.r45x201506110828.jar.

!ENTRY org.eclipse.equinox.p2.publisher.eclipse 4 0 2016-03-01 15:39:53.908
!MESSAGE Unable to acquire PluginConverter service during generation for: /opt/ide/32/eclipse/features/org.eclipse.wb.swing.doc.user.feature_1.8.0.r45x201506110839.jar.

!ENTRY org.eclipse.equinox.p2.publisher.eclipse 4 0 2016-03-01 15:39:53.908
!MESSAGE Unable to acquire PluginConverter service during generation for: /opt/ide/32/eclipse/features/org.eclipse.wb.core.feature_1.8.0.r45x201506110820.jar.

!ENTRY org.eclipse.equinox.p2.publisher.eclipse 4 0 2016-03-01 15:39:54.180
!MESSAGE Unable to acquire PluginConverter service during generation for: /opt/ide/32/eclipse/features/org.eclipse.wb.layout.group.feature_1.8.0.r45x201506110824.jar.

!ENTRY org.eclipse.equinox.p2.publisher.eclipse 4 0 2016-03-01 15:39:54.180
!MESSAGE Unable to acquire PluginConverter service during generation for: /opt/ide/32/eclipse/features/org.eclipse.wb.doc.user.feature_1.8.0.r45x201506110838.jar.

!ENTRY org.eclipse.equinox.p2.publisher.eclipse 4 0 2016-03-01 15:39:54.181
!MESSAGE Unable to acquire PluginConverter service during generation for: /opt/ide/32/eclipse/features/org.eclipse.wb.core.ui.feature_1.8.0.r45x201506110822.jar.

!ENTRY org.eclipse.equinox.p2.publisher.eclipse 4 0 2016-03-01 15:39:54.181
!MESSAGE Unable to acquire PluginConverter service during generation for: /opt/ide/32/eclipse/features/org.eclipse.wb.core.xml.feature_1.8.0.r45x201506110823.jar.

!ENTRY org.eclipse.equinox.p2.publisher.eclipse 4 0 2016-03-01 15:39:54.181
!MESSAGE Unable to acquire PluginConverter service during generation for: /opt/ide/32/eclipse/features/org.eclipse.wb.rcp.feature_1.8.0.r45x201506110827.jar.

!ENTRY org.eclipse.equinox.p2.publisher.eclipse 4 0 2016-03-01 15:39:54.182
!MESSAGE Unable to acquire PluginConverter service during generation for: /opt/ide/32/eclipse/features/org.eclipse.wb.swt.feature_1.8.0.r45x201506110825.jar.

!ENTRY org.eclipse.equinox.p2.publisher.eclipse 4 0 2016-03-01 15:39:54.182
!MESSAGE Unable to acquire PluginConverter service during generation for: /opt/ide/32/eclipse/features/org.eclipse.wb.swing.feature_1.8.0.r45x201506110826.jar.

!ENTRY org.eclipse.equinox.p2.publisher.eclipse 4 0 2016-03-01 15:39:54.182
!MESSAGE Unable to acquire PluginConverter service during generation for: /opt/ide/32/eclipse/features/org.eclipse.wb.core.java.feature_1.8.0.r45x201506110821.jar.

!ENTRY org.eclipse.equinox.p2.publisher.eclipse 4 0 2016-03-01 15:39:54.183
!MESSAGE Unable to acquire PluginConverter service during generation for: /opt/ide/32/eclipse/features/org.eclipse.wb.xwt.feature_1.8.0.r45x201506110829.jar.

!ENTRY org.eclipse.equinox.p2.publisher.eclipse 4 0 2016-03-01 15:39:54.183
!MESSAGE Unable to acquire PluginConverter service during generation for: /opt/ide/32/eclipse/features/org.eclipse.wb.rcp.doc.user.feature_1.8.0.r45x201506110839.jar.

!ENTRY org.eclipse.equinox.p2.publisher.eclipse 4 0 2016-03-01 15:39:54.183
!MESSAGE Unable to acquire PluginConverter service during generation for: /opt/ide/32/eclipse/features/org.eclipse.wb.rcp.SWT_AWT_support_1.8.0.r45x201506110828.jar.

!ENTRY org.eclipse.equinox.p2.publisher.eclipse 4 0 2016-03-01 15:39:54.184
!MESSAGE Unable to acquire PluginConverter service during generation for: /opt/ide/32/eclipse/features/org.eclipse.wb.swing.doc.user.feature_1.8.0.r45x201506110839.jar.

!ENTRY org.eclipse.equinox.p2.publisher.eclipse 4 0 2016-03-01 15:39:54.184
!MESSAGE Unable to acquire PluginConverter service during generation for: /opt/ide/32/eclipse/features/org.eclipse.wb.core.feature_1.8.0.r45x201506110820.jar.
!SESSION 2016-03-03 14:05:35.728 -----------------------------------------------
eclipse.buildId=4.5.2.M20160212-1500
java.version=1.7.0_79
java.vendor=Oracle Corporation
BootLoader constants: OS=linux, ARCH=x86, WS=gtk, NL=es_MX
Framework arguments:  -product org.eclipse.epp.package.jee.product
Command-line arguments:  -os linux -ws gtk -arch x86 -product org.eclipse.epp.package.jee.product

!ENTRY org.eclipse.core.resources 2 10035 2016-03-03 14:05:41.015
!MESSAGE The workspace exited with unsaved changes in the previous session; refreshing workspace to recover changes.

!ENTRY org.eclipse.wb.core 4 4 2016-03-03 14:06:01.054
!MESSAGE Designer [1.8.0.r45x201506110820.201603031406]: Argument not valid
!STACK 0
java.lang.IllegalArgumentException: Argument not valid
	at org.eclipse.swt.SWT.error(SWT.java:4472)
	at org.eclipse.swt.SWT.error(SWT.java:4406)
	at org.eclipse.swt.SWT.error(SWT.java:4377)
	at org.eclipse.swt.graphics.Image.init(Image.java:1476)
	at org.eclipse.swt.graphics.Image.<init>(Image.java:220)
	at org.eclipse.wb.core.controls.flyout.FlyoutControlComposite$FlyoutContainer.handlePaint(FlyoutControlComposite.java:641)
	at org.eclipse.wb.core.controls.flyout.FlyoutControlComposite$FlyoutContainer.access$6(FlyoutControlComposite.java:632)
	at org.eclipse.wb.core.controls.flyout.FlyoutControlComposite$FlyoutContainer$3.handleEvent(FlyoutControlComposite.java:317)
	at org.eclipse.swt.widgets.EventTable.sendEvent(EventTable.java:84)
	at org.eclipse.swt.widgets.Display.sendEvent(Display.java:4481)
	at org.eclipse.swt.widgets.Widget.sendEvent(Widget.java:1329)
	at org.eclipse.swt.widgets.Widget.sendEvent(Widget.java:1353)
	at org.eclipse.swt.widgets.Widget.sendEvent(Widget.java:1338)
	at org.eclipse.swt.widgets.Control.gtk_draw(Control.java:3227)
	at org.eclipse.swt.widgets.Composite.gtk_draw(Composite.java:366)
	at org.eclipse.swt.widgets.Widget.windowProc(Widget.java:1942)
	at org.eclipse.swt.widgets.Control.windowProc(Control.java:5685)
	at org.eclipse.swt.widgets.Display.windowProc(Display.java:4717)
	at org.eclipse.swt.internal.gtk.OS._gtk_main_do_event(Native Method)
	at org.eclipse.swt.internal.gtk.OS.gtk_main_do_event(OS.java:9326)
	at org.eclipse.swt.widgets.Display.eventProc(Display.java:1225)
	at org.eclipse.swt.internal.gtk.OS._gdk_window_process_all_updates(Native Method)
	at org.eclipse.swt.internal.gtk.OS.gdk_window_process_all_updates(OS.java:6021)
	at org.eclipse.swt.widgets.Display.update(Display.java:4669)
	at org.eclipse.swt.widgets.Display.runDeferredLayouts(Display.java:3845)
	at org.eclipse.swt.widgets.Display.readAndDispatch(Display.java:3417)
	at org.eclipse.wb.internal.core.utils.execution.ExecutionUtils.waitEventLoop(ExecutionUtils.java:71)
	at org.eclipse.wb.internal.swing.utils.SwingUtils.ensureQueueEmpty(SwingUtils.java:103)
	at org.eclipse.wb.internal.swing.utils.SwingScreenshotMaker.<init>(SwingScreenshotMaker.java:61)
	at org.eclipse.wb.internal.swing.model.component.ComponentInfo.refresh_fetch(ComponentInfo.java:154)
	at org.eclipse.wb.internal.swing.model.component.ComponentInfo.refresh_fetch(ComponentInfo.java:140)
	at org.eclipse.wb.internal.swing.model.component.ContainerInfo.refresh_fetch(ContainerInfo.java:251)
	at org.eclipse.wb.core.model.ObjectInfo$6$1.run(ObjectInfo.java:496)
	at org.eclipse.wb.internal.core.utils.execution.ExecutionUtils.runDesignTime(ExecutionUtils.java:145)
	at org.eclipse.wb.core.model.ObjectInfo$6.run(ObjectInfo.java:494)
	at org.eclipse.wb.internal.swing.utils.SwingUtils$2.run(SwingUtils.java:76)
	at org.eclipse.wb.internal.swing.utils.SwingUtils.invokeLaterAndWait(SwingUtils.java:180)
	at org.eclipse.wb.internal.swing.utils.SwingUtils.runLaterAndWait(SwingUtils.java:73)
	at org.eclipse.wb.internal.swing.model.component.ComponentInfo.execRefreshOperation(ComponentInfo.java:119)
	at org.eclipse.wb.core.model.ObjectInfo.refresh(ObjectInfo.java:492)
	at org.eclipse.wb.internal.core.editor.DesignPage.internal_refreshGEF(DesignPage.java:580)
	at org.eclipse.wb.internal.core.editor.DesignPage.access$9(DesignPage.java:522)
	at org.eclipse.wb.internal.core.editor.DesignPage$8$1.run(DesignPage.java:449)
	at org.eclipse.swt.widgets.Synchronizer.syncExec(Synchronizer.java:186)
	at org.eclipse.ui.internal.UISynchronizer.syncExec(UISynchronizer.java:145)
	at org.eclipse.swt.widgets.Display.syncExec(Display.java:4633)
	at org.eclipse.wb.internal.core.editor.DesignPage$8.run(DesignPage.java:446)
	at org.eclipse.jface.operation.ModalContext.runInCurrentThread(ModalContext.java:463)
	at org.eclipse.jface.operation.ModalContext.run(ModalContext.java:371)
	at org.eclipse.jface.dialogs.ProgressMonitorDialog.run(ProgressMonitorDialog.java:500)
	at org.eclipse.wb.internal.core.editor.DesignPage.internal_refreshGEF_withProgress(DesignPage.java:465)
	at org.eclipse.wb.internal.core.editor.DesignPage.internal_refreshGEF(DesignPage.java:415)
	at org.eclipse.wb.internal.core.editor.UndoManager.refreshDesignerEditor(UndoManager.java:381)
	at org.eclipse.wb.internal.core.editor.UndoManager.activate(UndoManager.java:90)
	at org.eclipse.wb.internal.core.editor.DesignPage.handleActiveState_True(DesignPage.java:263)
	at org.eclipse.wb.internal.core.editor.DesignPage.handleActiveState(DesignPage.java:241)
	at org.eclipse.wb.internal.core.editor.multi.DefaultMultiMode.showPage(DefaultMultiMode.java:125)
	at org.eclipse.wb.internal.core.editor.multi.DefaultMultiMode$1.widgetSelected(DefaultMultiMode.java:63)
	at org.eclipse.swt.widgets.TypedListener.handleEvent(TypedListener.java:248)
	at org.eclipse.swt.widgets.EventTable.sendEvent(EventTable.java:84)
	at org.eclipse.swt.widgets.Display.sendEvent(Display.java:4481)
	at org.eclipse.swt.widgets.Widget.sendEvent(Widget.java:1329)
	at org.eclipse.swt.widgets.Widget.sendEvent(Widget.java:1353)
	at org.eclipse.swt.widgets.Widget.sendEvent(Widget.java:1338)
	at org.eclipse.swt.widgets.Widget.notifyListeners(Widget.java:1119)
	at org.eclipse.swt.custom.CTabFolder.setSelection(CTabFolder.java:3158)
	at org.eclipse.swt.custom.CTabFolder.onMouse(CTabFolder.java:1841)
	at org.eclipse.swt.custom.CTabFolder$1.handleEvent(CTabFolder.java:330)
	at org.eclipse.swt.widgets.EventTable.sendEvent(EventTable.java:84)
	at org.eclipse.swt.widgets.Display.sendEvent(Display.java:4481)
	at org.eclipse.swt.widgets.Widget.sendEvent(Widget.java:1329)
	at org.eclipse.swt.widgets.Display.runDeferredEvents(Display.java:3819)
	at org.eclipse.swt.widgets.Display.readAndDispatch(Display.java:3430)
	at org.eclipse.e4.ui.internal.workbench.swt.PartRenderingEngine$4.run(PartRenderingEngine.java:1127)
	at org.eclipse.core.databinding.observable.Realm.runWithDefault(Realm.java:337)
	at org.eclipse.e4.ui.internal.workbench.swt.PartRenderingEngine.run(PartRenderingEngine.java:1018)
	at org.eclipse.e4.ui.internal.workbench.E4Workbench.createAndRunUI(E4Workbench.java:156)
	at org.eclipse.ui.internal.Workbench$5.run(Workbench.java:694)
	at org.eclipse.core.databinding.observable.Realm.runWithDefault(Realm.java:337)
	at org.eclipse.ui.internal.Workbench.createAndRunWorkbench(Workbench.java:606)
	at org.eclipse.ui.PlatformUI.createAndRunWorkbench(PlatformUI.java:150)
	at org.eclipse.ui.internal.ide.application.IDEApplication.start(IDEApplication.java:139)
	at org.eclipse.equinox.internal.app.EclipseAppHandle.run(EclipseAppHandle.java:196)
	at org.eclipse.core.runtime.internal.adaptor.EclipseAppLauncher.runApplication(EclipseAppLauncher.java:134)
	at org.eclipse.core.runtime.internal.adaptor.EclipseAppLauncher.start(EclipseAppLauncher.java:104)
	at org.eclipse.core.runtime.adaptor.EclipseStarter.run(EclipseStarter.java:380)
	at org.eclipse.core.runtime.adaptor.EclipseStarter.run(EclipseStarter.java:235)
	at sun.reflect.NativeMethodAccessorImpl.invoke0(Native Method)
	at sun.reflect.NativeMethodAccessorImpl.invoke(NativeMethodAccessorImpl.java:57)
	at sun.reflect.DelegatingMethodAccessorImpl.invoke(DelegatingMethodAccessorImpl.java:43)
	at java.lang.reflect.Method.invoke(Method.java:606)
	at org.eclipse.equinox.launcher.Main.invokeFramework(Main.java:669)
	at org.eclipse.equinox.launcher.Main.basicRun(Main.java:608)
	at org.eclipse.equinox.launcher.Main.run(Main.java:1515)

!ENTRY org.eclipse.wb.core 4 4 2016-03-03 14:22:54.047
!MESSAGE Designer [1.8.0.r45x201506110820.201603031406]: java.lang.NullPointerException
!STACK 0
java.lang.NullPointerException
	at org.eclipse.wb.internal.swing.model.component.live.SwingLiveManager.createComponentCacheEntry(SwingLiveManager.java:91)
	at org.eclipse.wb.internal.core.model.util.live.AbstractLiveManager.createCacheEntryEx(AbstractLiveManager.java:108)
	at org.eclipse.wb.internal.core.model.util.live.AbstractLiveManager.createCacheEntry(AbstractLiveManager.java:82)
	at org.eclipse.wb.internal.core.model.util.live.AbstractLiveManager.getCachedEntry(AbstractLiveManager.java:264)
	at org.eclipse.wb.internal.core.model.util.live.AbstractLiveManager.getCachedEntry(AbstractLiveManager.java:245)
	at org.eclipse.wb.internal.swing.model.component.live.SwingLiveManager.getComponent(SwingLiveManager.java:122)
	at org.eclipse.wb.internal.swing.model.component.ComponentInfo.getLiveObject(ComponentInfo.java:271)
	at org.eclipse.wb.internal.swing.model.component.ComponentInfo.getComponent(ComponentInfo.java:208)
	at org.eclipse.wb.internal.swing.utils.SwingScreenshotMaker$1.endVisit(SwingScreenshotMaker.java:68)
	at org.eclipse.wb.core.model.ObjectInfo.accept0(ObjectInfo.java:283)
	at org.eclipse.wb.core.model.ObjectInfo$2.run(ObjectInfo.java:270)
	at org.eclipse.wb.internal.core.utils.execution.ExecutionUtils.runRethrow(ExecutionUtils.java:119)
	at org.eclipse.wb.core.model.ObjectInfo.accept(ObjectInfo.java:268)
	at org.eclipse.wb.internal.swing.utils.SwingScreenshotMaker.<init>(SwingScreenshotMaker.java:64)
	at org.eclipse.wb.internal.swing.model.component.ComponentInfo.refresh_fetch(ComponentInfo.java:154)
	at org.eclipse.wb.internal.swing.model.component.ComponentInfo.refresh_fetch(ComponentInfo.java:140)
	at org.eclipse.wb.internal.swing.model.component.ContainerInfo.refresh_fetch(ContainerInfo.java:251)
	at org.eclipse.wb.core.model.ObjectInfo$6$1.run(ObjectInfo.java:496)
	at org.eclipse.wb.internal.core.utils.execution.ExecutionUtils.runDesignTime(ExecutionUtils.java:145)
	at org.eclipse.wb.core.model.ObjectInfo$6.run(ObjectInfo.java:494)
	at org.eclipse.wb.internal.swing.utils.SwingUtils$2.run(SwingUtils.java:76)
	at org.eclipse.wb.internal.swing.utils.SwingUtils.invokeLaterAndWait(SwingUtils.java:180)
	at org.eclipse.wb.internal.swing.utils.SwingUtils.runLaterAndWait(SwingUtils.java:73)
	at org.eclipse.wb.internal.swing.model.component.ComponentInfo.execRefreshOperation(ComponentInfo.java:119)
	at org.eclipse.wb.core.model.ObjectInfo.refresh(ObjectInfo.java:492)
	at org.eclipse.wb.internal.core.editor.DesignPage.internal_refreshGEF(DesignPage.java:580)
	at org.eclipse.wb.internal.core.editor.DesignPage.access$9(DesignPage.java:522)
	at org.eclipse.wb.internal.core.editor.DesignPage$8$1.run(DesignPage.java:449)
	at org.eclipse.swt.widgets.Synchronizer.syncExec(Synchronizer.java:186)
	at org.eclipse.ui.internal.UISynchronizer.syncExec(UISynchronizer.java:145)
	at org.eclipse.swt.widgets.Display.syncExec(Display.java:4633)
	at org.eclipse.wb.internal.core.editor.DesignPage$8.run(DesignPage.java:446)
	at org.eclipse.jface.operation.ModalContext.runInCurrentThread(ModalContext.java:463)
	at org.eclipse.jface.operation.ModalContext.run(ModalContext.java:371)
	at org.eclipse.jface.dialogs.ProgressMonitorDialog.run(ProgressMonitorDialog.java:500)
	at org.eclipse.wb.internal.core.editor.DesignPage.internal_refreshGEF_withProgress(DesignPage.java:465)
	at org.eclipse.wb.internal.core.editor.DesignPage.internal_refreshGEF(DesignPage.java:415)
	at org.eclipse.wb.internal.core.editor.UndoManager.refreshDesignerEditor(UndoManager.java:381)
	at org.eclipse.wb.internal.core.editor.UndoManager$6.run(UndoManager.java:330)
	at org.eclipse.swt.widgets.RunnableLock.run(RunnableLock.java:35)
	at org.eclipse.swt.widgets.Synchronizer.runAsyncMessages(Synchronizer.java:135)
	at org.eclipse.swt.widgets.Display.runAsyncMessages(Display.java:3794)
	at org.eclipse.swt.widgets.Display.readAndDispatch(Display.java:3433)
	at org.eclipse.e4.ui.internal.workbench.swt.PartRenderingEngine$4.run(PartRenderingEngine.java:1127)
	at org.eclipse.core.databinding.observable.Realm.runWithDefault(Realm.java:337)
	at org.eclipse.e4.ui.internal.workbench.swt.PartRenderingEngine.run(PartRenderingEngine.java:1018)
	at org.eclipse.e4.ui.internal.workbench.E4Workbench.createAndRunUI(E4Workbench.java:156)
	at org.eclipse.ui.internal.Workbench$5.run(Workbench.java:694)
	at org.eclipse.core.databinding.observable.Realm.runWithDefault(Realm.java:337)
	at org.eclipse.ui.internal.Workbench.createAndRunWorkbench(Workbench.java:606)
	at org.eclipse.ui.PlatformUI.createAndRunWorkbench(PlatformUI.java:150)
	at org.eclipse.ui.internal.ide.application.IDEApplication.start(IDEApplication.java:139)
	at org.eclipse.equinox.internal.app.EclipseAppHandle.run(EclipseAppHandle.java:196)
	at org.eclipse.core.runtime.internal.adaptor.EclipseAppLauncher.runApplication(EclipseAppLauncher.java:134)
	at org.eclipse.core.runtime.internal.adaptor.EclipseAppLauncher.start(EclipseAppLauncher.java:104)
	at org.eclipse.core.runtime.adaptor.EclipseStarter.run(EclipseStarter.java:380)
	at org.eclipse.core.runtime.adaptor.EclipseStarter.run(EclipseStarter.java:235)
	at sun.reflect.NativeMethodAccessorImpl.invoke0(Native Method)
	at sun.reflect.NativeMethodAccessorImpl.invoke(NativeMethodAccessorImpl.java:57)
	at sun.reflect.DelegatingMethodAccessorImpl.invoke(DelegatingMethodAccessorImpl.java:43)
	at java.lang.reflect.Method.invoke(Method.java:606)
	at org.eclipse.equinox.launcher.Main.invokeFramework(Main.java:669)
	at org.eclipse.equinox.launcher.Main.basicRun(Main.java:608)
	at org.eclipse.equinox.launcher.Main.run(Main.java:1515)

!ENTRY org.eclipse.wb.core 4 4 2016-03-03 14:22:54.107
!MESSAGE Designer [1.8.0.r45x201506110820.201603031406]: java.lang.NullPointerException
!STACK 0
java.lang.NullPointerException
	at org.eclipse.wb.internal.swing.model.component.ContainerInfo.refresh_fetch(ContainerInfo.java:247)
	at org.eclipse.wb.core.model.ObjectInfo.refresh_fetch(ObjectInfo.java:645)
	at org.eclipse.wb.internal.swing.model.component.ComponentInfo.access$1(ComponentInfo.java:1)
	at org.eclipse.wb.internal.swing.model.component.ComponentInfo$3.run(ComponentInfo.java:142)
	at org.eclipse.wb.internal.swing.model.component.ComponentInfo.refresh_fetch(ComponentInfo.java:181)
	at org.eclipse.wb.internal.swing.model.component.ComponentInfo.refresh_fetch(ComponentInfo.java:140)
	at org.eclipse.wb.internal.swing.model.component.ContainerInfo.refresh_fetch(ContainerInfo.java:251)
	at org.eclipse.wb.core.model.ObjectInfo$6$1.run(ObjectInfo.java:496)
	at org.eclipse.wb.internal.core.utils.execution.ExecutionUtils.runDesignTime(ExecutionUtils.java:145)
	at org.eclipse.wb.core.model.ObjectInfo$6.run(ObjectInfo.java:494)
	at org.eclipse.wb.internal.swing.utils.SwingUtils$2.run(SwingUtils.java:76)
	at org.eclipse.wb.internal.swing.utils.SwingUtils.invokeLaterAndWait(SwingUtils.java:180)
	at org.eclipse.wb.internal.swing.utils.SwingUtils.runLaterAndWait(SwingUtils.java:73)
	at org.eclipse.wb.internal.swing.model.component.ComponentInfo.execRefreshOperation(ComponentInfo.java:119)
	at org.eclipse.wb.core.model.ObjectInfo.refresh(ObjectInfo.java:492)
	at org.eclipse.wb.internal.core.editor.DesignPage.internal_refreshGEF(DesignPage.java:580)
	at org.eclipse.wb.internal.core.editor.DesignPage.access$9(DesignPage.java:522)
	at org.eclipse.wb.internal.core.editor.DesignPage$8$1.run(DesignPage.java:449)
	at org.eclipse.swt.widgets.Synchronizer.syncExec(Synchronizer.java:186)
	at org.eclipse.ui.internal.UISynchronizer.syncExec(UISynchronizer.java:145)
	at org.eclipse.swt.widgets.Display.syncExec(Display.java:4633)
	at org.eclipse.wb.internal.core.editor.DesignPage$8.run(DesignPage.java:446)
	at org.eclipse.jface.operation.ModalContext.runInCurrentThread(ModalContext.java:463)
	at org.eclipse.jface.operation.ModalContext.run(ModalContext.java:371)
	at org.eclipse.jface.dialogs.ProgressMonitorDialog.run(ProgressMonitorDialog.java:500)
	at org.eclipse.wb.internal.core.editor.DesignPage.internal_refreshGEF_withProgress(DesignPage.java:465)
	at org.eclipse.wb.internal.core.editor.DesignPage.internal_refreshGEF(DesignPage.java:415)
	at org.eclipse.wb.internal.core.editor.UndoManager.refreshDesignerEditor(UndoManager.java:381)
	at org.eclipse.wb.internal.core.editor.UndoManager$6.run(UndoManager.java:330)
	at org.eclipse.swt.widgets.RunnableLock.run(RunnableLock.java:35)
	at org.eclipse.swt.widgets.Synchronizer.runAsyncMessages(Synchronizer.java:135)
	at org.eclipse.swt.widgets.Display.runAsyncMessages(Display.java:3794)
	at org.eclipse.swt.widgets.Display.readAndDispatch(Display.java:3433)
	at org.eclipse.e4.ui.internal.workbench.swt.PartRenderingEngine$4.run(PartRenderingEngine.java:1127)
	at org.eclipse.core.databinding.observable.Realm.runWithDefault(Realm.java:337)
	at org.eclipse.e4.ui.internal.workbench.swt.PartRenderingEngine.run(PartRenderingEngine.java:1018)
	at org.eclipse.e4.ui.internal.workbench.E4Workbench.createAndRunUI(E4Workbench.java:156)
	at org.eclipse.ui.internal.Workbench$5.run(Workbench.java:694)
	at org.eclipse.core.databinding.observable.Realm.runWithDefault(Realm.java:337)
	at org.eclipse.ui.internal.Workbench.createAndRunWorkbench(Workbench.java:606)
	at org.eclipse.ui.PlatformUI.createAndRunWorkbench(PlatformUI.java:150)
	at org.eclipse.ui.internal.ide.application.IDEApplication.start(IDEApplication.java:139)
	at org.eclipse.equinox.internal.app.EclipseAppHandle.run(EclipseAppHandle.java:196)
	at org.eclipse.core.runtime.internal.adaptor.EclipseAppLauncher.runApplication(EclipseAppLauncher.java:134)
	at org.eclipse.core.runtime.internal.adaptor.EclipseAppLauncher.start(EclipseAppLauncher.java:104)
	at org.eclipse.core.runtime.adaptor.EclipseStarter.run(EclipseStarter.java:380)
	at org.eclipse.core.runtime.adaptor.EclipseStarter.run(EclipseStarter.java:235)
	at sun.reflect.NativeMethodAccessorImpl.invoke0(Native Method)
	at sun.reflect.NativeMethodAccessorImpl.invoke(NativeMethodAccessorImpl.java:57)
	at sun.reflect.DelegatingMethodAccessorImpl.invoke(DelegatingMethodAccessorImpl.java:43)
	at java.lang.reflect.Method.invoke(Method.java:606)
	at org.eclipse.equinox.launcher.Main.invokeFramework(Main.java:669)
	at org.eclipse.equinox.launcher.Main.basicRun(Main.java:608)
	at org.eclipse.equinox.launcher.Main.run(Main.java:1515)
!SESSION 2016-04-04 19:18:10.428 -----------------------------------------------
eclipse.buildId=4.5.2.M20160212-1500
java.version=1.7.0_79
java.vendor=Oracle Corporation
BootLoader constants: OS=linux, ARCH=x86, WS=gtk, NL=es_MX
Framework arguments:  -product org.eclipse.epp.package.jee.product
Command-line arguments:  -os linux -ws gtk -arch x86 -product org.eclipse.epp.package.jee.product

!ENTRY org.eclipse.epp.logging.aeri.ide 2 16 2016-04-04 19:19:34.066
!MESSAGE Server ‘org.eclipse.epp.logging.aeri.ide.server’ failed with exception: dev.eclipse.org: Fallo temporal en la resolución del nombre. ; version: 1.100.0.v20160217-0435
!STACK 0
java.net.UnknownHostException: dev.eclipse.org: Fallo temporal en la resolución del nombre
	at java.net.Inet6AddressImpl.lookupAllHostAddr(Native Method)
	at java.net.InetAddress$1.lookupAllHostAddr(InetAddress.java:901)
	at java.net.InetAddress.getAddressesFromNameService(InetAddress.java:1295)
	at java.net.InetAddress.getAllByName0(InetAddress.java:1248)
	at java.net.InetAddress.getAllByName(InetAddress.java:1164)
	at java.net.InetAddress.getAllByName(InetAddress.java:1098)
	at org.apache.http.impl.conn.SystemDefaultDnsResolver.resolve(SystemDefaultDnsResolver.java:44)
	at org.apache.http.impl.conn.HttpClientConnectionOperator.connect(HttpClientConnectionOperator.java:102)
	at org.apache.http.impl.conn.PoolingHttpClientConnectionManager.connect(PoolingHttpClientConnectionManager.java:319)
	at org.apache.http.impl.execchain.MainClientExec.establishRoute(MainClientExec.java:363)
	at org.apache.http.impl.execchain.MainClientExec.execute(MainClientExec.java:219)
	at org.apache.http.impl.execchain.ProtocolExec.execute(ProtocolExec.java:195)
	at org.apache.http.impl.execchain.RetryExec.execute(RetryExec.java:86)
	at org.apache.http.impl.execchain.RedirectExec.execute(RedirectExec.java:108)
	at org.apache.http.impl.client.InternalHttpClient.doExecute(InternalHttpClient.java:184)
	at org.apache.http.impl.client.CloseableHttpClient.execute(CloseableHttpClient.java:82)
	at org.apache.http.impl.client.CloseableHttpClient.execute(CloseableHttpClient.java:57)
	at org.apache.http.client.fluent.Executor.execute(Executor.java:206)
	at org.eclipse.epp.internal.logging.aeri.ide.server.mars.IO.request(IO.java:205)
	at org.eclipse.epp.internal.logging.aeri.ide.server.mars.IO.refreshConfiguration(IO.java:68)
	at org.eclipse.epp.internal.logging.aeri.ide.server.mars.ServerConnection.startUp(ServerConnection.java:101)
	at com.google.common.util.concurrent.AbstractIdleService$2$1.run(AbstractIdleService.java:54)
	at com.google.common.util.concurrent.Callables$3.run(Callables.java:93)
	at java.lang.Thread.run(Thread.java:745)
!SESSION 2016-04-26 17:08:14.933 -----------------------------------------------
eclipse.buildId=4.5.2.M20160212-1500
java.version=1.7.0_79
java.vendor=Oracle Corporation
BootLoader constants: OS=linux, ARCH=x86, WS=gtk, NL=es_ES
Framework arguments:  -product org.eclipse.epp.package.jee.product
Command-line arguments:  -os linux -ws gtk -arch x86 -product org.eclipse.epp.package.jee.product

!ENTRY org.eclipse.epp.logging.aeri.ide 2 16 2016-04-26 17:09:20.901
!MESSAGE Server ‘org.eclipse.epp.logging.aeri.ide.server’ failed with exception: No existe ninguna ruta hasta el «host». ; version: 1.100.0.v20160217-0435
!STACK 0
java.net.NoRouteToHostException: No existe ninguna ruta hasta el «host»
	at java.net.PlainSocketImpl.socketConnect(Native Method)
	at java.net.AbstractPlainSocketImpl.doConnect(AbstractPlainSocketImpl.java:339)
	at java.net.AbstractPlainSocketImpl.connectToAddress(AbstractPlainSocketImpl.java:200)
	at java.net.AbstractPlainSocketImpl.connect(AbstractPlainSocketImpl.java:182)
	at java.net.SocksSocketImpl.connect(SocksSocketImpl.java:392)
	at java.net.Socket.connect(Socket.java:579)
	at org.apache.http.conn.ssl.SSLConnectionSocketFactory.connectSocket(SSLConnectionSocketFactory.java:244)
	at org.apache.http.impl.conn.HttpClientConnectionOperator.connect(HttpClientConnectionOperator.java:125)
	at org.apache.http.impl.conn.PoolingHttpClientConnectionManager.connect(PoolingHttpClientConnectionManager.java:319)
	at org.apache.http.impl.execchain.MainClientExec.establishRoute(MainClientExec.java:363)
	at org.apache.http.impl.execchain.MainClientExec.execute(MainClientExec.java:219)
	at org.apache.http.impl.execchain.ProtocolExec.execute(ProtocolExec.java:195)
	at org.apache.http.impl.execchain.RetryExec.execute(RetryExec.java:86)
	at org.apache.http.impl.execchain.RedirectExec.execute(RedirectExec.java:108)
	at org.apache.http.impl.client.InternalHttpClient.doExecute(InternalHttpClient.java:184)
	at org.apache.http.impl.client.CloseableHttpClient.execute(CloseableHttpClient.java:82)
	at org.apache.http.impl.client.CloseableHttpClient.execute(CloseableHttpClient.java:57)
	at org.apache.http.client.fluent.Executor.execute(Executor.java:206)
	at org.eclipse.epp.internal.logging.aeri.ide.server.mars.IO.request(IO.java:205)
	at org.eclipse.epp.internal.logging.aeri.ide.server.mars.IO.refreshConfiguration(IO.java:68)
	at org.eclipse.epp.internal.logging.aeri.ide.server.mars.ServerConnection.startUp(ServerConnection.java:101)
	at com.google.common.util.concurrent.AbstractIdleService$2$1.run(AbstractIdleService.java:54)
	at com.google.common.util.concurrent.Callables$3.run(Callables.java:93)
	at java.lang.Thread.run(Thread.java:745)
!SESSION 2016-05-25 20:14:23.905 -----------------------------------------------
eclipse.buildId=4.5.2.M20160212-1500
java.version=1.7.0_79
java.vendor=Oracle Corporation
BootLoader constants: OS=linux, ARCH=x86, WS=gtk, NL=es_ES
Framework arguments:  -product org.eclipse.epp.package.jee.product
Command-line arguments:  -os linux -ws gtk -arch x86 -product org.eclipse.epp.package.jee.product

!ENTRY org.eclipse.jdt.ui 4 10001 2016-05-25 20:15:40.858
!MESSAGE Internal Error
!STACK 1
Java Model Exception: Java Model Status [<project root> [in main] is not on its project's build path]
	at org.eclipse.jdt.internal.core.PackageFragmentRoot.getRawClasspathEntry(PackageFragmentRoot.java:562)
	at org.eclipse.jdt.internal.corext.buildpath.ClasspathModifier.filtersSet(ClasspathModifier.java:658)
	at org.eclipse.jdt.internal.ui.wizards.buildpaths.newsourcepage.DialogPackageExplorer$PackageLabelProvider.getForeground(DialogPackageExplorer.java:215)
	at org.eclipse.jface.viewers.DelegatingStyledCellLabelProvider.getForeground(DelegatingStyledCellLabelProvider.java:140)
	at org.eclipse.jface.viewers.DecoratingStyledCellLabelProvider.getForeground(DecoratingStyledCellLabelProvider.java:147)
	at org.eclipse.jface.viewers.DelegatingStyledCellLabelProvider.update(DelegatingStyledCellLabelProvider.java:123)
	at org.eclipse.jface.viewers.DecoratingStyledCellLabelProvider.update(DecoratingStyledCellLabelProvider.java:136)
	at org.eclipse.jface.viewers.ViewerColumn.refresh(ViewerColumn.java:154)
	at org.eclipse.jface.viewers.AbstractTreeViewer.doUpdateItem(AbstractTreeViewer.java:949)
	at org.eclipse.jface.viewers.AbstractTreeViewer$UpdateItemSafeRunnable.run(AbstractTreeViewer.java:114)
	at org.eclipse.core.runtime.SafeRunner.run(SafeRunner.java:42)
	at org.eclipse.ui.internal.JFaceUtil$1.run(JFaceUtil.java:50)
	at org.eclipse.jface.util.SafeRunnable.run(SafeRunnable.java:173)
	at org.eclipse.jface.viewers.AbstractTreeViewer.doUpdateItem(AbstractTreeViewer.java:1029)
	at org.eclipse.jface.viewers.StructuredViewer$UpdateItemSafeRunnable.run(StructuredViewer.java:473)
	at org.eclipse.core.runtime.SafeRunner.run(SafeRunner.java:42)
	at org.eclipse.ui.internal.JFaceUtil$1.run(JFaceUtil.java:50)
	at org.eclipse.jface.util.SafeRunnable.run(SafeRunnable.java:173)
	at org.eclipse.jface.viewers.StructuredViewer.updateItem(StructuredViewer.java:2176)
	at org.eclipse.jface.viewers.AbstractTreeViewer.createTreeItem(AbstractTreeViewer.java:843)
	at org.eclipse.jface.viewers.AbstractTreeViewer$1.run(AbstractTreeViewer.java:818)
	at org.eclipse.swt.custom.BusyIndicator.showWhile(BusyIndicator.java:70)
	at org.eclipse.jface.viewers.AbstractTreeViewer.createChildren(AbstractTreeViewer.java:791)
	at org.eclipse.jface.viewers.TreeViewer.createChildren(TreeViewer.java:611)
	at org.eclipse.jface.viewers.AbstractTreeViewer.createChildren(AbstractTreeViewer.java:762)
	at org.eclipse.jface.viewers.AbstractTreeViewer.internalInitializeTree(AbstractTreeViewer.java:1541)
	at org.eclipse.jface.viewers.TreeViewer.internalInitializeTree(TreeViewer.java:790)
	at org.eclipse.jface.viewers.AbstractTreeViewer$5.run(AbstractTreeViewer.java:1525)
	at org.eclipse.jface.viewers.StructuredViewer.preservingSelection(StructuredViewer.java:1462)
	at org.eclipse.jface.viewers.TreeViewer.preservingSelection(TreeViewer.java:366)
	at org.eclipse.jface.viewers.StructuredViewer.preservingSelection(StructuredViewer.java:1423)
	at org.eclipse.jface.viewers.AbstractTreeViewer.inputChanged(AbstractTreeViewer.java:1517)
	at org.eclipse.jface.viewers.ContentViewer.setInput(ContentViewer.java:292)
	at org.eclipse.jface.viewers.StructuredViewer.setInput(StructuredViewer.java:1701)
	at org.eclipse.jdt.internal.ui.wizards.buildpaths.newsourcepage.DialogPackageExplorer.setInput(DialogPackageExplorer.java:434)
	at org.eclipse.jdt.internal.ui.wizards.buildpaths.newsourcepage.NewSourceContainerWorkbookPage.doUpdateUI(NewSourceContainerWorkbookPage.java:138)
	at org.eclipse.jdt.internal.ui.wizards.buildpaths.newsourcepage.NewSourceContainerWorkbookPage.access$0(NewSourceContainerWorkbookPage.java:137)
	at org.eclipse.jdt.internal.ui.wizards.buildpaths.newsourcepage.NewSourceContainerWorkbookPage$1.run(NewSourceContainerWorkbookPage.java:131)
	at org.eclipse.swt.widgets.RunnableLock.run(RunnableLock.java:35)
	at org.eclipse.swt.widgets.Synchronizer.runAsyncMessages(Synchronizer.java:135)
	at org.eclipse.swt.widgets.Display.runAsyncMessages(Display.java:3794)
	at org.eclipse.swt.widgets.Display.readAndDispatch(Display.java:3433)
	at org.eclipse.jface.operation.ModalContext$ModalContextThread.block(ModalContext.java:172)
	at org.eclipse.jface.operation.ModalContext.run(ModalContext.java:387)
	at org.eclipse.jface.wizard.WizardDialog.run(WizardDialog.java:1002)
	at org.eclipse.jdt.ui.wizards.NewJavaProjectWizardPageTwo.changeToNewProject(NewJavaProjectWizardPageTwo.java:173)
	at org.eclipse.jdt.ui.wizards.NewJavaProjectWizardPageTwo.createProvisonalProject(NewJavaProjectWizardPageTwo.java:506)
	at org.eclipse.jdt.ui.wizards.NewJavaProjectWizardPageTwo.setVisible(NewJavaProjectWizardPageTwo.java:132)
	at org.eclipse.jface.wizard.WizardDialog.updateForPage(WizardDialog.java:1229)
	at org.eclipse.jface.wizard.WizardDialog.access$4(WizardDialog.java:1208)
	at org.eclipse.jface.wizard.WizardDialog$8.run(WizardDialog.java:1197)
	at org.eclipse.swt.custom.BusyIndicator.showWhile(BusyIndicator.java:70)
	at org.eclipse.jface.wizard.WizardDialog.showPage(WizardDialog.java:1194)
	at org.eclipse.jface.wizard.WizardDialog.nextPressed(WizardDialog.java:885)
	at org.eclipse.jface.wizard.WizardDialog.buttonPressed(WizardDialog.java:425)
	at org.eclipse.jface.dialogs.Dialog$2.widgetSelected(Dialog.java:619)
	at org.eclipse.swt.widgets.TypedListener.handleEvent(TypedListener.java:248)
	at org.eclipse.swt.widgets.EventTable.sendEvent(EventTable.java:84)
	at org.eclipse.swt.widgets.Display.sendEvent(Display.java:4481)
	at org.eclipse.swt.widgets.Widget.sendEvent(Widget.java:1329)
	at org.eclipse.swt.widgets.Display.runDeferredEvents(Display.java:3819)
	at org.eclipse.swt.widgets.Display.readAndDispatch(Display.java:3430)
	at org.eclipse.jface.window.Window.runEventLoop(Window.java:827)
	at org.eclipse.jface.window.Window.open(Window.java:803)
	at org.eclipse.ui.actions.NewProjectAction.run(NewProjectAction.java:115)
	at org.eclipse.jface.action.Action.runWithEvent(Action.java:473)
	at org.eclipse.jface.action.ActionContributionItem.handleWidgetSelection(ActionContributionItem.java:595)
	at org.eclipse.jface.action.ActionContributionItem.access$2(ActionContributionItem.java:511)
	at org.eclipse.jface.action.ActionContributionItem$5.handleEvent(ActionContributionItem.java:420)
	at org.eclipse.swt.widgets.EventTable.sendEvent(EventTable.java:84)
	at org.eclipse.swt.widgets.Display.sendEvent(Display.java:4481)
	at org.eclipse.swt.widgets.Widget.sendEvent(Widget.java:1329)
	at org.eclipse.swt.widgets.Display.runDeferredEvents(Display.java:3819)
	at org.eclipse.swt.widgets.Display.readAndDispatch(Display.java:3430)
	at org.eclipse.e4.ui.internal.workbench.swt.PartRenderingEngine$4.run(PartRenderingEngine.java:1127)
	at org.eclipse.core.databinding.observable.Realm.runWithDefault(Realm.java:337)
	at org.eclipse.e4.ui.internal.workbench.swt.PartRenderingEngine.run(PartRenderingEngine.java:1018)
	at org.eclipse.e4.ui.internal.workbench.E4Workbench.createAndRunUI(E4Workbench.java:156)
	at org.eclipse.ui.internal.Workbench$5.run(Workbench.java:694)
	at org.eclipse.core.databinding.observable.Realm.runWithDefault(Realm.java:337)
	at org.eclipse.ui.internal.Workbench.createAndRunWorkbench(Workbench.java:606)
	at org.eclipse.ui.PlatformUI.createAndRunWorkbench(PlatformUI.java:150)
	at org.eclipse.ui.internal.ide.application.IDEApplication.start(IDEApplication.java:139)
	at org.eclipse.equinox.internal.app.EclipseAppHandle.run(EclipseAppHandle.java:196)
	at org.eclipse.core.runtime.internal.adaptor.EclipseAppLauncher.runApplication(EclipseAppLauncher.java:134)
	at org.eclipse.core.runtime.internal.adaptor.EclipseAppLauncher.start(EclipseAppLauncher.java:104)
	at org.eclipse.core.runtime.adaptor.EclipseStarter.run(EclipseStarter.java:380)
	at org.eclipse.core.runtime.adaptor.EclipseStarter.run(EclipseStarter.java:235)
	at sun.reflect.NativeMethodAccessorImpl.invoke0(Native Method)
	at sun.reflect.NativeMethodAccessorImpl.invoke(NativeMethodAccessorImpl.java:57)
	at sun.reflect.DelegatingMethodAccessorImpl.invoke(DelegatingMethodAccessorImpl.java:43)
	at java.lang.reflect.Method.invoke(Method.java:606)
	at org.eclipse.equinox.launcher.Main.invokeFramework(Main.java:669)
	at org.eclipse.equinox.launcher.Main.basicRun(Main.java:608)
	at org.eclipse.equinox.launcher.Main.run(Main.java:1515)
!SUBENTRY 1 org.eclipse.jdt.core 4 1006 2016-05-25 20:15:40.861
!MESSAGE <project root> [in main] is not on its project's build path
