This file contains any messages produced by compilers while
running configure, to aid debugging if configure makes a mistake.

It was created by at-spi2-atk configure 2.20.1, which was
generated by GNU Autoconf 2.69.  Invocation command line was

  $ ./configure --prefix /home/allan/jhbuild/install --disable-Werror --disable-static --disable-gtk-doc

## --------- ##
## Platform. ##
## --------- ##

hostname = allan-HP-G42-Notebook-PC
uname -m = i686
uname -r = 3.19.0-58-generic
uname -s = Linux
uname -v = #64-Ubuntu SMP Thu Mar 17 18:28:55 UTC 2016

/usr/bin/uname -p = unknown
/bin/uname -X     = unknown

/bin/arch              = unknown
/usr/bin/arch -k       = unknown
/usr/convex/getsysinfo = unknown
/usr/bin/hostinfo      = unknown
/bin/machine           = unknown
/usr/bin/oslevel       = unknown
/bin/universe          = unknown

PATH: /home/allan/jhbuild/install/bin
PATH: /usr/local/sbin
PATH: /usr/local/bin
PATH: /usr/sbin
PATH: /usr/bin
PATH: /sbin
PATH: /bin
PATH: /usr/games
PATH: /usr/local/games
PATH: /usr/local/java/jdk1.7.0_79/bin
PATH: /usr/local/java/jdk1.7.0_79/jre/bin
PATH: /home/allan/.local/bin


## ----------- ##
## Core tests. ##
## ----------- ##

configure:2257: checking for a BSD-compatible install
configure:2325: result: /usr/bin/install -c
configure:2336: checking whether build environment is sane
configure:2391: result: yes
configure:2542: checking for a thread-safe mkdir -p
configure:2581: result: /bin/mkdir -p
configure:2588: checking for gawk
configure:2604: found /usr/bin/gawk
configure:2615: result: gawk
configure:2626: checking whether make sets $(MAKE)
configure:2648: result: yes
configure:2677: checking whether make supports nested variables
configure:2694: result: yes
configure:2833: checking whether make supports nested variables
configure:2850: result: yes
configure:2910: checking for gcc
configure:2926: found /usr/bin/gcc
configure:2937: result: gcc
configure:3166: checking for C compiler version
configure:3175: gcc --version >&5
gcc (Ubuntu 4.9.2-10ubuntu13) 4.9.2
Copyright (C) 2014 Free Software Foundation, Inc.
This is free software; see the source for copying conditions.  There is NO
warranty; not even for MERCHANTABILITY or FITNESS FOR A PARTICULAR PURPOSE.

configure:3186: $? = 0
configure:3175: gcc -v >&5
Using built-in specs.
COLLECT_GCC=gcc
COLLECT_LTO_WRAPPER=/usr/lib/gcc/i686-linux-gnu/4.9/lto-wrapper
Target: i686-linux-gnu
Configured with: ../src/configure -v --with-pkgversion='Ubuntu 4.9.2-10ubuntu13' --with-bugurl=file:///usr/share/doc/gcc-4.9/README.Bugs --enable-languages=c,c++,java,go,d,fortran,objc,obj-c++ --prefix=/usr --program-suffix=-4.9 --enable-shared --enable-linker-build-id --libexecdir=/usr/lib --without-included-gettext --enable-threads=posix --with-gxx-include-dir=/usr/include/c++/4.9 --libdir=/usr/lib --enable-nls --with-sysroot=/ --enable-clocale=gnu --enable-libstdcxx-debug --enable-libstdcxx-time=yes --enable-gnu-unique-object --disable-vtable-verify --enable-plugin --with-system-zlib --disable-browser-plugin --enable-java-awt=gtk --enable-gtk-cairo --with-java-home=/usr/lib/jvm/java-1.5.0-gcj-4.9-i386/jre --enable-java-home --with-jvm-root-dir=/usr/lib/jvm/java-1.5.0-gcj-4.9-i386 --with-jvm-jar-dir=/usr/lib/jvm-exports/java-1.5.0-gcj-4.9-i386 --with-arch-directory=i386 --with-ecj-jar=/usr/share/java/eclipse-ecj.jar --enable-objc-gc --enable-targets=all --enable-multiarch --disable-werror --with-arch-32=i686 --with-multilib-list=m32,m64,mx32 --enable-multilib --with-tune=generic --enable-checking=release --build=i686-linux-gnu --host=i686-linux-gnu --target=i686-linux-gnu
Thread model: posix
gcc version 4.9.2 (Ubuntu 4.9.2-10ubuntu13) 
configure:3186: $? = 0
configure:3175: gcc -V >&5
gcc: error: unrecognized command line option '-V'
gcc: fatal error: no input files
compilation terminated.
configure:3186: $? = 4
configure:3175: gcc -qversion >&5
gcc: error: unrecognized command line option '-qversion'
gcc: fatal error: no input files
compilation terminated.
configure:3186: $? = 4
configure:3206: checking whether the C compiler works
configure:3228: gcc   -L/home/allan/jhbuild/install/lib  conftest.c  >&5
configure:3232: $? = 0
configure:3280: result: yes
configure:3283: checking for C compiler default output file name
configure:3285: result: a.out
configure:3291: checking for suffix of executables
configure:3298: gcc -o conftest   -L/home/allan/jhbuild/install/lib  conftest.c  >&5
configure:3302: $? = 0
configure:3324: result: 
configure:3346: checking whether we are cross compiling
configure:3354: gcc -o conftest   -L/home/allan/jhbuild/install/lib  conftest.c  >&5
configure:3358: $? = 0
configure:3365: ./conftest
configure:3369: $? = 0
configure:3384: result: no
configure:3389: checking for suffix of object files
configure:3411: gcc -c   conftest.c >&5
configure:3415: $? = 0
configure:3436: result: o
configure:3440: checking whether we are using the GNU C compiler
configure:3459: gcc -c   conftest.c >&5
configure:3459: $? = 0
configure:3468: result: yes
configure:3477: checking whether gcc accepts -g
configure:3497: gcc -c -g  conftest.c >&5
configure:3497: $? = 0
configure:3538: result: yes
configure:3555: checking for gcc option to accept ISO C89
configure:3618: gcc  -c -g -O2  conftest.c >&5
configure:3618: $? = 0
configure:3631: result: none needed
configure:3656: checking whether gcc understands -c and -o together
configure:3678: gcc -c conftest.c -o conftest2.o
configure:3681: $? = 0
configure:3678: gcc -c conftest.c -o conftest2.o
configure:3681: $? = 0
configure:3693: result: yes
configure:3721: checking for style of include used by make
configure:3749: result: GNU
configure:3775: checking dependency style of gcc
configure:3886: result: gcc3
configure:3961: checking build system type
configure:3975: result: i686-pc-linux-gnu
configure:3995: checking host system type
configure:4008: result: i686-pc-linux-gnu
configure:4049: checking how to print strings
configure:4076: result: printf
configure:4097: checking for a sed that does not truncate output
configure:4161: result: /bin/sed
configure:4179: checking for grep that handles long lines and -e
configure:4237: result: /bin/grep
configure:4242: checking for egrep
configure:4304: result: /bin/grep -E
configure:4309: checking for fgrep
configure:4371: result: /bin/grep -F
configure:4406: checking for ld used by gcc
configure:4473: result: /usr/bin/ld
configure:4480: checking if the linker (/usr/bin/ld) is GNU ld
configure:4495: result: yes
configure:4507: checking for BSD- or MS-compatible name lister (nm)
configure:4556: result: /usr/bin/nm -B
configure:4686: checking the name lister (/usr/bin/nm -B) interface
configure:4693: gcc -c -g -O2  conftest.c >&5
configure:4696: /usr/bin/nm -B "conftest.o"
configure:4699: output
00000000 B some_variable
configure:4706: result: BSD nm
configure:4709: checking whether ln -s works
configure:4713: result: yes
configure:4721: checking the maximum length of command line arguments
configure:4852: result: 1572864
configure:4869: checking whether the shell understands some XSI constructs
configure:4879: result: yes
configure:4883: checking whether the shell understands "+="
configure:4889: result: yes
configure:4924: checking how to convert i686-pc-linux-gnu file names to i686-pc-linux-gnu format
configure:4964: result: func_convert_file_noop
configure:4971: checking how to convert i686-pc-linux-gnu file names to toolchain format
configure:4991: result: func_convert_file_noop
configure:4998: checking for /usr/bin/ld option to reload object files
configure:5005: result: -r
configure:5079: checking for objdump
configure:5095: found /usr/bin/objdump
configure:5106: result: objdump
configure:5138: checking how to recognize dependent libraries
configure:5336: result: pass_all
configure:5421: checking for dlltool
configure:5451: result: no
configure:5481: checking how to associate runtime and link libraries
configure:5508: result: printf %s\n
configure:5569: checking for ar
configure:5585: found /usr/bin/ar
configure:5596: result: ar
configure:5633: checking for archiver @FILE support
configure:5650: gcc -c -g -O2  conftest.c >&5
configure:5650: $? = 0
configure:5653: ar cru libconftest.a @conftest.lst >&5
configure:5656: $? = 0
configure:5661: ar cru libconftest.a @conftest.lst >&5
ar: conftest.o: No such file or directory
configure:5664: $? = 1
configure:5676: result: @
configure:5734: checking for strip
configure:5750: found /usr/bin/strip
configure:5761: result: strip
configure:5833: checking for ranlib
configure:5849: found /usr/bin/ranlib
configure:5860: result: ranlib
configure:5962: checking command to parse /usr/bin/nm -B output from gcc object
configure:6082: gcc -c -g -O2  conftest.c >&5
configure:6085: $? = 0
configure:6089: /usr/bin/nm -B conftest.o \| sed -n -e 's/^.*[ ]\([ABCDGIRSTW][ABCDGIRSTW]*\)[ ][ ]*\([_A-Za-z][_A-Za-z0-9]*\)$/\1 \2 \2/p' | sed '/ __gnu_lto/d' \> conftest.nm
configure:6092: $? = 0
configure:6158: gcc -o conftest -g -O2  -L/home/allan/jhbuild/install/lib  conftest.c conftstm.o >&5
configure:6161: $? = 0
configure:6199: result: ok
configure:6236: checking for sysroot
configure:6266: result: no
configure:6535: checking for mt
configure:6551: found /bin/mt
configure:6562: result: mt
configure:6585: checking if mt is a manifest tool
configure:6591: mt '-?'
configure:6599: result: no
configure:7241: checking how to run the C preprocessor
configure:7272: gcc -E  conftest.c
configure:7272: $? = 0
configure:7286: gcc -E  conftest.c
conftest.c:11:28: fatal error: ac_nonexistent.h: No such file or directory
 #include <ac_nonexistent.h>
                            ^
compilation terminated.
configure:7286: $? = 1
configure: failed program was:
| /* confdefs.h */
| #define PACKAGE_NAME "at-spi2-atk"
| #define PACKAGE_TARNAME "at-spi2-atk"
| #define PACKAGE_VERSION "2.20.1"
| #define PACKAGE_STRING "at-spi2-atk 2.20.1"
| #define PACKAGE_BUGREPORT "accessibility-atspi@lists.linux-foundation.org"
| #define PACKAGE_URL ""
| #define PACKAGE "at-spi2-atk"
| #define VERSION "2.20.1"
| /* end confdefs.h.  */
| #include <ac_nonexistent.h>
configure:7311: result: gcc -E
configure:7331: gcc -E  conftest.c
configure:7331: $? = 0
configure:7345: gcc -E  conftest.c
conftest.c:11:28: fatal error: ac_nonexistent.h: No such file or directory
 #include <ac_nonexistent.h>
                            ^
compilation terminated.
configure:7345: $? = 1
configure: failed program was:
| /* confdefs.h */
| #define PACKAGE_NAME "at-spi2-atk"
| #define PACKAGE_TARNAME "at-spi2-atk"
| #define PACKAGE_VERSION "2.20.1"
| #define PACKAGE_STRING "at-spi2-atk 2.20.1"
| #define PACKAGE_BUGREPORT "accessibility-atspi@lists.linux-foundation.org"
| #define PACKAGE_URL ""
| #define PACKAGE "at-spi2-atk"
| #define VERSION "2.20.1"
| /* end confdefs.h.  */
| #include <ac_nonexistent.h>
configure:7374: checking for ANSI C header files
configure:7394: gcc -c -g -O2  conftest.c >&5
configure:7394: $? = 0
configure:7467: gcc -o conftest -g -O2  -L/home/allan/jhbuild/install/lib  conftest.c  >&5
configure:7467: $? = 0
configure:7467: ./conftest
configure:7467: $? = 0
configure:7478: result: yes
configure:7491: checking for sys/types.h
configure:7491: gcc -c -g -O2  conftest.c >&5
configure:7491: $? = 0
configure:7491: result: yes
configure:7491: checking for sys/stat.h
configure:7491: gcc -c -g -O2  conftest.c >&5
configure:7491: $? = 0
configure:7491: result: yes
configure:7491: checking for stdlib.h
configure:7491: gcc -c -g -O2  conftest.c >&5
configure:7491: $? = 0
configure:7491: result: yes
configure:7491: checking for string.h
configure:7491: gcc -c -g -O2  conftest.c >&5
configure:7491: $? = 0
configure:7491: result: yes
configure:7491: checking for memory.h
configure:7491: gcc -c -g -O2  conftest.c >&5
configure:7491: $? = 0
configure:7491: result: yes
configure:7491: checking for strings.h
configure:7491: gcc -c -g -O2  conftest.c >&5
configure:7491: $? = 0
configure:7491: result: yes
configure:7491: checking for inttypes.h
configure:7491: gcc -c -g -O2  conftest.c >&5
configure:7491: $? = 0
configure:7491: result: yes
configure:7491: checking for stdint.h
configure:7491: gcc -c -g -O2  conftest.c >&5
configure:7491: $? = 0
configure:7491: result: yes
configure:7491: checking for unistd.h
configure:7491: gcc -c -g -O2  conftest.c >&5
configure:7491: $? = 0
configure:7491: result: yes
configure:7505: checking for dlfcn.h
configure:7505: gcc -c -g -O2  conftest.c >&5
configure:7505: $? = 0
configure:7505: result: yes
configure:7681: checking for objdir
configure:7696: result: .libs
configure:7963: checking if gcc supports -fno-rtti -fno-exceptions
configure:7981: gcc -c -g -O2  -fno-rtti -fno-exceptions conftest.c >&5
cc1: warning: command line option '-fno-rtti' is valid for C++/ObjC++ but not for C
configure:7985: $? = 0
configure:7998: result: no
configure:8325: checking for gcc option to produce PIC
configure:8332: result: -fPIC -DPIC
configure:8340: checking if gcc PIC flag -fPIC -DPIC works
configure:8358: gcc -c -g -O2  -fPIC -DPIC -DPIC conftest.c >&5
configure:8362: $? = 0
configure:8375: result: yes
configure:8404: checking if gcc static flag -static works
configure:8432: result: yes
configure:8447: checking if gcc supports -c -o file.o
configure:8468: gcc -c -g -O2  -o out/conftest2.o conftest.c >&5
configure:8472: $? = 0
configure:8494: result: yes
configure:8502: checking if gcc supports -c -o file.o
configure:8549: result: yes
configure:8582: checking whether the gcc linker (/usr/bin/ld) supports shared libraries
configure:9739: result: yes
configure:9776: checking whether -lc should be explicitly linked in
configure:9784: gcc -c -g -O2  conftest.c >&5
configure:9787: $? = 0
configure:9802: gcc -shared  -fPIC -DPIC conftest.o  -v -Wl,-soname -Wl,conftest -o conftest 2\>\&1 \| /bin/grep  -lc  \>/dev/null 2\>\&1
configure:9805: $? = 0
configure:9819: result: no
configure:9979: checking dynamic linker characteristics
configure:10479: gcc -o conftest -g -O2  -L/home/allan/jhbuild/install/lib  -Wl,-rpath -Wl,/foo conftest.c  >&5
configure:10479: $? = 0
configure:10713: result: GNU/Linux ld.so
configure:10820: checking how to hardcode library paths into programs
configure:10845: result: immediate
configure:11385: checking whether stripping libraries is possible
configure:11390: result: yes
configure:11425: checking if libtool supports shared libraries
configure:11427: result: yes
configure:11430: checking whether to build shared libraries
configure:11451: result: yes
configure:11454: checking whether to build static libraries
configure:11458: result: no
configure:11549: checking for pkg-config
configure:11567: found /usr/bin/pkg-config
configure:11579: result: /usr/bin/pkg-config
configure:11604: checking pkg-config is at least version 0.9.0
configure:11607: result: yes
configure:11624: checking for DBUS
configure:11631: $PKG_CONFIG --exists --print-errors "dbus-1 >= 1.5"
configure:11634: $? = 0
configure:11648: $PKG_CONFIG --exists --print-errors "dbus-1 >= 1.5"
configure:11651: $? = 0
configure:11709: result: yes
configure:11718: checking for GLIB
configure:11725: $PKG_CONFIG --exists --print-errors "glib-2.0 >= 2.32.0"
configure:11728: $? = 0
configure:11742: $PKG_CONFIG --exists --print-errors "glib-2.0 >= 2.32.0"
configure:11745: $? = 0
configure:11803: result: yes
configure:11812: checking for GOBJ
configure:11819: $PKG_CONFIG --exists --print-errors "gobject-2.0 >= 2.0.0"
configure:11822: $? = 0
configure:11836: $PKG_CONFIG --exists --print-errors "gobject-2.0 >= 2.0.0"
configure:11839: $? = 0
configure:11897: result: yes
configure:11906: checking for GMODULE
configure:11913: $PKG_CONFIG --exists --print-errors "gmodule-2.0 >= 2.0.0"
configure:11916: $? = 0
configure:11930: $PKG_CONFIG --exists --print-errors "gmodule-2.0 >= 2.0.0"
configure:11933: $? = 0
configure:11991: result: yes
configure:12000: checking for ATK
configure:12007: $PKG_CONFIG --exists --print-errors "atk >= 2.15.4"
configure:12010: $? = 0
configure:12024: $PKG_CONFIG --exists --print-errors "atk >= 2.15.4"
configure:12027: $? = 0
configure:12085: result: yes
configure:12094: checking for ATSPI
configure:12101: $PKG_CONFIG --exists --print-errors "atspi-2 >= 2.17.90"
configure:12104: $? = 0
configure:12118: $PKG_CONFIG --exists --print-errors "atspi-2 >= 2.17.90"
configure:12121: $? = 0
configure:12179: result: yes
configure:12379: checking for pkg-config
configure:12409: result: /usr/bin/pkg-config
configure:12434: checking pkg-config is at least version 0.16
configure:12437: result: yes
configure:12695: checking that generated files are newer than configure
configure:12701: result: done
configure:12728: creating ./config.status

## ---------------------- ##
## Running config.status. ##
## ---------------------- ##

This file was extended by at-spi2-atk config.status 2.20.1, which was
generated by GNU Autoconf 2.69.  Invocation command line was

  CONFIG_FILES    = 
  CONFIG_HEADERS  = 
  CONFIG_LINKS    = 
  CONFIG_COMMANDS = 
  $ ./config.status 

on allan-HP-G42-Notebook-PC

config.status:1165: creating Makefile
config.status:1165: creating atk-bridge-2.0.pc
config.status:1165: creating droute/Makefile
config.status:1165: creating atk-adaptor/Makefile
config.status:1165: creating atk-adaptor/adaptors/Makefile
config.status:1165: creating atk-adaptor/gtk-2.0/Makefile
config.status:1165: creating tests/Makefile
config.status:1165: creating tests/data/Makefile
config.status:1165: creating tests/dummyatk/Makefile
config.status:1165: creating config.h
config.status:1394: executing depfiles commands
config.status:1394: executing libtool commands
configure:14956: WARNING: unrecognized options: --disable-Werror, --disable-gtk-doc

## ---------------- ##
## Cache variables. ##
## ---------------- ##

ac_cv_build=i686-pc-linux-gnu
ac_cv_c_compiler_gnu=yes
ac_cv_env_ATK_CFLAGS_set=
ac_cv_env_ATK_CFLAGS_value=
ac_cv_env_ATK_LIBS_set=
ac_cv_env_ATK_LIBS_value=
ac_cv_env_ATSPI_CFLAGS_set=
ac_cv_env_ATSPI_CFLAGS_value=
ac_cv_env_ATSPI_LIBS_set=
ac_cv_env_ATSPI_LIBS_value=
ac_cv_env_CC_set=
ac_cv_env_CC_value=
ac_cv_env_CFLAGS_set=
ac_cv_env_CFLAGS_value=
ac_cv_env_CPPFLAGS_set=
ac_cv_env_CPPFLAGS_value=
ac_cv_env_CPP_set=
ac_cv_env_CPP_value=
ac_cv_env_DBUS_CFLAGS_set=
ac_cv_env_DBUS_CFLAGS_value=
ac_cv_env_DBUS_LIBS_set=
ac_cv_env_DBUS_LIBS_value=
ac_cv_env_GLIB_CFLAGS_set=
ac_cv_env_GLIB_CFLAGS_value=
ac_cv_env_GLIB_LIBS_set=
ac_cv_env_GLIB_LIBS_value=
ac_cv_env_GMODULE_CFLAGS_set=
ac_cv_env_GMODULE_CFLAGS_value=
ac_cv_env_GMODULE_LIBS_set=
ac_cv_env_GMODULE_LIBS_value=
ac_cv_env_GOBJ_CFLAGS_set=
ac_cv_env_GOBJ_CFLAGS_value=
ac_cv_env_GOBJ_LIBS_set=
ac_cv_env_GOBJ_LIBS_value=
ac_cv_env_LDFLAGS_set=set
ac_cv_env_LDFLAGS_value='-L/home/allan/jhbuild/install/lib '
ac_cv_env_LIBS_set=
ac_cv_env_LIBS_value=
ac_cv_env_PKG_CONFIG_LIBDIR_set=
ac_cv_env_PKG_CONFIG_LIBDIR_value=
ac_cv_env_PKG_CONFIG_PATH_set=set
ac_cv_env_PKG_CONFIG_PATH_value=/home/allan/jhbuild/install/lib/pkgconfig:/home/allan/jhbuild/install/share/pkgconfig:/usr/lib/i386-linux-gnu/pkgconfig:/usr/lib/pkgconfig:/usr/share/pkgconfig
ac_cv_env_PKG_CONFIG_set=
ac_cv_env_PKG_CONFIG_value=
ac_cv_env_XML_CFLAGS_set=
ac_cv_env_XML_CFLAGS_value=
ac_cv_env_XML_LIBS_set=
ac_cv_env_XML_LIBS_value=
ac_cv_env_build_alias_set=
ac_cv_env_build_alias_value=
ac_cv_env_host_alias_set=
ac_cv_env_host_alias_value=
ac_cv_env_target_alias_set=
ac_cv_env_target_alias_value=
ac_cv_header_dlfcn_h=yes
ac_cv_header_inttypes_h=yes
ac_cv_header_memory_h=yes
ac_cv_header_stdc=yes
ac_cv_header_stdint_h=yes
ac_cv_header_stdlib_h=yes
ac_cv_header_string_h=yes
ac_cv_header_strings_h=yes
ac_cv_header_sys_stat_h=yes
ac_cv_header_sys_types_h=yes
ac_cv_header_unistd_h=yes
ac_cv_host=i686-pc-linux-gnu
ac_cv_objext=o
ac_cv_path_EGREP='/bin/grep -E'
ac_cv_path_FGREP='/bin/grep -F'
ac_cv_path_GREP=/bin/grep
ac_cv_path_SED=/bin/sed
ac_cv_path_ac_pt_PKG_CONFIG=/usr/bin/pkg-config
ac_cv_path_install='/usr/bin/install -c'
ac_cv_path_mkdir=/bin/mkdir
ac_cv_prog_AWK=gawk
ac_cv_prog_CPP='gcc -E'
ac_cv_prog_ac_ct_AR=ar
ac_cv_prog_ac_ct_CC=gcc
ac_cv_prog_ac_ct_MANIFEST_TOOL=mt
ac_cv_prog_ac_ct_OBJDUMP=objdump
ac_cv_prog_ac_ct_RANLIB=ranlib
ac_cv_prog_ac_ct_STRIP=strip
ac_cv_prog_cc_c89=
ac_cv_prog_cc_g=yes
ac_cv_prog_make_make_set=yes
am_cv_CC_dependencies_compiler_type=gcc3
am_cv_make_support_nested_variables=yes
am_cv_prog_cc_c_o=yes
lt_cv_ar_at_file=@
lt_cv_archive_cmds_need_lc=no
lt_cv_deplibs_check_method=pass_all
lt_cv_file_magic_cmd='$MAGIC_CMD'
lt_cv_file_magic_test_file=
lt_cv_ld_reload_flag=-r
lt_cv_nm_interface='BSD nm'
lt_cv_objdir=.libs
lt_cv_path_LD=/usr/bin/ld
lt_cv_path_NM='/usr/bin/nm -B'
lt_cv_path_mainfest_tool=no
lt_cv_prog_compiler_c_o=yes
lt_cv_prog_compiler_pic='-fPIC -DPIC'
lt_cv_prog_compiler_pic_works=yes
lt_cv_prog_compiler_rtti_exceptions=no
lt_cv_prog_compiler_static_works=yes
lt_cv_prog_gnu_ld=yes
lt_cv_sharedlib_from_linklib_cmd='printf %s\n'
lt_cv_shlibpath_overrides_runpath=no
lt_cv_sys_global_symbol_pipe='sed -n -e '\''s/^.*[	 ]\([ABCDGIRSTW][ABCDGIRSTW]*\)[	 ][	 ]*\([_A-Za-z][_A-Za-z0-9]*\)$/\1 \2 \2/p'\'' | sed '\''/ __gnu_lto/d'\'''
lt_cv_sys_global_symbol_to_c_name_address='sed -n -e '\''s/^: \([^ ]*\)[ ]*$/  {\"\1\", (void *) 0},/p'\'' -e '\''s/^[ABCDGIRSTW]* \([^ ]*\) \([^ ]*\)$/  {"\2", (void *) \&\2},/p'\'''
lt_cv_sys_global_symbol_to_c_name_address_lib_prefix='sed -n -e '\''s/^: \([^ ]*\)[ ]*$/  {\"\1\", (void *) 0},/p'\'' -e '\''s/^[ABCDGIRSTW]* \([^ ]*\) \(lib[^ ]*\)$/  {"\2", (void *) \&\2},/p'\'' -e '\''s/^[ABCDGIRSTW]* \([^ ]*\) \([^ ]*\)$/  {"lib\2", (void *) \&\2},/p'\'''
lt_cv_sys_global_symbol_to_cdecl='sed -n -e '\''s/^T .* \(.*\)$/extern int \1();/p'\'' -e '\''s/^[ABCDGIRSTW]* .* \(.*\)$/extern char \1;/p'\'''
lt_cv_sys_max_cmd_len=1572864
lt_cv_to_host_file_cmd=func_convert_file_noop
lt_cv_to_tool_file_cmd=func_convert_file_noop
pkg_cv_ATK_CFLAGS='-I/home/allan/jhbuild/install/include/glib-2.0 -I/home/allan/jhbuild/install/lib/glib-2.0/include -I/usr/include/atk-1.0 '
pkg_cv_ATK_LIBS='-L/home/allan/jhbuild/install/lib -latk-1.0 -lgobject-2.0 -lglib-2.0 '
pkg_cv_ATSPI_CFLAGS='-I/home/allan/jhbuild/install/include/at-spi-2.0 -I/home/allan/jhbuild/install/include/glib-2.0 -I/home/allan/jhbuild/install/lib/glib-2.0/include -I/usr/include/dbus-1.0 -I/usr/lib/i386-linux-gnu/dbus-1.0/include '
pkg_cv_ATSPI_LIBS='-L/home/allan/jhbuild/install/lib -latspi -ldbus-1 -lglib-2.0 '
pkg_cv_DBUS_CFLAGS='-I/usr/include/dbus-1.0 -I/usr/lib/i386-linux-gnu/dbus-1.0/include '
pkg_cv_DBUS_LIBS='-ldbus-1 '
pkg_cv_GLIB_CFLAGS='-I/home/allan/jhbuild/install/include/glib-2.0 -I/home/allan/jhbuild/install/lib/glib-2.0/include '
pkg_cv_GLIB_LIBS='-L/home/allan/jhbuild/install/lib -lglib-2.0 '
pkg_cv_GMODULE_CFLAGS='-pthread -I/home/allan/jhbuild/install/include/glib-2.0 -I/home/allan/jhbuild/install/lib/glib-2.0/include '
pkg_cv_GMODULE_LIBS='-L/home/allan/jhbuild/install/lib -Wl,--export-dynamic -lgmodule-2.0 -pthread -lglib-2.0 '
pkg_cv_GOBJ_CFLAGS='-I/home/allan/jhbuild/install/include/glib-2.0 -I/home/allan/jhbuild/install/lib/glib-2.0/include '
pkg_cv_GOBJ_LIBS='-L/home/allan/jhbuild/install/lib -lgobject-2.0 -lglib-2.0 '

## ----------------- ##
## Output variables. ##
## ----------------- ##










		$(INSTALL_DATA) $^ "$(DESTDIR)$(gsettingsschemadir)"; \
		test -n "$(GSETTINGS_DISABLE_SCHEMAS_COMPILE)$(DESTDIR)" || $(GLIB_COMPILE_SCHEMAS) $(gsettingsschemadir); \
		test -z "$(gsettingsschemadir)" || $(MKDIR_P) "$(DESTDIR)$(gsettingsschemadir)"; \
	$(AM_V_GEN) $(GLIB_COMPILE_SCHEMAS) --strict --dry-run $(addprefix --schema-file=,$(gsettings__enum_file)) --schema-file=$< && mkdir -p $(@D) && touch $@
	$(AM_V_GEN) glib-mkenums --comments '\''<!-- @comment@ -->'\'' --fhead "<schemalist>" --vhead "  <@type@ id='\''$(gsettings_ENUM_NAMESPACE).@EnumName@'\''>" --vprod "    <value nick='\''@valuenick@'\'' value='\''@valuenum@'\''/>" --vtail "  </@type@>" --ftail "</schemalist>" $^ > $@.tmp && mv $@.tmp $@
	@$(NORMAL_INSTALL)
	@$(NORMAL_UNINSTALL)
	@list='\''$(gsettings_SCHEMAS) $(gsettings__enum_file)'\''; test -n "$(gsettingsschemadir)" || list=; \
	cd "$(DESTDIR)$(gsettingsschemadir)" && rm -f $$files
	echo " ( cd '\''$(DESTDIR)$(gsettingsschemadir)'\'' && rm -f" $$files ")"; \
	fi
	files=`for p in $$list; do echo $$p; done | sed -e '\''s|^.*/||'\''`; \
	if test -n "$^"; then \
	rm -f $(gsettings_SCHEMAS:.xml=.valid) $(gsettings__enum_file)
	test -n "$$files" || exit 0; \
	test -n "$(GSETTINGS_DISABLE_SCHEMAS_COMPILE)$(DESTDIR)" || $(GLIB_COMPILE_SCHEMAS) $(gsettingsschemadir)
$(gsettings__enum_file): $(gsettings_ENUM_FILES)
%.gschema.valid: %.gschema.xml $(gsettings__enum_file)
.PHONY : uninstall-gsettings-schemas install-gsettings-schemas clean-gsettings-schemas
.SECONDARY: $(gsettings_SCHEMAS)
ACLOCAL='${SHELL} /home/allan/jhbuild/checkout/at-spi2-atk/config/missing aclocal-1.14'
AMDEPBACKSLASH='\'
AMDEP_FALSE='#'
AMDEP_TRUE=''
AMTAR='$${TAR-tar}'
AM_BACKSLASH='\'
AM_DEFAULT_V='$(AM_DEFAULT_VERBOSITY)'
AM_DEFAULT_VERBOSITY='0'
AM_V='$(V)'
AR='ar'
ATK_CFLAGS='-I/home/allan/jhbuild/install/include/glib-2.0 -I/home/allan/jhbuild/install/lib/glib-2.0/include -I/usr/include/atk-1.0 '
ATK_LIBS='-L/home/allan/jhbuild/install/lib -latk-1.0 -lgobject-2.0 -lglib-2.0 '
ATSPI_CFLAGS='-I/home/allan/jhbuild/install/include/at-spi-2.0 -I/home/allan/jhbuild/install/include/glib-2.0 -I/home/allan/jhbuild/install/lib/glib-2.0/include -I/usr/include/dbus-1.0 -I/usr/lib/i386-linux-gnu/dbus-1.0/include '
ATSPI_LIBS='-L/home/allan/jhbuild/install/lib -latspi -ldbus-1 -lglib-2.0 '
ATSPI_TESTS_FALSE=''
ATSPI_TESTS_TRUE='#'
AT_SPI_ATK_VERSION='.'
AUTOCONF='${SHELL} /home/allan/jhbuild/checkout/at-spi2-atk/config/missing autoconf'
AUTOHEADER='${SHELL} /home/allan/jhbuild/checkout/at-spi2-atk/config/missing autoheader'
AUTOMAKE='${SHELL} /home/allan/jhbuild/checkout/at-spi2-atk/config/missing automake-1.14'
AWK='gawk'
CC='gcc'
CCDEPMODE='depmode=gcc3'
CFLAGS='-g -O2 -Werror-implicit-function-declaration'
CPP='gcc -E'
CPPFLAGS=''
CYGPATH_W='echo'
DBUS_CFLAGS='-I/usr/include/dbus-1.0 -I/usr/lib/i386-linux-gnu/dbus-1.0/include '
DBUS_LIBS='-ldbus-1 '
DEFS='-DHAVE_CONFIG_H'
DEPDIR='.deps'
DLLTOOL='false'
DSYMUTIL=''
DUMPBIN=''
ECHO_C=''
ECHO_N='-n'
ECHO_T=''
EGREP='/bin/grep -E'
EXEEXT=''
EXTRA_SOCKET_LIBS=''
FGREP='/bin/grep -F'
GETTEXT_PACKAGE='at-spi2-atk'
GLIB_CFLAGS='-I/home/allan/jhbuild/install/include/glib-2.0 -I/home/allan/jhbuild/install/lib/glib-2.0/include '
GLIB_COMPILE_SCHEMAS='glib-compile-schemas'
GLIB_LIBS='-L/home/allan/jhbuild/install/lib -lglib-2.0 '
GMODULE_CFLAGS='-pthread -I/home/allan/jhbuild/install/include/glib-2.0 -I/home/allan/jhbuild/install/lib/glib-2.0/include '
GMODULE_LIBS='-L/home/allan/jhbuild/install/lib -Wl,--export-dynamic -lgmodule-2.0 -pthread -lglib-2.0 '
GOBJ_CFLAGS='-I/home/allan/jhbuild/install/include/glib-2.0 -I/home/allan/jhbuild/install/lib/glib-2.0/include '
GOBJ_LIBS='-L/home/allan/jhbuild/install/lib -lgobject-2.0 -lglib-2.0 '
GREP='/bin/grep'
GSETTINGS_DISABLE_SCHEMAS_COMPILE=''
GSETTINGS_RULES='
INSTALL_DATA='${INSTALL} -m 644'
INSTALL_PROGRAM='${INSTALL}'
INSTALL_SCRIPT='${INSTALL}'
INSTALL_STRIP_PROGRAM='$(install_sh) -c -s'
LD='/usr/bin/ld'
LDFLAGS='-L/home/allan/jhbuild/install/lib '
LIBOBJS=''
LIBS=''
LIBTOOL='$(SHELL) $(top_builddir)/libtool'
LIBTOOL_EXPORT_OPTIONS='-export-symbols-regex "^[^cspi].*"'
LIPO=''
LN_S='ln -s'
LTLIBOBJS=''
LT_AGE='0'
LT_CURRENT='0'
LT_RELEASE='.'
LT_REVISION='0'
LT_VERSION_INFO='-version-info ${LT_CURRENT}:${LT_REVISION}:${LT_AGE}'
MAKEINFO='${SHELL} /home/allan/jhbuild/checkout/at-spi2-atk/config/missing makeinfo'
MANIFEST_TOOL=':'
MKDIR_P='/bin/mkdir -p'
NM='/usr/bin/nm -B'
NMEDIT=''
OBJDUMP='objdump'
OBJEXT='o'
OTOOL64=''
OTOOL=''
P2P_CFLAGS=''
PACKAGE='at-spi2-atk'
PACKAGE_BUGREPORT='accessibility-atspi@lists.linux-foundation.org'
PACKAGE_NAME='at-spi2-atk'
PACKAGE_STRING='at-spi2-atk 2.20.1'
PACKAGE_TARNAME='at-spi2-atk'
PACKAGE_URL=''
PACKAGE_VERSION='2.20.1'
PATH_SEPARATOR=':'
PKG_CONFIG='/usr/bin/pkg-config'
PKG_CONFIG_LIBDIR=''
PKG_CONFIG_PATH='/home/allan/jhbuild/install/lib/pkgconfig:/home/allan/jhbuild/install/share/pkgconfig:/usr/lib/i386-linux-gnu/pkgconfig:/usr/lib/pkgconfig:/usr/share/pkgconfig'
RANLIB='ranlib'
SED='/bin/sed'
SET_MAKE=''
SHELL='/bin/bash'
STRIP='strip'
VERSION='2.20.1'
XML_CFLAGS=''
XML_LIBS=''
ac_ct_AR='ar'
ac_ct_CC='gcc'
ac_ct_DUMPBIN=''
all-am: $(gsettings_SCHEMAS:.xml=.valid)
am__EXEEXT_FALSE=''
am__EXEEXT_TRUE='#'
am__fastdepCC_FALSE='#'
am__fastdepCC_TRUE=''
am__include='include'
am__isrc=''
am__leading_dot='.'
am__nodep='_no'
am__quote=''
am__tar='$${TAR-tar} chof - "$$tardir"'
am__untar='$${TAR-tar} xf -'
bindir='${exec_prefix}/bin'
build='i686-pc-linux-gnu'
build_alias=''
build_cpu='i686'
build_os='linux-gnu'
build_vendor='pc'
clean-gsettings-schemas:
datadir='${datarootdir}'
datarootdir='${prefix}/share'
docdir='${datarootdir}/doc/${PACKAGE_TARNAME}'
dvidir='${docdir}'
endif'
exec_prefix='${prefix}'
gsettings__enum_file = $(addsuffix .enums.xml,$(gsettings_ENUM_NAMESPACE))
gsettingsschemadir='${datarootdir}/glib-2.0/schemas'
host='i686-pc-linux-gnu'
host_alias=''
host_cpu='i686'
host_os='linux-gnu'
host_vendor='pc'
htmldir='${docdir}'
ifdef gsettings_ENUM_NAMESPACE
includedir='${prefix}/include'
infodir='${datarootdir}/info'
install-data-am: install-gsettings-schemas
install-gsettings-schemas: $(gsettings_SCHEMAS) $(gsettings__enum_file)
install_sh='${SHELL} /home/allan/jhbuild/checkout/at-spi2-atk/config/install-sh'
libdir='${exec_prefix}/lib'
libexecdir='${exec_prefix}/libexec'
localedir='${datarootdir}/locale'
localstatedir='${prefix}/var'
mandir='${datarootdir}/man'
mkdir_p='$(MKDIR_P)'
mostlyclean-am: clean-gsettings-schemas
oldincludedir='/usr/include'
pdfdir='${docdir}'
prefix='/home/allan/jhbuild/install'
program_transform_name='s,x,x,'
psdir='${docdir}'
sbindir='${exec_prefix}/sbin'
sharedstatedir='${prefix}/com'
sysconfdir='${prefix}/etc'
target_alias=''
uninstall-am: uninstall-gsettings-schemas
uninstall-gsettings-schemas:

## ----------- ##
## confdefs.h. ##
## ----------- ##

/* confdefs.h */
#define PACKAGE_NAME "at-spi2-atk"
#define PACKAGE_TARNAME "at-spi2-atk"
#define PACKAGE_VERSION "2.20.1"
#define PACKAGE_STRING "at-spi2-atk 2.20.1"
#define PACKAGE_BUGREPORT "accessibility-atspi@lists.linux-foundation.org"
#define PACKAGE_URL ""
#define PACKAGE "at-spi2-atk"
#define VERSION "2.20.1"
#define STDC_HEADERS 1
#define HAVE_SYS_TYPES_H 1
#define HAVE_SYS_STAT_H 1
#define HAVE_STDLIB_H 1
#define HAVE_STRING_H 1
#define HAVE_MEMORY_H 1
#define HAVE_STRINGS_H 1
#define HAVE_INTTYPES_H 1
#define HAVE_STDINT_H 1
#define HAVE_UNISTD_H 1
#define HAVE_DLFCN_H 1
#define LT_OBJDIR ".libs/"

configure: exit 0
