This file contains any messages produced by compilers while
running configure, to aid debugging if configure makes a mistake.

It was created by yelp-tools configure 3.18.0, which was
generated by GNU Autoconf 2.69.  Invocation command line was

  $ ./configure --prefix /home/allan/jhbuild/install --disable-Werror --disable-static --disable-gtk-doc

## --------- ##
## Platform. ##
## --------- ##

hostname = allan-HP-G42-Notebook-PC
uname -m = i686
uname -r = 3.19.0-58-generic
uname -s = Linux
uname -v = #64-Ubuntu SMP Thu Mar 17 18:28:55 UTC 2016

/usr/bin/uname -p = unknown
/bin/uname -X     = unknown

/bin/arch              = unknown
/usr/bin/arch -k       = unknown
/usr/convex/getsysinfo = unknown
/usr/bin/hostinfo      = unknown
/bin/machine           = unknown
/usr/bin/oslevel       = unknown
/bin/universe          = unknown

PATH: /home/allan/jhbuild/install/bin
PATH: /usr/local/sbin
PATH: /usr/local/bin
PATH: /usr/sbin
PATH: /usr/bin
PATH: /sbin
PATH: /bin
PATH: /usr/games
PATH: /usr/local/games
PATH: /usr/local/java/jdk1.7.0_79/bin
PATH: /usr/local/java/jdk1.7.0_79/jre/bin
PATH: /home/allan/.local/bin


## ----------- ##
## Core tests. ##
## ----------- ##

configure:1793: checking for a BSD-compatible install
configure:1861: result: /usr/bin/install -c
configure:1872: checking whether build environment is sane
configure:1927: result: yes
configure:2078: checking for a thread-safe mkdir -p
configure:2117: result: /bin/mkdir -p
configure:2124: checking for gawk
configure:2140: found /usr/bin/gawk
configure:2151: result: gawk
configure:2162: checking whether make sets $(MAKE)
configure:2184: result: yes
configure:2213: checking whether make supports nested variables
configure:2230: result: yes
configure:2361: checking for gawk
configure:2388: result: gawk
configure:2406: checking whether ln -s works
configure:2410: result: yes
configure:2420: checking for xmllint
configure:2436: found /usr/bin/xmllint
configure:2447: result: xmllint
configure:2464: checking for xsltproc
configure:2480: found /usr/bin/xsltproc
configure:2491: result: xsltproc
configure:2508: checking for itstool
configure:2524: found /usr/bin/itstool
configure:2535: result: itstool
configure:2601: checking for pkg-config
configure:2619: found /usr/bin/pkg-config
configure:2631: result: /usr/bin/pkg-config
configure:2656: checking pkg-config is at least version 0.9.0
configure:2659: result: yes
configure:2669: checking for YELP_XSL
configure:2678: $PKG_CONFIG --exists --print-errors "
	yelp-xsl >= 3.17.3
"
configure:2683: $? = 0
configure:2701: $PKG_CONFIG --exists --print-errors "
	yelp-xsl >= 3.17.3
"
configure:2706: $? = 0
configure:2772: result: yes
configure:2972: checking that generated files are newer than configure
configure:2978: result: done
configure:2986: creating ./config.status

## ---------------------- ##
## Running config.status. ##
## ---------------------- ##

This file was extended by yelp-tools config.status 3.18.0, which was
generated by GNU Autoconf 2.69.  Invocation command line was

  CONFIG_FILES    = 
  CONFIG_HEADERS  = 
  CONFIG_LINKS    = 
  CONFIG_COMMANDS = 
  $ ./config.status 

on allan-HP-G42-Notebook-PC

config.status:772: creating Makefile
config.status:772: creating templates/Makefile
config.status:772: creating tools/Makefile
config.status:772: creating tools/yelp-build
config.status:772: creating tools/yelp-check
config.status:772: creating tools/yelp-new
config.status:772: creating xslt/Makefile
config.status:772: creating xslt/mal-ncx.xsl
config.status:772: creating xslt/mal-opf.xsl
configure:4009: WARNING: unrecognized options: --disable-Werror, --disable-static, --disable-gtk-doc

## ---------------- ##
## Cache variables. ##
## ---------------- ##

ac_cv_env_PKG_CONFIG_LIBDIR_set=
ac_cv_env_PKG_CONFIG_LIBDIR_value=
ac_cv_env_PKG_CONFIG_PATH_set=set
ac_cv_env_PKG_CONFIG_PATH_value=/home/allan/jhbuild/install/lib/pkgconfig:/home/allan/jhbuild/install/share/pkgconfig:/usr/lib/i386-linux-gnu/pkgconfig:/usr/lib/pkgconfig:/usr/share/pkgconfig
ac_cv_env_PKG_CONFIG_set=
ac_cv_env_PKG_CONFIG_value=
ac_cv_env_YELP_XSL_CFLAGS_set=
ac_cv_env_YELP_XSL_CFLAGS_value=
ac_cv_env_YELP_XSL_LIBS_set=
ac_cv_env_YELP_XSL_LIBS_value=
ac_cv_env_build_alias_set=
ac_cv_env_build_alias_value=
ac_cv_env_host_alias_set=
ac_cv_env_host_alias_value=
ac_cv_env_target_alias_set=
ac_cv_env_target_alias_value=
ac_cv_path_ac_pt_PKG_CONFIG=/usr/bin/pkg-config
ac_cv_path_install='/usr/bin/install -c'
ac_cv_path_mkdir=/bin/mkdir
ac_cv_prog_AWK=gawk
ac_cv_prog_ITSTOOL=itstool
ac_cv_prog_XMLLINT=xmllint
ac_cv_prog_XSLTPROC=xsltproc
ac_cv_prog_make_make_set=yes
am_cv_make_support_nested_variables=yes
pkg_cv_YELP_XSL_CFLAGS=
pkg_cv_YELP_XSL_LIBS=

## ----------------- ##
## Output variables. ##
## ----------------- ##

ACLOCAL='${SHELL} /home/allan/jhbuild/checkout/yelp-tools/missing aclocal-1.14'
AMTAR='$${TAR-tar}'
AM_BACKSLASH='\'
AM_DEFAULT_V='$(AM_DEFAULT_VERBOSITY)'
AM_DEFAULT_VERBOSITY='1'
AM_V='$(V)'
AUTOCONF='${SHELL} /home/allan/jhbuild/checkout/yelp-tools/missing autoconf'
AUTOHEADER='${SHELL} /home/allan/jhbuild/checkout/yelp-tools/missing autoheader'
AUTOMAKE='${SHELL} /home/allan/jhbuild/checkout/yelp-tools/missing automake-1.14'
AWK='gawk'
CYGPATH_W='echo'
DATADIR='/home/allan/jhbuild/install/share/yelp-tools'
DEFS='-DPACKAGE_NAME=\"yelp-tools\" -DPACKAGE_TARNAME=\"yelp-tools\" -DPACKAGE_VERSION=\"3.18.0\" -DPACKAGE_STRING=\"yelp-tools\ 3.18.0\" -DPACKAGE_BUGREPORT=\"http://bugzilla.gnome.org/enter_bug.cgi\?product=yelp-tools\" -DPACKAGE_URL=\"\" -DPACKAGE=\"yelp-tools\" -DVERSION=\"3.18.0\"'
ECHO_C=''
ECHO_N='-n'
ECHO_T=''
GDU_AWK='gawk -W compat'
INSTALL_DATA='${INSTALL} -m 644'
INSTALL_PROGRAM='${INSTALL}'
INSTALL_SCRIPT='${INSTALL}'
INSTALL_STRIP_PROGRAM='$(install_sh) -c -s'
ITSTOOL='itstool'
LIBOBJS=''
LIBS=''
LN_S='ln -s'
LTLIBOBJS=''
MAKEINFO='${SHELL} /home/allan/jhbuild/checkout/yelp-tools/missing makeinfo'
MKDIR_P='/bin/mkdir -p'
PACKAGE='yelp-tools'
PACKAGE_BUGREPORT='http://bugzilla.gnome.org/enter_bug.cgi?product=yelp-tools'
PACKAGE_NAME='yelp-tools'
PACKAGE_STRING='yelp-tools 3.18.0'
PACKAGE_TARNAME='yelp-tools'
PACKAGE_URL=''
PACKAGE_VERSION='3.18.0'
PATH_SEPARATOR=':'
PKG_CONFIG='/usr/bin/pkg-config'
PKG_CONFIG_LIBDIR=''
PKG_CONFIG_PATH='/home/allan/jhbuild/install/lib/pkgconfig:/home/allan/jhbuild/install/share/pkgconfig:/usr/lib/i386-linux-gnu/pkgconfig:/usr/lib/pkgconfig:/usr/share/pkgconfig'
SET_MAKE=''
SHELL='/bin/bash'
STRIP=''
VERSION='3.18.0'
XMLLINT='xmllint'
XSLTPROC='xsltproc'
XSL_DB2HTML='/home/allan/jhbuild/install/share/yelp-xsl/xslt/docbook/html/db2html.xsl'
XSL_DB2XHTML='/home/allan/jhbuild/install/share/yelp-xsl/xslt/docbook/html/db2xhtml.xsl'
XSL_MAL2HTML='/home/allan/jhbuild/install/share/yelp-xsl/xslt/mallard/html/mal2html.xsl'
XSL_MAL2XHTML='/home/allan/jhbuild/install/share/yelp-xsl/xslt/mallard/html/mal2xhtml.xsl'
XSL_MAL_CACHE='/home/allan/jhbuild/install/share/yelp-xsl/xslt/mallard/cache/mal-cache.xsl'
XSL_MAL_LINK='/home/allan/jhbuild/install/share/yelp-xsl/xslt/mallard/common/mal-link.xsl'
XSL_MAL_SORT='/home/allan/jhbuild/install/share/yelp-xsl/xslt/mallard/common/mal-sort.xsl'
YELP_ICON_DIR='/home/allan/jhbuild/install/share/yelp-xsl/icons/hicolor/24x24/status'
YELP_JS_DIR='/home/allan/jhbuild/install/share/yelp-xsl/js'
YELP_TMPL_DIR='/home/allan/jhbuild/install/share/yelp-tools/templates/'
YELP_XSL_CFLAGS=''
YELP_XSL_LIBS=''
am__isrc=''
am__leading_dot='.'
am__tar='$${TAR-tar} chof - "$$tardir"'
am__untar='$${TAR-tar} xf -'
bindir='${exec_prefix}/bin'
build_alias=''
datadir='${datarootdir}'
datarootdir='${prefix}/share'
docdir='${datarootdir}/doc/${PACKAGE_TARNAME}'
dvidir='${docdir}'
exec_prefix='${prefix}'
host_alias=''
htmldir='${docdir}'
includedir='${prefix}/include'
infodir='${datarootdir}/info'
install_sh='${SHELL} /home/allan/jhbuild/checkout/yelp-tools/install-sh'
libdir='${exec_prefix}/lib'
libexecdir='${exec_prefix}/libexec'
localedir='${datarootdir}/locale'
localstatedir='${prefix}/var'
mandir='${datarootdir}/man'
mkdir_p='$(MKDIR_P)'
oldincludedir='/usr/include'
pdfdir='${docdir}'
prefix='/home/allan/jhbuild/install'
program_transform_name='s,x,x,'
psdir='${docdir}'
sbindir='${exec_prefix}/sbin'
sharedstatedir='${prefix}/com'
sysconfdir='${prefix}/etc'
target_alias=''

## ----------- ##
## confdefs.h. ##
## ----------- ##

/* confdefs.h */
#define PACKAGE_NAME "yelp-tools"
#define PACKAGE_TARNAME "yelp-tools"
#define PACKAGE_VERSION "3.18.0"
#define PACKAGE_STRING "yelp-tools 3.18.0"
#define PACKAGE_BUGREPORT "http://bugzilla.gnome.org/enter_bug.cgi?product=yelp-tools"
#define PACKAGE_URL ""
#define PACKAGE "yelp-tools"
#define VERSION "3.18.0"

configure: exit 0
