This file contains any messages produced by compilers while
running configure, to aid debugging if configure makes a mistake.

It was created by pango configure 1.40.1, which was
generated by GNU Autoconf 2.69.  Invocation command line was

  $ ./configure --prefix /home/allan/jhbuild/install --disable-Werror --with-cairo --enable-installed-tests --disable-static --disable-gtk-doc

## --------- ##
## Platform. ##
## --------- ##

hostname = allan-HP-G42-Notebook-PC
uname -m = i686
uname -r = 3.19.0-58-generic
uname -s = Linux
uname -v = #64-Ubuntu SMP Thu Mar 17 18:28:55 UTC 2016

/usr/bin/uname -p = unknown
/bin/uname -X     = unknown

/bin/arch              = unknown
/usr/bin/arch -k       = unknown
/usr/convex/getsysinfo = unknown
/usr/bin/hostinfo      = unknown
/bin/machine           = unknown
/usr/bin/oslevel       = unknown
/bin/universe          = unknown

PATH: /home/allan/jhbuild/install/bin
PATH: /usr/local/sbin
PATH: /usr/local/bin
PATH: /usr/sbin
PATH: /usr/bin
PATH: /sbin
PATH: /bin
PATH: /usr/games
PATH: /usr/local/games
PATH: /usr/local/java/jdk1.7.0_79/bin
PATH: /usr/local/java/jdk1.7.0_79/jre/bin
PATH: /home/allan/.local/bin


## ----------- ##
## Core tests. ##
## ----------- ##

configure:2572: checking for a BSD-compatible install
configure:2640: result: /usr/bin/install -c
configure:2651: checking whether build environment is sane
configure:2706: result: yes
configure:2857: checking for a thread-safe mkdir -p
configure:2896: result: /bin/mkdir -p
configure:2903: checking for gawk
configure:2919: found /usr/bin/gawk
configure:2930: result: gawk
configure:2941: checking whether make sets $(MAKE)
configure:2963: result: yes
configure:2992: checking whether make supports nested variables
configure:3009: result: yes
configure:3146: checking whether make supports nested variables
configure:3163: result: yes
configure:3223: checking build system type
configure:3237: result: i686-pc-linux-gnu
configure:3257: checking host system type
configure:3270: result: i686-pc-linux-gnu
configure:3291: checking for native Win32
configure:3309: result: no
configure:3371: checking for gcc
configure:3387: found /usr/bin/gcc
configure:3398: result: gcc
configure:3627: checking for C compiler version
configure:3636: gcc --version >&5
gcc (Ubuntu 4.9.2-10ubuntu13) 4.9.2
Copyright (C) 2014 Free Software Foundation, Inc.
This is free software; see the source for copying conditions.  There is NO
warranty; not even for MERCHANTABILITY or FITNESS FOR A PARTICULAR PURPOSE.

configure:3647: $? = 0
configure:3636: gcc -v >&5
Using built-in specs.
COLLECT_GCC=gcc
COLLECT_LTO_WRAPPER=/usr/lib/gcc/i686-linux-gnu/4.9/lto-wrapper
Target: i686-linux-gnu
Configured with: ../src/configure -v --with-pkgversion='Ubuntu 4.9.2-10ubuntu13' --with-bugurl=file:///usr/share/doc/gcc-4.9/README.Bugs --enable-languages=c,c++,java,go,d,fortran,objc,obj-c++ --prefix=/usr --program-suffix=-4.9 --enable-shared --enable-linker-build-id --libexecdir=/usr/lib --without-included-gettext --enable-threads=posix --with-gxx-include-dir=/usr/include/c++/4.9 --libdir=/usr/lib --enable-nls --with-sysroot=/ --enable-clocale=gnu --enable-libstdcxx-debug --enable-libstdcxx-time=yes --enable-gnu-unique-object --disable-vtable-verify --enable-plugin --with-system-zlib --disable-browser-plugin --enable-java-awt=gtk --enable-gtk-cairo --with-java-home=/usr/lib/jvm/java-1.5.0-gcj-4.9-i386/jre --enable-java-home --with-jvm-root-dir=/usr/lib/jvm/java-1.5.0-gcj-4.9-i386 --with-jvm-jar-dir=/usr/lib/jvm-exports/java-1.5.0-gcj-4.9-i386 --with-arch-directory=i386 --with-ecj-jar=/usr/share/java/eclipse-ecj.jar --enable-objc-gc --enable-targets=all --enable-multiarch --disable-werror --with-arch-32=i686 --with-multilib-list=m32,m64,mx32 --enable-multilib --with-tune=generic --enable-checking=release --build=i686-linux-gnu --host=i686-linux-gnu --target=i686-linux-gnu
Thread model: posix
gcc version 4.9.2 (Ubuntu 4.9.2-10ubuntu13) 
configure:3647: $? = 0
configure:3636: gcc -V >&5
gcc: error: unrecognized command line option '-V'
gcc: fatal error: no input files
compilation terminated.
configure:3647: $? = 4
configure:3636: gcc -qversion >&5
gcc: error: unrecognized command line option '-qversion'
gcc: fatal error: no input files
compilation terminated.
configure:3647: $? = 4
configure:3667: checking whether the C compiler works
configure:3689: gcc   -L/home/allan/jhbuild/install/lib  conftest.c  >&5
configure:3693: $? = 0
configure:3741: result: yes
configure:3744: checking for C compiler default output file name
configure:3746: result: a.out
configure:3752: checking for suffix of executables
configure:3759: gcc -o conftest   -L/home/allan/jhbuild/install/lib  conftest.c  >&5
configure:3763: $? = 0
configure:3785: result: 
configure:3807: checking whether we are cross compiling
configure:3815: gcc -o conftest   -L/home/allan/jhbuild/install/lib  conftest.c  >&5
configure:3819: $? = 0
configure:3826: ./conftest
configure:3830: $? = 0
configure:3845: result: no
configure:3850: checking for suffix of object files
configure:3872: gcc -c   conftest.c >&5
configure:3876: $? = 0
configure:3897: result: o
configure:3901: checking whether we are using the GNU C compiler
configure:3920: gcc -c   conftest.c >&5
configure:3920: $? = 0
configure:3929: result: yes
configure:3938: checking whether gcc accepts -g
configure:3958: gcc -c -g  conftest.c >&5
configure:3958: $? = 0
configure:3999: result: yes
configure:4016: checking for gcc option to accept ISO C89
configure:4079: gcc  -c -g -O2  conftest.c >&5
configure:4079: $? = 0
configure:4092: result: none needed
configure:4117: checking whether gcc understands -c and -o together
configure:4139: gcc -c conftest.c -o conftest2.o
configure:4142: $? = 0
configure:4139: gcc -c conftest.c -o conftest2.o
configure:4142: $? = 0
configure:4154: result: yes
configure:4182: checking for style of include used by make
configure:4210: result: GNU
configure:4236: checking dependency style of gcc
configure:4347: result: gcc3
configure:4412: checking for c++
configure:4428: found /usr/bin/c++
configure:4439: result: c++
configure:4582: checking for C++ compiler version
configure:4591: c++ --version >&5
c++ (Ubuntu 4.9.2-10ubuntu13) 4.9.2
Copyright (C) 2014 Free Software Foundation, Inc.
This is free software; see the source for copying conditions.  There is NO
warranty; not even for MERCHANTABILITY or FITNESS FOR A PARTICULAR PURPOSE.

configure:4602: $? = 0
configure:4591: c++ -v >&5
Using built-in specs.
COLLECT_GCC=c++
COLLECT_LTO_WRAPPER=/usr/lib/gcc/i686-linux-gnu/4.9/lto-wrapper
Target: i686-linux-gnu
Configured with: ../src/configure -v --with-pkgversion='Ubuntu 4.9.2-10ubuntu13' --with-bugurl=file:///usr/share/doc/gcc-4.9/README.Bugs --enable-languages=c,c++,java,go,d,fortran,objc,obj-c++ --prefix=/usr --program-suffix=-4.9 --enable-shared --enable-linker-build-id --libexecdir=/usr/lib --without-included-gettext --enable-threads=posix --with-gxx-include-dir=/usr/include/c++/4.9 --libdir=/usr/lib --enable-nls --with-sysroot=/ --enable-clocale=gnu --enable-libstdcxx-debug --enable-libstdcxx-time=yes --enable-gnu-unique-object --disable-vtable-verify --enable-plugin --with-system-zlib --disable-browser-plugin --enable-java-awt=gtk --enable-gtk-cairo --with-java-home=/usr/lib/jvm/java-1.5.0-gcj-4.9-i386/jre --enable-java-home --with-jvm-root-dir=/usr/lib/jvm/java-1.5.0-gcj-4.9-i386 --with-jvm-jar-dir=/usr/lib/jvm-exports/java-1.5.0-gcj-4.9-i386 --with-arch-directory=i386 --with-ecj-jar=/usr/share/java/eclipse-ecj.jar --enable-objc-gc --enable-targets=all --enable-multiarch --disable-werror --with-arch-32=i686 --with-multilib-list=m32,m64,mx32 --enable-multilib --with-tune=generic --enable-checking=release --build=i686-linux-gnu --host=i686-linux-gnu --target=i686-linux-gnu
Thread model: posix
gcc version 4.9.2 (Ubuntu 4.9.2-10ubuntu13) 
configure:4602: $? = 0
configure:4591: c++ -V >&5
c++: error: unrecognized command line option '-V'
c++: fatal error: no input files
compilation terminated.
configure:4602: $? = 4
configure:4591: c++ -qversion >&5
c++: error: unrecognized command line option '-qversion'
c++: fatal error: no input files
compilation terminated.
configure:4602: $? = 4
configure:4606: checking whether we are using the GNU C++ compiler
configure:4625: c++ -c   conftest.cpp >&5
configure:4625: $? = 0
configure:4634: result: yes
configure:4643: checking whether c++ accepts -g
configure:4663: c++ -c -g  conftest.cpp >&5
configure:4663: $? = 0
configure:4704: result: yes
configure:4729: checking dependency style of c++
configure:4840: result: gcc3
configure:4867: c++ -c -g -O2  conftest.cpp >&5
configure:4867: $? = 0
configure:4895: checking for sysconf
configure:4895: gcc -o conftest -g -O2  -L/home/allan/jhbuild/install/lib  conftest.c  >&5
configure:4895: $? = 0
configure:4895: result: yes
configure:4895: checking for getpagesize
configure:4895: gcc -o conftest -g -O2  -L/home/allan/jhbuild/install/lib  conftest.c  >&5
configure:4895: $? = 0
configure:4895: result: yes
configure:4909: checking how to run the C preprocessor
configure:4940: gcc -E  conftest.c
configure:4940: $? = 0
configure:4954: gcc -E  conftest.c
conftest.c:18:28: fatal error: ac_nonexistent.h: No such file or directory
 #include <ac_nonexistent.h>
                            ^
compilation terminated.
configure:4954: $? = 1
configure: failed program was:
| /* confdefs.h */
| #define PACKAGE_NAME "pango"
| #define PACKAGE_TARNAME "pango"
| #define PACKAGE_VERSION "1.40.1"
| #define PACKAGE_STRING "pango 1.40.1"
| #define PACKAGE_BUGREPORT "http://bugzilla.gnome.org/enter_bug.cgi?product=pango"
| #define PACKAGE_URL ""
| #define PACKAGE "pango"
| #define VERSION "1.40.1"
| #define PANGO_BINARY_AGE 4001
| #define PANGO_INTERFACE_AGE 1
| #define PANGO_VERSION_MAJOR 1
| #define PANGO_VERSION_MINOR 40
| #define PANGO_VERSION_MICRO 1
| #define HAVE_SYSCONF 1
| #define HAVE_GETPAGESIZE 1
| /* end confdefs.h.  */
| #include <ac_nonexistent.h>
configure:4979: result: gcc -E
configure:4999: gcc -E  conftest.c
configure:4999: $? = 0
configure:5013: gcc -E  conftest.c
conftest.c:18:28: fatal error: ac_nonexistent.h: No such file or directory
 #include <ac_nonexistent.h>
                            ^
compilation terminated.
configure:5013: $? = 1
configure: failed program was:
| /* confdefs.h */
| #define PACKAGE_NAME "pango"
| #define PACKAGE_TARNAME "pango"
| #define PACKAGE_VERSION "1.40.1"
| #define PACKAGE_STRING "pango 1.40.1"
| #define PACKAGE_BUGREPORT "http://bugzilla.gnome.org/enter_bug.cgi?product=pango"
| #define PACKAGE_URL ""
| #define PACKAGE "pango"
| #define VERSION "1.40.1"
| #define PANGO_BINARY_AGE 4001
| #define PANGO_INTERFACE_AGE 1
| #define PANGO_VERSION_MAJOR 1
| #define PANGO_VERSION_MINOR 40
| #define PANGO_VERSION_MICRO 1
| #define HAVE_SYSCONF 1
| #define HAVE_GETPAGESIZE 1
| /* end confdefs.h.  */
| #include <ac_nonexistent.h>
configure:5042: checking for grep that handles long lines and -e
configure:5100: result: /bin/grep
configure:5105: checking for egrep
configure:5167: result: /bin/grep -E
configure:5172: checking for ANSI C header files
configure:5192: gcc -c -g -O2  conftest.c >&5
configure:5192: $? = 0
configure:5265: gcc -o conftest -g -O2  -L/home/allan/jhbuild/install/lib  conftest.c  >&5
configure:5265: $? = 0
configure:5265: ./conftest
configure:5265: $? = 0
configure:5276: result: yes
configure:5289: checking for sys/types.h
configure:5289: gcc -c -g -O2  conftest.c >&5
configure:5289: $? = 0
configure:5289: result: yes
configure:5289: checking for sys/stat.h
configure:5289: gcc -c -g -O2  conftest.c >&5
configure:5289: $? = 0
configure:5289: result: yes
configure:5289: checking for stdlib.h
configure:5289: gcc -c -g -O2  conftest.c >&5
configure:5289: $? = 0
configure:5289: result: yes
configure:5289: checking for string.h
configure:5289: gcc -c -g -O2  conftest.c >&5
configure:5289: $? = 0
configure:5289: result: yes
configure:5289: checking for memory.h
configure:5289: gcc -c -g -O2  conftest.c >&5
configure:5289: $? = 0
configure:5289: result: yes
configure:5289: checking for strings.h
configure:5289: gcc -c -g -O2  conftest.c >&5
configure:5289: $? = 0
configure:5289: result: yes
configure:5289: checking for inttypes.h
configure:5289: gcc -c -g -O2  conftest.c >&5
configure:5289: $? = 0
configure:5289: result: yes
configure:5289: checking for stdint.h
configure:5289: gcc -c -g -O2  conftest.c >&5
configure:5289: $? = 0
configure:5289: result: yes
configure:5289: checking for unistd.h
configure:5289: gcc -c -g -O2  conftest.c >&5
configure:5289: $? = 0
configure:5289: result: yes
configure:5304: checking for unistd.h
configure:5304: result: yes
configure:5304: checking sys/mman.h usability
configure:5304: gcc -c -g -O2  conftest.c >&5
configure:5304: $? = 0
configure:5304: result: yes
configure:5304: checking sys/mman.h presence
configure:5304: gcc -E  conftest.c
configure:5304: $? = 0
configure:5304: result: yes
configure:5304: checking for sys/mman.h
configure:5304: result: yes
configure:5701: checking how to print strings
configure:5728: result: printf
configure:5749: checking for a sed that does not truncate output
configure:5813: result: /bin/sed
configure:5831: checking for fgrep
configure:5893: result: /bin/grep -F
configure:5928: checking for ld used by gcc
configure:5995: result: /usr/bin/ld
configure:6002: checking if the linker (/usr/bin/ld) is GNU ld
configure:6017: result: yes
configure:6029: checking for BSD- or MS-compatible name lister (nm)
configure:6078: result: /usr/bin/nm -B
configure:6208: checking the name lister (/usr/bin/nm -B) interface
configure:6215: gcc -c -g -O2  conftest.c >&5
configure:6218: /usr/bin/nm -B "conftest.o"
configure:6221: output
00000000 B some_variable
configure:6228: result: BSD nm
configure:6231: checking whether ln -s works
configure:6235: result: yes
configure:6243: checking the maximum length of command line arguments
configure:6374: result: 1572864
configure:6391: checking whether the shell understands some XSI constructs
configure:6401: result: yes
configure:6405: checking whether the shell understands "+="
configure:6411: result: yes
configure:6446: checking how to convert i686-pc-linux-gnu file names to i686-pc-linux-gnu format
configure:6486: result: func_convert_file_noop
configure:6493: checking how to convert i686-pc-linux-gnu file names to toolchain format
configure:6513: result: func_convert_file_noop
configure:6520: checking for /usr/bin/ld option to reload object files
configure:6527: result: -r
configure:6601: checking for objdump
configure:6628: result: objdump
configure:6657: checking how to recognize dependent libraries
configure:6855: result: pass_all
configure:6940: checking for dlltool
configure:6967: result: dlltool
configure:6997: checking how to associate runtime and link libraries
configure:7024: result: printf %s\n
configure:7084: checking for ar
configure:7100: found /usr/bin/ar
configure:7111: result: ar
configure:7148: checking for archiver @FILE support
configure:7165: gcc -c -g -O2  conftest.c >&5
configure:7165: $? = 0
configure:7168: ar cru libconftest.a @conftest.lst >&5
configure:7171: $? = 0
configure:7176: ar cru libconftest.a @conftest.lst >&5
ar: conftest.o: No such file or directory
configure:7179: $? = 1
configure:7191: result: @
configure:7249: checking for strip
configure:7265: found /usr/bin/strip
configure:7276: result: strip
configure:7348: checking for ranlib
configure:7364: found /usr/bin/ranlib
configure:7375: result: ranlib
configure:7477: checking command to parse /usr/bin/nm -B output from gcc object
configure:7597: gcc -c -g -O2  conftest.c >&5
configure:7600: $? = 0
configure:7604: /usr/bin/nm -B conftest.o \| sed -n -e 's/^.*[ ]\([ABCDGIRSTW][ABCDGIRSTW]*\)[ ][ ]*\([_A-Za-z][_A-Za-z0-9]*\)$/\1 \2 \2/p' | sed '/ __gnu_lto/d' \> conftest.nm
configure:7607: $? = 0
configure:7673: gcc -o conftest -g -O2  -L/home/allan/jhbuild/install/lib  conftest.c conftstm.o >&5
configure:7676: $? = 0
configure:7714: result: ok
configure:7751: checking for sysroot
configure:7781: result: no
configure:8050: checking for mt
configure:8066: found /bin/mt
configure:8077: result: mt
configure:8100: checking if mt is a manifest tool
configure:8106: mt '-?'
configure:8114: result: no
configure:8753: checking for dlfcn.h
configure:8753: gcc -c -g -O2  conftest.c >&5
configure:8753: $? = 0
configure:8753: result: yes
configure:8937: checking for objdir
configure:8952: result: .libs
configure:9219: checking if gcc supports -fno-rtti -fno-exceptions
configure:9237: gcc -c -g -O2  -fno-rtti -fno-exceptions conftest.c >&5
cc1: warning: command line option '-fno-rtti' is valid for C++/ObjC++ but not for C
configure:9241: $? = 0
configure:9254: result: no
configure:9581: checking for gcc option to produce PIC
configure:9588: result: -fPIC -DPIC
configure:9596: checking if gcc PIC flag -fPIC -DPIC works
configure:9614: gcc -c -g -O2  -fPIC -DPIC -DPIC conftest.c >&5
configure:9618: $? = 0
configure:9631: result: yes
configure:9660: checking if gcc static flag -static works
configure:9688: result: yes
configure:9703: checking if gcc supports -c -o file.o
configure:9724: gcc -c -g -O2  -o out/conftest2.o conftest.c >&5
configure:9728: $? = 0
configure:9750: result: yes
configure:9758: checking if gcc supports -c -o file.o
configure:9805: result: yes
configure:9838: checking whether the gcc linker (/usr/bin/ld) supports shared libraries
configure:10995: result: yes
configure:11032: checking whether -lc should be explicitly linked in
configure:11040: gcc -c -g -O2  conftest.c >&5
configure:11043: $? = 0
configure:11058: gcc -shared  -fPIC -DPIC conftest.o  -v -Wl,-soname -Wl,conftest -o conftest 2\>\&1 \| /bin/grep  -lc  \>/dev/null 2\>\&1
configure:11061: $? = 0
configure:11075: result: no
configure:11235: checking dynamic linker characteristics
configure:11735: gcc -o conftest -g -O2  -L/home/allan/jhbuild/install/lib  -Wl,-rpath -Wl,/foo conftest.c  >&5
configure:11735: $? = 0
configure:11969: result: GNU/Linux ld.so
configure:12076: checking how to hardcode library paths into programs
configure:12101: result: immediate
configure:12641: checking whether stripping libraries is possible
configure:12646: result: yes
configure:12681: checking if libtool supports shared libraries
configure:12683: result: yes
configure:12686: checking whether to build shared libraries
configure:12707: result: yes
configure:12710: checking whether to build static libraries
configure:12714: result: no
configure:12737: checking how to run the C++ preprocessor
configure:12764: c++ -E  conftest.cpp
configure:12764: $? = 0
configure:12778: c++ -E  conftest.cpp
conftest.cpp:32:28: fatal error: ac_nonexistent.h: No such file or directory
 #include <ac_nonexistent.h>
                            ^
compilation terminated.
configure:12778: $? = 1
configure: failed program was:
| /* confdefs.h */
| #define PACKAGE_NAME "pango"
| #define PACKAGE_TARNAME "pango"
| #define PACKAGE_VERSION "1.40.1"
| #define PACKAGE_STRING "pango 1.40.1"
| #define PACKAGE_BUGREPORT "http://bugzilla.gnome.org/enter_bug.cgi?product=pango"
| #define PACKAGE_URL ""
| #define PACKAGE "pango"
| #define VERSION "1.40.1"
| #define PANGO_BINARY_AGE 4001
| #define PANGO_INTERFACE_AGE 1
| #define PANGO_VERSION_MAJOR 1
| #define PANGO_VERSION_MINOR 40
| #define PANGO_VERSION_MICRO 1
| #define HAVE_SYSCONF 1
| #define HAVE_GETPAGESIZE 1
| #define STDC_HEADERS 1
| #define HAVE_SYS_TYPES_H 1
| #define HAVE_SYS_STAT_H 1
| #define HAVE_STDLIB_H 1
| #define HAVE_STRING_H 1
| #define HAVE_MEMORY_H 1
| #define HAVE_STRINGS_H 1
| #define HAVE_INTTYPES_H 1
| #define HAVE_STDINT_H 1
| #define HAVE_UNISTD_H 1
| #define HAVE_UNISTD_H 1
| #define HAVE_SYS_MMAN_H 1
| #define HAVE_DLFCN_H 1
| #define LT_OBJDIR ".libs/"
| /* end confdefs.h.  */
| #include <ac_nonexistent.h>
configure:12803: result: c++ -E
configure:12823: c++ -E  conftest.cpp
configure:12823: $? = 0
configure:12837: c++ -E  conftest.cpp
conftest.cpp:32:28: fatal error: ac_nonexistent.h: No such file or directory
 #include <ac_nonexistent.h>
                            ^
compilation terminated.
configure:12837: $? = 1
configure: failed program was:
| /* confdefs.h */
| #define PACKAGE_NAME "pango"
| #define PACKAGE_TARNAME "pango"
| #define PACKAGE_VERSION "1.40.1"
| #define PACKAGE_STRING "pango 1.40.1"
| #define PACKAGE_BUGREPORT "http://bugzilla.gnome.org/enter_bug.cgi?product=pango"
| #define PACKAGE_URL ""
| #define PACKAGE "pango"
| #define VERSION "1.40.1"
| #define PANGO_BINARY_AGE 4001
| #define PANGO_INTERFACE_AGE 1
| #define PANGO_VERSION_MAJOR 1
| #define PANGO_VERSION_MINOR 40
| #define PANGO_VERSION_MICRO 1
| #define HAVE_SYSCONF 1
| #define HAVE_GETPAGESIZE 1
| #define STDC_HEADERS 1
| #define HAVE_SYS_TYPES_H 1
| #define HAVE_SYS_STAT_H 1
| #define HAVE_STDLIB_H 1
| #define HAVE_STRING_H 1
| #define HAVE_MEMORY_H 1
| #define HAVE_STRINGS_H 1
| #define HAVE_INTTYPES_H 1
| #define HAVE_STDINT_H 1
| #define HAVE_UNISTD_H 1
| #define HAVE_UNISTD_H 1
| #define HAVE_SYS_MMAN_H 1
| #define HAVE_DLFCN_H 1
| #define LT_OBJDIR ".libs/"
| /* end confdefs.h.  */
| #include <ac_nonexistent.h>
configure:13006: checking for ld used by c++
configure:13073: result: /usr/bin/ld
configure:13080: checking if the linker (/usr/bin/ld) is GNU ld
configure:13095: result: yes
configure:13150: checking whether the c++ linker (/usr/bin/ld) supports shared libraries
configure:14152: result: yes
configure:14188: c++ -c -g -O2  conftest.cpp >&5
configure:14191: $? = 0
configure:14711: checking for c++ option to produce PIC
configure:14718: result: -fPIC -DPIC
configure:14726: checking if c++ PIC flag -fPIC -DPIC works
configure:14744: c++ -c -g -O2  -fPIC -DPIC -DPIC conftest.cpp >&5
configure:14748: $? = 0
configure:14761: result: yes
configure:14784: checking if c++ static flag -static works
configure:14812: result: yes
configure:14824: checking if c++ supports -c -o file.o
configure:14845: c++ -c -g -O2  -o out/conftest2.o conftest.cpp >&5
configure:14849: $? = 0
configure:14871: result: yes
configure:14876: checking if c++ supports -c -o file.o
configure:14923: result: yes
configure:14953: checking whether the c++ linker (/usr/bin/ld) supports shared libraries
configure:14992: result: yes
configure:15133: checking dynamic linker characteristics
configure:15801: result: GNU/Linux ld.so
configure:15854: checking how to hardcode library paths into programs
configure:15879: result: immediate
configure:15941: creating ./config.lt

## ------------------ ##
## Running config.lt. ##
## ------------------ ##
config.lt:682: creating libtool
configure:17579: checking for some Win32 platform
configure:17589: result: no
configure:17850: checking for pkg-config
configure:17868: found /usr/bin/pkg-config
configure:17880: result: /usr/bin/pkg-config
configure:17905: checking pkg-config is at least version 0.9.0
configure:17908: result: yes
configure:17918: checking for HARFBUZZ
configure:17925: $PKG_CONFIG --exists --print-errors "harfbuzz >= 0.9.30"
configure:17928: $? = 0
configure:17942: $PKG_CONFIG --exists --print-errors "harfbuzz >= 0.9.30"
configure:17945: $? = 0
configure:17983: result: yes
configure:18003: checking for FONTCONFIG
configure:18010: $PKG_CONFIG --exists --print-errors "fontconfig >= 2.10.91"
configure:18013: $? = 0
configure:18027: $PKG_CONFIG --exists --print-errors "fontconfig >= 2.10.91"
configure:18030: $? = 0
configure:18068: result: yes
configure:18078: checking for FcWeightFromOpenType
configure:18078: gcc -o conftest -g -O2 -Wall  -L/home/allan/jhbuild/install/lib  conftest.c  -lfontconfig -lfreetype  >&5
/tmp/ccipewXM.o: In function `main':
/home/allan/jhbuild/checkout/pango/conftest.c:66: undefined reference to `FcWeightFromOpenType'
collect2: error: ld returned 1 exit status
configure:18078: $? = 1
configure: failed program was:
| /* confdefs.h */
| #define PACKAGE_NAME "pango"
| #define PACKAGE_TARNAME "pango"
| #define PACKAGE_VERSION "1.40.1"
| #define PACKAGE_STRING "pango 1.40.1"
| #define PACKAGE_BUGREPORT "http://bugzilla.gnome.org/enter_bug.cgi?product=pango"
| #define PACKAGE_URL ""
| #define PACKAGE "pango"
| #define VERSION "1.40.1"
| #define PANGO_BINARY_AGE 4001
| #define PANGO_INTERFACE_AGE 1
| #define PANGO_VERSION_MAJOR 1
| #define PANGO_VERSION_MINOR 40
| #define PANGO_VERSION_MICRO 1
| #define HAVE_SYSCONF 1
| #define HAVE_GETPAGESIZE 1
| #define STDC_HEADERS 1
| #define HAVE_SYS_TYPES_H 1
| #define HAVE_SYS_STAT_H 1
| #define HAVE_STDLIB_H 1
| #define HAVE_STRING_H 1
| #define HAVE_MEMORY_H 1
| #define HAVE_STRINGS_H 1
| #define HAVE_INTTYPES_H 1
| #define HAVE_STDINT_H 1
| #define HAVE_UNISTD_H 1
| #define HAVE_UNISTD_H 1
| #define HAVE_SYS_MMAN_H 1
| #define HAVE_DLFCN_H 1
| #define LT_OBJDIR ".libs/"
| /* end confdefs.h.  */
| /* Define FcWeightFromOpenType to an innocuous variant, in case <limits.h> declares FcWeightFromOpenType.
|    For example, HP-UX 11i <limits.h> declares gettimeofday.  */
| #define FcWeightFromOpenType innocuous_FcWeightFromOpenType
| 
| /* System header to define __stub macros and hopefully few prototypes,
|     which can conflict with char FcWeightFromOpenType (); below.
|     Prefer <limits.h> to <assert.h> if __STDC__ is defined, since
|     <limits.h> exists even on freestanding compilers.  */
| 
| #ifdef __STDC__
| # include <limits.h>
| #else
| # include <assert.h>
| #endif
| 
| #undef FcWeightFromOpenType
| 
| /* Override any GCC internal prototype to avoid an error.
|    Use char because int might match the return type of a GCC
|    builtin and then its argument prototype would still apply.  */
| #ifdef __cplusplus
| extern "C"
| #endif
| char FcWeightFromOpenType ();
| /* The GNU C library defines this for functions which it implements
|     to always fail with ENOSYS.  Some functions are actually named
|     something starting with __ and the normal name is an alias.  */
| #if defined __stub_FcWeightFromOpenType || defined __stub___FcWeightFromOpenType
| choke me
| #endif
| 
| int
| main ()
| {
| return FcWeightFromOpenType ();
|   ;
|   return 0;
| }
configure:18078: result: no
configure:18099: checking for FREETYPE
configure:18106: $PKG_CONFIG --exists --print-errors "freetype2"
configure:18109: $? = 0
configure:18123: $PKG_CONFIG --exists --print-errors "freetype2"
configure:18126: $? = 0
configure:18164: result: yes
configure:18198: checking for XFT
configure:18205: $PKG_CONFIG --exists --print-errors "xft >= 2.0.0 xrender"
configure:18208: $? = 0
configure:18222: $PKG_CONFIG --exists --print-errors "xft >= 2.0.0 xrender"
configure:18225: $? = 0
configure:18263: result: yes
configure:18343: checking for CoreText availability
configure:18358: gcc -o conftest -g -O2 -Wall  -L/home/allan/jhbuild/install/lib  conftest.c  -framework ApplicationServices >&5
gcc: error: ApplicationServices: No such file or directory
gcc: error: unrecognized command line option '-framework'
configure:18358: $? = 1
configure: failed program was:
| /* confdefs.h */
| #define PACKAGE_NAME "pango"
| #define PACKAGE_TARNAME "pango"
| #define PACKAGE_VERSION "1.40.1"
| #define PACKAGE_STRING "pango 1.40.1"
| #define PACKAGE_BUGREPORT "http://bugzilla.gnome.org/enter_bug.cgi?product=pango"
| #define PACKAGE_URL ""
| #define PACKAGE "pango"
| #define VERSION "1.40.1"
| #define PANGO_BINARY_AGE 4001
| #define PANGO_INTERFACE_AGE 1
| #define PANGO_VERSION_MAJOR 1
| #define PANGO_VERSION_MINOR 40
| #define PANGO_VERSION_MICRO 1
| #define HAVE_SYSCONF 1
| #define HAVE_GETPAGESIZE 1
| #define STDC_HEADERS 1
| #define HAVE_SYS_TYPES_H 1
| #define HAVE_SYS_STAT_H 1
| #define HAVE_STDLIB_H 1
| #define HAVE_STRING_H 1
| #define HAVE_MEMORY_H 1
| #define HAVE_STRINGS_H 1
| #define HAVE_INTTYPES_H 1
| #define HAVE_STDINT_H 1
| #define HAVE_UNISTD_H 1
| #define HAVE_UNISTD_H 1
| #define HAVE_SYS_MMAN_H 1
| #define HAVE_DLFCN_H 1
| #define LT_OBJDIR ".libs/"
| #define HAVE_FREETYPE 1
| #define HAVE_XFT 1
| /* end confdefs.h.  */
| #include <Carbon/Carbon.h>
| int
| main ()
| {
| CTGetCoreTextVersion ();
|   ;
|   return 0;
| }
configure:18373: result: no
configure:18410: checking for CAIRO
configure:18417: $PKG_CONFIG --exists --print-errors "cairo >= $cairo_required"
configure:18420: $? = 0
configure:18434: $PKG_CONFIG --exists --print-errors "cairo >= $cairo_required"
configure:18437: $? = 0
configure:18475: result: yes
configure:18493: $PKG_CONFIG --exists --print-errors "cairo-ft >= $cairo_required"
configure:18496: $? = 0
configure:18533: $PKG_CONFIG --exists --print-errors "cairo-quartz-font >= $cairo_required"
Package cairo-quartz-font was not found in the pkg-config search path.
Perhaps you should add the directory containing `cairo-quartz-font.pc'
to the PKG_CONFIG_PATH environment variable
No package 'cairo-quartz-font' found
configure:18536: $? = 1
configure:18551: checking which cairo font backends could be used
configure:18554: result: freetype 
configure:18572: $PKG_CONFIG --exists --print-errors "cairo-png >= $cairo_required"
configure:18575: $? = 0
configure:18588: $PKG_CONFIG --exists --print-errors "cairo-ps >= $cairo_required"
configure:18591: $? = 0
configure:18604: $PKG_CONFIG --exists --print-errors "cairo-pdf >= $cairo_required"
configure:18607: $? = 0
configure:18620: $PKG_CONFIG --exists --print-errors "cairo-xlib >= $cairo_required"
configure:18623: $? = 0
configure:18731: checking for GLIB
configure:18738: $PKG_CONFIG --exists --print-errors "$GLIB_MODULES"
configure:18741: $? = 0
configure:18755: $PKG_CONFIG --exists --print-errors "$GLIB_MODULES"
configure:18758: $? = 0
configure:18800: result: yes
configure:18816: checking for LIBTHAI
configure:18823: $PKG_CONFIG --exists --print-errors "libthai >= $LIBTHAI_REQUIRED_VERSION"
Package libthai was not found in the pkg-config search path.
Perhaps you should add the directory containing `libthai.pc'
to the PKG_CONFIG_PATH environment variable
No package 'libthai' found
configure:18826: $? = 1
configure:18840: $PKG_CONFIG --exists --print-errors "libthai >= $LIBTHAI_REQUIRED_VERSION"
Package libthai was not found in the pkg-config search path.
Perhaps you should add the directory containing `libthai.pc'
to the PKG_CONFIG_PATH environment variable
No package 'libthai' found
configure:18843: $? = 1
configure:18857: result: no
No package 'libthai' found
configure:18906: checking for gobject-introspection
configure:18937: $PKG_CONFIG --exists --print-errors "gobject-introspection-1.0 >= 0.9.5"
configure:18940: $? = 0
configure:18951: result: yes
configure:18997: checking for flockfile
configure:18997: gcc -o conftest -g -O2 -Wall  -L/home/allan/jhbuild/install/lib  conftest.c  >&5
configure:18997: $? = 0
configure:18997: result: yes
configure:18997: checking for strtok_r
configure:18997: gcc -o conftest -g -O2 -Wall  -L/home/allan/jhbuild/install/lib  conftest.c  >&5
configure:18997: $? = 0
configure:18997: result: yes
configure:19020: checking for gtk-doc
configure:19023: $PKG_CONFIG --exists --print-errors "$gtk_doc_requires"
configure:19026: $? = 0
configure:19032: result: yes
configure:19046: checking for gtkdoc-check
configure:19062: found /home/allan/jhbuild/install/bin/gtkdoc-check
configure:19073: result: gtkdoc-check.test
configure:19083: checking for gtkdoc-check
configure:19101: found /home/allan/jhbuild/install/bin/gtkdoc-check
configure:19113: result: /home/allan/jhbuild/install/bin/gtkdoc-check
configure:19125: checking for gtkdoc-rebase
configure:19143: found /home/allan/jhbuild/install/bin/gtkdoc-rebase
configure:19155: result: /home/allan/jhbuild/install/bin/gtkdoc-rebase
configure:19169: checking for gtkdoc-mkpdf
configure:19187: found /home/allan/jhbuild/install/bin/gtkdoc-mkpdf
configure:19199: result: /home/allan/jhbuild/install/bin/gtkdoc-mkpdf
configure:19227: checking whether to build gtk-doc documentation
configure:19229: result: no
configure:19242: checking for GTKDOC_DEPS
configure:19249: $PKG_CONFIG --exists --print-errors "glib-2.0 >= 2.10.0 gobject-2.0  >= 2.10.0"
configure:19252: $? = 0
configure:19266: $PKG_CONFIG --exists --print-errors "glib-2.0 >= 2.10.0 gobject-2.0  >= 2.10.0"
configure:19269: $? = 0
configure:19307: result: yes
configure:19430: checking for -Bsymbolic-functions linker flag
configure:19444: gcc -o conftest -g -O2 -Wall  -Wl,-Bsymbolic-functions conftest.c  >&5
conftest.c: In function 'main':
conftest.c:46:5: warning: 'main' is normally a non-static function [-Wmain]
 int main (void) { return 0; }
     ^
configure:19444: $? = 0
configure:19445: result: yes
configure:19484: checking for dirent.h that defines DIR
configure:19503: gcc -c -g -O2 -Wall  conftest.c >&5
configure:19503: $? = 0
configure:19511: result: yes
configure:19524: checking for library containing opendir
configure:19555: gcc -o conftest -g -O2 -Wall  -L/home/allan/jhbuild/install/lib  conftest.c  >&5
configure:19555: $? = 0
configure:19572: result: none required
configure:19641: checking for unistd.h
configure:19641: result: yes
configure:19769: checking that generated files are newer than configure
configure:19775: result: done
configure:19910: creating ./config.status

## ---------------------- ##
## Running config.status. ##
## ---------------------- ##

This file was extended by pango config.status 1.40.1, which was
generated by GNU Autoconf 2.69.  Invocation command line was

  CONFIG_FILES    = 
  CONFIG_HEADERS  = 
  CONFIG_LINKS    = 
  CONFIG_COMMANDS = 
  $ ./config.status 

on allan-HP-G42-Notebook-PC

config.status:1312: creating Makefile
config.status:1312: creating pango/Makefile
config.status:1312: creating pango/mini-fribidi/Makefile
config.status:1312: creating pango/pango.rc
config.status:1312: creating pango/pangoft2.rc
config.status:1312: creating pango/pangowin32.rc
config.status:1312: creating pango/pangocairo.rc
config.status:1312: creating pango/pangoxft.rc
config.status:1312: creating pango-view/Makefile
config.status:1312: creating examples/Makefile
config.status:1312: creating docs/Makefile
config.status:1312: creating docs/version.xml
config.status:1312: creating tools/Makefile
config.status:1312: creating tests/Makefile
config.status:1312: creating build/Makefile
config.status:1312: creating build/win32/Makefile
config.status:1312: creating build/win32/vs9/Makefile
config.status:1312: creating build/win32/vs9/pango-version-paths.vsprops
config.status:1312: creating build/win32/vs10/Makefile
config.status:1312: creating build/win32/vs10/pango-version-paths.props
config.status:1312: creating build/win32/vs11/Makefile
config.status:1312: creating build/win32/vs12/Makefile
config.status:1312: creating build/win32/vs14/Makefile
config.status:1312: creating pango.pc
config.status:1312: creating pangowin32.pc
config.status:1312: creating pangoft2.pc
config.status:1312: creating pangoxft.pc
config.status:1312: creating pangocairo.pc
config.status:1312: creating pango-uninstalled.pc
config.status:1312: creating pangowin32-uninstalled.pc
config.status:1312: creating pangoft2-uninstalled.pc
config.status:1312: creating pangoxft-uninstalled.pc
config.status:1312: creating pangocairo-uninstalled.pc
config.status:1312: creating config.h.win32
config.status:1312: creating config.h
config.status:1541: executing depfiles commands
config.status:1541: executing libtool commands
config.status:1541: executing pango/pango-features.h commands
config.status:2443: creating pango/pango-features.h
configure:22469: WARNING: unrecognized options: --disable-Werror

## ---------------- ##
## Cache variables. ##
## ---------------- ##

ac_cv_build=i686-pc-linux-gnu
ac_cv_c_compiler_gnu=yes
ac_cv_cxx_compiler_gnu=yes
ac_cv_env_CAIRO_CFLAGS_set=
ac_cv_env_CAIRO_CFLAGS_value=
ac_cv_env_CAIRO_LIBS_set=
ac_cv_env_CAIRO_LIBS_value=
ac_cv_env_CCC_set=
ac_cv_env_CCC_value=
ac_cv_env_CC_set=
ac_cv_env_CC_value=
ac_cv_env_CFLAGS_set=
ac_cv_env_CFLAGS_value=
ac_cv_env_CPPFLAGS_set=
ac_cv_env_CPPFLAGS_value=
ac_cv_env_CPP_set=
ac_cv_env_CPP_value=
ac_cv_env_CXXCPP_set=
ac_cv_env_CXXCPP_value=
ac_cv_env_CXXFLAGS_set=
ac_cv_env_CXXFLAGS_value=
ac_cv_env_CXX_set=
ac_cv_env_CXX_value=
ac_cv_env_FONTCONFIG_CFLAGS_set=
ac_cv_env_FONTCONFIG_CFLAGS_value=
ac_cv_env_FONTCONFIG_LIBS_set=
ac_cv_env_FONTCONFIG_LIBS_value=
ac_cv_env_FREETYPE_CFLAGS_set=
ac_cv_env_FREETYPE_CFLAGS_value=
ac_cv_env_FREETYPE_LIBS_set=
ac_cv_env_FREETYPE_LIBS_value=
ac_cv_env_GLIB_CFLAGS_set=
ac_cv_env_GLIB_CFLAGS_value=
ac_cv_env_GLIB_LIBS_set=
ac_cv_env_GLIB_LIBS_value=
ac_cv_env_GTKDOC_DEPS_CFLAGS_set=
ac_cv_env_GTKDOC_DEPS_CFLAGS_value=
ac_cv_env_GTKDOC_DEPS_LIBS_set=
ac_cv_env_GTKDOC_DEPS_LIBS_value=
ac_cv_env_HARFBUZZ_CFLAGS_set=
ac_cv_env_HARFBUZZ_CFLAGS_value=
ac_cv_env_HARFBUZZ_LIBS_set=
ac_cv_env_HARFBUZZ_LIBS_value=
ac_cv_env_LDFLAGS_set=set
ac_cv_env_LDFLAGS_value='-L/home/allan/jhbuild/install/lib '
ac_cv_env_LIBS_set=
ac_cv_env_LIBS_value=
ac_cv_env_LIBTHAI_CFLAGS_set=
ac_cv_env_LIBTHAI_CFLAGS_value=
ac_cv_env_LIBTHAI_LIBS_set=
ac_cv_env_LIBTHAI_LIBS_value=
ac_cv_env_PKG_CONFIG_LIBDIR_set=
ac_cv_env_PKG_CONFIG_LIBDIR_value=
ac_cv_env_PKG_CONFIG_PATH_set=set
ac_cv_env_PKG_CONFIG_PATH_value=/home/allan/jhbuild/install/lib/pkgconfig:/home/allan/jhbuild/install/share/pkgconfig:/usr/lib/i386-linux-gnu/pkgconfig:/usr/lib/pkgconfig:/usr/share/pkgconfig
ac_cv_env_PKG_CONFIG_set=
ac_cv_env_PKG_CONFIG_value=
ac_cv_env_XFT_CFLAGS_set=
ac_cv_env_XFT_CFLAGS_value=
ac_cv_env_XFT_LIBS_set=
ac_cv_env_XFT_LIBS_value=
ac_cv_env_build_alias_set=
ac_cv_env_build_alias_value=
ac_cv_env_host_alias_set=
ac_cv_env_host_alias_value=
ac_cv_env_target_alias_set=
ac_cv_env_target_alias_value=
ac_cv_func_FcWeightFromOpenType=no
ac_cv_func_flockfile=yes
ac_cv_func_getpagesize=yes
ac_cv_func_strtok_r=yes
ac_cv_func_sysconf=yes
ac_cv_header_dirent_dirent_h=yes
ac_cv_header_dlfcn_h=yes
ac_cv_header_inttypes_h=yes
ac_cv_header_memory_h=yes
ac_cv_header_stdc=yes
ac_cv_header_stdint_h=yes
ac_cv_header_stdlib_h=yes
ac_cv_header_string_h=yes
ac_cv_header_strings_h=yes
ac_cv_header_sys_mman_h=yes
ac_cv_header_sys_stat_h=yes
ac_cv_header_sys_types_h=yes
ac_cv_header_unistd_h=yes
ac_cv_host=i686-pc-linux-gnu
ac_cv_objext=o
ac_cv_path_EGREP='/bin/grep -E'
ac_cv_path_FGREP='/bin/grep -F'
ac_cv_path_GREP=/bin/grep
ac_cv_path_GTKDOC_CHECK_PATH=/home/allan/jhbuild/install/bin/gtkdoc-check
ac_cv_path_GTKDOC_MKPDF=/home/allan/jhbuild/install/bin/gtkdoc-mkpdf
ac_cv_path_GTKDOC_REBASE=/home/allan/jhbuild/install/bin/gtkdoc-rebase
ac_cv_path_SED=/bin/sed
ac_cv_path_ac_pt_PKG_CONFIG=/usr/bin/pkg-config
ac_cv_path_install='/usr/bin/install -c'
ac_cv_path_mkdir=/bin/mkdir
ac_cv_prog_AWK=gawk
ac_cv_prog_CPP='gcc -E'
ac_cv_prog_CXXCPP='c++ -E'
ac_cv_prog_GTKDOC_CHECK=gtkdoc-check.test
ac_cv_prog_ac_ct_AR=ar
ac_cv_prog_ac_ct_CC=gcc
ac_cv_prog_ac_ct_CXX=c++
ac_cv_prog_ac_ct_DLLTOOL=dlltool
ac_cv_prog_ac_ct_MANIFEST_TOOL=mt
ac_cv_prog_ac_ct_OBJDUMP=objdump
ac_cv_prog_ac_ct_RANLIB=ranlib
ac_cv_prog_ac_ct_STRIP=strip
ac_cv_prog_cc_c89=
ac_cv_prog_cc_g=yes
ac_cv_prog_cxx_g=yes
ac_cv_prog_make_make_set=yes
ac_cv_search_opendir='none required'
am_cv_CC_dependencies_compiler_type=gcc3
am_cv_CXX_dependencies_compiler_type=gcc3
am_cv_make_support_nested_variables=yes
am_cv_prog_cc_c_o=yes
lt_cv_ar_at_file=@
lt_cv_archive_cmds_need_lc=no
lt_cv_deplibs_check_method=pass_all
lt_cv_file_magic_cmd='$MAGIC_CMD'
lt_cv_file_magic_test_file=
lt_cv_ld_reload_flag=-r
lt_cv_nm_interface='BSD nm'
lt_cv_objdir=.libs
lt_cv_path_LD=/usr/bin/ld
lt_cv_path_LDCXX=/usr/bin/ld
lt_cv_path_NM='/usr/bin/nm -B'
lt_cv_path_mainfest_tool=no
lt_cv_prog_compiler_c_o=yes
lt_cv_prog_compiler_c_o_CXX=yes
lt_cv_prog_compiler_pic='-fPIC -DPIC'
lt_cv_prog_compiler_pic_CXX='-fPIC -DPIC'
lt_cv_prog_compiler_pic_works=yes
lt_cv_prog_compiler_pic_works_CXX=yes
lt_cv_prog_compiler_rtti_exceptions=no
lt_cv_prog_compiler_static_works=yes
lt_cv_prog_compiler_static_works_CXX=yes
lt_cv_prog_gnu_ld=yes
lt_cv_prog_gnu_ldcxx=yes
lt_cv_sharedlib_from_linklib_cmd='printf %s\n'
lt_cv_shlibpath_overrides_runpath=no
lt_cv_sys_global_symbol_pipe='sed -n -e '\''s/^.*[	 ]\([ABCDGIRSTW][ABCDGIRSTW]*\)[	 ][	 ]*\([_A-Za-z][_A-Za-z0-9]*\)$/\1 \2 \2/p'\'' | sed '\''/ __gnu_lto/d'\'''
lt_cv_sys_global_symbol_to_c_name_address='sed -n -e '\''s/^: \([^ ]*\)[ ]*$/  {\"\1\", (void *) 0},/p'\'' -e '\''s/^[ABCDGIRSTW]* \([^ ]*\) \([^ ]*\)$/  {"\2", (void *) \&\2},/p'\'''
lt_cv_sys_global_symbol_to_c_name_address_lib_prefix='sed -n -e '\''s/^: \([^ ]*\)[ ]*$/  {\"\1\", (void *) 0},/p'\'' -e '\''s/^[ABCDGIRSTW]* \([^ ]*\) \(lib[^ ]*\)$/  {"\2", (void *) \&\2},/p'\'' -e '\''s/^[ABCDGIRSTW]* \([^ ]*\) \([^ ]*\)$/  {"lib\2", (void *) \&\2},/p'\'''
lt_cv_sys_global_symbol_to_cdecl='sed -n -e '\''s/^T .* \(.*\)$/extern int \1();/p'\'' -e '\''s/^[ABCDGIRSTW]* .* \(.*\)$/extern char \1;/p'\'''
lt_cv_sys_max_cmd_len=1572864
lt_cv_to_host_file_cmd=func_convert_file_noop
lt_cv_to_tool_file_cmd=func_convert_file_noop
pkg_cv_CAIRO_CFLAGS='-I/home/allan/jhbuild/install/include/glib-2.0 -I/home/allan/jhbuild/install/lib/glib-2.0/include -I/usr/include/cairo -I/usr/include/pixman-1 -I/usr/include/freetype2 -I/usr/include/libpng12 '
pkg_cv_CAIRO_LIBS='-lcairo '
pkg_cv_FONTCONFIG_CFLAGS='-I/usr/include/freetype2 '
pkg_cv_FONTCONFIG_LIBS='-lfontconfig -lfreetype '
pkg_cv_FREETYPE_CFLAGS='-I/usr/include/freetype2 '
pkg_cv_FREETYPE_LIBS='-lfreetype '
pkg_cv_GLIB_CFLAGS='-pthread -I/home/allan/jhbuild/install/include/glib-2.0 -I/home/allan/jhbuild/install/lib/glib-2.0/include '
pkg_cv_GLIB_LIBS='-L/home/allan/jhbuild/install/lib -lgobject-2.0 -lgthread-2.0 -pthread -lglib-2.0 '
pkg_cv_GTKDOC_DEPS_CFLAGS='-I/home/allan/jhbuild/install/include/glib-2.0 -I/home/allan/jhbuild/install/lib/glib-2.0/include '
pkg_cv_GTKDOC_DEPS_LIBS='-L/home/allan/jhbuild/install/lib -lgobject-2.0 -lglib-2.0 '
pkg_cv_HARFBUZZ_CFLAGS='-I/home/allan/jhbuild/install/include/harfbuzz -I/home/allan/jhbuild/install/include/glib-2.0 -I/home/allan/jhbuild/install/lib/glib-2.0/include '
pkg_cv_HARFBUZZ_LIBS='-L/home/allan/jhbuild/install/lib -lharfbuzz '
pkg_cv_XFT_CFLAGS='-I/usr/include/freetype2 '
pkg_cv_XFT_LIBS='-lXft -lXrender -lX11 '

## ----------------- ##
## Output variables. ##
## ----------------- ##

ACLOCAL='${SHELL} /home/allan/jhbuild/checkout/pango/missing aclocal-1.14 '
AMDEPBACKSLASH='\'
AMDEP_FALSE='#'
AMDEP_TRUE=''
AMTAR='$${TAR-tar}'
AM_BACKSLASH='\'
AM_DEFAULT_V='$(AM_DEFAULT_VERBOSITY)'
AM_DEFAULT_VERBOSITY='0'
AM_V='$(V)'
AR='ar'
AS='as'
AUTOCONF='${SHELL} /home/allan/jhbuild/checkout/pango/missing autoconf'
AUTOHEADER='${SHELL} /home/allan/jhbuild/checkout/pango/missing autoheader'
AUTOMAKE='${SHELL} /home/allan/jhbuild/checkout/pango/missing automake-1.14'
AWK='gawk'
BUILDOPT_INSTALL_TESTS_FALSE='#'
BUILDOPT_INSTALL_TESTS_TRUE=''
CAIRO_CFLAGS='-I/home/allan/jhbuild/install/include/glib-2.0 -I/home/allan/jhbuild/install/lib/glib-2.0/include -I/usr/include/cairo -I/usr/include/pixman-1 -I/usr/include/freetype2 -I/usr/include/libpng12 '
CAIRO_LIBS='-lcairo '
CAIRO_PREFIX='/usr'
CC='gcc'
CCDEPMODE='depmode=gcc3'
CFLAGS='-g -O2 -Wall'
CPP='gcc -E'
CPPFLAGS=''
CROSS_COMPILING_FALSE=''
CROSS_COMPILING_TRUE='#'
CXX='c++'
CXXCPP='c++ -E'
CXXDEPMODE='depmode=gcc3'
CXXFLAGS='-g -O2'
CYGPATH_W='echo'
DEFS='-DHAVE_CONFIG_H'
DEPDIR='.deps'
DLLTOOL='dlltool'
DSYMUTIL=''
DUMPBIN=''
ECHO_C=''
ECHO_N='-n'
ECHO_T=''
EGREP='/bin/grep -E'
ENABLE_DOC_CROSS_REFERENCES_FALSE='#'
ENABLE_DOC_CROSS_REFERENCES_TRUE=''
ENABLE_GTK_DOC_FALSE=''
ENABLE_GTK_DOC_TRUE='#'
EXEEXT=''
FGREP='/bin/grep -F'
FONTCONFIG_CFLAGS='-I/usr/include/freetype2 '
FONTCONFIG_LIBS='-lfontconfig -lfreetype '
FREETYPE_CFLAGS='-I/usr/include/freetype2 '
FREETYPE_LIBS='-lfreetype '
GLIB_CFLAGS='-pthread -I/home/allan/jhbuild/install/include/glib-2.0 -I/home/allan/jhbuild/install/lib/glib-2.0/include '
GLIB_LIBS='-L/home/allan/jhbuild/install/lib -lgobject-2.0 -lgthread-2.0 -pthread -lglib-2.0 '
GLIB_MKENUMS='glib-mkenums'
GLIB_PREFIX='/home/allan/jhbuild/install'
GREP='/bin/grep'
GTKDOC_CHECK='gtkdoc-check.test'
GTKDOC_CHECK_PATH='/home/allan/jhbuild/install/bin/gtkdoc-check'
GTKDOC_DEPS_CFLAGS='-I/home/allan/jhbuild/install/include/glib-2.0 -I/home/allan/jhbuild/install/lib/glib-2.0/include '
GTKDOC_DEPS_LIBS='-L/home/allan/jhbuild/install/lib -lgobject-2.0 -lglib-2.0 '
GTKDOC_MKPDF='/home/allan/jhbuild/install/bin/gtkdoc-mkpdf'
GTKDOC_REBASE='/home/allan/jhbuild/install/bin/gtkdoc-rebase'
GTK_DOC_BUILD_HTML_FALSE='#'
GTK_DOC_BUILD_HTML_TRUE=''
GTK_DOC_BUILD_PDF_FALSE=''
GTK_DOC_BUILD_PDF_TRUE='#'
GTK_DOC_USE_LIBTOOL_FALSE='#'
GTK_DOC_USE_LIBTOOL_TRUE=''
GTK_DOC_USE_REBASE_FALSE='#'
GTK_DOC_USE_REBASE_TRUE=''
HARFBUZZ_CFLAGS='-I/home/allan/jhbuild/install/include/harfbuzz -I/home/allan/jhbuild/install/include/glib-2.0 -I/home/allan/jhbuild/install/lib/glib-2.0/include '
HARFBUZZ_LIBS='-L/home/allan/jhbuild/install/lib -lharfbuzz '
HAVE_CAIRO_FALSE='#'
HAVE_CAIRO_FREETYPE_FALSE='#'
HAVE_CAIRO_FREETYPE_TRUE=''
HAVE_CAIRO_PDF_FALSE='#'
HAVE_CAIRO_PDF_TRUE=''
HAVE_CAIRO_PNG_FALSE='#'
HAVE_CAIRO_PNG_TRUE=''
HAVE_CAIRO_PS_FALSE='#'
HAVE_CAIRO_PS_TRUE=''
HAVE_CAIRO_QUARTZ_FALSE=''
HAVE_CAIRO_QUARTZ_TRUE='#'
HAVE_CAIRO_TRUE=''
HAVE_CAIRO_WIN32_FALSE=''
HAVE_CAIRO_WIN32_TRUE='#'
HAVE_CAIRO_XLIB_FALSE='#'
HAVE_CAIRO_XLIB_TRUE=''
HAVE_CORE_TEXT_FALSE=''
HAVE_CORE_TEXT_TRUE='#'
HAVE_CXX_FALSE='#'
HAVE_CXX_TRUE=''
HAVE_FREETYPE_FALSE='#'
HAVE_FREETYPE_TRUE=''
HAVE_GTK_DOC_FALSE='#'
HAVE_GTK_DOC_TRUE=''
HAVE_HARFBUZZ_FALSE='#'
HAVE_HARFBUZZ_TRUE=''
HAVE_INTROSPECTION_FALSE='#'
HAVE_INTROSPECTION_TRUE=''
HAVE_WIN32_FALSE=''
HAVE_WIN32_TRUE='#'
HAVE_XFT_FALSE='#'
HAVE_XFT_TRUE=''
HTML_DIR='${datadir}/gtk-doc/html'
INSTALL_DATA='${INSTALL} -m 644'
INSTALL_PROGRAM='${INSTALL}'
INSTALL_SCRIPT='${INSTALL}'
INSTALL_STRIP_PROGRAM='$(install_sh) -c -s'
INTROSPECTION_CFLAGS='-pthread -I/home/allan/jhbuild/install/include/gobject-introspection-1.0 -I/home/allan/jhbuild/install/include/glib-2.0 -I/home/allan/jhbuild/install/lib/glib-2.0/include '
INTROSPECTION_COMPILER='/home/allan/jhbuild/install/bin/g-ir-compiler'
INTROSPECTION_GENERATE='/home/allan/jhbuild/install/bin/g-ir-generate'
INTROSPECTION_GIRDIR='/home/allan/jhbuild/install/share/gir-1.0'
INTROSPECTION_LIBS='-L/home/allan/jhbuild/install/lib -lgirepository-1.0 -lgobject-2.0 -lglib-2.0 '
INTROSPECTION_MAKEFILE='/home/allan/jhbuild/install/share/gobject-introspection-1.0/Makefile.introspection'
INTROSPECTION_SCANNER='/home/allan/jhbuild/install/bin/g-ir-scanner'
INTROSPECTION_TYPELIBDIR='/home/allan/jhbuild/install/lib/girepository-1.0'
LD='/usr/bin/ld'
LDFLAGS='-L/home/allan/jhbuild/install/lib '
LIBOBJS=''
LIBRARY_LIBTOOL_OPTIONS='-version-info 4000:1:4000 -export-symbols-regex "^pango_.*" -Wl,-Bsymbolic-functions'
LIBS=''
LIBTHAI_CFLAGS=''
LIBTHAI_LIBS=''
LIBTOOL='$(SHELL) $(top_builddir)/libtool'
LIB_EXE_MACHINE_FLAG=''
LIPO=''
LN_S='ln -s'
LTLIBOBJS=''
MAKEINFO='${SHELL} /home/allan/jhbuild/checkout/pango/missing makeinfo'
MANIFEST_TOOL=':'
MKDIR_P='/bin/mkdir -p'
MS_LIB_AVAILABLE_FALSE=''
MS_LIB_AVAILABLE_TRUE='#'
NM='/usr/bin/nm -B'
NMEDIT=''
OBJDUMP='objdump'
OBJEXT='o'
OS_WIN32_FALSE=''
OS_WIN32_TRUE='#'
OTOOL64=''
OTOOL=''
PACKAGE='pango'
PACKAGE_BUGREPORT='http://bugzilla.gnome.org/enter_bug.cgi?product=pango'
PACKAGE_NAME='pango'
PACKAGE_STRING='pango 1.40.1'
PACKAGE_TARNAME='pango'
PACKAGE_URL=''
PACKAGE_VERSION='1.40.1'
PANGO_API_VERSION='1.0'
PANGO_BINARY_AGE='4001'
PANGO_CURRENT_MINUS_AGE='0'
PANGO_DEBUG_FLAGS='-DG_DISABLE_CAST_CHECKS'
PANGO_INTERFACE_AGE='1'
PANGO_VERSION='1.40.1'
PANGO_VERSION_MAJOR='1'
PANGO_VERSION_MICRO='1'
PANGO_VERSION_MINOR='40'
PATH_SEPARATOR=':'
PKGCONFIG_CAIRO_REQUIRES=' pangoft2'
PKG_CONFIG='/usr/bin/pkg-config'
PKG_CONFIG_LIBDIR=''
PKG_CONFIG_PATH='/home/allan/jhbuild/install/lib/pkgconfig:/home/allan/jhbuild/install/share/pkgconfig:/usr/lib/i386-linux-gnu/pkgconfig:/usr/lib/pkgconfig:/usr/share/pkgconfig'
PLATFORM_WIN32_FALSE=''
PLATFORM_WIN32_TRUE='#'
RANLIB='ranlib'
SED='/bin/sed'
SET_MAKE=''
SHELL='/bin/bash'
STRIP='strip'
VERSION='1.40.1'
WINDRES=''
XFT_CFLAGS='-I/usr/include/freetype2 '
XFT_LIBS='-lXft -lXrender -lX11 '
ac_ct_AR='ar'
ac_ct_CC='gcc'
ac_ct_CXX='c++'
ac_ct_DUMPBIN=''
am__EXEEXT_FALSE=''
am__EXEEXT_TRUE='#'
am__fastdepCC_FALSE='#'
am__fastdepCC_TRUE=''
am__fastdepCXX_FALSE='#'
am__fastdepCXX_TRUE=''
am__include='include'
am__isrc=''
am__leading_dot='.'
am__nodep='_no'
am__quote=''
am__tar='$${TAR-tar} chof - "$$tardir"'
am__untar='$${TAR-tar} xf -'
bindir='${exec_prefix}/bin'
build='i686-pc-linux-gnu'
build_alias=''
build_cpu='i686'
build_os='linux-gnu'
build_vendor='pc'
datadir='${datarootdir}'
datarootdir='${prefix}/share'
docdir='${datarootdir}/doc/${PACKAGE_TARNAME}'
dvidir='${docdir}'
exec_prefix='${prefix}'
host='i686-pc-linux-gnu'
host_alias=''
host_cpu='i686'
host_os='linux-gnu'
host_vendor='pc'
htmldir='${docdir}'
includedir='${prefix}/include'
infodir='${datarootdir}/info'
install_sh='${SHELL} /home/allan/jhbuild/checkout/pango/install-sh'
libdir='${exec_prefix}/lib'
libexecdir='${exec_prefix}/libexec'
localedir='${datarootdir}/locale'
localstatedir='${prefix}/var'
mandir='${datarootdir}/man'
mkdir_p='$(MKDIR_P)'
ms_librarian=''
oldincludedir='/usr/include'
pdfdir='${docdir}'
prefix='/home/allan/jhbuild/install'
program_transform_name='s,x,x,'
psdir='${docdir}'
sbindir='${exec_prefix}/sbin'
sharedstatedir='${prefix}/com'
sysconfdir='${prefix}/etc'
target_alias=''

## ----------- ##
## confdefs.h. ##
## ----------- ##

/* confdefs.h */
#define PACKAGE_NAME "pango"
#define PACKAGE_TARNAME "pango"
#define PACKAGE_VERSION "1.40.1"
#define PACKAGE_STRING "pango 1.40.1"
#define PACKAGE_BUGREPORT "http://bugzilla.gnome.org/enter_bug.cgi?product=pango"
#define PACKAGE_URL ""
#define PACKAGE "pango"
#define VERSION "1.40.1"
#define PANGO_BINARY_AGE 4001
#define PANGO_INTERFACE_AGE 1
#define PANGO_VERSION_MAJOR 1
#define PANGO_VERSION_MINOR 40
#define PANGO_VERSION_MICRO 1
#define HAVE_SYSCONF 1
#define HAVE_GETPAGESIZE 1
#define STDC_HEADERS 1
#define HAVE_SYS_TYPES_H 1
#define HAVE_SYS_STAT_H 1
#define HAVE_STDLIB_H 1
#define HAVE_STRING_H 1
#define HAVE_MEMORY_H 1
#define HAVE_STRINGS_H 1
#define HAVE_INTTYPES_H 1
#define HAVE_STDINT_H 1
#define HAVE_UNISTD_H 1
#define HAVE_UNISTD_H 1
#define HAVE_SYS_MMAN_H 1
#define HAVE_DLFCN_H 1
#define LT_OBJDIR ".libs/"
#define HAVE_FREETYPE 1
#define HAVE_XFT 1
#define HAVE_CAIRO_FREETYPE 1
#define HAVE_CAIRO 1
#define HAVE_CAIRO_PNG 1
#define HAVE_CAIRO_PS 1
#define HAVE_CAIRO_PDF 1
#define HAVE_CAIRO_XLIB 1
#define HAVE_FLOCKFILE 1
#define HAVE_STRTOK_R 1
#define HAVE_DIRENT_H 1
#define HAVE_UNISTD_H 1

configure: exit 0
