This file contains any messages produced by compilers while
running configure, to aid debugging if configure makes a mistake.

It was created by yelp-xsl configure 3.17.90, which was
generated by GNU Autoconf 2.69.  Invocation command line was

  $ ./configure --prefix /home/allan/jhbuild/install --disable-Werror --disable-static --disable-gtk-doc

## --------- ##
## Platform. ##
## --------- ##

hostname = allan-HP-G42-Notebook-PC
uname -m = i686
uname -r = 3.19.0-58-generic
uname -s = Linux
uname -v = #64-Ubuntu SMP Thu Mar 17 18:28:55 UTC 2016

/usr/bin/uname -p = unknown
/bin/uname -X     = unknown

/bin/arch              = unknown
/usr/bin/arch -k       = unknown
/usr/convex/getsysinfo = unknown
/usr/bin/hostinfo      = unknown
/bin/machine           = unknown
/usr/bin/oslevel       = unknown
/bin/universe          = unknown

PATH: /home/allan/jhbuild/install/bin
PATH: /usr/local/sbin
PATH: /usr/local/bin
PATH: /usr/sbin
PATH: /usr/bin
PATH: /sbin
PATH: /bin
PATH: /usr/games
PATH: /usr/local/games
PATH: /usr/local/java/jdk1.7.0_79/bin
PATH: /usr/local/java/jdk1.7.0_79/jre/bin
PATH: /home/allan/.local/bin


## ----------- ##
## Core tests. ##
## ----------- ##

configure:1803: checking for a BSD-compatible install
configure:1871: result: /usr/bin/install -c
configure:1882: checking whether build environment is sane
configure:1937: result: yes
configure:2088: checking for a thread-safe mkdir -p
configure:2127: result: /bin/mkdir -p
configure:2134: checking for gawk
configure:2150: found /usr/bin/gawk
configure:2161: result: gawk
configure:2172: checking whether make sets $(MAKE)
configure:2194: result: yes
configure:2223: checking whether make supports nested variables
configure:2240: result: yes
configure:2372: checking for gawk
configure:2399: result: gawk
configure:2419: checking for itstool
configure:2435: found /usr/bin/itstool
configure:2446: result: itstool
configure:2471: checking whether NLS is requested
configure:2480: result: yes
configure:2498: checking for intltool >= 0.40.0
configure:2500: result: 0.51.0 found
configure:2508: checking for intltool-update
configure:2526: found /usr/bin/intltool-update
configure:2538: result: /usr/bin/intltool-update
configure:2548: checking for intltool-merge
configure:2566: found /usr/bin/intltool-merge
configure:2578: result: /usr/bin/intltool-merge
configure:2588: checking for intltool-extract
configure:2606: found /usr/bin/intltool-extract
configure:2618: result: /usr/bin/intltool-extract
configure:2772: checking for xgettext
configure:2790: found /usr/bin/xgettext
configure:2802: result: /usr/bin/xgettext
configure:2812: checking for msgmerge
configure:2830: found /usr/bin/msgmerge
configure:2842: result: /usr/bin/msgmerge
configure:2852: checking for msgfmt
configure:2870: found /usr/bin/msgfmt
configure:2882: result: /usr/bin/msgfmt
configure:2892: checking for gmsgfmt
configure:2923: result: /usr/bin/msgfmt
configure:2943: checking for perl
configure:2961: found /usr/bin/perl
configure:2973: result: /usr/bin/perl
configure:2984: checking for perl >= 5.8.1
configure:2991: result: 5.20.2
configure:2995: checking for XML::Parser
configure:2998: result: ok
configure:3264: checking that generated files are newer than configure
configure:3270: result: done
configure:3286: creating ./config.status

## ---------------------- ##
## Running config.status. ##
## ---------------------- ##

This file was extended by yelp-xsl config.status 3.17.90, which was
generated by GNU Autoconf 2.69.  Invocation command line was

  CONFIG_FILES    = 
  CONFIG_HEADERS  = 
  CONFIG_LINKS    = 
  CONFIG_COMMANDS = 
  $ ./config.status 

on allan-HP-G42-Notebook-PC

config.status:835: creating Makefile
config.status:835: creating yelp-xsl.pc
config.status:835: creating icons/Makefile
config.status:835: creating icons/hicolor/Makefile
config.status:835: creating icons/hicolor/24x24/Makefile
config.status:835: creating icons/hicolor/24x24/status/Makefile
config.status:835: creating icons/hicolor/48x48/Makefile
config.status:835: creating icons/hicolor/48x48/status/Makefile
config.status:835: creating icons/hicolor/scalable/Makefile
config.status:835: creating icons/hicolor/scalable/status/Makefile
config.status:835: creating js/Makefile
config.status:835: creating doc/Makefile
config.status:835: creating doc/yelp-xsl/Makefile
config.status:835: creating po/Makefile.in
config.status:835: creating xslt/Makefile
config.status:835: creating xslt/common/Makefile
config.status:835: creating xslt/common/domains/Makefile
config.status:835: creating xslt/docbook/Makefile
config.status:835: creating xslt/docbook/common/Makefile
config.status:835: creating xslt/docbook/html/Makefile
config.status:835: creating xslt/mallard/Makefile
config.status:835: creating xslt/mallard/cache/Makefile
config.status:835: creating xslt/mallard/common/Makefile
config.status:835: creating xslt/mallard/html/Makefile
config.status:1007: executing po/stamp-it commands
configure:4356: WARNING: unrecognized options: --disable-Werror, --disable-static, --disable-gtk-doc

## ---------------- ##
## Cache variables. ##
## ---------------- ##

ac_cv_env_build_alias_set=
ac_cv_env_build_alias_value=
ac_cv_env_host_alias_set=
ac_cv_env_host_alias_value=
ac_cv_env_target_alias_set=
ac_cv_env_target_alias_value=
ac_cv_path_GMSGFMT=/usr/bin/msgfmt
ac_cv_path_INTLTOOL_EXTRACT=/usr/bin/intltool-extract
ac_cv_path_INTLTOOL_MERGE=/usr/bin/intltool-merge
ac_cv_path_INTLTOOL_PERL=/usr/bin/perl
ac_cv_path_INTLTOOL_UPDATE=/usr/bin/intltool-update
ac_cv_path_MSGFMT=/usr/bin/msgfmt
ac_cv_path_MSGMERGE=/usr/bin/msgmerge
ac_cv_path_XGETTEXT=/usr/bin/xgettext
ac_cv_path_install='/usr/bin/install -c'
ac_cv_path_mkdir=/bin/mkdir
ac_cv_prog_AWK=gawk
ac_cv_prog_ITSTOOL=itstool
ac_cv_prog_make_make_set=yes
am_cv_make_support_nested_variables=yes

## ----------------- ##
## Output variables. ##
## ----------------- ##

ACLOCAL='${SHELL} /home/allan/jhbuild/checkout/yelp-xsl/missing aclocal-1.14'
ALL_LINGUAS='ar as ast be be@latin bg bn bn_IN bs ca ca@valencia cs cy da de dz el en_CA en_GB en@shaw eo es et eu fa fi fr fur ga gl gu he hi hu id is it ja ka km kn ko ky lt lv mai mg mk ml mn mr nb ne nl nn oc or pa pl pt pt_BR ro ru rw si sk sl sq sr sr@latin sv ta te tg th tr ug uk uz uz@cyrillic vi wa zh_CN zh_HK zh_TW '
AMTAR='$${TAR-tar}'
AM_BACKSLASH='\'
AM_DEFAULT_V='$(AM_DEFAULT_VERBOSITY)'
AM_DEFAULT_VERBOSITY='1'
AM_V='$(V)'
AUTOCONF='${SHELL} /home/allan/jhbuild/checkout/yelp-xsl/missing autoconf'
AUTOHEADER='${SHELL} /home/allan/jhbuild/checkout/yelp-xsl/missing autoheader'
AUTOMAKE='${SHELL} /home/allan/jhbuild/checkout/yelp-xsl/missing automake-1.14'
AWK='gawk'
CYGPATH_W='echo'
DEFS='-DPACKAGE_NAME=\"yelp-xsl\" -DPACKAGE_TARNAME=\"yelp-xsl\" -DPACKAGE_VERSION=\"3.17.90\" -DPACKAGE_STRING=\"yelp-xsl\ 3.17.90\" -DPACKAGE_BUGREPORT=\"http://bugzilla.gnome.org/enter_bug.cgi\?product=yelp-xsl\" -DPACKAGE_URL=\"\" -DPACKAGE=\"yelp-xsl\" -DVERSION=\"3.17.90\" -DGETTEXT_PACKAGE=\"yelp-xsl\"'
ECHO_C=''
ECHO_N='-n'
ECHO_T=''
ENABLE_DOC_FALSE=''
ENABLE_DOC_TRUE='#'
GETTEXT_PACKAGE='yelp-xsl'
GMSGFMT='/usr/bin/msgfmt'
INSTALL_DATA='${INSTALL} -m 644'
INSTALL_PROGRAM='${INSTALL}'
INSTALL_SCRIPT='${INSTALL}'
INSTALL_STRIP_PROGRAM='$(install_sh) -c -s'
INTLTOOL_CAVES_RULE='%.caves:     %.caves.in     $(INTLTOOL_MERGE) $(wildcard $(top_srcdir)/po/*.po) ; $(INTLTOOL_V_MERGE)LC_ALL=C $(INTLTOOL_MERGE) $(INTLTOOL_V_MERGE_OPTIONS) -d -u -c $(top_builddir)/po/.intltool-merge-cache $(top_srcdir)/po $< $@'
INTLTOOL_DESKTOP_RULE='%.desktop:   %.desktop.in   $(INTLTOOL_MERGE) $(wildcard $(top_srcdir)/po/*.po) ; $(INTLTOOL_V_MERGE)LC_ALL=C $(INTLTOOL_MERGE) $(INTLTOOL_V_MERGE_OPTIONS) -d -u -c $(top_builddir)/po/.intltool-merge-cache $(top_srcdir)/po $< $@'
INTLTOOL_DIRECTORY_RULE='%.directory: %.directory.in $(INTLTOOL_MERGE) $(wildcard $(top_srcdir)/po/*.po) ; $(INTLTOOL_V_MERGE)LC_ALL=C $(INTLTOOL_MERGE) $(INTLTOOL_V_MERGE_OPTIONS) -d -u -c $(top_builddir)/po/.intltool-merge-cache $(top_srcdir)/po $< $@'
INTLTOOL_EXTRACT='/usr/bin/intltool-extract'
INTLTOOL_KBD_RULE='%.kbd:       %.kbd.in       $(INTLTOOL_MERGE) $(wildcard $(top_srcdir)/po/*.po) ; $(INTLTOOL_V_MERGE)LC_ALL=C $(INTLTOOL_MERGE) $(INTLTOOL_V_MERGE_OPTIONS) -x -u -m -c $(top_builddir)/po/.intltool-merge-cache $(top_srcdir)/po $< $@'
INTLTOOL_KEYS_RULE='%.keys:      %.keys.in      $(INTLTOOL_MERGE) $(wildcard $(top_srcdir)/po/*.po) ; $(INTLTOOL_V_MERGE)LC_ALL=C $(INTLTOOL_MERGE) $(INTLTOOL_V_MERGE_OPTIONS) -k -u -c $(top_builddir)/po/.intltool-merge-cache $(top_srcdir)/po $< $@'
INTLTOOL_MERGE='/usr/bin/intltool-merge'
INTLTOOL_OAF_RULE='%.oaf:       %.oaf.in       $(INTLTOOL_MERGE) $(wildcard $(top_srcdir)/po/*.po) ; $(INTLTOOL_V_MERGE)LC_ALL=C $(INTLTOOL_MERGE) $(INTLTOOL_V_MERGE_OPTIONS) -o -p $(top_srcdir)/po $< $@'
INTLTOOL_PERL='/usr/bin/perl'
INTLTOOL_POLICY_RULE='%.policy:    %.policy.in    $(INTLTOOL_MERGE) $(wildcard $(top_srcdir)/po/*.po) ; $(INTLTOOL_V_MERGE)LC_ALL=C $(INTLTOOL_MERGE) $(INTLTOOL_V_MERGE_OPTIONS) -x -u -c $(top_builddir)/po/.intltool-merge-cache $(top_srcdir)/po $< $@'
INTLTOOL_PONG_RULE='%.pong:      %.pong.in      $(INTLTOOL_MERGE) $(wildcard $(top_srcdir)/po/*.po) ; $(INTLTOOL_V_MERGE)LC_ALL=C $(INTLTOOL_MERGE) $(INTLTOOL_V_MERGE_OPTIONS) -x -u -c $(top_builddir)/po/.intltool-merge-cache $(top_srcdir)/po $< $@'
INTLTOOL_PROP_RULE='%.prop:      %.prop.in      $(INTLTOOL_MERGE) $(wildcard $(top_srcdir)/po/*.po) ; $(INTLTOOL_V_MERGE)LC_ALL=C $(INTLTOOL_MERGE) $(INTLTOOL_V_MERGE_OPTIONS) -d -u -c $(top_builddir)/po/.intltool-merge-cache $(top_srcdir)/po $< $@'
INTLTOOL_SCHEMAS_RULE='%.schemas:   %.schemas.in   $(INTLTOOL_MERGE) $(wildcard $(top_srcdir)/po/*.po) ; $(INTLTOOL_V_MERGE)LC_ALL=C $(INTLTOOL_MERGE) $(INTLTOOL_V_MERGE_OPTIONS) -s -u -c $(top_builddir)/po/.intltool-merge-cache $(top_srcdir)/po $< $@'
INTLTOOL_SERVER_RULE='%.server:    %.server.in    $(INTLTOOL_MERGE) $(wildcard $(top_srcdir)/po/*.po) ; $(INTLTOOL_V_MERGE)LC_ALL=C $(INTLTOOL_MERGE) $(INTLTOOL_V_MERGE_OPTIONS) -o -u -c $(top_builddir)/po/.intltool-merge-cache $(top_srcdir)/po $< $@'
INTLTOOL_SERVICE_RULE='%.service: %.service.in   $(INTLTOOL_MERGE) $(wildcard $(top_srcdir)/po/*.po) ; $(INTLTOOL_V_MERGE)LC_ALL=C $(INTLTOOL_MERGE) $(INTLTOOL_V_MERGE_OPTIONS) -d -u -c $(top_builddir)/po/.intltool-merge-cache $(top_srcdir)/po $< $@'
INTLTOOL_SHEET_RULE='%.sheet:     %.sheet.in     $(INTLTOOL_MERGE) $(wildcard $(top_srcdir)/po/*.po) ; $(INTLTOOL_V_MERGE)LC_ALL=C $(INTLTOOL_MERGE) $(INTLTOOL_V_MERGE_OPTIONS) -x -u -c $(top_builddir)/po/.intltool-merge-cache $(top_srcdir)/po $< $@'
INTLTOOL_SOUNDLIST_RULE='%.soundlist: %.soundlist.in $(INTLTOOL_MERGE) $(wildcard $(top_srcdir)/po/*.po) ; $(INTLTOOL_V_MERGE)LC_ALL=C $(INTLTOOL_MERGE) $(INTLTOOL_V_MERGE_OPTIONS) -d -u -c $(top_builddir)/po/.intltool-merge-cache $(top_srcdir)/po $< $@'
INTLTOOL_THEME_RULE='%.theme:     %.theme.in     $(INTLTOOL_MERGE) $(wildcard $(top_srcdir)/po/*.po) ; $(INTLTOOL_V_MERGE)LC_ALL=C $(INTLTOOL_MERGE) $(INTLTOOL_V_MERGE_OPTIONS) -d -u -c $(top_builddir)/po/.intltool-merge-cache $(top_srcdir)/po $< $@'
INTLTOOL_UI_RULE='%.ui:        %.ui.in        $(INTLTOOL_MERGE) $(wildcard $(top_srcdir)/po/*.po) ; $(INTLTOOL_V_MERGE)LC_ALL=C $(INTLTOOL_MERGE) $(INTLTOOL_V_MERGE_OPTIONS) -x -u -c $(top_builddir)/po/.intltool-merge-cache $(top_srcdir)/po $< $@'
INTLTOOL_UPDATE='/usr/bin/intltool-update'
INTLTOOL_V_MERGE='$(INTLTOOL__v_MERGE_$(V))'
INTLTOOL_V_MERGE_OPTIONS='$(intltool__v_merge_options_$(V))'
INTLTOOL_XAM_RULE='%.xam:       %.xml.in       $(INTLTOOL_MERGE) $(wildcard $(top_srcdir)/po/*.po) ; $(INTLTOOL_V_MERGE)LC_ALL=C $(INTLTOOL_MERGE) $(INTLTOOL_V_MERGE_OPTIONS) -x -u -c $(top_builddir)/po/.intltool-merge-cache $(top_srcdir)/po $< $@'
INTLTOOL_XML_NOMERGE_RULE='%.xml:       %.xml.in       $(INTLTOOL_MERGE) ; $(INTLTOOL_V_MERGE)LC_ALL=C $(INTLTOOL_MERGE) $(INTLTOOL_V_MERGE_OPTIONS) -x -u --no-translations $< $@'
INTLTOOL_XML_RULE='%.xml:       %.xml.in       $(INTLTOOL_MERGE) $(wildcard $(top_srcdir)/po/*.po) ; $(INTLTOOL_V_MERGE)LC_ALL=C $(INTLTOOL_MERGE) $(INTLTOOL_V_MERGE_OPTIONS) -x -u -c $(top_builddir)/po/.intltool-merge-cache $(top_srcdir)/po $< $@'
INTLTOOL__v_MERGE_0='@echo "  ITMRG " $@;'
INTLTOOL__v_MERGE_='$(INTLTOOL__v_MERGE_$(AM_DEFAULT_VERBOSITY))'
ITSTOOL='itstool'
LIBOBJS=''
LIBS=''
LTLIBOBJS=''
MAKEINFO='${SHELL} /home/allan/jhbuild/checkout/yelp-xsl/missing makeinfo'
MKDIR_P='/bin/mkdir -p'
MSGFMT='/usr/bin/msgfmt'
MSGMERGE='/usr/bin/msgmerge'
PACKAGE='yelp-xsl'
PACKAGE_BUGREPORT='http://bugzilla.gnome.org/enter_bug.cgi?product=yelp-xsl'
PACKAGE_NAME='yelp-xsl'
PACKAGE_STRING='yelp-xsl 3.17.90'
PACKAGE_TARNAME='yelp-xsl'
PACKAGE_URL=''
PACKAGE_VERSION='3.17.90'
PATH_SEPARATOR=':'
SET_MAKE=''
SHELL='/bin/bash'
STRIP=''
USE_NLS='yes'
VERSION='3.17.90'
XGETTEXT='/usr/bin/xgettext'
XMLLINT=''
XSLTPROC=''
YELP_XSL_AWK='gawk --traditional'
am__isrc=''
am__leading_dot='.'
am__tar='$${TAR-tar} chof - "$$tardir"'
am__untar='$${TAR-tar} xf -'
bindir='${exec_prefix}/bin'
build_alias=''
datadir='${datarootdir}'
datarootdir='${prefix}/share'
docdir='${datarootdir}/doc/${PACKAGE_TARNAME}'
dvidir='${docdir}'
exec_prefix='${prefix}'
host_alias=''
htmldir='${docdir}'
includedir='${prefix}/include'
infodir='${datarootdir}/info'
install_sh='${SHELL} /home/allan/jhbuild/checkout/yelp-xsl/install-sh'
intltool__v_merge_options_0='-q'
intltool__v_merge_options_='$(intltool__v_merge_options_$(AM_DEFAULT_VERBOSITY))'
libdir='${exec_prefix}/lib'
libexecdir='${exec_prefix}/libexec'
localedir='${datarootdir}/locale'
localstatedir='${prefix}/var'
mandir='${datarootdir}/man'
mkdir_p='$(MKDIR_P)'
oldincludedir='/usr/include'
pdfdir='${docdir}'
prefix='/home/allan/jhbuild/install'
program_transform_name='s,x,x,'
psdir='${docdir}'
sbindir='${exec_prefix}/sbin'
sharedstatedir='${prefix}/com'
sysconfdir='${prefix}/etc'
target_alias=''

## ----------- ##
## confdefs.h. ##
## ----------- ##

/* confdefs.h */
#define PACKAGE_NAME "yelp-xsl"
#define PACKAGE_TARNAME "yelp-xsl"
#define PACKAGE_VERSION "3.17.90"
#define PACKAGE_STRING "yelp-xsl 3.17.90"
#define PACKAGE_BUGREPORT "http://bugzilla.gnome.org/enter_bug.cgi?product=yelp-xsl"
#define PACKAGE_URL ""
#define PACKAGE "yelp-xsl"
#define VERSION "3.17.90"
#define GETTEXT_PACKAGE "yelp-xsl"

configure: exit 0
