This file contains any messages produced by compilers while
running configure, to aid debugging if configure makes a mistake.

It was created by HarfBuzz configure 1.2.6, which was
generated by GNU Autoconf 2.69.  Invocation command line was

  $ ./configure --prefix /home/allan/jhbuild/install --disable-Werror --disable-static --disable-gtk-doc

## --------- ##
## Platform. ##
## --------- ##

hostname = allan-HP-G42-Notebook-PC
uname -m = i686
uname -r = 3.19.0-58-generic
uname -s = Linux
uname -v = #64-Ubuntu SMP Thu Mar 17 18:28:55 UTC 2016

/usr/bin/uname -p = unknown
/bin/uname -X     = unknown

/bin/arch              = unknown
/usr/bin/arch -k       = unknown
/usr/convex/getsysinfo = unknown
/usr/bin/hostinfo      = unknown
/bin/machine           = unknown
/usr/bin/oslevel       = unknown
/bin/universe          = unknown

PATH: /home/allan/jhbuild/install/bin
PATH: /usr/local/sbin
PATH: /usr/local/bin
PATH: /usr/sbin
PATH: /usr/bin
PATH: /sbin
PATH: /bin
PATH: /usr/games
PATH: /usr/local/games
PATH: /usr/local/java/jdk1.7.0_79/bin
PATH: /usr/local/java/jdk1.7.0_79/jre/bin
PATH: /home/allan/.local/bin


## ----------- ##
## Core tests. ##
## ----------- ##

configure:2920: checking for a BSD-compatible install
configure:2988: result: /usr/bin/install -c
configure:2999: checking whether build environment is sane
configure:3054: result: yes
configure:3205: checking for a thread-safe mkdir -p
configure:3244: result: /bin/mkdir -p
configure:3251: checking for gawk
configure:3267: found /usr/bin/gawk
configure:3278: result: gawk
configure:3289: checking whether make sets $(MAKE)
configure:3311: result: yes
configure:3340: checking whether make supports nested variables
configure:3357: result: yes
configure:3437: checking whether UID '1000' is supported by ustar format
configure:3440: result: yes
configure:3447: checking whether GID '1000' is supported by ustar format
configure:3450: result: yes
configure:3458: checking how to create a ustar tar archive
configure:3469: tar --version
tar (GNU tar) 1.27.1
Copyright (C) 2013 Free Software Foundation, Inc.
License GPLv3+: GNU GPL version 3 or later <http://gnu.org/licenses/gpl.html>.
This is free software: you are free to change and redistribute it.
There is NO WARRANTY, to the extent permitted by law.

Written by John Gilmore and Jay Fenlason.
configure:3472: $? = 0
configure:3512: tardir=conftest.dir && eval tar --format=ustar -chf - "$tardir" >conftest.tar
configure:3515: $? = 0
configure:3519: tar -xf - <conftest.tar
configure:3522: $? = 0
configure:3524: cat conftest.dir/file
GrepMe
configure:3527: $? = 0
configure:3540: result: gnutar
configure:3609: checking whether make supports nested variables
configure:3626: result: yes
configure:3651: checking for style of include used by make
configure:3679: result: GNU
configure:3750: checking for gcc
configure:3766: found /usr/bin/gcc
configure:3777: result: gcc
configure:4006: checking for C compiler version
configure:4015: gcc --version >&5
gcc (Ubuntu 4.9.2-10ubuntu13) 4.9.2
Copyright (C) 2014 Free Software Foundation, Inc.
This is free software; see the source for copying conditions.  There is NO
warranty; not even for MERCHANTABILITY or FITNESS FOR A PARTICULAR PURPOSE.

configure:4026: $? = 0
configure:4015: gcc -v >&5
Using built-in specs.
COLLECT_GCC=gcc
COLLECT_LTO_WRAPPER=/usr/lib/gcc/i686-linux-gnu/4.9/lto-wrapper
Target: i686-linux-gnu
Configured with: ../src/configure -v --with-pkgversion='Ubuntu 4.9.2-10ubuntu13' --with-bugurl=file:///usr/share/doc/gcc-4.9/README.Bugs --enable-languages=c,c++,java,go,d,fortran,objc,obj-c++ --prefix=/usr --program-suffix=-4.9 --enable-shared --enable-linker-build-id --libexecdir=/usr/lib --without-included-gettext --enable-threads=posix --with-gxx-include-dir=/usr/include/c++/4.9 --libdir=/usr/lib --enable-nls --with-sysroot=/ --enable-clocale=gnu --enable-libstdcxx-debug --enable-libstdcxx-time=yes --enable-gnu-unique-object --disable-vtable-verify --enable-plugin --with-system-zlib --disable-browser-plugin --enable-java-awt=gtk --enable-gtk-cairo --with-java-home=/usr/lib/jvm/java-1.5.0-gcj-4.9-i386/jre --enable-java-home --with-jvm-root-dir=/usr/lib/jvm/java-1.5.0-gcj-4.9-i386 --with-jvm-jar-dir=/usr/lib/jvm-exports/java-1.5.0-gcj-4.9-i386 --with-arch-directory=i386 --with-ecj-jar=/usr/share/java/eclipse-ecj.jar --enable-objc-gc --enable-targets=all --enable-multiarch --disable-werror --with-arch-32=i686 --with-multilib-list=m32,m64,mx32 --enable-multilib --with-tune=generic --enable-checking=release --build=i686-linux-gnu --host=i686-linux-gnu --target=i686-linux-gnu
Thread model: posix
gcc version 4.9.2 (Ubuntu 4.9.2-10ubuntu13) 
configure:4026: $? = 0
configure:4015: gcc -V >&5
gcc: error: unrecognized command line option '-V'
gcc: fatal error: no input files
compilation terminated.
configure:4026: $? = 4
configure:4015: gcc -qversion >&5
gcc: error: unrecognized command line option '-qversion'
gcc: fatal error: no input files
compilation terminated.
configure:4026: $? = 4
configure:4046: checking whether the C compiler works
configure:4068: gcc   -L/home/allan/jhbuild/install/lib  conftest.c  >&5
configure:4072: $? = 0
configure:4120: result: yes
configure:4123: checking for C compiler default output file name
configure:4125: result: a.out
configure:4131: checking for suffix of executables
configure:4138: gcc -o conftest   -L/home/allan/jhbuild/install/lib  conftest.c  >&5
configure:4142: $? = 0
configure:4164: result: 
configure:4186: checking whether we are cross compiling
configure:4194: gcc -o conftest   -L/home/allan/jhbuild/install/lib  conftest.c  >&5
configure:4198: $? = 0
configure:4205: ./conftest
configure:4209: $? = 0
configure:4224: result: no
configure:4229: checking for suffix of object files
configure:4251: gcc -c   conftest.c >&5
configure:4255: $? = 0
configure:4276: result: o
configure:4280: checking whether we are using the GNU C compiler
configure:4299: gcc -c   conftest.c >&5
configure:4299: $? = 0
configure:4308: result: yes
configure:4317: checking whether gcc accepts -g
configure:4337: gcc -c -g  conftest.c >&5
configure:4337: $? = 0
configure:4378: result: yes
configure:4395: checking for gcc option to accept ISO C89
configure:4458: gcc  -c -g -O2  conftest.c >&5
configure:4458: $? = 0
configure:4471: result: none needed
configure:4496: checking whether gcc understands -c and -o together
configure:4518: gcc -c conftest.c -o conftest2.o
configure:4521: $? = 0
configure:4518: gcc -c conftest.c -o conftest2.o
configure:4521: $? = 0
configure:4533: result: yes
configure:4552: checking dependency style of gcc
configure:4663: result: gcc3
configure:4728: checking for ar
configure:4744: found /usr/bin/ar
configure:4755: result: ar
configure:4781: checking the archiver (ar) interface
configure:4797: gcc -c -g -O2  conftest.c >&5
configure:4797: $? = 0
configure:4799: ar cru libconftest.a conftest.o >&5
configure:4802: $? = 0
configure:4830: result: ar
configure:4880: checking build system type
configure:4894: result: i686-pc-linux-gnu
configure:4914: checking host system type
configure:4927: result: i686-pc-linux-gnu
configure:4968: checking how to print strings
configure:4995: result: printf
configure:5016: checking for a sed that does not truncate output
configure:5080: result: /bin/sed
configure:5098: checking for grep that handles long lines and -e
configure:5156: result: /bin/grep
configure:5161: checking for egrep
configure:5223: result: /bin/grep -E
configure:5228: checking for fgrep
configure:5290: result: /bin/grep -F
configure:5325: checking for ld used by gcc
configure:5392: result: /usr/bin/ld
configure:5399: checking if the linker (/usr/bin/ld) is GNU ld
configure:5414: result: yes
configure:5426: checking for BSD- or MS-compatible name lister (nm)
configure:5475: result: /usr/bin/nm -B
configure:5605: checking the name lister (/usr/bin/nm -B) interface
configure:5612: gcc -c -g -O2  conftest.c >&5
configure:5615: /usr/bin/nm -B "conftest.o"
configure:5618: output
00000000 B some_variable
configure:5625: result: BSD nm
configure:5628: checking whether ln -s works
configure:5632: result: yes
configure:5640: checking the maximum length of command line arguments
configure:5771: result: 1572864
configure:5788: checking whether the shell understands some XSI constructs
configure:5798: result: yes
configure:5802: checking whether the shell understands "+="
configure:5808: result: yes
configure:5843: checking how to convert i686-pc-linux-gnu file names to i686-pc-linux-gnu format
configure:5883: result: func_convert_file_noop
configure:5890: checking how to convert i686-pc-linux-gnu file names to toolchain format
configure:5910: result: func_convert_file_noop
configure:5917: checking for /usr/bin/ld option to reload object files
configure:5924: result: -r
configure:5998: checking for objdump
configure:6014: found /usr/bin/objdump
configure:6025: result: objdump
configure:6057: checking how to recognize dependent libraries
configure:6255: result: pass_all
configure:6340: checking for dlltool
configure:6370: result: no
configure:6400: checking how to associate runtime and link libraries
configure:6427: result: printf %s\n
configure:6551: checking for archiver @FILE support
configure:6568: gcc -c -g -O2  conftest.c >&5
configure:6568: $? = 0
configure:6571: ar cru libconftest.a @conftest.lst >&5
configure:6574: $? = 0
configure:6579: ar cru libconftest.a @conftest.lst >&5
ar: conftest.o: No such file or directory
configure:6582: $? = 1
configure:6594: result: @
configure:6652: checking for strip
configure:6668: found /usr/bin/strip
configure:6679: result: strip
configure:6751: checking for ranlib
configure:6767: found /usr/bin/ranlib
configure:6778: result: ranlib
configure:6880: checking command to parse /usr/bin/nm -B output from gcc object
configure:7000: gcc -c -g -O2  conftest.c >&5
configure:7003: $? = 0
configure:7007: /usr/bin/nm -B conftest.o \| sed -n -e 's/^.*[ ]\([ABCDGIRSTW][ABCDGIRSTW]*\)[ ][ ]*\([_A-Za-z][_A-Za-z0-9]*\)$/\1 \2 \2/p' | sed '/ __gnu_lto/d' \> conftest.nm
configure:7010: $? = 0
configure:7076: gcc -o conftest -g -O2  -L/home/allan/jhbuild/install/lib  conftest.c conftstm.o >&5
configure:7079: $? = 0
configure:7117: result: ok
configure:7154: checking for sysroot
configure:7184: result: no
configure:7453: checking for mt
configure:7469: found /bin/mt
configure:7480: result: mt
configure:7503: checking if mt is a manifest tool
configure:7509: mt '-?'
configure:7517: result: no
configure:8159: checking how to run the C preprocessor
configure:8190: gcc -E  conftest.c
configure:8190: $? = 0
configure:8204: gcc -E  conftest.c
conftest.c:9:28: fatal error: ac_nonexistent.h: No such file or directory
 #include <ac_nonexistent.h>
                            ^
compilation terminated.
configure:8204: $? = 1
configure: failed program was:
| /* confdefs.h */
| #define PACKAGE_NAME "HarfBuzz"
| #define PACKAGE_TARNAME "harfbuzz"
| #define PACKAGE_VERSION "1.2.6"
| #define PACKAGE_STRING "HarfBuzz 1.2.6"
| #define PACKAGE_BUGREPORT "http://bugs.freedesktop.org/enter_bug.cgi?product=harfbuzz"
| #define PACKAGE_URL "http://harfbuzz.org/"
| /* end confdefs.h.  */
| #include <ac_nonexistent.h>
configure:8229: result: gcc -E
configure:8249: gcc -E  conftest.c
configure:8249: $? = 0
configure:8263: gcc -E  conftest.c
conftest.c:9:28: fatal error: ac_nonexistent.h: No such file or directory
 #include <ac_nonexistent.h>
                            ^
compilation terminated.
configure:8263: $? = 1
configure: failed program was:
| /* confdefs.h */
| #define PACKAGE_NAME "HarfBuzz"
| #define PACKAGE_TARNAME "harfbuzz"
| #define PACKAGE_VERSION "1.2.6"
| #define PACKAGE_STRING "HarfBuzz 1.2.6"
| #define PACKAGE_BUGREPORT "http://bugs.freedesktop.org/enter_bug.cgi?product=harfbuzz"
| #define PACKAGE_URL "http://harfbuzz.org/"
| /* end confdefs.h.  */
| #include <ac_nonexistent.h>
configure:8292: checking for ANSI C header files
configure:8312: gcc -c -g -O2  conftest.c >&5
configure:8312: $? = 0
configure:8385: gcc -o conftest -g -O2  -L/home/allan/jhbuild/install/lib  conftest.c  >&5
configure:8385: $? = 0
configure:8385: ./conftest
configure:8385: $? = 0
configure:8396: result: yes
configure:8409: checking for sys/types.h
configure:8409: gcc -c -g -O2  conftest.c >&5
configure:8409: $? = 0
configure:8409: result: yes
configure:8409: checking for sys/stat.h
configure:8409: gcc -c -g -O2  conftest.c >&5
configure:8409: $? = 0
configure:8409: result: yes
configure:8409: checking for stdlib.h
configure:8409: gcc -c -g -O2  conftest.c >&5
configure:8409: $? = 0
configure:8409: result: yes
configure:8409: checking for string.h
configure:8409: gcc -c -g -O2  conftest.c >&5
configure:8409: $? = 0
configure:8409: result: yes
configure:8409: checking for memory.h
configure:8409: gcc -c -g -O2  conftest.c >&5
configure:8409: $? = 0
configure:8409: result: yes
configure:8409: checking for strings.h
configure:8409: gcc -c -g -O2  conftest.c >&5
configure:8409: $? = 0
configure:8409: result: yes
configure:8409: checking for inttypes.h
configure:8409: gcc -c -g -O2  conftest.c >&5
configure:8409: $? = 0
configure:8409: result: yes
configure:8409: checking for stdint.h
configure:8409: gcc -c -g -O2  conftest.c >&5
configure:8409: $? = 0
configure:8409: result: yes
configure:8409: checking for unistd.h
configure:8409: gcc -c -g -O2  conftest.c >&5
configure:8409: $? = 0
configure:8409: result: yes
configure:8423: checking for dlfcn.h
configure:8423: gcc -c -g -O2  conftest.c >&5
configure:8423: $? = 0
configure:8423: result: yes
configure:8628: checking for objdir
configure:8643: result: .libs
configure:8914: checking if gcc supports -fno-rtti -fno-exceptions
configure:8932: gcc -c -g -O2  -fno-rtti -fno-exceptions conftest.c >&5
cc1: warning: command line option '-fno-rtti' is valid for C++/ObjC++ but not for C
configure:8936: $? = 0
configure:8949: result: no
configure:9276: checking for gcc option to produce PIC
configure:9283: result: -fPIC -DPIC
configure:9291: checking if gcc PIC flag -fPIC -DPIC works
configure:9309: gcc -c -g -O2  -fPIC -DPIC -DPIC conftest.c >&5
configure:9313: $? = 0
configure:9326: result: yes
configure:9355: checking if gcc static flag -static works
configure:9383: result: yes
configure:9398: checking if gcc supports -c -o file.o
configure:9419: gcc -c -g -O2  -o out/conftest2.o conftest.c >&5
configure:9423: $? = 0
configure:9445: result: yes
configure:9453: checking if gcc supports -c -o file.o
configure:9500: result: yes
configure:9533: checking whether the gcc linker (/usr/bin/ld) supports shared libraries
configure:10690: result: yes
configure:10727: checking whether -lc should be explicitly linked in
configure:10735: gcc -c -g -O2  conftest.c >&5
configure:10738: $? = 0
configure:10753: gcc -shared  -fPIC -DPIC conftest.o  -v -Wl,-soname -Wl,conftest -o conftest 2\>\&1 \| /bin/grep  -lc  \>/dev/null 2\>\&1
configure:10756: $? = 0
configure:10770: result: no
configure:10930: checking dynamic linker characteristics
configure:11430: gcc -o conftest -g -O2  -L/home/allan/jhbuild/install/lib  -Wl,-rpath -Wl,/foo conftest.c  >&5
configure:11430: $? = 0
configure:11664: result: GNU/Linux ld.so
configure:11771: checking how to hardcode library paths into programs
configure:11796: result: immediate
configure:12336: checking whether stripping libraries is possible
configure:12341: result: yes
configure:12376: checking if libtool supports shared libraries
configure:12378: result: yes
configure:12381: checking whether to build shared libraries
configure:12402: result: yes
configure:12405: checking whether to build static libraries
configure:12409: result: no
configure:12496: checking for gcc
configure:12523: result: gcc
configure:12752: checking for C compiler version
configure:12761: gcc --version >&5
gcc (Ubuntu 4.9.2-10ubuntu13) 4.9.2
Copyright (C) 2014 Free Software Foundation, Inc.
This is free software; see the source for copying conditions.  There is NO
warranty; not even for MERCHANTABILITY or FITNESS FOR A PARTICULAR PURPOSE.

configure:12772: $? = 0
configure:12761: gcc -v >&5
Using built-in specs.
COLLECT_GCC=gcc
COLLECT_LTO_WRAPPER=/usr/lib/gcc/i686-linux-gnu/4.9/lto-wrapper
Target: i686-linux-gnu
Configured with: ../src/configure -v --with-pkgversion='Ubuntu 4.9.2-10ubuntu13' --with-bugurl=file:///usr/share/doc/gcc-4.9/README.Bugs --enable-languages=c,c++,java,go,d,fortran,objc,obj-c++ --prefix=/usr --program-suffix=-4.9 --enable-shared --enable-linker-build-id --libexecdir=/usr/lib --without-included-gettext --enable-threads=posix --with-gxx-include-dir=/usr/include/c++/4.9 --libdir=/usr/lib --enable-nls --with-sysroot=/ --enable-clocale=gnu --enable-libstdcxx-debug --enable-libstdcxx-time=yes --enable-gnu-unique-object --disable-vtable-verify --enable-plugin --with-system-zlib --disable-browser-plugin --enable-java-awt=gtk --enable-gtk-cairo --with-java-home=/usr/lib/jvm/java-1.5.0-gcj-4.9-i386/jre --enable-java-home --with-jvm-root-dir=/usr/lib/jvm/java-1.5.0-gcj-4.9-i386 --with-jvm-jar-dir=/usr/lib/jvm-exports/java-1.5.0-gcj-4.9-i386 --with-arch-directory=i386 --with-ecj-jar=/usr/share/java/eclipse-ecj.jar --enable-objc-gc --enable-targets=all --enable-multiarch --disable-werror --with-arch-32=i686 --with-multilib-list=m32,m64,mx32 --enable-multilib --with-tune=generic --enable-checking=release --build=i686-linux-gnu --host=i686-linux-gnu --target=i686-linux-gnu
Thread model: posix
gcc version 4.9.2 (Ubuntu 4.9.2-10ubuntu13) 
configure:12772: $? = 0
configure:12761: gcc -V >&5
gcc: error: unrecognized command line option '-V'
gcc: fatal error: no input files
compilation terminated.
configure:12772: $? = 4
configure:12761: gcc -qversion >&5
gcc: error: unrecognized command line option '-qversion'
gcc: fatal error: no input files
compilation terminated.
configure:12772: $? = 4
configure:12776: checking whether we are using the GNU C compiler
configure:12804: result: yes
configure:12813: checking whether gcc accepts -g
configure:12874: result: yes
configure:12891: checking for gcc option to accept ISO C89
configure:12967: result: none needed
configure:12992: checking whether gcc understands -c and -o together
configure:13029: result: yes
configure:13048: checking dependency style of gcc
configure:13159: result: gcc3
configure:13233: checking for g++
configure:13249: found /usr/bin/g++
configure:13260: result: g++
configure:13287: checking for C++ compiler version
configure:13296: g++ --version >&5
g++ (Ubuntu 4.9.2-10ubuntu13) 4.9.2
Copyright (C) 2014 Free Software Foundation, Inc.
This is free software; see the source for copying conditions.  There is NO
warranty; not even for MERCHANTABILITY or FITNESS FOR A PARTICULAR PURPOSE.

configure:13307: $? = 0
configure:13296: g++ -v >&5
Using built-in specs.
COLLECT_GCC=g++
COLLECT_LTO_WRAPPER=/usr/lib/gcc/i686-linux-gnu/4.9/lto-wrapper
Target: i686-linux-gnu
Configured with: ../src/configure -v --with-pkgversion='Ubuntu 4.9.2-10ubuntu13' --with-bugurl=file:///usr/share/doc/gcc-4.9/README.Bugs --enable-languages=c,c++,java,go,d,fortran,objc,obj-c++ --prefix=/usr --program-suffix=-4.9 --enable-shared --enable-linker-build-id --libexecdir=/usr/lib --without-included-gettext --enable-threads=posix --with-gxx-include-dir=/usr/include/c++/4.9 --libdir=/usr/lib --enable-nls --with-sysroot=/ --enable-clocale=gnu --enable-libstdcxx-debug --enable-libstdcxx-time=yes --enable-gnu-unique-object --disable-vtable-verify --enable-plugin --with-system-zlib --disable-browser-plugin --enable-java-awt=gtk --enable-gtk-cairo --with-java-home=/usr/lib/jvm/java-1.5.0-gcj-4.9-i386/jre --enable-java-home --with-jvm-root-dir=/usr/lib/jvm/java-1.5.0-gcj-4.9-i386 --with-jvm-jar-dir=/usr/lib/jvm-exports/java-1.5.0-gcj-4.9-i386 --with-arch-directory=i386 --with-ecj-jar=/usr/share/java/eclipse-ecj.jar --enable-objc-gc --enable-targets=all --enable-multiarch --disable-werror --with-arch-32=i686 --with-multilib-list=m32,m64,mx32 --enable-multilib --with-tune=generic --enable-checking=release --build=i686-linux-gnu --host=i686-linux-gnu --target=i686-linux-gnu
Thread model: posix
gcc version 4.9.2 (Ubuntu 4.9.2-10ubuntu13) 
configure:13307: $? = 0
configure:13296: g++ -V >&5
g++: error: unrecognized command line option '-V'
g++: fatal error: no input files
compilation terminated.
configure:13307: $? = 4
configure:13296: g++ -qversion >&5
g++: error: unrecognized command line option '-qversion'
g++: fatal error: no input files
compilation terminated.
configure:13307: $? = 4
configure:13311: checking whether we are using the GNU C++ compiler
configure:13330: g++ -c   conftest.cpp >&5
configure:13330: $? = 0
configure:13339: result: yes
configure:13348: checking whether g++ accepts -g
configure:13368: g++ -c -g  conftest.cpp >&5
configure:13368: $? = 0
configure:13409: result: yes
configure:13434: checking dependency style of g++
configure:13545: result: gcc3
configure:13578: checking how to run the C++ preprocessor
configure:13605: g++ -E  conftest.cpp
configure:13605: $? = 0
configure:13619: g++ -E  conftest.cpp
conftest.cpp:21:28: fatal error: ac_nonexistent.h: No such file or directory
 #include <ac_nonexistent.h>
                            ^
compilation terminated.
configure:13619: $? = 1
configure: failed program was:
| /* confdefs.h */
| #define PACKAGE_NAME "HarfBuzz"
| #define PACKAGE_TARNAME "harfbuzz"
| #define PACKAGE_VERSION "1.2.6"
| #define PACKAGE_STRING "HarfBuzz 1.2.6"
| #define PACKAGE_BUGREPORT "http://bugs.freedesktop.org/enter_bug.cgi?product=harfbuzz"
| #define PACKAGE_URL "http://harfbuzz.org/"
| #define STDC_HEADERS 1
| #define HAVE_SYS_TYPES_H 1
| #define HAVE_SYS_STAT_H 1
| #define HAVE_STDLIB_H 1
| #define HAVE_STRING_H 1
| #define HAVE_MEMORY_H 1
| #define HAVE_STRINGS_H 1
| #define HAVE_INTTYPES_H 1
| #define HAVE_STDINT_H 1
| #define HAVE_UNISTD_H 1
| #define HAVE_DLFCN_H 1
| #define LT_OBJDIR ".libs/"
| /* end confdefs.h.  */
| #include <ac_nonexistent.h>
configure:13644: result: g++ -E
configure:13664: g++ -E  conftest.cpp
configure:13664: $? = 0
configure:13678: g++ -E  conftest.cpp
conftest.cpp:21:28: fatal error: ac_nonexistent.h: No such file or directory
 #include <ac_nonexistent.h>
                            ^
compilation terminated.
configure:13678: $? = 1
configure: failed program was:
| /* confdefs.h */
| #define PACKAGE_NAME "HarfBuzz"
| #define PACKAGE_TARNAME "harfbuzz"
| #define PACKAGE_VERSION "1.2.6"
| #define PACKAGE_STRING "HarfBuzz 1.2.6"
| #define PACKAGE_BUGREPORT "http://bugs.freedesktop.org/enter_bug.cgi?product=harfbuzz"
| #define PACKAGE_URL "http://harfbuzz.org/"
| #define STDC_HEADERS 1
| #define HAVE_SYS_TYPES_H 1
| #define HAVE_SYS_STAT_H 1
| #define HAVE_STDLIB_H 1
| #define HAVE_STRING_H 1
| #define HAVE_MEMORY_H 1
| #define HAVE_STRINGS_H 1
| #define HAVE_INTTYPES_H 1
| #define HAVE_STDINT_H 1
| #define HAVE_UNISTD_H 1
| #define HAVE_DLFCN_H 1
| #define LT_OBJDIR ".libs/"
| /* end confdefs.h.  */
| #include <ac_nonexistent.h>
configure:13847: checking for ld used by g++
configure:13914: result: /usr/bin/ld
configure:13921: checking if the linker (/usr/bin/ld) is GNU ld
configure:13936: result: yes
configure:13991: checking whether the g++ linker (/usr/bin/ld) supports shared libraries
configure:14993: result: yes
configure:15029: g++ -c -g -O2  conftest.cpp >&5
configure:15032: $? = 0
configure:15552: checking for g++ option to produce PIC
configure:15559: result: -fPIC -DPIC
configure:15567: checking if g++ PIC flag -fPIC -DPIC works
configure:15585: g++ -c -g -O2  -fPIC -DPIC -DPIC conftest.cpp >&5
configure:15589: $? = 0
configure:15602: result: yes
configure:15625: checking if g++ static flag -static works
configure:15653: result: yes
configure:15665: checking if g++ supports -c -o file.o
configure:15686: g++ -c -g -O2  -o out/conftest2.o conftest.cpp >&5
configure:15690: $? = 0
configure:15712: result: yes
configure:15717: checking if g++ supports -c -o file.o
configure:15764: result: yes
configure:15794: checking whether the g++ linker (/usr/bin/ld) supports shared libraries
configure:15833: result: yes
configure:15974: checking dynamic linker characteristics
configure:16642: result: GNU/Linux ld.so
configure:16695: checking how to hardcode library paths into programs
configure:16720: result: immediate
configure:16809: checking for pkg-config
configure:16827: found /usr/bin/pkg-config
configure:16839: result: /usr/bin/pkg-config
configure:16864: checking pkg-config is at least version 0.20
configure:16867: result: yes
configure:16912: checking for gtk-doc
configure:16915: $PKG_CONFIG --exists --print-errors "$gtk_doc_requires"
configure:16918: $? = 0
configure:16924: result: yes
configure:16938: checking for gtkdoc-check
configure:16954: found /home/allan/jhbuild/install/bin/gtkdoc-check
configure:16965: result: gtkdoc-check.test
configure:16975: checking for gtkdoc-check
configure:16993: found /home/allan/jhbuild/install/bin/gtkdoc-check
configure:17005: result: /home/allan/jhbuild/install/bin/gtkdoc-check
configure:17017: checking for gtkdoc-rebase
configure:17035: found /home/allan/jhbuild/install/bin/gtkdoc-rebase
configure:17047: result: /home/allan/jhbuild/install/bin/gtkdoc-rebase
configure:17061: checking for gtkdoc-mkpdf
configure:17079: found /home/allan/jhbuild/install/bin/gtkdoc-mkpdf
configure:17091: result: /home/allan/jhbuild/install/bin/gtkdoc-mkpdf
configure:17119: checking whether to build gtk-doc documentation
configure:17121: result: no
configure:17134: checking for GTKDOC_DEPS
configure:17142: $PKG_CONFIG --exists --print-errors "glib-2.0 >= 2.10.0 gobject-2.0  >= 2.10.0"
configure:17145: $? = 0
configure:17160: $PKG_CONFIG --exists --print-errors "glib-2.0 >= 2.10.0 gobject-2.0  >= 2.10.0"
configure:17163: $? = 0
configure:17199: result: yes
configure:17287: checking for atexit
configure:17287: gcc -o conftest -g -O2  -L/home/allan/jhbuild/install/lib  conftest.c  >&5
configure:17287: $? = 0
configure:17287: result: yes
configure:17287: checking for mprotect
configure:17287: gcc -o conftest -g -O2  -L/home/allan/jhbuild/install/lib  conftest.c  >&5
configure:17287: $? = 0
configure:17287: result: yes
configure:17287: checking for sysconf
configure:17287: gcc -o conftest -g -O2  -L/home/allan/jhbuild/install/lib  conftest.c  >&5
configure:17287: $? = 0
configure:17287: result: yes
configure:17287: checking for getpagesize
configure:17287: gcc -o conftest -g -O2  -L/home/allan/jhbuild/install/lib  conftest.c  >&5
configure:17287: $? = 0
configure:17287: result: yes
configure:17287: checking for mmap
configure:17287: gcc -o conftest -g -O2  -L/home/allan/jhbuild/install/lib  conftest.c  >&5
configure:17287: $? = 0
configure:17287: result: yes
configure:17287: checking for isatty
configure:17287: gcc -o conftest -g -O2  -L/home/allan/jhbuild/install/lib  conftest.c  >&5
configure:17287: $? = 0
configure:17287: result: yes
configure:17299: checking for unistd.h
configure:17299: result: yes
configure:17299: checking sys/mman.h usability
configure:17299: gcc -c -g -O2  conftest.c >&5
configure:17299: $? = 0
configure:17299: result: yes
configure:17299: checking sys/mman.h presence
configure:17299: gcc -E  conftest.c
configure:17299: $? = 0
configure:17299: result: yes
configure:17299: checking for sys/mman.h
configure:17299: result: yes
configure:17314: checking alignment of struct{char;}
configure:17319: gcc -o conftest -g -O2  -L/home/allan/jhbuild/install/lib  conftest.c  >&5
conftest.c:65:37: warning: declaration does not declare anything
 typedef struct { char x; struct{char;} y; } ac__type_alignof_;
                                     ^
configure:17319: $? = 0
configure:17319: ./conftest
configure:17319: $? = 0
configure:17337: result: 1
configure:17387: checking for native Win32
configure:17394: result: no
configure:17575: checking for the pthreads library -lpthreads
configure:17613: gcc -o conftest -g -O2   -L/home/allan/jhbuild/install/lib  -Bsymbolic-functions conftest.c -lpthreads  >&5
/usr/bin/ld: cannot find -lpthreads
collect2: error: ld returned 1 exit status
configure:17613: $? = 1
configure: failed program was:
| /* confdefs.h */
| #define PACKAGE_NAME "HarfBuzz"
| #define PACKAGE_TARNAME "harfbuzz"
| #define PACKAGE_VERSION "1.2.6"
| #define PACKAGE_STRING "HarfBuzz 1.2.6"
| #define PACKAGE_BUGREPORT "http://bugs.freedesktop.org/enter_bug.cgi?product=harfbuzz"
| #define PACKAGE_URL "http://harfbuzz.org/"
| #define STDC_HEADERS 1
| #define HAVE_SYS_TYPES_H 1
| #define HAVE_SYS_STAT_H 1
| #define HAVE_STDLIB_H 1
| #define HAVE_STRING_H 1
| #define HAVE_MEMORY_H 1
| #define HAVE_STRINGS_H 1
| #define HAVE_INTTYPES_H 1
| #define HAVE_STDINT_H 1
| #define HAVE_UNISTD_H 1
| #define HAVE_DLFCN_H 1
| #define LT_OBJDIR ".libs/"
| #define HAVE_ATEXIT 1
| #define HAVE_MPROTECT 1
| #define HAVE_SYSCONF 1
| #define HAVE_GETPAGESIZE 1
| #define HAVE_MMAP 1
| #define HAVE_ISATTY 1
| #define HAVE_UNISTD_H 1
| #define HAVE_SYS_MMAN_H 1
| #define ALIGNOF_STRUCT_CHAR__ 1
| /* end confdefs.h.  */
| #include <pthread.h>
|                         static void routine(void *a) { a = 0; }
|                         static void *start_routine(void *a) { return a; }
| int
| main ()
| {
| pthread_t th; pthread_attr_t attr;
|                         pthread_create(&th, 0, start_routine, 0);
|                         pthread_join(th, 0);
|                         pthread_attr_init(&attr);
|                         pthread_cleanup_push(routine, 0);
|                         pthread_cleanup_pop(0) /* ; */
|   ;
|   return 0;
| }
configure:17622: result: no
configure:17520: checking whether pthreads work without any flags
configure:17613: gcc -o conftest -g -O2   -L/home/allan/jhbuild/install/lib  -Bsymbolic-functions conftest.c   >&5
/tmp/ccCD9G0f.o: In function `main':
/home/allan/jhbuild/checkout/harfbuzz/conftest.c:37: undefined reference to `pthread_create'
/home/allan/jhbuild/checkout/harfbuzz/conftest.c:38: undefined reference to `pthread_join'
/home/allan/jhbuild/checkout/harfbuzz/conftest.c:40: undefined reference to `__pthread_register_cancel'
/home/allan/jhbuild/checkout/harfbuzz/conftest.c:41: undefined reference to `__pthread_unregister_cancel'
collect2: error: ld returned 1 exit status
configure:17613: $? = 1
configure: failed program was:
| /* confdefs.h */
| #define PACKAGE_NAME "HarfBuzz"
| #define PACKAGE_TARNAME "harfbuzz"
| #define PACKAGE_VERSION "1.2.6"
| #define PACKAGE_STRING "HarfBuzz 1.2.6"
| #define PACKAGE_BUGREPORT "http://bugs.freedesktop.org/enter_bug.cgi?product=harfbuzz"
| #define PACKAGE_URL "http://harfbuzz.org/"
| #define STDC_HEADERS 1
| #define HAVE_SYS_TYPES_H 1
| #define HAVE_SYS_STAT_H 1
| #define HAVE_STDLIB_H 1
| #define HAVE_STRING_H 1
| #define HAVE_MEMORY_H 1
| #define HAVE_STRINGS_H 1
| #define HAVE_INTTYPES_H 1
| #define HAVE_STDINT_H 1
| #define HAVE_UNISTD_H 1
| #define HAVE_DLFCN_H 1
| #define LT_OBJDIR ".libs/"
| #define HAVE_ATEXIT 1
| #define HAVE_MPROTECT 1
| #define HAVE_SYSCONF 1
| #define HAVE_GETPAGESIZE 1
| #define HAVE_MMAP 1
| #define HAVE_ISATTY 1
| #define HAVE_UNISTD_H 1
| #define HAVE_SYS_MMAN_H 1
| #define ALIGNOF_STRUCT_CHAR__ 1
| /* end confdefs.h.  */
| #include <pthread.h>
|                         static void routine(void *a) { a = 0; }
|                         static void *start_routine(void *a) { return a; }
| int
| main ()
| {
| pthread_t th; pthread_attr_t attr;
|                         pthread_create(&th, 0, start_routine, 0);
|                         pthread_join(th, 0);
|                         pthread_attr_init(&attr);
|                         pthread_cleanup_push(routine, 0);
|                         pthread_cleanup_pop(0) /* ; */
|   ;
|   return 0;
| }
configure:17622: result: no
configure:17525: checking whether pthreads work with -Kthread
configure:17613: gcc -o conftest -g -O2 -Kthread  -L/home/allan/jhbuild/install/lib  -Bsymbolic-functions conftest.c   >&5
gcc: error: unrecognized command line option '-Kthread'
configure:17613: $? = 1
configure: failed program was:
| /* confdefs.h */
| #define PACKAGE_NAME "HarfBuzz"
| #define PACKAGE_TARNAME "harfbuzz"
| #define PACKAGE_VERSION "1.2.6"
| #define PACKAGE_STRING "HarfBuzz 1.2.6"
| #define PACKAGE_BUGREPORT "http://bugs.freedesktop.org/enter_bug.cgi?product=harfbuzz"
| #define PACKAGE_URL "http://harfbuzz.org/"
| #define STDC_HEADERS 1
| #define HAVE_SYS_TYPES_H 1
| #define HAVE_SYS_STAT_H 1
| #define HAVE_STDLIB_H 1
| #define HAVE_STRING_H 1
| #define HAVE_MEMORY_H 1
| #define HAVE_STRINGS_H 1
| #define HAVE_INTTYPES_H 1
| #define HAVE_STDINT_H 1
| #define HAVE_UNISTD_H 1
| #define HAVE_DLFCN_H 1
| #define LT_OBJDIR ".libs/"
| #define HAVE_ATEXIT 1
| #define HAVE_MPROTECT 1
| #define HAVE_SYSCONF 1
| #define HAVE_GETPAGESIZE 1
| #define HAVE_MMAP 1
| #define HAVE_ISATTY 1
| #define HAVE_UNISTD_H 1
| #define HAVE_SYS_MMAN_H 1
| #define ALIGNOF_STRUCT_CHAR__ 1
| /* end confdefs.h.  */
| #include <pthread.h>
|                         static void routine(void *a) { a = 0; }
|                         static void *start_routine(void *a) { return a; }
| int
| main ()
| {
| pthread_t th; pthread_attr_t attr;
|                         pthread_create(&th, 0, start_routine, 0);
|                         pthread_join(th, 0);
|                         pthread_attr_init(&attr);
|                         pthread_cleanup_push(routine, 0);
|                         pthread_cleanup_pop(0) /* ; */
|   ;
|   return 0;
| }
configure:17622: result: no
configure:17525: checking whether pthreads work with -kthread
configure:17613: gcc -o conftest -g -O2 -kthread  -L/home/allan/jhbuild/install/lib  -Bsymbolic-functions conftest.c   >&5
gcc: error: unrecognized command line option '-kthread'
configure:17613: $? = 1
configure: failed program was:
| /* confdefs.h */
| #define PACKAGE_NAME "HarfBuzz"
| #define PACKAGE_TARNAME "harfbuzz"
| #define PACKAGE_VERSION "1.2.6"
| #define PACKAGE_STRING "HarfBuzz 1.2.6"
| #define PACKAGE_BUGREPORT "http://bugs.freedesktop.org/enter_bug.cgi?product=harfbuzz"
| #define PACKAGE_URL "http://harfbuzz.org/"
| #define STDC_HEADERS 1
| #define HAVE_SYS_TYPES_H 1
| #define HAVE_SYS_STAT_H 1
| #define HAVE_STDLIB_H 1
| #define HAVE_STRING_H 1
| #define HAVE_MEMORY_H 1
| #define HAVE_STRINGS_H 1
| #define HAVE_INTTYPES_H 1
| #define HAVE_STDINT_H 1
| #define HAVE_UNISTD_H 1
| #define HAVE_DLFCN_H 1
| #define LT_OBJDIR ".libs/"
| #define HAVE_ATEXIT 1
| #define HAVE_MPROTECT 1
| #define HAVE_SYSCONF 1
| #define HAVE_GETPAGESIZE 1
| #define HAVE_MMAP 1
| #define HAVE_ISATTY 1
| #define HAVE_UNISTD_H 1
| #define HAVE_SYS_MMAN_H 1
| #define ALIGNOF_STRUCT_CHAR__ 1
| /* end confdefs.h.  */
| #include <pthread.h>
|                         static void routine(void *a) { a = 0; }
|                         static void *start_routine(void *a) { return a; }
| int
| main ()
| {
| pthread_t th; pthread_attr_t attr;
|                         pthread_create(&th, 0, start_routine, 0);
|                         pthread_join(th, 0);
|                         pthread_attr_init(&attr);
|                         pthread_cleanup_push(routine, 0);
|                         pthread_cleanup_pop(0) /* ; */
|   ;
|   return 0;
| }
configure:17622: result: no
configure:17575: checking for the pthreads library -llthread
configure:17613: gcc -o conftest -g -O2   -L/home/allan/jhbuild/install/lib  -Bsymbolic-functions conftest.c -llthread  >&5
/usr/bin/ld: cannot find -llthread
collect2: error: ld returned 1 exit status
configure:17613: $? = 1
configure: failed program was:
| /* confdefs.h */
| #define PACKAGE_NAME "HarfBuzz"
| #define PACKAGE_TARNAME "harfbuzz"
| #define PACKAGE_VERSION "1.2.6"
| #define PACKAGE_STRING "HarfBuzz 1.2.6"
| #define PACKAGE_BUGREPORT "http://bugs.freedesktop.org/enter_bug.cgi?product=harfbuzz"
| #define PACKAGE_URL "http://harfbuzz.org/"
| #define STDC_HEADERS 1
| #define HAVE_SYS_TYPES_H 1
| #define HAVE_SYS_STAT_H 1
| #define HAVE_STDLIB_H 1
| #define HAVE_STRING_H 1
| #define HAVE_MEMORY_H 1
| #define HAVE_STRINGS_H 1
| #define HAVE_INTTYPES_H 1
| #define HAVE_STDINT_H 1
| #define HAVE_UNISTD_H 1
| #define HAVE_DLFCN_H 1
| #define LT_OBJDIR ".libs/"
| #define HAVE_ATEXIT 1
| #define HAVE_MPROTECT 1
| #define HAVE_SYSCONF 1
| #define HAVE_GETPAGESIZE 1
| #define HAVE_MMAP 1
| #define HAVE_ISATTY 1
| #define HAVE_UNISTD_H 1
| #define HAVE_SYS_MMAN_H 1
| #define ALIGNOF_STRUCT_CHAR__ 1
| /* end confdefs.h.  */
| #include <pthread.h>
|                         static void routine(void *a) { a = 0; }
|                         static void *start_routine(void *a) { return a; }
| int
| main ()
| {
| pthread_t th; pthread_attr_t attr;
|                         pthread_create(&th, 0, start_routine, 0);
|                         pthread_join(th, 0);
|                         pthread_attr_init(&attr);
|                         pthread_cleanup_push(routine, 0);
|                         pthread_cleanup_pop(0) /* ; */
|   ;
|   return 0;
| }
configure:17622: result: no
configure:17525: checking whether pthreads work with -pthread
configure:17613: gcc -o conftest -g -O2 -pthread  -L/home/allan/jhbuild/install/lib  -Bsymbolic-functions conftest.c   >&5
configure:17613: $? = 0
configure:17622: result: yes
configure:17641: checking for joinable pthread attribute
configure:17656: gcc -o conftest -g -O2 -pthread  -L/home/allan/jhbuild/install/lib  -Bsymbolic-functions conftest.c   >&5
configure:17656: $? = 0
configure:17662: result: PTHREAD_CREATE_JOINABLE
configure:17672: checking if more special flags are required for pthreads
configure:17686: result: no
configure:17692: checking for PTHREAD_PRIO_INHERIT
configure:17710: gcc -o conftest -g -O2 -pthread  -L/home/allan/jhbuild/install/lib  -Bsymbolic-functions conftest.c   >&5
configure:17710: $? = 0
configure:17719: result: yes
configure:17862: checking for GLIB
configure:17870: $PKG_CONFIG --exists --print-errors "$GLIB_DEPS"
configure:17873: $? = 0
configure:17888: $PKG_CONFIG --exists --print-errors "$GLIB_DEPS"
configure:17891: $? = 0
configure:17927: result: yes
configure:18179: checking for CAIRO
configure:18187: $PKG_CONFIG --exists --print-errors "cairo >= 1.8.0"
configure:18190: $? = 0
configure:18205: $PKG_CONFIG --exists --print-errors "cairo >= 1.8.0"
configure:18208: $? = 0
configure:18244: result: yes
configure:18270: checking for CAIRO_FT
configure:18278: $PKG_CONFIG --exists --print-errors "cairo-ft"
configure:18281: $? = 0
configure:18296: $PKG_CONFIG --exists --print-errors "cairo-ft"
configure:18299: $? = 0
configure:18335: result: yes
configure:18367: checking for FONTCONFIG
configure:18375: $PKG_CONFIG --exists --print-errors "fontconfig"
configure:18378: $? = 0
configure:18393: $PKG_CONFIG --exists --print-errors "fontconfig"
configure:18396: $? = 0
configure:18432: result: yes
configure:18467: checking for ICU
configure:18475: $PKG_CONFIG --exists --print-errors "icu-uc"
configure:18478: $? = 0
configure:18493: $PKG_CONFIG --exists --print-errors "icu-uc"
configure:18496: $? = 0
configure:18532: result: yes
configure:18818: checking for FREETYPE
configure:18826: $PKG_CONFIG --exists --print-errors "$FREETYPE_DEPS"
configure:18829: $? = 0
configure:18844: $PKG_CONFIG --exists --print-errors "$FREETYPE_DEPS"
configure:18847: $? = 0
configure:18883: result: yes
configure:19069: checking for Intel atomic primitives
configure:19092: gcc -o conftest -g -O2  -L/home/allan/jhbuild/install/lib  -Bsymbolic-functions conftest.c  >&5
configure:19092: $? = 0
configure:19100: result: true
configure:19109: checking for Solaris atomic operations
configure:19134: gcc -o conftest -g -O2  -L/home/allan/jhbuild/install/lib  -Bsymbolic-functions conftest.c  >&5
conftest.c:43:22: fatal error: atomic.h: No such file or directory
   #include <atomic.h>
                      ^
compilation terminated.
configure:19134: $? = 1
configure: failed program was:
| /* confdefs.h */
| #define PACKAGE_NAME "HarfBuzz"
| #define PACKAGE_TARNAME "harfbuzz"
| #define PACKAGE_VERSION "1.2.6"
| #define PACKAGE_STRING "HarfBuzz 1.2.6"
| #define PACKAGE_BUGREPORT "http://bugs.freedesktop.org/enter_bug.cgi?product=harfbuzz"
| #define PACKAGE_URL "http://harfbuzz.org/"
| #define STDC_HEADERS 1
| #define HAVE_SYS_TYPES_H 1
| #define HAVE_SYS_STAT_H 1
| #define HAVE_STDLIB_H 1
| #define HAVE_STRING_H 1
| #define HAVE_MEMORY_H 1
| #define HAVE_STRINGS_H 1
| #define HAVE_INTTYPES_H 1
| #define HAVE_STDINT_H 1
| #define HAVE_UNISTD_H 1
| #define HAVE_DLFCN_H 1
| #define LT_OBJDIR ".libs/"
| #define HAVE_ATEXIT 1
| #define HAVE_MPROTECT 1
| #define HAVE_SYSCONF 1
| #define HAVE_GETPAGESIZE 1
| #define HAVE_MMAP 1
| #define HAVE_ISATTY 1
| #define HAVE_UNISTD_H 1
| #define HAVE_SYS_MMAN_H 1
| #define ALIGNOF_STRUCT_CHAR__ 1
| #define HAVE_PTHREAD_PRIO_INHERIT 1
| #define HAVE_PTHREAD 1
| #define HAVE_OT 1
| #define HAVE_FALLBACK 1
| #define HAVE_GLIB 1
| #define HAVE_CAIRO 1
| #define HAVE_CAIRO_FT 1
| #define HAVE_FONTCONFIG 1
| #define HAVE_ICU 1
| #define HAVE_UCDN 1
| #define HAVE_FREETYPE 1
| #define HAVE_INTEL_ATOMIC_PRIMITIVES 1
| /* end confdefs.h.  */
| 
| 		#include <atomic.h>
| 		/* This requires Solaris Studio 12.2 or newer: */
| 		#include <mbarrier.h>
| 		void memory_barrier (void) { __machine_rw_barrier (); }
| 		int atomic_add (volatile unsigned *i) { return atomic_add_int_nv (i, 1); }
| 		void *atomic_ptr_cmpxchg (volatile void **target, void *cmp, void *newval) { return atomic_cas_ptr (target, cmp, newval); }
| 
| int
| main ()
| {
| 
|   ;
|   return 0;
| }
configure:19142: result: false
configure:19336: checking that generated files are newer than configure
configure:19342: result: done
configure:19481: creating ./config.status

## ---------------------- ##
## Running config.status. ##
## ---------------------- ##

This file was extended by HarfBuzz config.status 1.2.6, which was
generated by GNU Autoconf 2.69.  Invocation command line was

  CONFIG_FILES    = 
  CONFIG_HEADERS  = 
  CONFIG_LINKS    = 
  CONFIG_COMMANDS = 
  $ ./config.status 

on allan-HP-G42-Notebook-PC

config.status:1283: creating Makefile
config.status:1283: creating src/Makefile
config.status:1283: creating src/hb-version.h
config.status:1283: creating src/hb-ucdn/Makefile
config.status:1283: creating util/Makefile
config.status:1283: creating test/Makefile
config.status:1283: creating test/api/Makefile
config.status:1283: creating test/fuzzing/Makefile
config.status:1283: creating test/shaping/Makefile
config.status:1283: creating docs/Makefile
config.status:1283: creating docs/version.xml
config.status:1283: creating win32/Makefile
config.status:1283: creating win32/config.h.win32
config.status:1283: creating config.h
config.status:1512: executing depfiles commands
config.status:1512: executing libtool commands
configure:21979: WARNING: unrecognized options: --disable-Werror
configure:22012:

Build configuration:

Unicode callbacks (you want at least one):
	Glib:			true
	ICU:			true
	UCDN:			true

Font callbacks (the more the better):
	FreeType:		true

Tools used for command-line utilities:
	Cairo:			true
	Fontconfig:		true

Additional shapers (the more the better):
	Graphite2:		false

Platform shapers (not normally needed):
	CoreText:		false
	Uniscribe:		false
	DirectWrite:		false

Other features:
	Documentation:		yes
	GObject bindings:	false
	Introspection:		false


## ---------------- ##
## Cache variables. ##
## ---------------- ##

ac_cv_alignof_struct_char__=1
ac_cv_build=i686-pc-linux-gnu
ac_cv_c_compiler_gnu=yes
ac_cv_cxx_compiler_gnu=yes
ac_cv_env_CAIRO_CFLAGS_set=
ac_cv_env_CAIRO_CFLAGS_value=
ac_cv_env_CAIRO_FT_CFLAGS_set=
ac_cv_env_CAIRO_FT_CFLAGS_value=
ac_cv_env_CAIRO_FT_LIBS_set=
ac_cv_env_CAIRO_FT_LIBS_value=
ac_cv_env_CAIRO_LIBS_set=
ac_cv_env_CAIRO_LIBS_value=
ac_cv_env_CCC_set=
ac_cv_env_CCC_value=
ac_cv_env_CC_set=
ac_cv_env_CC_value=
ac_cv_env_CFLAGS_set=
ac_cv_env_CFLAGS_value=
ac_cv_env_CPPFLAGS_set=
ac_cv_env_CPPFLAGS_value=
ac_cv_env_CPP_set=
ac_cv_env_CPP_value=
ac_cv_env_CXXCPP_set=
ac_cv_env_CXXCPP_value=
ac_cv_env_CXXFLAGS_set=
ac_cv_env_CXXFLAGS_value=
ac_cv_env_CXX_set=
ac_cv_env_CXX_value=
ac_cv_env_FONTCONFIG_CFLAGS_set=
ac_cv_env_FONTCONFIG_CFLAGS_value=
ac_cv_env_FONTCONFIG_LIBS_set=
ac_cv_env_FONTCONFIG_LIBS_value=
ac_cv_env_FREETYPE_CFLAGS_set=
ac_cv_env_FREETYPE_CFLAGS_value=
ac_cv_env_FREETYPE_LIBS_set=
ac_cv_env_FREETYPE_LIBS_value=
ac_cv_env_GLIB_CFLAGS_set=
ac_cv_env_GLIB_CFLAGS_value=
ac_cv_env_GLIB_LIBS_set=
ac_cv_env_GLIB_LIBS_value=
ac_cv_env_GOBJECT_CFLAGS_set=
ac_cv_env_GOBJECT_CFLAGS_value=
ac_cv_env_GOBJECT_LIBS_set=
ac_cv_env_GOBJECT_LIBS_value=
ac_cv_env_GRAPHITE2_CFLAGS_set=
ac_cv_env_GRAPHITE2_CFLAGS_value=
ac_cv_env_GRAPHITE2_LIBS_set=
ac_cv_env_GRAPHITE2_LIBS_value=
ac_cv_env_GTKDOC_DEPS_CFLAGS_set=
ac_cv_env_GTKDOC_DEPS_CFLAGS_value=
ac_cv_env_GTKDOC_DEPS_LIBS_set=
ac_cv_env_GTKDOC_DEPS_LIBS_value=
ac_cv_env_ICU_CFLAGS_set=
ac_cv_env_ICU_CFLAGS_value=
ac_cv_env_ICU_LIBS_set=
ac_cv_env_ICU_LIBS_value=
ac_cv_env_LDFLAGS_set=set
ac_cv_env_LDFLAGS_value='-L/home/allan/jhbuild/install/lib '
ac_cv_env_LIBS_set=
ac_cv_env_LIBS_value=
ac_cv_env_PKG_CONFIG_set=
ac_cv_env_PKG_CONFIG_value=
ac_cv_env_build_alias_set=
ac_cv_env_build_alias_value=
ac_cv_env_host_alias_set=
ac_cv_env_host_alias_value=
ac_cv_env_target_alias_set=
ac_cv_env_target_alias_value=
ac_cv_func_atexit=yes
ac_cv_func_getpagesize=yes
ac_cv_func_isatty=yes
ac_cv_func_mmap=yes
ac_cv_func_mprotect=yes
ac_cv_func_sysconf=yes
ac_cv_header_dlfcn_h=yes
ac_cv_header_inttypes_h=yes
ac_cv_header_memory_h=yes
ac_cv_header_stdc=yes
ac_cv_header_stdint_h=yes
ac_cv_header_stdlib_h=yes
ac_cv_header_string_h=yes
ac_cv_header_strings_h=yes
ac_cv_header_sys_mman_h=yes
ac_cv_header_sys_stat_h=yes
ac_cv_header_sys_types_h=yes
ac_cv_header_unistd_h=yes
ac_cv_host=i686-pc-linux-gnu
ac_cv_objext=o
ac_cv_path_EGREP='/bin/grep -E'
ac_cv_path_FGREP='/bin/grep -F'
ac_cv_path_GREP=/bin/grep
ac_cv_path_GTKDOC_CHECK_PATH=/home/allan/jhbuild/install/bin/gtkdoc-check
ac_cv_path_GTKDOC_MKPDF=/home/allan/jhbuild/install/bin/gtkdoc-mkpdf
ac_cv_path_GTKDOC_REBASE=/home/allan/jhbuild/install/bin/gtkdoc-rebase
ac_cv_path_SED=/bin/sed
ac_cv_path_ac_pt_PKG_CONFIG=/usr/bin/pkg-config
ac_cv_path_install='/usr/bin/install -c'
ac_cv_path_mkdir=/bin/mkdir
ac_cv_prog_AWK=gawk
ac_cv_prog_CPP='gcc -E'
ac_cv_prog_CXXCPP='g++ -E'
ac_cv_prog_GTKDOC_CHECK=gtkdoc-check.test
ac_cv_prog_ac_ct_AR=ar
ac_cv_prog_ac_ct_CC=gcc
ac_cv_prog_ac_ct_CXX=g++
ac_cv_prog_ac_ct_MANIFEST_TOOL=mt
ac_cv_prog_ac_ct_OBJDUMP=objdump
ac_cv_prog_ac_ct_RANLIB=ranlib
ac_cv_prog_ac_ct_STRIP=strip
ac_cv_prog_cc_c89=
ac_cv_prog_cc_g=yes
ac_cv_prog_cxx_g=yes
ac_cv_prog_make_make_set=yes
am_cv_CC_dependencies_compiler_type=gcc3
am_cv_CXX_dependencies_compiler_type=gcc3
am_cv_ar_interface=ar
am_cv_make_support_nested_variables=yes
am_cv_prog_cc_c_o=yes
am_cv_prog_tar_ustar=gnutar
ax_cv_PTHREAD_PRIO_INHERIT=yes
hb_cv_have_intel_atomic_primitives=true
hb_cv_have_solaris_atomic_ops=false
lt_cv_ar_at_file=@
lt_cv_archive_cmds_need_lc=no
lt_cv_deplibs_check_method=pass_all
lt_cv_file_magic_cmd='$MAGIC_CMD'
lt_cv_file_magic_test_file=
lt_cv_ld_reload_flag=-r
lt_cv_nm_interface='BSD nm'
lt_cv_objdir=.libs
lt_cv_path_LD=/usr/bin/ld
lt_cv_path_LDCXX=/usr/bin/ld
lt_cv_path_NM='/usr/bin/nm -B'
lt_cv_path_mainfest_tool=no
lt_cv_prog_compiler_c_o=yes
lt_cv_prog_compiler_c_o_CXX=yes
lt_cv_prog_compiler_pic='-fPIC -DPIC'
lt_cv_prog_compiler_pic_CXX='-fPIC -DPIC'
lt_cv_prog_compiler_pic_works=yes
lt_cv_prog_compiler_pic_works_CXX=yes
lt_cv_prog_compiler_rtti_exceptions=no
lt_cv_prog_compiler_static_works=yes
lt_cv_prog_compiler_static_works_CXX=yes
lt_cv_prog_gnu_ld=yes
lt_cv_prog_gnu_ldcxx=yes
lt_cv_sharedlib_from_linklib_cmd='printf %s\n'
lt_cv_shlibpath_overrides_runpath=no
lt_cv_sys_global_symbol_pipe='sed -n -e '\''s/^.*[	 ]\([ABCDGIRSTW][ABCDGIRSTW]*\)[	 ][	 ]*\([_A-Za-z][_A-Za-z0-9]*\)$/\1 \2 \2/p'\'' | sed '\''/ __gnu_lto/d'\'''
lt_cv_sys_global_symbol_to_c_name_address='sed -n -e '\''s/^: \([^ ]*\)[ ]*$/  {\"\1\", (void *) 0},/p'\'' -e '\''s/^[ABCDGIRSTW]* \([^ ]*\) \([^ ]*\)$/  {"\2", (void *) \&\2},/p'\'''
lt_cv_sys_global_symbol_to_c_name_address_lib_prefix='sed -n -e '\''s/^: \([^ ]*\)[ ]*$/  {\"\1\", (void *) 0},/p'\'' -e '\''s/^[ABCDGIRSTW]* \([^ ]*\) \(lib[^ ]*\)$/  {"\2", (void *) \&\2},/p'\'' -e '\''s/^[ABCDGIRSTW]* \([^ ]*\) \([^ ]*\)$/  {"lib\2", (void *) \&\2},/p'\'''
lt_cv_sys_global_symbol_to_cdecl='sed -n -e '\''s/^T .* \(.*\)$/extern int \1();/p'\'' -e '\''s/^[ABCDGIRSTW]* .* \(.*\)$/extern char \1;/p'\'''
lt_cv_sys_max_cmd_len=1572864
lt_cv_to_host_file_cmd=func_convert_file_noop
lt_cv_to_tool_file_cmd=func_convert_file_noop
pkg_cv_CAIRO_CFLAGS='-I/home/allan/jhbuild/install/include/glib-2.0 -I/home/allan/jhbuild/install/lib/glib-2.0/include -I/usr/include/cairo -I/usr/include/pixman-1 -I/usr/include/freetype2 -I/usr/include/libpng12 '
pkg_cv_CAIRO_FT_CFLAGS='-I/home/allan/jhbuild/install/include/glib-2.0 -I/home/allan/jhbuild/install/lib/glib-2.0/include -I/usr/include/cairo -I/usr/include/pixman-1 -I/usr/include/freetype2 -I/usr/include/libpng12 -I/usr/include/freetype2 '
pkg_cv_CAIRO_FT_LIBS='-lcairo -lfreetype '
pkg_cv_CAIRO_LIBS='-lcairo '
pkg_cv_FONTCONFIG_CFLAGS='-I/usr/include/freetype2 '
pkg_cv_FONTCONFIG_LIBS='-lfontconfig -lfreetype '
pkg_cv_FREETYPE_CFLAGS='-I/usr/include/freetype2 '
pkg_cv_FREETYPE_LIBS='-lfreetype '
pkg_cv_GLIB_CFLAGS='-I/home/allan/jhbuild/install/include/glib-2.0 -I/home/allan/jhbuild/install/lib/glib-2.0/include '
pkg_cv_GLIB_LIBS='-L/home/allan/jhbuild/install/lib -lglib-2.0 '
pkg_cv_GTKDOC_DEPS_CFLAGS='-I/home/allan/jhbuild/install/include/glib-2.0 -I/home/allan/jhbuild/install/lib/glib-2.0/include '
pkg_cv_GTKDOC_DEPS_LIBS='-L/home/allan/jhbuild/install/lib -lgobject-2.0 -lglib-2.0 '
pkg_cv_ICU_CFLAGS='-I/usr/include/i386-linux-gnu '
pkg_cv_ICU_LIBS='-licuuc -licudata '

## ----------------- ##
## Output variables. ##
## ----------------- ##

ACLOCAL='${SHELL} /home/allan/jhbuild/checkout/harfbuzz/missing aclocal-1.14'
AMDEPBACKSLASH='\'
AMDEP_FALSE='#'
AMDEP_TRUE=''
AMTAR='$${TAR-tar}'
AM_BACKSLASH='\'
AM_DEFAULT_V='$(AM_DEFAULT_VERBOSITY)'
AM_DEFAULT_VERBOSITY='0'
AM_V='$(V)'
AR='ar'
AUTOCONF='${SHELL} /home/allan/jhbuild/checkout/harfbuzz/missing autoconf'
AUTOHEADER='${SHELL} /home/allan/jhbuild/checkout/harfbuzz/missing autoheader'
AUTOMAKE='${SHELL} /home/allan/jhbuild/checkout/harfbuzz/missing automake-1.14'
AUTOMAKE_OLDER_THAN_1_13_FALSE=''
AUTOMAKE_OLDER_THAN_1_13_TRUE='#'
AWK='gawk'
CAIRO_CFLAGS='-I/home/allan/jhbuild/install/include/glib-2.0 -I/home/allan/jhbuild/install/lib/glib-2.0/include -I/usr/include/cairo -I/usr/include/pixman-1 -I/usr/include/freetype2 -I/usr/include/libpng12 '
CAIRO_FT_CFLAGS='-I/home/allan/jhbuild/install/include/glib-2.0 -I/home/allan/jhbuild/install/lib/glib-2.0/include -I/usr/include/cairo -I/usr/include/pixman-1 -I/usr/include/freetype2 -I/usr/include/libpng12 -I/usr/include/freetype2 '
CAIRO_FT_LIBS='-lcairo -lfreetype '
CAIRO_LIBS='-lcairo '
CC='gcc'
CCDEPMODE='depmode=gcc3'
CFLAGS='-g -O2'
CORETEXT_CFLAGS=''
CORETEXT_LIBS=''
CPP='gcc -E'
CPPFLAGS=''
CXX='g++'
CXXCPP='g++ -E'
CXXDEPMODE='depmode=gcc3'
CXXFLAGS='-g -O2 -fno-rtti -fno-exceptions -Wcast-align -fvisibility-inlines-hidden --std=c++0x'
CYGPATH_W='echo'
DEFS='-DHAVE_CONFIG_H'
DEPDIR='.deps'
DIRECTWRITE_CXXFLAGS=''
DIRECTWRITE_LIBS=''
DLLTOOL='false'
DSYMUTIL=''
DUMPBIN=''
ECHO_C=''
ECHO_N='-n'
ECHO_T=''
EGREP='/bin/grep -E'
ENABLE_GTK_DOC_FALSE=''
ENABLE_GTK_DOC_TRUE='#'
EXEEXT=''
FGREP='/bin/grep -F'
FONTCONFIG_CFLAGS='-I/usr/include/freetype2 '
FONTCONFIG_LIBS='-lfontconfig -lfreetype '
FREETYPE_CFLAGS='-I/usr/include/freetype2 '
FREETYPE_DEPS='freetype2 >= 12.0.6'
FREETYPE_LIBS='-lfreetype '
GIT='${SHELL} /home/allan/jhbuild/checkout/harfbuzz/missing git'
GLIB_CFLAGS='-I/home/allan/jhbuild/install/include/glib-2.0 -I/home/allan/jhbuild/install/lib/glib-2.0/include '
GLIB_DEPS='glib-2.0 >= 2.16'
GLIB_LIBS='-L/home/allan/jhbuild/install/lib -lglib-2.0 '
GLIB_MKENUMS=''
GOBJECT_CFLAGS=''
GOBJECT_LIBS=''
GRAPHITE2_CFLAGS=''
GRAPHITE2_DEPS='graphite2'
GRAPHITE2_LIBS=''
GREP='/bin/grep'
GTKDOC_CHECK='gtkdoc-check.test'
GTKDOC_CHECK_PATH='/home/allan/jhbuild/install/bin/gtkdoc-check'
GTKDOC_DEPS_CFLAGS='-I/home/allan/jhbuild/install/include/glib-2.0 -I/home/allan/jhbuild/install/lib/glib-2.0/include '
GTKDOC_DEPS_LIBS='-L/home/allan/jhbuild/install/lib -lgobject-2.0 -lglib-2.0 '
GTKDOC_MKPDF='/home/allan/jhbuild/install/bin/gtkdoc-mkpdf'
GTKDOC_REBASE='/home/allan/jhbuild/install/bin/gtkdoc-rebase'
GTK_DOC_BUILD_HTML_FALSE='#'
GTK_DOC_BUILD_HTML_TRUE=''
GTK_DOC_BUILD_PDF_FALSE=''
GTK_DOC_BUILD_PDF_TRUE='#'
GTK_DOC_USE_LIBTOOL_FALSE='#'
GTK_DOC_USE_LIBTOOL_TRUE=''
GTK_DOC_USE_REBASE_FALSE='#'
GTK_DOC_USE_REBASE_TRUE=''
HAVE_CAIRO_FALSE='#'
HAVE_CAIRO_FT_FALSE='#'
HAVE_CAIRO_FT_TRUE=''
HAVE_CAIRO_TRUE=''
HAVE_CORETEXT_FALSE=''
HAVE_CORETEXT_TRUE='#'
HAVE_DIRECTWRITE_FALSE=''
HAVE_DIRECTWRITE_TRUE='#'
HAVE_FALLBACK_FALSE='#'
HAVE_FALLBACK_TRUE=''
HAVE_FONTCONFIG_FALSE='#'
HAVE_FONTCONFIG_TRUE=''
HAVE_FREETYPE_FALSE='#'
HAVE_FREETYPE_TRUE=''
HAVE_GCC_FALSE='#'
HAVE_GCC_TRUE=''
HAVE_GLIB_FALSE='#'
HAVE_GLIB_TRUE=''
HAVE_GOBJECT_FALSE=''
HAVE_GOBJECT_TRUE='#'
HAVE_GRAPHITE2_FALSE=''
HAVE_GRAPHITE2_TRUE='#'
HAVE_GTK_DOC_FALSE='#'
HAVE_GTK_DOC_TRUE=''
HAVE_ICU_BUILTIN_FALSE=''
HAVE_ICU_BUILTIN_TRUE='#'
HAVE_ICU_FALSE='#'
HAVE_ICU_TRUE=''
HAVE_INTROSPECTION_FALSE=''
HAVE_INTROSPECTION_TRUE='#'
HAVE_OT_FALSE='#'
HAVE_OT_TRUE=''
HAVE_PTHREAD_FALSE='#'
HAVE_PTHREAD_TRUE=''
HAVE_UCDN_FALSE='#'
HAVE_UCDN_TRUE=''
HAVE_UNISCRIBE_FALSE=''
HAVE_UNISCRIBE_TRUE='#'
HB_LIBTOOL_VERSION_INFO='10200:6:10200'
HB_VERSION='1.2.6'
HB_VERSION_MAJOR='1'
HB_VERSION_MICRO='6'
HB_VERSION_MINOR='2'
HTML_DIR='${datadir}/gtk-doc/html'
ICU_CFLAGS='-I/usr/include/i386-linux-gnu '
ICU_CONFIG=''
ICU_LIBS='-licuuc -licudata '
INSTALL_DATA='${INSTALL} -m 644'
INSTALL_PROGRAM='${INSTALL}'
INSTALL_SCRIPT='${INSTALL}'
INSTALL_STRIP_PROGRAM='$(install_sh) -c -s'
INTROSPECTION_CFLAGS=''
INTROSPECTION_COMPILER=''
INTROSPECTION_GENERATE=''
INTROSPECTION_GIRDIR=''
INTROSPECTION_LIBS=''
INTROSPECTION_MAKEFILE=''
INTROSPECTION_SCANNER=''
INTROSPECTION_TYPELIBDIR=''
LD='/usr/bin/ld'
LDFLAGS='-L/home/allan/jhbuild/install/lib  -Bsymbolic-functions'
LIBOBJS=''
LIBS=''
LIBTOOL='$(SHELL) $(top_builddir)/libtool'
LIPO=''
LN_S='ln -s'
LTLIBOBJS=''
MAKEINFO='${SHELL} /home/allan/jhbuild/checkout/harfbuzz/missing makeinfo'
MANIFEST_TOOL=':'
MKDIR_P='/bin/mkdir -p'
NM='/usr/bin/nm -B'
NMEDIT=''
OBJDUMP='objdump'
OBJEXT='o'
OS_WIN32_FALSE=''
OS_WIN32_TRUE='#'
OTOOL64=''
OTOOL=''
PACKAGE='harfbuzz'
PACKAGE_BUGREPORT='http://bugs.freedesktop.org/enter_bug.cgi?product=harfbuzz'
PACKAGE_NAME='HarfBuzz'
PACKAGE_STRING='HarfBuzz 1.2.6'
PACKAGE_TARNAME='harfbuzz'
PACKAGE_URL='http://harfbuzz.org/'
PACKAGE_VERSION='1.2.6'
PATH_SEPARATOR=':'
PKG_CONFIG='/usr/bin/pkg-config'
PTHREAD_CC='gcc'
PTHREAD_CFLAGS='-pthread'
PTHREAD_LIBS=''
RAGEL='${SHELL} /home/allan/jhbuild/checkout/harfbuzz/missing ragel'
RANLIB='ranlib'
SED='/bin/sed'
SET_MAKE=''
SHELL='/bin/bash'
STRIP='strip'
UNISCRIBE_CFLAGS=''
UNISCRIBE_LIBS=''
VERSION='1.2.6'
ac_ct_AR='ar'
ac_ct_CC='gcc'
ac_ct_CXX='g++'
ac_ct_DUMPBIN=''
am__EXEEXT_FALSE=''
am__EXEEXT_TRUE='#'
am__fastdepCC_FALSE='#'
am__fastdepCC_TRUE=''
am__fastdepCXX_FALSE='#'
am__fastdepCXX_TRUE=''
am__include='include'
am__isrc=''
am__leading_dot='.'
am__nodep='_no'
am__quote=''
am__tar='tar --format=ustar -chf - "$$tardir"'
am__untar='tar -xf -'
ax_pthread_config=''
bindir='${exec_prefix}/bin'
build='i686-pc-linux-gnu'
build_alias=''
build_cpu='i686'
build_os='linux-gnu'
build_vendor='pc'
datadir='${datarootdir}'
datarootdir='${prefix}/share'
docdir='${datarootdir}/doc/${PACKAGE_TARNAME}'
dvidir='${docdir}'
exec_prefix='${prefix}'
host='i686-pc-linux-gnu'
host_alias=''
host_cpu='i686'
host_os='linux-gnu'
host_vendor='pc'
htmldir='${docdir}'
includedir='${prefix}/include'
infodir='${datarootdir}/info'
install_sh='${SHELL} /home/allan/jhbuild/checkout/harfbuzz/install-sh'
libdir='${exec_prefix}/lib'
libexecdir='${exec_prefix}/libexec'
localedir='${datarootdir}/locale'
localstatedir='${prefix}/var'
mandir='${datarootdir}/man'
mkdir_p='$(MKDIR_P)'
oldincludedir='/usr/include'
pdfdir='${docdir}'
prefix='/home/allan/jhbuild/install'
program_transform_name='s,x,x,'
psdir='${docdir}'
sbindir='${exec_prefix}/sbin'
sharedstatedir='${prefix}/com'
sysconfdir='${prefix}/etc'
target_alias=''

## ----------- ##
## confdefs.h. ##
## ----------- ##

/* confdefs.h */
#define PACKAGE_NAME "HarfBuzz"
#define PACKAGE_TARNAME "harfbuzz"
#define PACKAGE_VERSION "1.2.6"
#define PACKAGE_STRING "HarfBuzz 1.2.6"
#define PACKAGE_BUGREPORT "http://bugs.freedesktop.org/enter_bug.cgi?product=harfbuzz"
#define PACKAGE_URL "http://harfbuzz.org/"
#define STDC_HEADERS 1
#define HAVE_SYS_TYPES_H 1
#define HAVE_SYS_STAT_H 1
#define HAVE_STDLIB_H 1
#define HAVE_STRING_H 1
#define HAVE_MEMORY_H 1
#define HAVE_STRINGS_H 1
#define HAVE_INTTYPES_H 1
#define HAVE_STDINT_H 1
#define HAVE_UNISTD_H 1
#define HAVE_DLFCN_H 1
#define LT_OBJDIR ".libs/"
#define HAVE_ATEXIT 1
#define HAVE_MPROTECT 1
#define HAVE_SYSCONF 1
#define HAVE_GETPAGESIZE 1
#define HAVE_MMAP 1
#define HAVE_ISATTY 1
#define HAVE_UNISTD_H 1
#define HAVE_SYS_MMAN_H 1
#define ALIGNOF_STRUCT_CHAR__ 1
#define HAVE_PTHREAD_PRIO_INHERIT 1
#define HAVE_PTHREAD 1
#define HAVE_OT 1
#define HAVE_FALLBACK 1
#define HAVE_GLIB 1
#define HAVE_CAIRO 1
#define HAVE_CAIRO_FT 1
#define HAVE_FONTCONFIG 1
#define HAVE_ICU 1
#define HAVE_UCDN 1
#define HAVE_FREETYPE 1
#define HAVE_INTEL_ATOMIC_PRIMITIVES 1

configure: exit 0
