This file contains any messages produced by compilers while
running configure, to aid debugging if configure makes a mistake.

It was created by libxkbcommon configure 0.5.0, which was
generated by GNU Autoconf 2.69.  Invocation command line was

  $ ./configure --prefix /home/allan/jhbuild/install --disable-Werror --disable-static --disable-gtk-doc

## --------- ##
## Platform. ##
## --------- ##

hostname = allan-HP-G42-Notebook-PC
uname -m = i686
uname -r = 3.19.0-58-generic
uname -s = Linux
uname -v = #64-Ubuntu SMP Thu Mar 17 18:28:55 UTC 2016

/usr/bin/uname -p = unknown
/bin/uname -X     = unknown

/bin/arch              = unknown
/usr/bin/arch -k       = unknown
/usr/convex/getsysinfo = unknown
/usr/bin/hostinfo      = unknown
/bin/machine           = unknown
/usr/bin/oslevel       = unknown
/bin/universe          = unknown

PATH: /home/allan/jhbuild/install/bin
PATH: /usr/local/sbin
PATH: /usr/local/bin
PATH: /usr/sbin
PATH: /usr/bin
PATH: /sbin
PATH: /bin
PATH: /usr/games
PATH: /usr/local/games
PATH: /usr/local/java/jdk1.7.0_79/bin
PATH: /usr/local/java/jdk1.7.0_79/jre/bin
PATH: /home/allan/.local/bin


## ----------- ##
## Core tests. ##
## ----------- ##

configure:2424: checking for a BSD-compatible install
configure:2492: result: /usr/bin/install -c
configure:2503: checking whether build environment is sane
configure:2558: result: yes
configure:2709: checking for a thread-safe mkdir -p
configure:2748: result: /bin/mkdir -p
configure:2755: checking for gawk
configure:2771: found /usr/bin/gawk
configure:2782: result: gawk
configure:2793: checking whether make sets $(MAKE)
configure:2815: result: yes
configure:2844: checking whether make supports nested variables
configure:2861: result: yes
configure:2987: checking whether to enable maintainer-specific portions of Makefiles
configure:2996: result: yes
configure:3023: checking for style of include used by make
configure:3051: result: GNU
configure:3122: checking for gcc
configure:3138: found /usr/bin/gcc
configure:3149: result: gcc
configure:3378: checking for C compiler version
configure:3387: gcc --version >&5
gcc (Ubuntu 4.9.2-10ubuntu13) 4.9.2
Copyright (C) 2014 Free Software Foundation, Inc.
This is free software; see the source for copying conditions.  There is NO
warranty; not even for MERCHANTABILITY or FITNESS FOR A PARTICULAR PURPOSE.

configure:3398: $? = 0
configure:3387: gcc -v >&5
Using built-in specs.
COLLECT_GCC=gcc
COLLECT_LTO_WRAPPER=/usr/lib/gcc/i686-linux-gnu/4.9/lto-wrapper
Target: i686-linux-gnu
Configured with: ../src/configure -v --with-pkgversion='Ubuntu 4.9.2-10ubuntu13' --with-bugurl=file:///usr/share/doc/gcc-4.9/README.Bugs --enable-languages=c,c++,java,go,d,fortran,objc,obj-c++ --prefix=/usr --program-suffix=-4.9 --enable-shared --enable-linker-build-id --libexecdir=/usr/lib --without-included-gettext --enable-threads=posix --with-gxx-include-dir=/usr/include/c++/4.9 --libdir=/usr/lib --enable-nls --with-sysroot=/ --enable-clocale=gnu --enable-libstdcxx-debug --enable-libstdcxx-time=yes --enable-gnu-unique-object --disable-vtable-verify --enable-plugin --with-system-zlib --disable-browser-plugin --enable-java-awt=gtk --enable-gtk-cairo --with-java-home=/usr/lib/jvm/java-1.5.0-gcj-4.9-i386/jre --enable-java-home --with-jvm-root-dir=/usr/lib/jvm/java-1.5.0-gcj-4.9-i386 --with-jvm-jar-dir=/usr/lib/jvm-exports/java-1.5.0-gcj-4.9-i386 --with-arch-directory=i386 --with-ecj-jar=/usr/share/java/eclipse-ecj.jar --enable-objc-gc --enable-targets=all --enable-multiarch --disable-werror --with-arch-32=i686 --with-multilib-list=m32,m64,mx32 --enable-multilib --with-tune=generic --enable-checking=release --build=i686-linux-gnu --host=i686-linux-gnu --target=i686-linux-gnu
Thread model: posix
gcc version 4.9.2 (Ubuntu 4.9.2-10ubuntu13) 
configure:3398: $? = 0
configure:3387: gcc -V >&5
gcc: error: unrecognized command line option '-V'
gcc: fatal error: no input files
compilation terminated.
configure:3398: $? = 4
configure:3387: gcc -qversion >&5
gcc: error: unrecognized command line option '-qversion'
gcc: fatal error: no input files
compilation terminated.
configure:3398: $? = 4
configure:3418: checking whether the C compiler works
configure:3440: gcc   -L/home/allan/jhbuild/install/lib  conftest.c  >&5
configure:3444: $? = 0
configure:3492: result: yes
configure:3495: checking for C compiler default output file name
configure:3497: result: a.out
configure:3503: checking for suffix of executables
configure:3510: gcc -o conftest   -L/home/allan/jhbuild/install/lib  conftest.c  >&5
configure:3514: $? = 0
configure:3536: result: 
configure:3558: checking whether we are cross compiling
configure:3566: gcc -o conftest   -L/home/allan/jhbuild/install/lib  conftest.c  >&5
configure:3570: $? = 0
configure:3577: ./conftest
configure:3581: $? = 0
configure:3596: result: no
configure:3601: checking for suffix of object files
configure:3623: gcc -c   conftest.c >&5
configure:3627: $? = 0
configure:3648: result: o
configure:3652: checking whether we are using the GNU C compiler
configure:3671: gcc -c   conftest.c >&5
configure:3671: $? = 0
configure:3680: result: yes
configure:3689: checking whether gcc accepts -g
configure:3709: gcc -c -g  conftest.c >&5
configure:3709: $? = 0
configure:3750: result: yes
configure:3767: checking for gcc option to accept ISO C89
configure:3830: gcc  -c -g -O2  conftest.c >&5
configure:3830: $? = 0
configure:3843: result: none needed
configure:3868: checking whether gcc understands -c and -o together
configure:3890: gcc -c conftest.c -o conftest2.o
configure:3893: $? = 0
configure:3890: gcc -c conftest.c -o conftest2.o
configure:3893: $? = 0
configure:3905: result: yes
configure:3924: checking dependency style of gcc
configure:4035: result: gcc3
configure:4056: checking how to run the C preprocessor
configure:4087: gcc -E  conftest.c
configure:4087: $? = 0
configure:4101: gcc -E  conftest.c
conftest.c:11:28: fatal error: ac_nonexistent.h: No such file or directory
 #include <ac_nonexistent.h>
                            ^
compilation terminated.
configure:4101: $? = 1
configure: failed program was:
| /* confdefs.h */
| #define PACKAGE_NAME "libxkbcommon"
| #define PACKAGE_TARNAME "libxkbcommon"
| #define PACKAGE_VERSION "0.5.0"
| #define PACKAGE_STRING "libxkbcommon 0.5.0"
| #define PACKAGE_BUGREPORT "https://bugs.freedesktop.org/enter_bug.cgi?product=libxkbcommon"
| #define PACKAGE_URL "http://xkbcommon.org"
| #define PACKAGE "libxkbcommon"
| #define VERSION "0.5.0"
| /* end confdefs.h.  */
| #include <ac_nonexistent.h>
configure:4126: result: gcc -E
configure:4146: gcc -E  conftest.c
configure:4146: $? = 0
configure:4160: gcc -E  conftest.c
conftest.c:11:28: fatal error: ac_nonexistent.h: No such file or directory
 #include <ac_nonexistent.h>
                            ^
compilation terminated.
configure:4160: $? = 1
configure: failed program was:
| /* confdefs.h */
| #define PACKAGE_NAME "libxkbcommon"
| #define PACKAGE_TARNAME "libxkbcommon"
| #define PACKAGE_VERSION "0.5.0"
| #define PACKAGE_STRING "libxkbcommon 0.5.0"
| #define PACKAGE_BUGREPORT "https://bugs.freedesktop.org/enter_bug.cgi?product=libxkbcommon"
| #define PACKAGE_URL "http://xkbcommon.org"
| #define PACKAGE "libxkbcommon"
| #define VERSION "0.5.0"
| /* end confdefs.h.  */
| #include <ac_nonexistent.h>
configure:4189: checking for grep that handles long lines and -e
configure:4247: result: /bin/grep
configure:4252: checking for egrep
configure:4314: result: /bin/grep -E
configure:4319: checking for ANSI C header files
configure:4339: gcc -c -g -O2  conftest.c >&5
configure:4339: $? = 0
configure:4412: gcc -o conftest -g -O2  -L/home/allan/jhbuild/install/lib  conftest.c  >&5
configure:4412: $? = 0
configure:4412: ./conftest
configure:4412: $? = 0
configure:4423: result: yes
configure:4436: checking for sys/types.h
configure:4436: gcc -c -g -O2  conftest.c >&5
configure:4436: $? = 0
configure:4436: result: yes
configure:4436: checking for sys/stat.h
configure:4436: gcc -c -g -O2  conftest.c >&5
configure:4436: $? = 0
configure:4436: result: yes
configure:4436: checking for stdlib.h
configure:4436: gcc -c -g -O2  conftest.c >&5
configure:4436: $? = 0
configure:4436: result: yes
configure:4436: checking for string.h
configure:4436: gcc -c -g -O2  conftest.c >&5
configure:4436: $? = 0
configure:4436: result: yes
configure:4436: checking for memory.h
configure:4436: gcc -c -g -O2  conftest.c >&5
configure:4436: $? = 0
configure:4436: result: yes
configure:4436: checking for strings.h
configure:4436: gcc -c -g -O2  conftest.c >&5
configure:4436: $? = 0
configure:4436: result: yes
configure:4436: checking for inttypes.h
configure:4436: gcc -c -g -O2  conftest.c >&5
configure:4436: $? = 0
configure:4436: result: yes
configure:4436: checking for stdint.h
configure:4436: gcc -c -g -O2  conftest.c >&5
configure:4436: $? = 0
configure:4436: result: yes
configure:4436: checking for unistd.h
configure:4436: gcc -c -g -O2  conftest.c >&5
configure:4436: $? = 0
configure:4436: result: yes
configure:4449: checking minix/config.h usability
configure:4449: gcc -c -g -O2  conftest.c >&5
conftest.c:54:26: fatal error: minix/config.h: No such file or directory
 #include <minix/config.h>
                          ^
compilation terminated.
configure:4449: $? = 1
configure: failed program was:
| /* confdefs.h */
| #define PACKAGE_NAME "libxkbcommon"
| #define PACKAGE_TARNAME "libxkbcommon"
| #define PACKAGE_VERSION "0.5.0"
| #define PACKAGE_STRING "libxkbcommon 0.5.0"
| #define PACKAGE_BUGREPORT "https://bugs.freedesktop.org/enter_bug.cgi?product=libxkbcommon"
| #define PACKAGE_URL "http://xkbcommon.org"
| #define PACKAGE "libxkbcommon"
| #define VERSION "0.5.0"
| #define STDC_HEADERS 1
| #define HAVE_SYS_TYPES_H 1
| #define HAVE_SYS_STAT_H 1
| #define HAVE_STDLIB_H 1
| #define HAVE_STRING_H 1
| #define HAVE_MEMORY_H 1
| #define HAVE_STRINGS_H 1
| #define HAVE_INTTYPES_H 1
| #define HAVE_STDINT_H 1
| #define HAVE_UNISTD_H 1
| /* end confdefs.h.  */
| #include <stdio.h>
| #ifdef HAVE_SYS_TYPES_H
| # include <sys/types.h>
| #endif
| #ifdef HAVE_SYS_STAT_H
| # include <sys/stat.h>
| #endif
| #ifdef STDC_HEADERS
| # include <stdlib.h>
| # include <stddef.h>
| #else
| # ifdef HAVE_STDLIB_H
| #  include <stdlib.h>
| # endif
| #endif
| #ifdef HAVE_STRING_H
| # if !defined STDC_HEADERS && defined HAVE_MEMORY_H
| #  include <memory.h>
| # endif
| # include <string.h>
| #endif
| #ifdef HAVE_STRINGS_H
| # include <strings.h>
| #endif
| #ifdef HAVE_INTTYPES_H
| # include <inttypes.h>
| #endif
| #ifdef HAVE_STDINT_H
| # include <stdint.h>
| #endif
| #ifdef HAVE_UNISTD_H
| # include <unistd.h>
| #endif
| #include <minix/config.h>
configure:4449: result: no
configure:4449: checking minix/config.h presence
configure:4449: gcc -E  conftest.c
conftest.c:21:26: fatal error: minix/config.h: No such file or directory
 #include <minix/config.h>
                          ^
compilation terminated.
configure:4449: $? = 1
configure: failed program was:
| /* confdefs.h */
| #define PACKAGE_NAME "libxkbcommon"
| #define PACKAGE_TARNAME "libxkbcommon"
| #define PACKAGE_VERSION "0.5.0"
| #define PACKAGE_STRING "libxkbcommon 0.5.0"
| #define PACKAGE_BUGREPORT "https://bugs.freedesktop.org/enter_bug.cgi?product=libxkbcommon"
| #define PACKAGE_URL "http://xkbcommon.org"
| #define PACKAGE "libxkbcommon"
| #define VERSION "0.5.0"
| #define STDC_HEADERS 1
| #define HAVE_SYS_TYPES_H 1
| #define HAVE_SYS_STAT_H 1
| #define HAVE_STDLIB_H 1
| #define HAVE_STRING_H 1
| #define HAVE_MEMORY_H 1
| #define HAVE_STRINGS_H 1
| #define HAVE_INTTYPES_H 1
| #define HAVE_STDINT_H 1
| #define HAVE_UNISTD_H 1
| /* end confdefs.h.  */
| #include <minix/config.h>
configure:4449: result: no
configure:4449: checking for minix/config.h
configure:4449: result: no
configure:4470: checking whether it is safe to define __EXTENSIONS__
configure:4488: gcc -c -g -O2  conftest.c >&5
configure:4488: $? = 0
configure:4495: result: yes
configure:4540: checking build system type
configure:4554: result: i686-pc-linux-gnu
configure:4574: checking host system type
configure:4587: result: i686-pc-linux-gnu
configure:4628: checking how to print strings
configure:4655: result: printf
configure:4676: checking for a sed that does not truncate output
configure:4740: result: /bin/sed
configure:4758: checking for fgrep
configure:4820: result: /bin/grep -F
configure:4855: checking for ld used by gcc
configure:4922: result: /usr/bin/ld
configure:4929: checking if the linker (/usr/bin/ld) is GNU ld
configure:4944: result: yes
configure:4956: checking for BSD- or MS-compatible name lister (nm)
configure:5005: result: /usr/bin/nm -B
configure:5135: checking the name lister (/usr/bin/nm -B) interface
configure:5142: gcc -c -g -O2  conftest.c >&5
configure:5145: /usr/bin/nm -B "conftest.o"
configure:5148: output
00000000 B some_variable
configure:5155: result: BSD nm
configure:5158: checking whether ln -s works
configure:5162: result: yes
configure:5170: checking the maximum length of command line arguments
configure:5300: result: 1572864
configure:5317: checking whether the shell understands some XSI constructs
configure:5327: result: yes
configure:5331: checking whether the shell understands "+="
configure:5337: result: yes
configure:5372: checking how to convert i686-pc-linux-gnu file names to i686-pc-linux-gnu format
configure:5412: result: func_convert_file_noop
configure:5419: checking how to convert i686-pc-linux-gnu file names to toolchain format
configure:5439: result: func_convert_file_noop
configure:5446: checking for /usr/bin/ld option to reload object files
configure:5453: result: -r
configure:5527: checking for objdump
configure:5543: found /usr/bin/objdump
configure:5554: result: objdump
configure:5586: checking how to recognize dependent libraries
configure:5788: result: pass_all
configure:5873: checking for dlltool
configure:5903: result: no
configure:5933: checking how to associate runtime and link libraries
configure:5960: result: printf %s\n
configure:6020: checking for ar
configure:6036: found /usr/bin/ar
configure:6047: result: ar
configure:6084: checking for archiver @FILE support
configure:6101: gcc -c -g -O2  conftest.c >&5
configure:6101: $? = 0
configure:6104: ar cru libconftest.a @conftest.lst >&5
configure:6107: $? = 0
configure:6112: ar cru libconftest.a @conftest.lst >&5
ar: conftest.o: No such file or directory
configure:6115: $? = 1
configure:6127: result: @
configure:6185: checking for strip
configure:6201: found /usr/bin/strip
configure:6212: result: strip
configure:6284: checking for ranlib
configure:6300: found /usr/bin/ranlib
configure:6311: result: ranlib
configure:6413: checking command to parse /usr/bin/nm -B output from gcc object
configure:6533: gcc -c -g -O2  conftest.c >&5
configure:6536: $? = 0
configure:6540: /usr/bin/nm -B conftest.o \| sed -n -e 's/^.*[ ]\([ABCDGIRSTW][ABCDGIRSTW]*\)[ ][ ]*\([_A-Za-z][_A-Za-z0-9]*\)$/\1 \2 \2/p' | sed '/ __gnu_lto/d' \> conftest.nm
configure:6543: $? = 0
configure:6609: gcc -o conftest -g -O2  -L/home/allan/jhbuild/install/lib  conftest.c conftstm.o >&5
configure:6612: $? = 0
configure:6650: result: ok
configure:6687: checking for sysroot
configure:6717: result: no
configure:6973: checking for mt
configure:6989: found /bin/mt
configure:7000: result: mt
configure:7023: checking if mt is a manifest tool
configure:7029: mt '-?'
configure:7037: result: no
configure:7676: checking for dlfcn.h
configure:7676: gcc -c -g -O2  conftest.c >&5
configure:7676: $? = 0
configure:7676: result: yes
configure:7882: checking for objdir
configure:7897: result: .libs
configure:8168: checking if gcc supports -fno-rtti -fno-exceptions
configure:8186: gcc -c -g -O2  -fno-rtti -fno-exceptions conftest.c >&5
cc1: warning: command line option '-fno-rtti' is valid for C++/ObjC++ but not for C
configure:8190: $? = 0
configure:8203: result: no
configure:8530: checking for gcc option to produce PIC
configure:8537: result: -fPIC -DPIC
configure:8545: checking if gcc PIC flag -fPIC -DPIC works
configure:8563: gcc -c -g -O2  -fPIC -DPIC -DPIC conftest.c >&5
configure:8567: $? = 0
configure:8580: result: yes
configure:8609: checking if gcc static flag -static works
configure:8637: result: yes
configure:8652: checking if gcc supports -c -o file.o
configure:8673: gcc -c -g -O2  -o out/conftest2.o conftest.c >&5
configure:8677: $? = 0
configure:8699: result: yes
configure:8707: checking if gcc supports -c -o file.o
configure:8754: result: yes
configure:8787: checking whether the gcc linker (/usr/bin/ld) supports shared libraries
configure:9940: result: yes
configure:9977: checking whether -lc should be explicitly linked in
configure:9985: gcc -c -g -O2  conftest.c >&5
configure:9988: $? = 0
configure:10003: gcc -shared  -fPIC -DPIC conftest.o  -v -Wl,-soname -Wl,conftest -o conftest 2\>\&1 \| /bin/grep  -lc  \>/dev/null 2\>\&1
configure:10006: $? = 0
configure:10020: result: no
configure:10180: checking dynamic linker characteristics
configure:10691: gcc -o conftest -g -O2  -L/home/allan/jhbuild/install/lib  -Wl,-rpath -Wl,/foo conftest.c  >&5
configure:10691: $? = 0
configure:10913: result: GNU/Linux ld.so
configure:11020: checking how to hardcode library paths into programs
configure:11045: result: immediate
configure:11585: checking whether stripping libraries is possible
configure:11590: result: yes
configure:11625: checking if libtool supports shared libraries
configure:11627: result: yes
configure:11630: checking whether to build shared libraries
configure:11651: result: yes
configure:11654: checking whether to build static libraries
configure:11658: result: no
configure:11708: checking for gcc option to accept ISO C99
configure:11857: gcc  -c -g -O2  conftest.c >&5
conftest.c:78:29: error: expected ';', ',' or ')' before 'text'
 test_restrict (ccp restrict text)
                             ^
conftest.c: In function 'main':
conftest.c:132:18: error: expected '=', ',', ';', 'asm' or '__attribute__' before 'newvar'
   char *restrict newvar = "Another string";
                  ^
conftest.c:132:18: error: 'newvar' undeclared (first use in this function)
conftest.c:132:18: note: each undeclared identifier is reported only once for each function it appears in
conftest.c:142:3: error: 'for' loop initial declarations are only allowed in C99 or C11 mode
   for (int i = 0; i < ia->datasize; ++i)
   ^
conftest.c:142:3: note: use option -std=c99, -std=gnu99, -std=c11 or -std=gnu11 to compile your code
configure:11857: $? = 1
configure: failed program was:
| /* confdefs.h */
| #define PACKAGE_NAME "libxkbcommon"
| #define PACKAGE_TARNAME "libxkbcommon"
| #define PACKAGE_VERSION "0.5.0"
| #define PACKAGE_STRING "libxkbcommon 0.5.0"
| #define PACKAGE_BUGREPORT "https://bugs.freedesktop.org/enter_bug.cgi?product=libxkbcommon"
| #define PACKAGE_URL "http://xkbcommon.org"
| #define PACKAGE "libxkbcommon"
| #define VERSION "0.5.0"
| #define STDC_HEADERS 1
| #define HAVE_SYS_TYPES_H 1
| #define HAVE_SYS_STAT_H 1
| #define HAVE_STDLIB_H 1
| #define HAVE_STRING_H 1
| #define HAVE_MEMORY_H 1
| #define HAVE_STRINGS_H 1
| #define HAVE_INTTYPES_H 1
| #define HAVE_STDINT_H 1
| #define HAVE_UNISTD_H 1
| #define __EXTENSIONS__ 1
| #define _ALL_SOURCE 1
| #define _GNU_SOURCE 1
| #define _POSIX_PTHREAD_SEMANTICS 1
| #define _TANDEM_SOURCE 1
| #define HAVE_DLFCN_H 1
| #define LT_OBJDIR ".libs/"
| /* end confdefs.h.  */
| #include <stdarg.h>
| #include <stdbool.h>
| #include <stdlib.h>
| #include <wchar.h>
| #include <stdio.h>
| 
| // Check varargs macros.  These examples are taken from C99 6.10.3.5.
| #define debug(...) fprintf (stderr, __VA_ARGS__)
| #define showlist(...) puts (#__VA_ARGS__)
| #define report(test,...) ((test) ? puts (#test) : printf (__VA_ARGS__))
| static void
| test_varargs_macros (void)
| {
|   int x = 1234;
|   int y = 5678;
|   debug ("Flag");
|   debug ("X = %d\n", x);
|   showlist (The first, second, and third items.);
|   report (x>y, "x is %d but y is %d", x, y);
| }
| 
| // Check long long types.
| #define BIG64 18446744073709551615ull
| #define BIG32 4294967295ul
| #define BIG_OK (BIG64 / BIG32 == 4294967297ull && BIG64 % BIG32 == 0)
| #if !BIG_OK
|   your preprocessor is broken;
| #endif
| #if BIG_OK
| #else
|   your preprocessor is broken;
| #endif
| static long long int bignum = -9223372036854775807LL;
| static unsigned long long int ubignum = BIG64;
| 
| struct incomplete_array
| {
|   int datasize;
|   double data[];
| };
| 
| struct named_init {
|   int number;
|   const wchar_t *name;
|   double average;
| };
| 
| typedef const char *ccp;
| 
| static inline int
| test_restrict (ccp restrict text)
| {
|   // See if C++-style comments work.
|   // Iterate through items via the restricted pointer.
|   // Also check for declarations in for loops.
|   for (unsigned int i = 0; *(text+i) != '\0'; ++i)
|     continue;
|   return 0;
| }
| 
| // Check varargs and va_copy.
| static void
| test_varargs (const char *format, ...)
| {
|   va_list args;
|   va_start (args, format);
|   va_list args_copy;
|   va_copy (args_copy, args);
| 
|   const char *str;
|   int number;
|   float fnumber;
| 
|   while (*format)
|     {
|       switch (*format++)
| 	{
| 	case 's': // string
| 	  str = va_arg (args_copy, const char *);
| 	  break;
| 	case 'd': // int
| 	  number = va_arg (args_copy, int);
| 	  break;
| 	case 'f': // float
| 	  fnumber = va_arg (args_copy, double);
| 	  break;
| 	default:
| 	  break;
| 	}
|     }
|   va_end (args_copy);
|   va_end (args);
| }
| 
| int
| main ()
| {
| 
|   // Check bool.
|   _Bool success = false;
| 
|   // Check restrict.
|   if (test_restrict ("String literal") == 0)
|     success = true;
|   char *restrict newvar = "Another string";
| 
|   // Check varargs.
|   test_varargs ("s, d' f .", "string", 65, 34.234);
|   test_varargs_macros ();
| 
|   // Check flexible array members.
|   struct incomplete_array *ia =
|     malloc (sizeof (struct incomplete_array) + (sizeof (double) * 10));
|   ia->datasize = 10;
|   for (int i = 0; i < ia->datasize; ++i)
|     ia->data[i] = i * 1.234;
| 
|   // Check named initializers.
|   struct named_init ni = {
|     .number = 34,
|     .name = L"Test wide string",
|     .average = 543.34343,
|   };
| 
|   ni.number = 58;
| 
|   int dynamic_array[ni.number];
|   dynamic_array[ni.number - 1] = 543;
| 
|   // work around unused variable warnings
|   return (!success || bignum == 0LL || ubignum == 0uLL || newvar[0] == 'x'
| 	  || dynamic_array[ni.number - 1] != 543);
| 
|   ;
|   return 0;
| }
configure:11857: gcc -std=gnu99 -c -g -O2  conftest.c >&5
configure:11857: $? = 0
configure:11877: result: -std=gnu99
configure:11889: checking whether __clang__ is declared
configure:11889: gcc -std=gnu99 -c -g -O2  conftest.c >&5
conftest.c: In function 'main':
conftest.c:68:10: error: '__clang__' undeclared (first use in this function)
   (void) __clang__;
          ^
conftest.c:68:10: note: each undeclared identifier is reported only once for each function it appears in
configure:11889: $? = 1
configure: failed program was:
| /* confdefs.h */
| #define PACKAGE_NAME "libxkbcommon"
| #define PACKAGE_TARNAME "libxkbcommon"
| #define PACKAGE_VERSION "0.5.0"
| #define PACKAGE_STRING "libxkbcommon 0.5.0"
| #define PACKAGE_BUGREPORT "https://bugs.freedesktop.org/enter_bug.cgi?product=libxkbcommon"
| #define PACKAGE_URL "http://xkbcommon.org"
| #define PACKAGE "libxkbcommon"
| #define VERSION "0.5.0"
| #define STDC_HEADERS 1
| #define HAVE_SYS_TYPES_H 1
| #define HAVE_SYS_STAT_H 1
| #define HAVE_STDLIB_H 1
| #define HAVE_STRING_H 1
| #define HAVE_MEMORY_H 1
| #define HAVE_STRINGS_H 1
| #define HAVE_INTTYPES_H 1
| #define HAVE_STDINT_H 1
| #define HAVE_UNISTD_H 1
| #define __EXTENSIONS__ 1
| #define _ALL_SOURCE 1
| #define _GNU_SOURCE 1
| #define _POSIX_PTHREAD_SEMANTICS 1
| #define _TANDEM_SOURCE 1
| #define HAVE_DLFCN_H 1
| #define LT_OBJDIR ".libs/"
| /* end confdefs.h.  */
| #include <stdio.h>
| #ifdef HAVE_SYS_TYPES_H
| # include <sys/types.h>
| #endif
| #ifdef HAVE_SYS_STAT_H
| # include <sys/stat.h>
| #endif
| #ifdef STDC_HEADERS
| # include <stdlib.h>
| # include <stddef.h>
| #else
| # ifdef HAVE_STDLIB_H
| #  include <stdlib.h>
| # endif
| #endif
| #ifdef HAVE_STRING_H
| # if !defined STDC_HEADERS && defined HAVE_MEMORY_H
| #  include <memory.h>
| # endif
| # include <string.h>
| #endif
| #ifdef HAVE_STRINGS_H
| # include <strings.h>
| #endif
| #ifdef HAVE_INTTYPES_H
| # include <inttypes.h>
| #endif
| #ifdef HAVE_STDINT_H
| # include <stdint.h>
| #endif
| #ifdef HAVE_UNISTD_H
| # include <unistd.h>
| #endif
| int
| main ()
| {
| #ifndef __clang__
| #ifdef __cplusplus
|   (void) __clang__;
| #else
|   (void) __clang__;
| #endif
| #endif
| 
|   ;
|   return 0;
| }
configure:11889: result: no
configure:11896: checking whether __INTEL_COMPILER is declared
configure:11896: gcc -std=gnu99 -c -g -O2  conftest.c >&5
conftest.c: In function 'main':
conftest.c:68:10: error: '__INTEL_COMPILER' undeclared (first use in this function)
   (void) __INTEL_COMPILER;
          ^
conftest.c:68:10: note: each undeclared identifier is reported only once for each function it appears in
configure:11896: $? = 1
configure: failed program was:
| /* confdefs.h */
| #define PACKAGE_NAME "libxkbcommon"
| #define PACKAGE_TARNAME "libxkbcommon"
| #define PACKAGE_VERSION "0.5.0"
| #define PACKAGE_STRING "libxkbcommon 0.5.0"
| #define PACKAGE_BUGREPORT "https://bugs.freedesktop.org/enter_bug.cgi?product=libxkbcommon"
| #define PACKAGE_URL "http://xkbcommon.org"
| #define PACKAGE "libxkbcommon"
| #define VERSION "0.5.0"
| #define STDC_HEADERS 1
| #define HAVE_SYS_TYPES_H 1
| #define HAVE_SYS_STAT_H 1
| #define HAVE_STDLIB_H 1
| #define HAVE_STRING_H 1
| #define HAVE_MEMORY_H 1
| #define HAVE_STRINGS_H 1
| #define HAVE_INTTYPES_H 1
| #define HAVE_STDINT_H 1
| #define HAVE_UNISTD_H 1
| #define __EXTENSIONS__ 1
| #define _ALL_SOURCE 1
| #define _GNU_SOURCE 1
| #define _POSIX_PTHREAD_SEMANTICS 1
| #define _TANDEM_SOURCE 1
| #define HAVE_DLFCN_H 1
| #define LT_OBJDIR ".libs/"
| /* end confdefs.h.  */
| #include <stdio.h>
| #ifdef HAVE_SYS_TYPES_H
| # include <sys/types.h>
| #endif
| #ifdef HAVE_SYS_STAT_H
| # include <sys/stat.h>
| #endif
| #ifdef STDC_HEADERS
| # include <stdlib.h>
| # include <stddef.h>
| #else
| # ifdef HAVE_STDLIB_H
| #  include <stdlib.h>
| # endif
| #endif
| #ifdef HAVE_STRING_H
| # if !defined STDC_HEADERS && defined HAVE_MEMORY_H
| #  include <memory.h>
| # endif
| # include <string.h>
| #endif
| #ifdef HAVE_STRINGS_H
| # include <strings.h>
| #endif
| #ifdef HAVE_INTTYPES_H
| # include <inttypes.h>
| #endif
| #ifdef HAVE_STDINT_H
| # include <stdint.h>
| #endif
| #ifdef HAVE_UNISTD_H
| # include <unistd.h>
| #endif
| int
| main ()
| {
| #ifndef __INTEL_COMPILER
| #ifdef __cplusplus
|   (void) __INTEL_COMPILER;
| #else
|   (void) __INTEL_COMPILER;
| #endif
| #endif
| 
|   ;
|   return 0;
| }
configure:11896: result: no
configure:11903: checking whether __SUNPRO_C is declared
configure:11903: gcc -std=gnu99 -c -g -O2  conftest.c >&5
conftest.c: In function 'main':
conftest.c:68:10: error: '__SUNPRO_C' undeclared (first use in this function)
   (void) __SUNPRO_C;
          ^
conftest.c:68:10: note: each undeclared identifier is reported only once for each function it appears in
configure:11903: $? = 1
configure: failed program was:
| /* confdefs.h */
| #define PACKAGE_NAME "libxkbcommon"
| #define PACKAGE_TARNAME "libxkbcommon"
| #define PACKAGE_VERSION "0.5.0"
| #define PACKAGE_STRING "libxkbcommon 0.5.0"
| #define PACKAGE_BUGREPORT "https://bugs.freedesktop.org/enter_bug.cgi?product=libxkbcommon"
| #define PACKAGE_URL "http://xkbcommon.org"
| #define PACKAGE "libxkbcommon"
| #define VERSION "0.5.0"
| #define STDC_HEADERS 1
| #define HAVE_SYS_TYPES_H 1
| #define HAVE_SYS_STAT_H 1
| #define HAVE_STDLIB_H 1
| #define HAVE_STRING_H 1
| #define HAVE_MEMORY_H 1
| #define HAVE_STRINGS_H 1
| #define HAVE_INTTYPES_H 1
| #define HAVE_STDINT_H 1
| #define HAVE_UNISTD_H 1
| #define __EXTENSIONS__ 1
| #define _ALL_SOURCE 1
| #define _GNU_SOURCE 1
| #define _POSIX_PTHREAD_SEMANTICS 1
| #define _TANDEM_SOURCE 1
| #define HAVE_DLFCN_H 1
| #define LT_OBJDIR ".libs/"
| /* end confdefs.h.  */
| #include <stdio.h>
| #ifdef HAVE_SYS_TYPES_H
| # include <sys/types.h>
| #endif
| #ifdef HAVE_SYS_STAT_H
| # include <sys/stat.h>
| #endif
| #ifdef STDC_HEADERS
| # include <stdlib.h>
| # include <stddef.h>
| #else
| # ifdef HAVE_STDLIB_H
| #  include <stdlib.h>
| # endif
| #endif
| #ifdef HAVE_STRING_H
| # if !defined STDC_HEADERS && defined HAVE_MEMORY_H
| #  include <memory.h>
| # endif
| # include <string.h>
| #endif
| #ifdef HAVE_STRINGS_H
| # include <strings.h>
| #endif
| #ifdef HAVE_INTTYPES_H
| # include <inttypes.h>
| #endif
| #ifdef HAVE_STDINT_H
| # include <stdint.h>
| #endif
| #ifdef HAVE_UNISTD_H
| # include <unistd.h>
| #endif
| int
| main ()
| {
| #ifndef __SUNPRO_C
| #ifdef __cplusplus
|   (void) __SUNPRO_C;
| #else
|   (void) __SUNPRO_C;
| #endif
| #endif
| 
|   ;
|   return 0;
| }
configure:11903: result: no
configure:11965: checking for pkg-config
configure:11983: found /usr/bin/pkg-config
configure:11995: result: /usr/bin/pkg-config
configure:12020: checking pkg-config is at least version 0.9.0
configure:12023: result: yes
configure:12072: checking if gcc -std=gnu99 supports -Werror=unknown-warning-option
configure:12081: gcc -std=gnu99 -c -g -O2 -Werror=unknown-warning-option  conftest.c >&5
cc1: error: -Werror=unknown-warning-option: no option -Wunknown-warning-option
configure:12081: $? = 1
configure: failed program was:
| /* confdefs.h */
| #define PACKAGE_NAME "libxkbcommon"
| #define PACKAGE_TARNAME "libxkbcommon"
| #define PACKAGE_VERSION "0.5.0"
| #define PACKAGE_STRING "libxkbcommon 0.5.0"
| #define PACKAGE_BUGREPORT "https://bugs.freedesktop.org/enter_bug.cgi?product=libxkbcommon"
| #define PACKAGE_URL "http://xkbcommon.org"
| #define PACKAGE "libxkbcommon"
| #define VERSION "0.5.0"
| #define STDC_HEADERS 1
| #define HAVE_SYS_TYPES_H 1
| #define HAVE_SYS_STAT_H 1
| #define HAVE_STDLIB_H 1
| #define HAVE_STRING_H 1
| #define HAVE_MEMORY_H 1
| #define HAVE_STRINGS_H 1
| #define HAVE_INTTYPES_H 1
| #define HAVE_STDINT_H 1
| #define HAVE_UNISTD_H 1
| #define __EXTENSIONS__ 1
| #define _ALL_SOURCE 1
| #define _GNU_SOURCE 1
| #define _POSIX_PTHREAD_SEMANTICS 1
| #define _TANDEM_SOURCE 1
| #define HAVE_DLFCN_H 1
| #define LT_OBJDIR ".libs/"
| /* end confdefs.h.  */
| int i;
configure:12088: result: no
configure:12099: checking if gcc -std=gnu99 supports -Werror=unused-command-line-argument
configure:12108: gcc -std=gnu99 -c -g -O2 -Werror=unused-command-line-argument  conftest.c >&5
cc1: error: -Werror=unused-command-line-argument: no option -Wunused-command-line-argument
configure:12108: $? = 1
configure: failed program was:
| /* confdefs.h */
| #define PACKAGE_NAME "libxkbcommon"
| #define PACKAGE_TARNAME "libxkbcommon"
| #define PACKAGE_VERSION "0.5.0"
| #define PACKAGE_STRING "libxkbcommon 0.5.0"
| #define PACKAGE_BUGREPORT "https://bugs.freedesktop.org/enter_bug.cgi?product=libxkbcommon"
| #define PACKAGE_URL "http://xkbcommon.org"
| #define PACKAGE "libxkbcommon"
| #define VERSION "0.5.0"
| #define STDC_HEADERS 1
| #define HAVE_SYS_TYPES_H 1
| #define HAVE_SYS_STAT_H 1
| #define HAVE_STDLIB_H 1
| #define HAVE_STRING_H 1
| #define HAVE_MEMORY_H 1
| #define HAVE_STRINGS_H 1
| #define HAVE_INTTYPES_H 1
| #define HAVE_STDINT_H 1
| #define HAVE_UNISTD_H 1
| #define __EXTENSIONS__ 1
| #define _ALL_SOURCE 1
| #define _GNU_SOURCE 1
| #define _POSIX_PTHREAD_SEMANTICS 1
| #define _TANDEM_SOURCE 1
| #define HAVE_DLFCN_H 1
| #define LT_OBJDIR ".libs/"
| /* end confdefs.h.  */
| int i;
configure:12115: result: no
configure:12134: checking if gcc -std=gnu99 supports -Wall
configure:12151: gcc -std=gnu99 -o conftest -g -O2 -Wall  -L/home/allan/jhbuild/install/lib  conftest.c  >&5
configure:12151: $? = 0
configure:12164: result: yes
configure:12252: checking if gcc -std=gnu99 supports -Wpointer-arith
configure:12269: gcc -std=gnu99 -o conftest -g -O2 -Wpointer-arith  -L/home/allan/jhbuild/install/lib  conftest.c  >&5
configure:12269: $? = 0
configure:12282: result: yes
configure:12370: checking if gcc -std=gnu99 supports -Wmissing-declarations
configure:12387: gcc -std=gnu99 -o conftest -g -O2 -Wmissing-declarations  -L/home/allan/jhbuild/install/lib  conftest.c  >&5
configure:12387: $? = 0
configure:12400: result: yes
configure:12488: checking if gcc -std=gnu99 supports -Wformat=2
configure:12505: gcc -std=gnu99 -o conftest -g -O2 -Wformat=2  -L/home/allan/jhbuild/install/lib  conftest.c  >&5
configure:12505: $? = 0
configure:12518: result: yes
configure:12657: checking if gcc -std=gnu99 supports -Wstrict-prototypes
configure:12674: gcc -std=gnu99 -o conftest -g -O2 -Wstrict-prototypes  -L/home/allan/jhbuild/install/lib  conftest.c  >&5
conftest.c:30:1: warning: function declaration isn't a prototype [-Wstrict-prototypes]
 main ()
 ^
configure:12674: $? = 0
configure:12687: result: yes
configure:12775: checking if gcc -std=gnu99 supports -Wmissing-prototypes
configure:12792: gcc -std=gnu99 -o conftest -g -O2 -Wmissing-prototypes  -L/home/allan/jhbuild/install/lib  conftest.c  >&5
configure:12792: $? = 0
configure:12805: result: yes
configure:12893: checking if gcc -std=gnu99 supports -Wnested-externs
configure:12910: gcc -std=gnu99 -o conftest -g -O2 -Wnested-externs  -L/home/allan/jhbuild/install/lib  conftest.c  >&5
configure:12910: $? = 0
configure:12923: result: yes
configure:13011: checking if gcc -std=gnu99 supports -Wbad-function-cast
configure:13028: gcc -std=gnu99 -o conftest -g -O2 -Wbad-function-cast  -L/home/allan/jhbuild/install/lib  conftest.c  >&5
configure:13028: $? = 0
configure:13041: result: yes
configure:13129: checking if gcc -std=gnu99 supports -Wold-style-definition
configure:13146: gcc -std=gnu99 -o conftest -g -O2 -Wold-style-definition  -L/home/allan/jhbuild/install/lib  conftest.c  >&5
conftest.c: In function 'main':
conftest.c:30:1: warning: old-style function definition [-Wold-style-definition]
 main ()
 ^
configure:13146: $? = 0
configure:13159: result: yes
configure:13296: checking if gcc -std=gnu99 supports -Wdeclaration-after-statement
configure:13313: gcc -std=gnu99 -o conftest -g -O2 -Wdeclaration-after-statement  -L/home/allan/jhbuild/install/lib  conftest.c  >&5
configure:13313: $? = 0
configure:13326: result: yes
configure:13418: checking if gcc -std=gnu99 supports -Wunused
configure:13435: gcc -std=gnu99 -o conftest -g -O2 -Wunused  -L/home/allan/jhbuild/install/lib  conftest.c  >&5
configure:13435: $? = 0
configure:13448: result: yes
configure:13536: checking if gcc -std=gnu99 supports -Wuninitialized
configure:13553: gcc -std=gnu99 -o conftest -g -O2 -Wuninitialized  -L/home/allan/jhbuild/install/lib  conftest.c  >&5
configure:13553: $? = 0
configure:13566: result: yes
configure:13654: checking if gcc -std=gnu99 supports -Wshadow
configure:13671: gcc -std=gnu99 -o conftest -g -O2 -Wshadow  -L/home/allan/jhbuild/install/lib  conftest.c  >&5
configure:13671: $? = 0
configure:13684: result: yes
configure:13772: checking if gcc -std=gnu99 supports -Wmissing-noreturn
configure:13789: gcc -std=gnu99 -o conftest -g -O2 -Wmissing-noreturn  -L/home/allan/jhbuild/install/lib  conftest.c  >&5
configure:13789: $? = 0
configure:13802: result: yes
configure:13890: checking if gcc -std=gnu99 supports -Wmissing-format-attribute
configure:13907: gcc -std=gnu99 -o conftest -g -O2 -Wmissing-format-attribute  -L/home/allan/jhbuild/install/lib  conftest.c  >&5
configure:13907: $? = 0
configure:13920: result: yes
configure:14008: checking if gcc -std=gnu99 supports -Wredundant-decls
configure:14025: gcc -std=gnu99 -o conftest -g -O2 -Wredundant-decls  -L/home/allan/jhbuild/install/lib  conftest.c  >&5
configure:14025: $? = 0
configure:14038: result: yes
configure:14126: checking if gcc -std=gnu99 supports -Wlogical-op
configure:14143: gcc -std=gnu99 -o conftest -g -O2 -Wlogical-op  -L/home/allan/jhbuild/install/lib  conftest.c  >&5
configure:14143: $? = 0
configure:14156: result: yes
configure:14256: checking if gcc -std=gnu99 supports -Werror=implicit
configure:14273: gcc -std=gnu99 -o conftest -g -O2 -Werror=implicit  -L/home/allan/jhbuild/install/lib  conftest.c  >&5
configure:14273: $? = 0
configure:14286: result: yes
configure:14423: checking if gcc -std=gnu99 supports -Werror=nonnull
configure:14440: gcc -std=gnu99 -o conftest -g -O2 -Werror=nonnull  -L/home/allan/jhbuild/install/lib  conftest.c  >&5
configure:14440: $? = 0
configure:14453: result: yes
configure:14541: checking if gcc -std=gnu99 supports -Werror=init-self
configure:14558: gcc -std=gnu99 -o conftest -g -O2 -Werror=init-self  -L/home/allan/jhbuild/install/lib  conftest.c  >&5
configure:14558: $? = 0
configure:14571: result: yes
configure:14659: checking if gcc -std=gnu99 supports -Werror=main
configure:14676: gcc -std=gnu99 -o conftest -g -O2 -Werror=main  -L/home/allan/jhbuild/install/lib  conftest.c  >&5
configure:14676: $? = 0
configure:14689: result: yes
configure:14777: checking if gcc -std=gnu99 supports -Werror=missing-braces
configure:14794: gcc -std=gnu99 -o conftest -g -O2 -Werror=missing-braces  -L/home/allan/jhbuild/install/lib  conftest.c  >&5
configure:14794: $? = 0
configure:14807: result: yes
configure:14895: checking if gcc -std=gnu99 supports -Werror=sequence-point
configure:14912: gcc -std=gnu99 -o conftest -g -O2 -Werror=sequence-point  -L/home/allan/jhbuild/install/lib  conftest.c  >&5
configure:14912: $? = 0
configure:14925: result: yes
configure:15013: checking if gcc -std=gnu99 supports -Werror=return-type
configure:15030: gcc -std=gnu99 -o conftest -g -O2 -Werror=return-type  -L/home/allan/jhbuild/install/lib  conftest.c  >&5
configure:15030: $? = 0
configure:15043: result: yes
configure:15180: checking if gcc -std=gnu99 supports -Werror=trigraphs
configure:15197: gcc -std=gnu99 -o conftest -g -O2 -Werror=trigraphs  -L/home/allan/jhbuild/install/lib  conftest.c  >&5
configure:15197: $? = 0
configure:15210: result: yes
configure:15298: checking if gcc -std=gnu99 supports -Werror=array-bounds
configure:15315: gcc -std=gnu99 -o conftest -g -O2 -Werror=array-bounds  -L/home/allan/jhbuild/install/lib  conftest.c  >&5
configure:15315: $? = 0
configure:15328: result: yes
configure:15416: checking if gcc -std=gnu99 supports -Werror=write-strings
configure:15433: gcc -std=gnu99 -o conftest -g -O2 -Werror=write-strings  -L/home/allan/jhbuild/install/lib  conftest.c  >&5
configure:15433: $? = 0
configure:15446: result: yes
configure:15534: checking if gcc -std=gnu99 supports -Werror=address
configure:15551: gcc -std=gnu99 -o conftest -g -O2 -Werror=address  -L/home/allan/jhbuild/install/lib  conftest.c  >&5
configure:15551: $? = 0
configure:15564: result: yes
configure:15652: checking if gcc -std=gnu99 supports -Werror=int-to-pointer-cast
configure:15669: gcc -std=gnu99 -o conftest -g -O2 -Werror=int-to-pointer-cast  -L/home/allan/jhbuild/install/lib  conftest.c  >&5
configure:15669: $? = 0
configure:15682: result: yes
configure:15819: checking if gcc -std=gnu99 supports -Werror=pointer-to-int-cast
configure:15836: gcc -std=gnu99 -o conftest -g -O2 -Werror=pointer-to-int-cast  -L/home/allan/jhbuild/install/lib  conftest.c  >&5
configure:15836: $? = 0
configure:15849: result: yes
configure:17507: checking if gcc -std=gnu99 supports -pedantic
configure:17524: gcc -std=gnu99 -o conftest -g -O2 -pedantic  -L/home/allan/jhbuild/install/lib  conftest.c  >&5
configure:17524: $? = 0
configure:17537: result: yes
configure:17625: checking if gcc -std=gnu99 supports -Werror
configure:17642: gcc -std=gnu99 -o conftest -g -O2 -Werror  -L/home/allan/jhbuild/install/lib  conftest.c  >&5
configure:17642: $? = 0
configure:17655: result: yes
configure:17795: checking if gcc -std=gnu99 supports -Werror=attributes
configure:17812: gcc -std=gnu99 -o conftest -g -O2 -Werror=attributes  -L/home/allan/jhbuild/install/lib  conftest.c  >&5
configure:17812: $? = 0
configure:17825: result: yes
configure:17985: checking whether make supports nested variables
configure:18002: result: yes
configure:18101: checking whether to build documentation
configure:18103: result: yes
configure:18123: checking for doxygen
configure:18141: found /usr/bin/doxygen
configure:18153: result: /usr/bin/doxygen
configure:18228: checking for dot
configure:18261: result: no
configure:18294: checking for inline
configure:18310: gcc -std=gnu99 -c -g -O2  conftest.c >&5
configure:18310: $? = 0
configure:18318: result: inline
configure:18393: checking for pkg-config
configure:18423: result: /usr/bin/pkg-config
configure:18448: checking pkg-config is at least version 0.9.0
configure:18451: result: yes
configure:18466: checking for bison
configure:18482: found /usr/bin/bison
configure:18493: result: bison -y
configure:18507: checking for bison
configure:18525: found /usr/bin/bison
configure:18537: result: /usr/bin/bison
configure:18555: checking for strcasecmp
configure:18555: gcc -std=gnu99 -o conftest -g -O2  -L/home/allan/jhbuild/install/lib  conftest.c  >&5
conftest.c:54:6: warning: conflicting types for built-in function 'strcasecmp'
 char strcasecmp ();
      ^
configure:18555: $? = 0
configure:18555: result: yes
configure:18555: checking for strncasecmp
configure:18555: gcc -std=gnu99 -o conftest -g -O2  -L/home/allan/jhbuild/install/lib  conftest.c  >&5
conftest.c:55:6: warning: conflicting types for built-in function 'strncasecmp'
 char strncasecmp ();
      ^
configure:18555: $? = 0
configure:18555: result: yes
configure:18574: checking for eaccess
configure:18574: gcc -std=gnu99 -o conftest -g -O2  -L/home/allan/jhbuild/install/lib  conftest.c  >&5
configure:18574: $? = 0
configure:18574: result: yes
configure:18574: checking for euidaccess
configure:18574: gcc -std=gnu99 -o conftest -g -O2  -L/home/allan/jhbuild/install/lib  conftest.c  >&5
configure:18574: $? = 0
configure:18574: result: yes
configure:18574: checking for mmap
configure:18574: gcc -std=gnu99 -o conftest -g -O2  -L/home/allan/jhbuild/install/lib  conftest.c  >&5
configure:18574: $? = 0
configure:18574: result: yes
configure:18587: checking for secure_getenv
configure:18587: gcc -std=gnu99 -o conftest -g -O2  -L/home/allan/jhbuild/install/lib  conftest.c  >&5
configure:18587: $? = 0
configure:18587: result: yes
configure:18587: checking for __secure_getenv
configure:18587: gcc -std=gnu99 -o conftest -g -O2  -L/home/allan/jhbuild/install/lib  conftest.c  >&5
/tmp/cc5IMAZ2.o: In function `main':
/home/allan/jhbuild/checkout/libxkbcommon-0.5.0/conftest.c:71: undefined reference to `__secure_getenv'
collect2: error: ld returned 1 exit status
configure:18587: $? = 1
configure: failed program was:
| /* confdefs.h */
| #define PACKAGE_NAME "libxkbcommon"
| #define PACKAGE_TARNAME "libxkbcommon"
| #define PACKAGE_VERSION "0.5.0"
| #define PACKAGE_STRING "libxkbcommon 0.5.0"
| #define PACKAGE_BUGREPORT "https://bugs.freedesktop.org/enter_bug.cgi?product=libxkbcommon"
| #define PACKAGE_URL "http://xkbcommon.org"
| #define PACKAGE "libxkbcommon"
| #define VERSION "0.5.0"
| #define STDC_HEADERS 1
| #define HAVE_SYS_TYPES_H 1
| #define HAVE_SYS_STAT_H 1
| #define HAVE_STDLIB_H 1
| #define HAVE_STRING_H 1
| #define HAVE_MEMORY_H 1
| #define HAVE_STRINGS_H 1
| #define HAVE_INTTYPES_H 1
| #define HAVE_STDINT_H 1
| #define HAVE_UNISTD_H 1
| #define __EXTENSIONS__ 1
| #define _ALL_SOURCE 1
| #define _GNU_SOURCE 1
| #define _POSIX_PTHREAD_SEMANTICS 1
| #define _TANDEM_SOURCE 1
| #define HAVE_DLFCN_H 1
| #define LT_OBJDIR ".libs/"
| #define PACKAGE_VERSION_MAJOR 0
| #define PACKAGE_VERSION_MINOR 5
| #define PACKAGE_VERSION_PATCHLEVEL 0
| #define HAVE_STRCASECMP 1
| #define HAVE_STRNCASECMP 1
| #define HAVE_EACCESS 1
| #define HAVE_EUIDACCESS 1
| #define HAVE_MMAP 1
| #define HAVE_SECURE_GETENV 1
| /* end confdefs.h.  */
| /* Define __secure_getenv to an innocuous variant, in case <limits.h> declares __secure_getenv.
|    For example, HP-UX 11i <limits.h> declares gettimeofday.  */
| #define __secure_getenv innocuous___secure_getenv
| 
| /* System header to define __stub macros and hopefully few prototypes,
|     which can conflict with char __secure_getenv (); below.
|     Prefer <limits.h> to <assert.h> if __STDC__ is defined, since
|     <limits.h> exists even on freestanding compilers.  */
| 
| #ifdef __STDC__
| # include <limits.h>
| #else
| # include <assert.h>
| #endif
| 
| #undef __secure_getenv
| 
| /* Override any GCC internal prototype to avoid an error.
|    Use char because int might match the return type of a GCC
|    builtin and then its argument prototype would still apply.  */
| #ifdef __cplusplus
| extern "C"
| #endif
| char __secure_getenv ();
| /* The GNU C library defines this for functions which it implements
|     to always fail with ENOSYS.  Some functions are actually named
|     something starting with __ and the normal name is an alias.  */
| #if defined __stub___secure_getenv || defined __stub_____secure_getenv
| choke me
| #endif
| 
| int
| main ()
| {
| return __secure_getenv ();
|   ;
|   return 0;
| }
configure:18587: result: no
configure:18607: checking for __builtin_expect
configure:18626: gcc -std=gnu99 -o conftest -g -O2  -L/home/allan/jhbuild/install/lib  conftest.c  >&5
configure:18626: $? = 0
configure:18635: result: yes
configure:18650: checking linux/input.h usability
configure:18650: gcc -std=gnu99 -c -g -O2  conftest.c >&5
configure:18650: $? = 0
configure:18650: result: yes
configure:18650: checking linux/input.h presence
configure:18650: gcc -E  conftest.c
configure:18650: $? = 0
configure:18650: result: yes
configure:18650: checking for linux/input.h
configure:18650: result: yes
configure:18744: checking if gcc -std=gnu99 supports -fvisibility=hidden
configure:18761: gcc -std=gnu99 -o conftest -g -O2 -fvisibility=hidden  -L/home/allan/jhbuild/install/lib  conftest.c  >&5
configure:18761: $? = 0
configure:18774: result: yes
configure:18862: checking if gcc -std=gnu99 supports -Wextra -Wno-unused-parameter -Wno-missing-field-initializers
configure:18879: gcc -std=gnu99 -o conftest -g -O2 -Wextra -Wno-unused-parameter -Wno-missing-field-initializers  -L/home/allan/jhbuild/install/lib  conftest.c  >&5
configure:18879: $? = 0
configure:18892: result: yes
configure:18980: checking if gcc -std=gnu99 supports -Wdocumentation
configure:18997: gcc -std=gnu99 -o conftest -g -O2 -Wdocumentation  -L/home/allan/jhbuild/install/lib  conftest.c  >&5
gcc: error: unrecognized command line option '-Wdocumentation'
configure:18997: $? = 1
configure: failed program was:
| /* confdefs.h */
| #define PACKAGE_NAME "libxkbcommon"
| #define PACKAGE_TARNAME "libxkbcommon"
| #define PACKAGE_VERSION "0.5.0"
| #define PACKAGE_STRING "libxkbcommon 0.5.0"
| #define PACKAGE_BUGREPORT "https://bugs.freedesktop.org/enter_bug.cgi?product=libxkbcommon"
| #define PACKAGE_URL "http://xkbcommon.org"
| #define PACKAGE "libxkbcommon"
| #define VERSION "0.5.0"
| #define STDC_HEADERS 1
| #define HAVE_SYS_TYPES_H 1
| #define HAVE_SYS_STAT_H 1
| #define HAVE_STDLIB_H 1
| #define HAVE_STRING_H 1
| #define HAVE_MEMORY_H 1
| #define HAVE_STRINGS_H 1
| #define HAVE_INTTYPES_H 1
| #define HAVE_STDINT_H 1
| #define HAVE_UNISTD_H 1
| #define __EXTENSIONS__ 1
| #define _ALL_SOURCE 1
| #define _GNU_SOURCE 1
| #define _POSIX_PTHREAD_SEMANTICS 1
| #define _TANDEM_SOURCE 1
| #define HAVE_DLFCN_H 1
| #define LT_OBJDIR ".libs/"
| #define PACKAGE_VERSION_MAJOR 0
| #define PACKAGE_VERSION_MINOR 5
| #define PACKAGE_VERSION_PATCHLEVEL 0
| #define HAVE_STRCASECMP 1
| #define HAVE_STRNCASECMP 1
| #define HAVE_EACCESS 1
| #define HAVE_EUIDACCESS 1
| #define HAVE_MMAP 1
| #define HAVE_SECURE_GETENV 1
| #define HAVE___BUILTIN_EXPECT 1
| /* end confdefs.h.  */
| int i;
| int
| main ()
| {
| 
|   ;
|   return 0;
| }
configure:19010: result: no
configure:19026: checking whether the linker accepts -Wl,--no-undefined
configure:19045: gcc -std=gnu99 -o conftest -g -O2  -Wl,--no-undefined conftest.c  >&5
configure:19045: $? = 0
configure:19056: result: yes
configure:19075: checking for clock_gettime in -lrt
configure:19100: gcc -std=gnu99 -o conftest -g -O2  -L/home/allan/jhbuild/install/lib  conftest.c -lrt -lrt  >&5
configure:19100: $? = 0
configure:19109: result: yes
configure:19237: checking for XCB_XKB
configure:19244: $PKG_CONFIG --exists --print-errors "xcb xcb-xkb >= 1.10"
configure:19247: $? = 0
configure:19261: $PKG_CONFIG --exists --print-errors "xcb xcb-xkb >= 1.10"
configure:19264: $? = 0
configure:19304: result: yes
configure:19432: checking that generated files are newer than configure
configure:19438: result: done
configure:19489: creating ./config.status

## ---------------------- ##
## Running config.status. ##
## ---------------------- ##

This file was extended by libxkbcommon config.status 0.5.0, which was
generated by GNU Autoconf 2.69.  Invocation command line was

  CONFIG_FILES    = 
  CONFIG_HEADERS  = 
  CONFIG_LINKS    = 
  CONFIG_COMMANDS = 
  $ ./config.status 

on allan-HP-G42-Notebook-PC

config.status:1166: creating Makefile
config.status:1166: creating xkbcommon-uninstalled.pc
config.status:1166: creating xkbcommon.pc
config.status:1166: creating xkbcommon-x11.pc
config.status:1166: creating xkbcommon-x11-uninstalled.pc
config.status:1166: creating doc/Doxyfile
config.status:1166: creating src/config.h
config.status:1395: executing depfiles commands
config.status:1395: executing libtool commands
configure:21715: WARNING: unrecognized options: --disable-Werror, --disable-gtk-doc
configure:21738: result:
        libxkbcommon 0.5.0

        libxkbcommon:            yes
        libxkbcommon-x11:        yes
        documentation:           yes

        default XKB rules:       evdev
        default XKB model:       pc105
        default XKB layout:      us
        default XKB variant:     
        default XKB options:     

        prefix:                  /home/allan/jhbuild/install
        includedir:              ${prefix}/include
        lib dir:                 ${exec_prefix}/lib
        XKB config root:         /usr/share/X11/xkb
        X11 locale root:         ${datarootdir}/X11/locale


## ---------------- ##
## Cache variables. ##
## ---------------- ##

ac_cv_build=i686-pc-linux-gnu
ac_cv_c_compiler_gnu=yes
ac_cv_c_inline=inline
ac_cv_env_CC_set=
ac_cv_env_CC_value=
ac_cv_env_CFLAGS_set=
ac_cv_env_CFLAGS_value=
ac_cv_env_CPPFLAGS_set=
ac_cv_env_CPPFLAGS_value=
ac_cv_env_CPP_set=
ac_cv_env_CPP_value=
ac_cv_env_DOT_set=
ac_cv_env_DOT_value=
ac_cv_env_DOXYGEN_set=
ac_cv_env_DOXYGEN_value=
ac_cv_env_LDFLAGS_set=set
ac_cv_env_LDFLAGS_value='-L/home/allan/jhbuild/install/lib '
ac_cv_env_LIBS_set=
ac_cv_env_LIBS_value=
ac_cv_env_PKG_CONFIG_LIBDIR_set=
ac_cv_env_PKG_CONFIG_LIBDIR_value=
ac_cv_env_PKG_CONFIG_PATH_set=set
ac_cv_env_PKG_CONFIG_PATH_value=/home/allan/jhbuild/install/lib/pkgconfig:/home/allan/jhbuild/install/share/pkgconfig:/usr/lib/i386-linux-gnu/pkgconfig:/usr/lib/pkgconfig:/usr/share/pkgconfig
ac_cv_env_PKG_CONFIG_set=
ac_cv_env_PKG_CONFIG_value=
ac_cv_env_XCB_XKB_CFLAGS_set=
ac_cv_env_XCB_XKB_CFLAGS_value=
ac_cv_env_XCB_XKB_LIBS_set=
ac_cv_env_XCB_XKB_LIBS_value=
ac_cv_env_XORG_MALLOC_DEBUG_ENV_set=
ac_cv_env_XORG_MALLOC_DEBUG_ENV_value=
ac_cv_env_YACC_set=
ac_cv_env_YACC_value=
ac_cv_env_YFLAGS_set=
ac_cv_env_YFLAGS_value=
ac_cv_env_build_alias_set=
ac_cv_env_build_alias_value=
ac_cv_env_host_alias_set=
ac_cv_env_host_alias_value=
ac_cv_env_target_alias_set=
ac_cv_env_target_alias_value=
ac_cv_func___secure_getenv=no
ac_cv_func_eaccess=yes
ac_cv_func_euidaccess=yes
ac_cv_func_mmap=yes
ac_cv_func_secure_getenv=yes
ac_cv_func_strcasecmp=yes
ac_cv_func_strncasecmp=yes
ac_cv_have_decl___INTEL_COMPILER=no
ac_cv_have_decl___SUNPRO_C=no
ac_cv_have_decl___clang__=no
ac_cv_header_dlfcn_h=yes
ac_cv_header_inttypes_h=yes
ac_cv_header_linux_input_h=yes
ac_cv_header_memory_h=yes
ac_cv_header_minix_config_h=no
ac_cv_header_stdc=yes
ac_cv_header_stdint_h=yes
ac_cv_header_stdlib_h=yes
ac_cv_header_string_h=yes
ac_cv_header_strings_h=yes
ac_cv_header_sys_stat_h=yes
ac_cv_header_sys_types_h=yes
ac_cv_header_unistd_h=yes
ac_cv_host=i686-pc-linux-gnu
ac_cv_lib_rt_clock_gettime=yes
ac_cv_objext=o
ac_cv_path_DOXYGEN=/usr/bin/doxygen
ac_cv_path_EGREP='/bin/grep -E'
ac_cv_path_FGREP='/bin/grep -F'
ac_cv_path_GREP=/bin/grep
ac_cv_path_SED=/bin/sed
ac_cv_path_YACC_INST=/usr/bin/bison
ac_cv_path_ac_pt_PKG_CONFIG=/usr/bin/pkg-config
ac_cv_path_install='/usr/bin/install -c'
ac_cv_path_mkdir=/bin/mkdir
ac_cv_prog_AWK=gawk
ac_cv_prog_CPP='gcc -E'
ac_cv_prog_YACC='bison -y'
ac_cv_prog_ac_ct_AR=ar
ac_cv_prog_ac_ct_CC=gcc
ac_cv_prog_ac_ct_MANIFEST_TOOL=mt
ac_cv_prog_ac_ct_OBJDUMP=objdump
ac_cv_prog_ac_ct_RANLIB=ranlib
ac_cv_prog_ac_ct_STRIP=strip
ac_cv_prog_cc_c89=
ac_cv_prog_cc_c99=-std=gnu99
ac_cv_prog_cc_g=yes
ac_cv_prog_make_make_set=yes
ac_cv_safe_to_define___extensions__=yes
am_cv_CC_dependencies_compiler_type=gcc3
am_cv_make_support_nested_variables=yes
am_cv_prog_cc_c_o=yes
ax_cv_have___builtin_expect=yes
lt_cv_ar_at_file=@
lt_cv_archive_cmds_need_lc=no
lt_cv_deplibs_check_method=pass_all
lt_cv_file_magic_cmd='$MAGIC_CMD'
lt_cv_file_magic_test_file=
lt_cv_ld_reload_flag=-r
lt_cv_nm_interface='BSD nm'
lt_cv_objdir=.libs
lt_cv_path_LD=/usr/bin/ld
lt_cv_path_NM='/usr/bin/nm -B'
lt_cv_path_mainfest_tool=no
lt_cv_prog_compiler_c_o=yes
lt_cv_prog_compiler_pic='-fPIC -DPIC'
lt_cv_prog_compiler_pic_works=yes
lt_cv_prog_compiler_rtti_exceptions=no
lt_cv_prog_compiler_static_works=yes
lt_cv_prog_gnu_ld=yes
lt_cv_sharedlib_from_linklib_cmd='printf %s\n'
lt_cv_shlibpath_overrides_runpath=no
lt_cv_sys_global_symbol_pipe='sed -n -e '\''s/^.*[	 ]\([ABCDGIRSTW][ABCDGIRSTW]*\)[	 ][	 ]*\([_A-Za-z][_A-Za-z0-9]*\)$/\1 \2 \2/p'\'' | sed '\''/ __gnu_lto/d'\'''
lt_cv_sys_global_symbol_to_c_name_address='sed -n -e '\''s/^: \([^ ]*\)[ ]*$/  {\"\1\", (void *) 0},/p'\'' -e '\''s/^[ABCDGIRSTW]* \([^ ]*\) \([^ ]*\)$/  {"\2", (void *) \&\2},/p'\'''
lt_cv_sys_global_symbol_to_c_name_address_lib_prefix='sed -n -e '\''s/^: \([^ ]*\)[ ]*$/  {\"\1\", (void *) 0},/p'\'' -e '\''s/^[ABCDGIRSTW]* \([^ ]*\) \(lib[^ ]*\)$/  {"\2", (void *) \&\2},/p'\'' -e '\''s/^[ABCDGIRSTW]* \([^ ]*\) \([^ ]*\)$/  {"lib\2", (void *) \&\2},/p'\'''
lt_cv_sys_global_symbol_to_cdecl='sed -n -e '\''s/^T .* \(.*\)$/extern int \1();/p'\'' -e '\''s/^[ABCDGIRSTW]* .* \(.*\)$/extern char \1;/p'\'''
lt_cv_sys_max_cmd_len=1572864
lt_cv_to_host_file_cmd=func_convert_file_noop
lt_cv_to_tool_file_cmd=func_convert_file_noop
pkg_cv_XCB_XKB_CFLAGS=
pkg_cv_XCB_XKB_LIBS='-lxcb-xkb -lxcb '
xorg_cv_cc_flag__Wall=yes
xorg_cv_cc_flag__Wbad_function_cast=yes
xorg_cv_cc_flag__Wdeclaration_after_statement=yes
xorg_cv_cc_flag__Wdocumentation=no
xorg_cv_cc_flag__Werror=yes
xorg_cv_cc_flag__Werror_address=yes
xorg_cv_cc_flag__Werror_array_bounds=yes
xorg_cv_cc_flag__Werror_attributes=yes
xorg_cv_cc_flag__Werror_implicit=yes
xorg_cv_cc_flag__Werror_init_self=yes
xorg_cv_cc_flag__Werror_int_to_pointer_cast=yes
xorg_cv_cc_flag__Werror_main=yes
xorg_cv_cc_flag__Werror_missing_braces=yes
xorg_cv_cc_flag__Werror_nonnull=yes
xorg_cv_cc_flag__Werror_pointer_to_int_cast=yes
xorg_cv_cc_flag__Werror_return_type=yes
xorg_cv_cc_flag__Werror_sequence_point=yes
xorg_cv_cc_flag__Werror_trigraphs=yes
xorg_cv_cc_flag__Werror_write_strings=yes
xorg_cv_cc_flag__Wextra__Wno_unused_parameter__Wno_missing_field_initializers=yes
xorg_cv_cc_flag__Wformat_2=yes
xorg_cv_cc_flag__Wlogical_op=yes
xorg_cv_cc_flag__Wmissing_declarations=yes
xorg_cv_cc_flag__Wmissing_format_attribute=yes
xorg_cv_cc_flag__Wmissing_noreturn=yes
xorg_cv_cc_flag__Wmissing_prototypes=yes
xorg_cv_cc_flag__Wnested_externs=yes
xorg_cv_cc_flag__Wold_style_definition=yes
xorg_cv_cc_flag__Wpointer_arith=yes
xorg_cv_cc_flag__Wredundant_decls=yes
xorg_cv_cc_flag__Wshadow=yes
xorg_cv_cc_flag__Wstrict_prototypes=yes
xorg_cv_cc_flag__Wuninitialized=yes
xorg_cv_cc_flag__Wunused=yes
xorg_cv_cc_flag__fvisibility_hidden=yes
xorg_cv_cc_flag__pedantic=yes
xorg_cv_cc_flag_unknown_warning_option=no
xorg_cv_cc_flag_unused_command_line_argument=no
xorg_cv_linker_flags__Wl___no_undefined=yes

## ----------------- ##
## Output variables. ##
## ----------------- ##

ACLOCAL='${SHELL} /home/allan/jhbuild/checkout/libxkbcommon-0.5.0/build-aux/missing aclocal-1.14'
ADMIN_MAN_DIR='$(mandir)/man$(ADMIN_MAN_SUFFIX)'
ADMIN_MAN_SUFFIX='8'
AMDEPBACKSLASH='\'
AMDEP_FALSE='#'
AMDEP_TRUE=''
AMTAR='$${TAR-tar}'
AM_BACKSLASH='\'
AM_DEFAULT_V='$(AM_DEFAULT_VERBOSITY)'
AM_DEFAULT_VERBOSITY='0'
AM_V='$(V)'
APP_MAN_DIR='$(mandir)/man$(APP_MAN_SUFFIX)'
APP_MAN_SUFFIX='1'
AR='ar'
AUTOCONF='${SHELL} /home/allan/jhbuild/checkout/libxkbcommon-0.5.0/build-aux/missing autoconf'
AUTOHEADER='${SHELL} /home/allan/jhbuild/checkout/libxkbcommon-0.5.0/build-aux/missing autoheader'
AUTOMAKE='${SHELL} /home/allan/jhbuild/checkout/libxkbcommon-0.5.0/build-aux/missing automake-1.14'
AWK='gawk'
BASE_CFLAGS=' -Wall -Wpointer-arith -Wmissing-declarations -Wformat=2 -Wstrict-prototypes -Wmissing-prototypes -Wnested-externs -Wbad-function-cast -Wold-style-definition -Wdeclaration-after-statement -Wunused -Wuninitialized -Wshadow -Wmissing-noreturn -Wmissing-format-attribute -Wredundant-decls -Wlogical-op -Werror=implicit -Werror=nonnull -Werror=init-self -Werror=main -Werror=missing-braces -Werror=sequence-point -Werror=return-type -Werror=trigraphs -Werror=array-bounds -Werror=write-strings -Werror=address -Werror=int-to-pointer-cast -Werror=pointer-to-int-cast -fvisibility=hidden -Wextra -Wno-unused-parameter -Wno-missing-field-initializers'
BUILD_LINUX_TESTS_FALSE='#'
BUILD_LINUX_TESTS_TRUE=''
CC='gcc -std=gnu99'
CCDEPMODE='depmode=gcc3'
CFLAGS='-g -O2'
CHANGELOG_CMD='(GIT_DIR=$(top_srcdir)/.git git log > $(top_srcdir)/.changelog.tmp && mv $(top_srcdir)/.changelog.tmp $(top_srcdir)/ChangeLog) || (rm -f $(top_srcdir)/.changelog.tmp; touch $(top_srcdir)/ChangeLog; echo '\''git directory not found: installing possibly empty changelog.'\'' >&2)'
CPP='gcc -E'
CPPFLAGS=''
CWARNFLAGS=' -Wall -Wpointer-arith -Wmissing-declarations -Wformat=2 -Wstrict-prototypes -Wmissing-prototypes -Wnested-externs -Wbad-function-cast -Wold-style-definition -Wdeclaration-after-statement -Wunused -Wuninitialized -Wshadow -Wmissing-noreturn -Wmissing-format-attribute -Wredundant-decls -Wlogical-op -Werror=implicit -Werror=nonnull -Werror=init-self -Werror=main -Werror=missing-braces -Werror=sequence-point -Werror=return-type -Werror=trigraphs -Werror=array-bounds -Werror=write-strings -Werror=address -Werror=int-to-pointer-cast -Werror=pointer-to-int-cast -fno-strict-aliasing'
CYGPATH_W='echo'
DEFS='-DHAVE_CONFIG_H'
DEPDIR='.deps'
DLLTOOL='false'
DOT=''
DOXYGEN='/usr/bin/doxygen'
DRIVER_MAN_DIR='$(mandir)/man$(DRIVER_MAN_SUFFIX)'
DRIVER_MAN_SUFFIX='4'
DSYMUTIL=''
DUMPBIN=''
ECHO_C=''
ECHO_N='-n'
ECHO_T=''
EGREP='/bin/grep -E'
ENABLE_DOCS_FALSE='#'
ENABLE_DOCS_TRUE=''
ENABLE_X11_FALSE='#'
ENABLE_X11_TRUE=''
EXEEXT=''
FGREP='/bin/grep -F'
FILE_MAN_DIR='$(mandir)/man$(FILE_MAN_SUFFIX)'
FILE_MAN_SUFFIX='5'
GREP='/bin/grep'
HAVE_DOT='no'
HAVE_DOT_FALSE=''
HAVE_DOT_TRUE='#'
HAVE_DOXYGEN_FALSE='#'
HAVE_DOXYGEN_TRUE=''
HAVE_NO_UNDEFINED_FALSE='#'
HAVE_NO_UNDEFINED_TRUE=''
INSTALL_CMD='(cp -f /usr/share/util-macros/INSTALL $(top_srcdir)/.INSTALL.tmp && mv $(top_srcdir)/.INSTALL.tmp $(top_srcdir)/INSTALL) || (rm -f $(top_srcdir)/.INSTALL.tmp; touch $(top_srcdir)/INSTALL; echo '\''util-macros "pkgdatadir" from xorg-macros.pc not found: installing possibly empty INSTALL.'\'' >&2)'
INSTALL_DATA='${INSTALL} -m 644'
INSTALL_PROGRAM='${INSTALL}'
INSTALL_SCRIPT='${INSTALL}'
INSTALL_STRIP_PROGRAM='$(install_sh) -c -s'
LD='/usr/bin/ld'
LDFLAGS='-L/home/allan/jhbuild/install/lib '
LIBOBJS=''
LIBS=''
LIBTOOL='$(SHELL) $(top_builddir)/libtool'
LIB_MAN_DIR='$(mandir)/man$(LIB_MAN_SUFFIX)'
LIB_MAN_SUFFIX='3'
LIPO=''
LN_S='ln -s'
LTLIBOBJS=''
MAINT=''
MAINTAINER_MODE_FALSE='#'
MAINTAINER_MODE_TRUE=''
MAKEINFO='${SHELL} /home/allan/jhbuild/checkout/libxkbcommon-0.5.0/build-aux/missing makeinfo'
MANIFEST_TOOL=':'
MAN_SUBSTS='	-e '\''s|__vendorversion__|"$(PACKAGE_STRING)" "$(XORG_MAN_PAGE)"|'\'' 	-e '\''s|__xorgversion__|"$(PACKAGE_STRING)" "$(XORG_MAN_PAGE)"|'\'' 	-e '\''s|__xservername__|Xorg|g'\'' 	-e '\''s|__xconfigfile__|xorg.conf|g'\'' 	-e '\''s|__projectroot__|$(prefix)|g'\'' 	-e '\''s|__apploaddir__|$(appdefaultdir)|g'\'' 	-e '\''s|__appmansuffix__|$(APP_MAN_SUFFIX)|g'\'' 	-e '\''s|__drivermansuffix__|$(DRIVER_MAN_SUFFIX)|g'\'' 	-e '\''s|__adminmansuffix__|$(ADMIN_MAN_SUFFIX)|g'\'' 	-e '\''s|__libmansuffix__|$(LIB_MAN_SUFFIX)|g'\'' 	-e '\''s|__miscmansuffix__|$(MISC_MAN_SUFFIX)|g'\'' 	-e '\''s|__filemansuffix__|$(FILE_MAN_SUFFIX)|g'\'''
MISC_MAN_DIR='$(mandir)/man$(MISC_MAN_SUFFIX)'
MISC_MAN_SUFFIX='7'
MKDIR_P='/bin/mkdir -p'
NM='/usr/bin/nm -B'
NMEDIT=''
OBJDUMP='objdump'
OBJEXT='o'
OTOOL64=''
OTOOL=''
PACKAGE='libxkbcommon'
PACKAGE_BUGREPORT='https://bugs.freedesktop.org/enter_bug.cgi?product=libxkbcommon'
PACKAGE_NAME='libxkbcommon'
PACKAGE_STRING='libxkbcommon 0.5.0'
PACKAGE_TARNAME='libxkbcommon'
PACKAGE_URL='http://xkbcommon.org'
PACKAGE_VERSION='0.5.0'
PATH_SEPARATOR=':'
PKG_CONFIG='/usr/bin/pkg-config'
PKG_CONFIG_LIBDIR=''
PKG_CONFIG_PATH='/home/allan/jhbuild/install/lib/pkgconfig:/home/allan/jhbuild/install/share/pkgconfig:/usr/lib/i386-linux-gnu/pkgconfig:/usr/lib/pkgconfig:/usr/share/pkgconfig'
RANLIB='ranlib'
RT_LIBS='-lrt'
SED='/bin/sed'
SET_MAKE=''
SHELL='/bin/bash'
STRICT_CFLAGS=' -pedantic -Werror -Werror=attributes'
STRIP='strip'
VERSION='0.5.0'
XCB_XKB_CFLAGS=''
XCB_XKB_LIBS='-lxcb-xkb -lxcb '
XKBCONFIGROOT='/usr/share/X11/xkb'
XLOCALEDIR='${datarootdir}/X11/locale'
XORG_MALLOC_DEBUG_ENV='MALLOC_PERTURB_=15'
XORG_MAN_PAGE='X Version 11'
YACC='bison -y'
YACC_INST='/usr/bin/bison'
YFLAGS=''
ac_ct_AR='ar'
ac_ct_CC='gcc'
ac_ct_DUMPBIN=''
am__EXEEXT_FALSE=''
am__EXEEXT_TRUE='#'
am__fastdepCC_FALSE='#'
am__fastdepCC_TRUE=''
am__include='include'
am__isrc=''
am__leading_dot='.'
am__nodep='_no'
am__quote=''
am__tar='$${TAR-tar} chof - "$$tardir"'
am__untar='$${TAR-tar} xf -'
bindir='${exec_prefix}/bin'
build='i686-pc-linux-gnu'
build_alias=''
build_cpu='i686'
build_os='linux-gnu'
build_vendor='pc'
datadir='${datarootdir}'
datarootdir='${prefix}/share'
docdir='${datarootdir}/doc/${PACKAGE_TARNAME}'
dvidir='${docdir}'
exec_prefix='${prefix}'
host='i686-pc-linux-gnu'
host_alias=''
host_cpu='i686'
host_os='linux-gnu'
host_vendor='pc'
htmldir='${docdir}'
includedir='${prefix}/include'
infodir='${datarootdir}/info'
install_sh='${SHELL} /home/allan/jhbuild/checkout/libxkbcommon-0.5.0/build-aux/install-sh'
libdir='${exec_prefix}/lib'
libexecdir='${exec_prefix}/libexec'
localedir='${datarootdir}/locale'
localstatedir='${prefix}/var'
mandir='${datarootdir}/man'
mkdir_p='$(MKDIR_P)'
oldincludedir='/usr/include'
pdfdir='${docdir}'
prefix='/home/allan/jhbuild/install'
program_transform_name='s,x,x,'
psdir='${docdir}'
sbindir='${exec_prefix}/sbin'
sharedstatedir='${prefix}/com'
sysconfdir='${prefix}/etc'
target_alias=''

## ----------- ##
## confdefs.h. ##
## ----------- ##

/* confdefs.h */
#define PACKAGE_NAME "libxkbcommon"
#define PACKAGE_TARNAME "libxkbcommon"
#define PACKAGE_VERSION "0.5.0"
#define PACKAGE_STRING "libxkbcommon 0.5.0"
#define PACKAGE_BUGREPORT "https://bugs.freedesktop.org/enter_bug.cgi?product=libxkbcommon"
#define PACKAGE_URL "http://xkbcommon.org"
#define PACKAGE "libxkbcommon"
#define VERSION "0.5.0"
#define STDC_HEADERS 1
#define HAVE_SYS_TYPES_H 1
#define HAVE_SYS_STAT_H 1
#define HAVE_STDLIB_H 1
#define HAVE_STRING_H 1
#define HAVE_MEMORY_H 1
#define HAVE_STRINGS_H 1
#define HAVE_INTTYPES_H 1
#define HAVE_STDINT_H 1
#define HAVE_UNISTD_H 1
#define __EXTENSIONS__ 1
#define _ALL_SOURCE 1
#define _GNU_SOURCE 1
#define _POSIX_PTHREAD_SEMANTICS 1
#define _TANDEM_SOURCE 1
#define HAVE_DLFCN_H 1
#define LT_OBJDIR ".libs/"
#define PACKAGE_VERSION_MAJOR 0
#define PACKAGE_VERSION_MINOR 5
#define PACKAGE_VERSION_PATCHLEVEL 0
#define HAVE_STRCASECMP 1
#define HAVE_STRNCASECMP 1
#define HAVE_EACCESS 1
#define HAVE_EUIDACCESS 1
#define HAVE_MMAP 1
#define HAVE_SECURE_GETENV 1
#define HAVE___BUILTIN_EXPECT 1
#define DEFAULT_XKB_RULES "evdev"
#define DEFAULT_XKB_MODEL "pc105"
#define DEFAULT_XKB_LAYOUT "us"

configure: exit 0
