This file contains any messages produced by compilers while
running configure, to aid debugging if configure makes a mistake.

It was created by at-spi2-core configure 2.20.0, which was
generated by GNU Autoconf 2.69.  Invocation command line was

  $ ./configure --prefix /home/allan/jhbuild/install --disable-Werror --disable-static --disable-gtk-doc

## --------- ##
## Platform. ##
## --------- ##

hostname = allan-HP-G42-Notebook-PC
uname -m = i686
uname -r = 3.19.0-58-generic
uname -s = Linux
uname -v = #64-Ubuntu SMP Thu Mar 17 18:28:55 UTC 2016

/usr/bin/uname -p = unknown
/bin/uname -X     = unknown

/bin/arch              = unknown
/usr/bin/arch -k       = unknown
/usr/convex/getsysinfo = unknown
/usr/bin/hostinfo      = unknown
/bin/machine           = unknown
/usr/bin/oslevel       = unknown
/bin/universe          = unknown

PATH: /home/allan/jhbuild/install/bin
PATH: /usr/local/sbin
PATH: /usr/local/bin
PATH: /usr/sbin
PATH: /usr/bin
PATH: /sbin
PATH: /bin
PATH: /usr/games
PATH: /usr/local/games
PATH: /usr/local/java/jdk1.7.0_79/bin
PATH: /usr/local/java/jdk1.7.0_79/jre/bin
PATH: /home/allan/.local/bin


## ----------- ##
## Core tests. ##
## ----------- ##

configure:2611: checking for a BSD-compatible install
configure:2679: result: /usr/bin/install -c
configure:2690: checking whether build environment is sane
configure:2745: result: yes
configure:2896: checking for a thread-safe mkdir -p
configure:2935: result: /bin/mkdir -p
configure:2942: checking for gawk
configure:2958: found /usr/bin/gawk
configure:2969: result: gawk
configure:2980: checking whether make sets $(MAKE)
configure:3002: result: yes
configure:3031: checking whether make supports nested variables
configure:3048: result: yes
configure:3189: checking whether make supports nested variables
configure:3206: result: yes
configure:3266: checking for gcc
configure:3282: found /usr/bin/gcc
configure:3293: result: gcc
configure:3522: checking for C compiler version
configure:3531: gcc --version >&5
gcc (Ubuntu 4.9.2-10ubuntu13) 4.9.2
Copyright (C) 2014 Free Software Foundation, Inc.
This is free software; see the source for copying conditions.  There is NO
warranty; not even for MERCHANTABILITY or FITNESS FOR A PARTICULAR PURPOSE.

configure:3542: $? = 0
configure:3531: gcc -v >&5
Using built-in specs.
COLLECT_GCC=gcc
COLLECT_LTO_WRAPPER=/usr/lib/gcc/i686-linux-gnu/4.9/lto-wrapper
Target: i686-linux-gnu
Configured with: ../src/configure -v --with-pkgversion='Ubuntu 4.9.2-10ubuntu13' --with-bugurl=file:///usr/share/doc/gcc-4.9/README.Bugs --enable-languages=c,c++,java,go,d,fortran,objc,obj-c++ --prefix=/usr --program-suffix=-4.9 --enable-shared --enable-linker-build-id --libexecdir=/usr/lib --without-included-gettext --enable-threads=posix --with-gxx-include-dir=/usr/include/c++/4.9 --libdir=/usr/lib --enable-nls --with-sysroot=/ --enable-clocale=gnu --enable-libstdcxx-debug --enable-libstdcxx-time=yes --enable-gnu-unique-object --disable-vtable-verify --enable-plugin --with-system-zlib --disable-browser-plugin --enable-java-awt=gtk --enable-gtk-cairo --with-java-home=/usr/lib/jvm/java-1.5.0-gcj-4.9-i386/jre --enable-java-home --with-jvm-root-dir=/usr/lib/jvm/java-1.5.0-gcj-4.9-i386 --with-jvm-jar-dir=/usr/lib/jvm-exports/java-1.5.0-gcj-4.9-i386 --with-arch-directory=i386 --with-ecj-jar=/usr/share/java/eclipse-ecj.jar --enable-objc-gc --enable-targets=all --enable-multiarch --disable-werror --with-arch-32=i686 --with-multilib-list=m32,m64,mx32 --enable-multilib --with-tune=generic --enable-checking=release --build=i686-linux-gnu --host=i686-linux-gnu --target=i686-linux-gnu
Thread model: posix
gcc version 4.9.2 (Ubuntu 4.9.2-10ubuntu13) 
configure:3542: $? = 0
configure:3531: gcc -V >&5
gcc: error: unrecognized command line option '-V'
gcc: fatal error: no input files
compilation terminated.
configure:3542: $? = 4
configure:3531: gcc -qversion >&5
gcc: error: unrecognized command line option '-qversion'
gcc: fatal error: no input files
compilation terminated.
configure:3542: $? = 4
configure:3562: checking whether the C compiler works
configure:3584: gcc   -L/home/allan/jhbuild/install/lib  conftest.c  >&5
configure:3588: $? = 0
configure:3636: result: yes
configure:3639: checking for C compiler default output file name
configure:3641: result: a.out
configure:3647: checking for suffix of executables
configure:3654: gcc -o conftest   -L/home/allan/jhbuild/install/lib  conftest.c  >&5
configure:3658: $? = 0
configure:3680: result: 
configure:3702: checking whether we are cross compiling
configure:3710: gcc -o conftest   -L/home/allan/jhbuild/install/lib  conftest.c  >&5
configure:3714: $? = 0
configure:3721: ./conftest
configure:3725: $? = 0
configure:3740: result: no
configure:3745: checking for suffix of object files
configure:3767: gcc -c   conftest.c >&5
configure:3771: $? = 0
configure:3792: result: o
configure:3796: checking whether we are using the GNU C compiler
configure:3815: gcc -c   conftest.c >&5
configure:3815: $? = 0
configure:3824: result: yes
configure:3833: checking whether gcc accepts -g
configure:3853: gcc -c -g  conftest.c >&5
configure:3853: $? = 0
configure:3894: result: yes
configure:3911: checking for gcc option to accept ISO C89
configure:3974: gcc  -c -g -O2  conftest.c >&5
configure:3974: $? = 0
configure:3987: result: none needed
configure:4012: checking whether gcc understands -c and -o together
configure:4034: gcc -c conftest.c -o conftest2.o
configure:4037: $? = 0
configure:4034: gcc -c conftest.c -o conftest2.o
configure:4037: $? = 0
configure:4049: result: yes
configure:4077: checking for style of include used by make
configure:4105: result: GNU
configure:4131: checking dependency style of gcc
configure:4242: result: gcc3
configure:4307: checking for ar
configure:4323: found /usr/bin/ar
configure:4334: result: ar
configure:4360: checking the archiver (ar) interface
configure:4376: gcc -c -g -O2  conftest.c >&5
configure:4376: $? = 0
configure:4378: ar cru libconftest.a conftest.o >&5
configure:4381: $? = 0
configure:4409: result: ar
configure:4458: checking build system type
configure:4472: result: i686-pc-linux-gnu
configure:4492: checking host system type
configure:4505: result: i686-pc-linux-gnu
configure:4546: checking how to print strings
configure:4573: result: printf
configure:4594: checking for a sed that does not truncate output
configure:4658: result: /bin/sed
configure:4676: checking for grep that handles long lines and -e
configure:4734: result: /bin/grep
configure:4739: checking for egrep
configure:4801: result: /bin/grep -E
configure:4806: checking for fgrep
configure:4868: result: /bin/grep -F
configure:4903: checking for ld used by gcc
configure:4970: result: /usr/bin/ld
configure:4977: checking if the linker (/usr/bin/ld) is GNU ld
configure:4992: result: yes
configure:5004: checking for BSD- or MS-compatible name lister (nm)
configure:5053: result: /usr/bin/nm -B
configure:5183: checking the name lister (/usr/bin/nm -B) interface
configure:5190: gcc -c -g -O2  conftest.c >&5
configure:5193: /usr/bin/nm -B "conftest.o"
configure:5196: output
00000000 B some_variable
configure:5203: result: BSD nm
configure:5206: checking whether ln -s works
configure:5210: result: yes
configure:5218: checking the maximum length of command line arguments
configure:5349: result: 1572864
configure:5366: checking whether the shell understands some XSI constructs
configure:5376: result: yes
configure:5380: checking whether the shell understands "+="
configure:5386: result: yes
configure:5421: checking how to convert i686-pc-linux-gnu file names to i686-pc-linux-gnu format
configure:5461: result: func_convert_file_noop
configure:5468: checking how to convert i686-pc-linux-gnu file names to toolchain format
configure:5488: result: func_convert_file_noop
configure:5495: checking for /usr/bin/ld option to reload object files
configure:5502: result: -r
configure:5576: checking for objdump
configure:5592: found /usr/bin/objdump
configure:5603: result: objdump
configure:5635: checking how to recognize dependent libraries
configure:5833: result: pass_all
configure:5918: checking for dlltool
configure:5948: result: no
configure:5978: checking how to associate runtime and link libraries
configure:6005: result: printf %s\n
configure:6129: checking for archiver @FILE support
configure:6146: gcc -c -g -O2  conftest.c >&5
configure:6146: $? = 0
configure:6149: ar cru libconftest.a @conftest.lst >&5
configure:6152: $? = 0
configure:6157: ar cru libconftest.a @conftest.lst >&5
ar: conftest.o: No such file or directory
configure:6160: $? = 1
configure:6172: result: @
configure:6230: checking for strip
configure:6246: found /usr/bin/strip
configure:6257: result: strip
configure:6329: checking for ranlib
configure:6345: found /usr/bin/ranlib
configure:6356: result: ranlib
configure:6458: checking command to parse /usr/bin/nm -B output from gcc object
configure:6578: gcc -c -g -O2  conftest.c >&5
configure:6581: $? = 0
configure:6585: /usr/bin/nm -B conftest.o \| sed -n -e 's/^.*[ ]\([ABCDGIRSTW][ABCDGIRSTW]*\)[ ][ ]*\([_A-Za-z][_A-Za-z0-9]*\)$/\1 \2 \2/p' | sed '/ __gnu_lto/d' \> conftest.nm
configure:6588: $? = 0
configure:6654: gcc -o conftest -g -O2  -L/home/allan/jhbuild/install/lib  conftest.c conftstm.o >&5
configure:6657: $? = 0
configure:6695: result: ok
configure:6732: checking for sysroot
configure:6762: result: no
configure:7031: checking for mt
configure:7047: found /bin/mt
configure:7058: result: mt
configure:7081: checking if mt is a manifest tool
configure:7087: mt '-?'
configure:7095: result: no
configure:7737: checking how to run the C preprocessor
configure:7768: gcc -E  conftest.c
configure:7768: $? = 0
configure:7782: gcc -E  conftest.c
conftest.c:11:28: fatal error: ac_nonexistent.h: No such file or directory
 #include <ac_nonexistent.h>
                            ^
compilation terminated.
configure:7782: $? = 1
configure: failed program was:
| /* confdefs.h */
| #define PACKAGE_NAME "at-spi2-core"
| #define PACKAGE_TARNAME "at-spi2-core"
| #define PACKAGE_VERSION "2.20.0"
| #define PACKAGE_STRING "at-spi2-core 2.20.0"
| #define PACKAGE_BUGREPORT "accessibility-atspi@lists.linux-foundation.org"
| #define PACKAGE_URL ""
| #define PACKAGE "at-spi2-core"
| #define VERSION "2.20.0"
| /* end confdefs.h.  */
| #include <ac_nonexistent.h>
configure:7807: result: gcc -E
configure:7827: gcc -E  conftest.c
configure:7827: $? = 0
configure:7841: gcc -E  conftest.c
conftest.c:11:28: fatal error: ac_nonexistent.h: No such file or directory
 #include <ac_nonexistent.h>
                            ^
compilation terminated.
configure:7841: $? = 1
configure: failed program was:
| /* confdefs.h */
| #define PACKAGE_NAME "at-spi2-core"
| #define PACKAGE_TARNAME "at-spi2-core"
| #define PACKAGE_VERSION "2.20.0"
| #define PACKAGE_STRING "at-spi2-core 2.20.0"
| #define PACKAGE_BUGREPORT "accessibility-atspi@lists.linux-foundation.org"
| #define PACKAGE_URL ""
| #define PACKAGE "at-spi2-core"
| #define VERSION "2.20.0"
| /* end confdefs.h.  */
| #include <ac_nonexistent.h>
configure:7870: checking for ANSI C header files
configure:7890: gcc -c -g -O2  conftest.c >&5
configure:7890: $? = 0
configure:7963: gcc -o conftest -g -O2  -L/home/allan/jhbuild/install/lib  conftest.c  >&5
configure:7963: $? = 0
configure:7963: ./conftest
configure:7963: $? = 0
configure:7974: result: yes
configure:7987: checking for sys/types.h
configure:7987: gcc -c -g -O2  conftest.c >&5
configure:7987: $? = 0
configure:7987: result: yes
configure:7987: checking for sys/stat.h
configure:7987: gcc -c -g -O2  conftest.c >&5
configure:7987: $? = 0
configure:7987: result: yes
configure:7987: checking for stdlib.h
configure:7987: gcc -c -g -O2  conftest.c >&5
configure:7987: $? = 0
configure:7987: result: yes
configure:7987: checking for string.h
configure:7987: gcc -c -g -O2  conftest.c >&5
configure:7987: $? = 0
configure:7987: result: yes
configure:7987: checking for memory.h
configure:7987: gcc -c -g -O2  conftest.c >&5
configure:7987: $? = 0
configure:7987: result: yes
configure:7987: checking for strings.h
configure:7987: gcc -c -g -O2  conftest.c >&5
configure:7987: $? = 0
configure:7987: result: yes
configure:7987: checking for inttypes.h
configure:7987: gcc -c -g -O2  conftest.c >&5
configure:7987: $? = 0
configure:7987: result: yes
configure:7987: checking for stdint.h
configure:7987: gcc -c -g -O2  conftest.c >&5
configure:7987: $? = 0
configure:7987: result: yes
configure:7987: checking for unistd.h
configure:7987: gcc -c -g -O2  conftest.c >&5
configure:7987: $? = 0
configure:7987: result: yes
configure:8001: checking for dlfcn.h
configure:8001: gcc -c -g -O2  conftest.c >&5
configure:8001: $? = 0
configure:8001: result: yes
configure:8206: checking for objdir
configure:8221: result: .libs
configure:8492: checking if gcc supports -fno-rtti -fno-exceptions
configure:8510: gcc -c -g -O2  -fno-rtti -fno-exceptions conftest.c >&5
cc1: warning: command line option '-fno-rtti' is valid for C++/ObjC++ but not for C
configure:8514: $? = 0
configure:8527: result: no
configure:8854: checking for gcc option to produce PIC
configure:8861: result: -fPIC -DPIC
configure:8869: checking if gcc PIC flag -fPIC -DPIC works
configure:8887: gcc -c -g -O2  -fPIC -DPIC -DPIC conftest.c >&5
configure:8891: $? = 0
configure:8904: result: yes
configure:8933: checking if gcc static flag -static works
configure:8961: result: yes
configure:8976: checking if gcc supports -c -o file.o
configure:8997: gcc -c -g -O2  -o out/conftest2.o conftest.c >&5
configure:9001: $? = 0
configure:9023: result: yes
configure:9031: checking if gcc supports -c -o file.o
configure:9078: result: yes
configure:9111: checking whether the gcc linker (/usr/bin/ld) supports shared libraries
configure:10268: result: yes
configure:10305: checking whether -lc should be explicitly linked in
configure:10313: gcc -c -g -O2  conftest.c >&5
configure:10316: $? = 0
configure:10331: gcc -shared  -fPIC -DPIC conftest.o  -v -Wl,-soname -Wl,conftest -o conftest 2\>\&1 \| /bin/grep  -lc  \>/dev/null 2\>\&1
configure:10334: $? = 0
configure:10348: result: no
configure:10508: checking dynamic linker characteristics
configure:11008: gcc -o conftest -g -O2  -L/home/allan/jhbuild/install/lib  -Wl,-rpath -Wl,/foo conftest.c  >&5
configure:11008: $? = 0
configure:11242: result: GNU/Linux ld.so
configure:11349: checking how to hardcode library paths into programs
configure:11374: result: immediate
configure:11914: checking whether stripping libraries is possible
configure:11919: result: yes
configure:11954: checking if libtool supports shared libraries
configure:11956: result: yes
configure:11959: checking whether to build shared libraries
configure:11980: result: yes
configure:11983: checking whether to build static libraries
configure:11987: result: no
configure:12078: checking for pkg-config
configure:12096: found /usr/bin/pkg-config
configure:12108: result: /usr/bin/pkg-config
configure:12133: checking pkg-config is at least version 0.9.0
configure:12136: result: yes
configure:12149: checking whether NLS is requested
configure:12158: result: yes
configure:12176: checking for intltool >= 0.40.0
configure:12178: result: 0.51.0 found
configure:12186: checking for intltool-update
configure:12204: found /usr/bin/intltool-update
configure:12216: result: /usr/bin/intltool-update
configure:12226: checking for intltool-merge
configure:12244: found /usr/bin/intltool-merge
configure:12256: result: /usr/bin/intltool-merge
configure:12266: checking for intltool-extract
configure:12284: found /usr/bin/intltool-extract
configure:12296: result: /usr/bin/intltool-extract
configure:12450: checking for xgettext
configure:12468: found /usr/bin/xgettext
configure:12480: result: /usr/bin/xgettext
configure:12490: checking for msgmerge
configure:12508: found /usr/bin/msgmerge
configure:12520: result: /usr/bin/msgmerge
configure:12530: checking for msgfmt
configure:12548: found /usr/bin/msgfmt
configure:12560: result: /usr/bin/msgfmt
configure:12570: checking for gmsgfmt
configure:12601: result: /usr/bin/msgfmt
configure:12621: checking for perl
configure:12639: found /usr/bin/perl
configure:12651: result: /usr/bin/perl
configure:12662: checking for perl >= 5.8.1
configure:12669: result: 5.20.2
configure:12673: checking for XML::Parser
configure:12676: result: ok
configure:12696: checking for DBUS
configure:12703: $PKG_CONFIG --exists --print-errors "dbus-1 >= 1.0"
configure:12706: $? = 0
configure:12720: $PKG_CONFIG --exists --print-errors "dbus-1 >= 1.0"
configure:12723: $? = 0
configure:12781: result: yes
configure:12790: checking for GLIB
configure:12797: $PKG_CONFIG --exists --print-errors "glib-2.0 >= 2.36.0"
configure:12800: $? = 0
configure:12814: $PKG_CONFIG --exists --print-errors "glib-2.0 >= 2.36.0"
configure:12817: $? = 0
configure:12875: result: yes
configure:12884: checking for GOBJ
configure:12891: $PKG_CONFIG --exists --print-errors "gobject-2.0 >= 2.0.0"
configure:12894: $? = 0
configure:12908: $PKG_CONFIG --exists --print-errors "gobject-2.0 >= 2.0.0"
configure:12911: $? = 0
configure:12969: result: yes
configure:12978: checking for GIO
configure:12985: $PKG_CONFIG --exists --print-errors "gio-2.0 >= 2.28"
configure:12988: $? = 0
configure:13002: $PKG_CONFIG --exists --print-errors "gio-2.0 >= 2.28"
configure:13005: $? = 0
configure:13063: result: yes
configure:13073: checking for dlopen in -lc
configure:13098: gcc -o conftest -g -O2  -L/home/allan/jhbuild/install/lib  conftest.c -lc   >&5
/tmp/ccPntuaS.o: In function `main':
/home/allan/jhbuild/checkout/at-spi2-core/conftest.c:34: undefined reference to `dlopen'
collect2: error: ld returned 1 exit status
configure:13098: $? = 1
configure: failed program was:
| /* confdefs.h */
| #define PACKAGE_NAME "at-spi2-core"
| #define PACKAGE_TARNAME "at-spi2-core"
| #define PACKAGE_VERSION "2.20.0"
| #define PACKAGE_STRING "at-spi2-core 2.20.0"
| #define PACKAGE_BUGREPORT "accessibility-atspi@lists.linux-foundation.org"
| #define PACKAGE_URL ""
| #define PACKAGE "at-spi2-core"
| #define VERSION "2.20.0"
| #define STDC_HEADERS 1
| #define HAVE_SYS_TYPES_H 1
| #define HAVE_SYS_STAT_H 1
| #define HAVE_STDLIB_H 1
| #define HAVE_STRING_H 1
| #define HAVE_MEMORY_H 1
| #define HAVE_STRINGS_H 1
| #define HAVE_INTTYPES_H 1
| #define HAVE_STDINT_H 1
| #define HAVE_UNISTD_H 1
| #define HAVE_DLFCN_H 1
| #define LT_OBJDIR ".libs/"
| /* end confdefs.h.  */
| 
| /* Override any GCC internal prototype to avoid an error.
|    Use char because int might match the return type of a GCC
|    builtin and then its argument prototype would still apply.  */
| #ifdef __cplusplus
| extern "C"
| #endif
| char dlopen ();
| int
| main ()
| {
| return dlopen ();
|   ;
|   return 0;
| }
configure:13107: result: no
configure:13112: checking for dlopen in -ldl
configure:13137: gcc -o conftest -g -O2  -L/home/allan/jhbuild/install/lib  conftest.c -ldl   >&5
configure:13137: $? = 0
configure:13146: result: yes
configure:13161: checking for X
configure:13300: gcc -o conftest -g -O2  -L/home/allan/jhbuild/install/lib  conftest.c -lX11  >&5
configure:13300: $? = 0
configure:13350: result: libraries , headers 
configure:13449: gcc -o conftest -g -O2  -L/home/allan/jhbuild/install/lib  conftest.c   -lX11 >&5
configure:13449: $? = 0
configure:13547: checking for gethostbyname
configure:13547: gcc -o conftest -g -O2  -L/home/allan/jhbuild/install/lib  conftest.c  >&5
configure:13547: $? = 0
configure:13547: result: yes
configure:13644: checking for connect
configure:13644: gcc -o conftest -g -O2  -L/home/allan/jhbuild/install/lib  conftest.c  >&5
configure:13644: $? = 0
configure:13644: result: yes
configure:13693: checking for remove
configure:13693: gcc -o conftest -g -O2  -L/home/allan/jhbuild/install/lib  conftest.c  >&5
configure:13693: $? = 0
configure:13693: result: yes
configure:13742: checking for shmat
configure:13742: gcc -o conftest -g -O2  -L/home/allan/jhbuild/install/lib  conftest.c  >&5
configure:13742: $? = 0
configure:13742: result: yes
configure:13800: checking for IceConnectionNumber in -lICE
configure:13825: gcc -o conftest -g -O2  -L/home/allan/jhbuild/install/lib  conftest.c -lICE   >&5
configure:13825: $? = 0
configure:13834: result: yes
configure:13893: checking for XTestFakeKeyEvent in -lXtst
configure:13918: gcc -o conftest -g -O2   -L/home/allan/jhbuild/install/lib  conftest.c -lXtst   -lSM -lICE -lX11   >&5
configure:13918: $? = 0
configure:13927: result: yes
configure:13941: checking for XkbQueryExtension in -lX11
configure:13966: gcc -o conftest -g -O2   -L/home/allan/jhbuild/install/lib  conftest.c -lX11   -lSM -lICE -lX11   >&5
configure:13966: $? = 0
configure:13975: result: yes
configure:13984: checking X11/XKBlib.h usability
configure:13984: gcc -c -g -O2   conftest.c >&5
configure:13984: $? = 0
configure:13984: result: yes
configure:13984: checking X11/XKBlib.h presence
configure:13984: gcc -E   conftest.c
configure:13984: $? = 0
configure:13984: result: yes
configure:13984: checking for X11/XKBlib.h
configure:13984: result: yes
configure:14000: checking for XOpenDevice in -lXi
configure:14025: gcc -o conftest -g -O2   -L/home/allan/jhbuild/install/lib  conftest.c -lXi   -lSM -lICE -lX11   >&5
configure:14025: $? = 0
configure:14034: result: yes
configure:14045: checking X11/extensions/XInput.h usability
configure:14045: gcc -c -g -O2   conftest.c >&5
configure:14045: $? = 0
configure:14045: result: yes
configure:14045: checking X11/extensions/XInput.h presence
configure:14045: gcc -E   conftest.c
configure:14045: $? = 0
configure:14045: result: yes
configure:14045: checking for X11/extensions/XInput.h
configure:14045: result: yes
configure:14193: checking for dbus-daemon
configure:14211: found /usr/bin/dbus-daemon
configure:14224: result: /usr/bin/dbus-daemon
configure:14259: checking for glib-mkenums
configure:14277: found /home/allan/jhbuild/install/bin/glib-mkenums
configure:14289: result: /home/allan/jhbuild/install/bin/glib-mkenums
configure:14309: checking for gobject-introspection
configure:14340: $PKG_CONFIG --exists --print-errors "gobject-introspection-1.0 >= 0.9.6"
configure:14343: $? = 0
configure:14354: result: yes
configure:14398: checking alignment of char
configure:14403: gcc -o conftest -g -O2   -I/usr/include/dbus-1.0 -I/usr/lib/i386-linux-gnu/dbus-1.0/include  -L/home/allan/jhbuild/install/lib  conftest.c    >&5
configure:14403: $? = 0
configure:14403: ./conftest
configure:14403: $? = 0
configure:14421: result: 1
configure:14433: checking alignment of dbus_bool_t
configure:14438: gcc -o conftest -g -O2   -I/usr/include/dbus-1.0 -I/usr/lib/i386-linux-gnu/dbus-1.0/include  -L/home/allan/jhbuild/install/lib  conftest.c    >&5
configure:14438: $? = 0
configure:14438: ./conftest
configure:14438: $? = 0
configure:14457: result: 4
configure:14469: checking alignment of dbus_int16_t
configure:14474: gcc -o conftest -g -O2   -I/usr/include/dbus-1.0 -I/usr/lib/i386-linux-gnu/dbus-1.0/include  -L/home/allan/jhbuild/install/lib  conftest.c    >&5
configure:14474: $? = 0
configure:14474: ./conftest
configure:14474: $? = 0
configure:14493: result: 2
configure:14505: checking alignment of dbus_int32_t
configure:14510: gcc -o conftest -g -O2   -I/usr/include/dbus-1.0 -I/usr/lib/i386-linux-gnu/dbus-1.0/include  -L/home/allan/jhbuild/install/lib  conftest.c    >&5
configure:14510: $? = 0
configure:14510: ./conftest
configure:14510: $? = 0
configure:14529: result: 4
configure:14541: checking alignment of dbus_int64_t
configure:14546: gcc -o conftest -g -O2   -I/usr/include/dbus-1.0 -I/usr/lib/i386-linux-gnu/dbus-1.0/include  -L/home/allan/jhbuild/install/lib  conftest.c    >&5
configure:14546: $? = 0
configure:14546: ./conftest
configure:14546: $? = 0
configure:14565: result: 4
configure:14577: checking alignment of double
configure:14582: gcc -o conftest -g -O2   -I/usr/include/dbus-1.0 -I/usr/lib/i386-linux-gnu/dbus-1.0/include  -L/home/allan/jhbuild/install/lib  conftest.c    >&5
configure:14582: $? = 0
configure:14582: ./conftest
configure:14582: $? = 0
configure:14601: result: 4
configure:14613: checking alignment of dbind_pointer
configure:14618: gcc -o conftest -g -O2   -I/usr/include/dbus-1.0 -I/usr/lib/i386-linux-gnu/dbus-1.0/include  -L/home/allan/jhbuild/install/lib  conftest.c    >&5
configure:14618: $? = 0
configure:14618: ./conftest
configure:14618: $? = 0
configure:14638: result: 4
configure:14650: checking alignment of dbind_struct
configure:14655: gcc -o conftest -g -O2   -I/usr/include/dbus-1.0 -I/usr/lib/i386-linux-gnu/dbus-1.0/include  -L/home/allan/jhbuild/install/lib  conftest.c    >&5
configure:14655: $? = 0
configure:14655: ./conftest
configure:14655: $? = 0
configure:14675: result: 1
configure:14690: checking for gtk-doc
configure:14693: $PKG_CONFIG --exists --print-errors "$gtk_doc_requires"
configure:14696: $? = 0
configure:14702: result: yes
configure:14716: checking for gtkdoc-check
configure:14732: found /home/allan/jhbuild/install/bin/gtkdoc-check
configure:14743: result: gtkdoc-check.test
configure:14753: checking for gtkdoc-check
configure:14771: found /home/allan/jhbuild/install/bin/gtkdoc-check
configure:14783: result: /home/allan/jhbuild/install/bin/gtkdoc-check
configure:14795: checking for gtkdoc-rebase
configure:14813: found /home/allan/jhbuild/install/bin/gtkdoc-rebase
configure:14825: result: /home/allan/jhbuild/install/bin/gtkdoc-rebase
configure:14839: checking for gtkdoc-mkpdf
configure:14857: found /home/allan/jhbuild/install/bin/gtkdoc-mkpdf
configure:14869: result: /home/allan/jhbuild/install/bin/gtkdoc-mkpdf
configure:14897: checking whether to build gtk-doc documentation
configure:14899: result: no
configure:14912: checking for GTKDOC_DEPS
configure:14919: $PKG_CONFIG --exists --print-errors "glib-2.0 >= 2.10.0 gobject-2.0  >= 2.10.0"
configure:14922: $? = 0
configure:14936: $PKG_CONFIG --exists --print-errors "glib-2.0 >= 2.10.0 gobject-2.0  >= 2.10.0"
configure:14939: $? = 0
configure:14977: result: yes
configure:15173: checking that generated files are newer than configure
configure:15179: result: done
configure:15246: creating ./config.status

## ---------------------- ##
## Running config.status. ##
## ---------------------- ##

This file was extended by at-spi2-core config.status 2.20.0, which was
generated by GNU Autoconf 2.69.  Invocation command line was

  CONFIG_FILES    = 
  CONFIG_HEADERS  = 
  CONFIG_LINKS    = 
  CONFIG_COMMANDS = 
  $ ./config.status 

on allan-HP-G42-Notebook-PC

config.status:1222: creating Makefile
config.status:1222: creating po/Makefile.in
config.status:1222: creating xml/Makefile
config.status:1222: creating dbind/Makefile
config.status:1222: creating atspi/Makefile
config.status:1222: creating registryd/Makefile
config.status:1222: creating bus/Makefile
config.status:1222: creating doc/Makefile
config.status:1222: creating doc/libatspi/Makefile
config.status:1222: creating doc/libatspi/version.xml
config.status:1222: creating test/Makefile
config.status:1222: creating atspi-2.pc
config.status:1222: creating atspi-2-uninstalled.pc
config.status:1222: creating config.h
config.status:1451: executing depfiles commands
config.status:1451: executing libtool commands
config.status:1451: executing po/stamp-it commands
configure:17499: WARNING: unrecognized options: --disable-Werror

## ---------------- ##
## Cache variables. ##
## ---------------- ##

ac_cv_alignof_char=1
ac_cv_alignof_dbind_pointer=4
ac_cv_alignof_dbind_struct=1
ac_cv_alignof_dbus_bool_t=4
ac_cv_alignof_dbus_int16_t=2
ac_cv_alignof_dbus_int32_t=4
ac_cv_alignof_dbus_int64_t=4
ac_cv_alignof_double=4
ac_cv_build=i686-pc-linux-gnu
ac_cv_c_compiler_gnu=yes
ac_cv_env_CC_set=
ac_cv_env_CC_value=
ac_cv_env_CFLAGS_set=
ac_cv_env_CFLAGS_value=
ac_cv_env_CPPFLAGS_set=
ac_cv_env_CPPFLAGS_value=
ac_cv_env_CPP_set=
ac_cv_env_CPP_value=
ac_cv_env_DBUS_CFLAGS_set=
ac_cv_env_DBUS_CFLAGS_value=
ac_cv_env_DBUS_LIBS_set=
ac_cv_env_DBUS_LIBS_value=
ac_cv_env_GIO_CFLAGS_set=
ac_cv_env_GIO_CFLAGS_value=
ac_cv_env_GIO_LIBS_set=
ac_cv_env_GIO_LIBS_value=
ac_cv_env_GLIB_CFLAGS_set=
ac_cv_env_GLIB_CFLAGS_value=
ac_cv_env_GLIB_LIBS_set=
ac_cv_env_GLIB_LIBS_value=
ac_cv_env_GOBJ_CFLAGS_set=
ac_cv_env_GOBJ_CFLAGS_value=
ac_cv_env_GOBJ_LIBS_set=
ac_cv_env_GOBJ_LIBS_value=
ac_cv_env_GTKDOC_DEPS_CFLAGS_set=
ac_cv_env_GTKDOC_DEPS_CFLAGS_value=
ac_cv_env_GTKDOC_DEPS_LIBS_set=
ac_cv_env_GTKDOC_DEPS_LIBS_value=
ac_cv_env_LDFLAGS_set=set
ac_cv_env_LDFLAGS_value='-L/home/allan/jhbuild/install/lib '
ac_cv_env_LIBS_set=
ac_cv_env_LIBS_value=
ac_cv_env_PKG_CONFIG_LIBDIR_set=
ac_cv_env_PKG_CONFIG_LIBDIR_value=
ac_cv_env_PKG_CONFIG_PATH_set=set
ac_cv_env_PKG_CONFIG_PATH_value=/home/allan/jhbuild/install/lib/pkgconfig:/home/allan/jhbuild/install/share/pkgconfig:/usr/lib/i386-linux-gnu/pkgconfig:/usr/lib/pkgconfig:/usr/share/pkgconfig
ac_cv_env_PKG_CONFIG_set=
ac_cv_env_PKG_CONFIG_value=
ac_cv_env_XMKMF_set=
ac_cv_env_XMKMF_value=
ac_cv_env_build_alias_set=
ac_cv_env_build_alias_value=
ac_cv_env_host_alias_set=
ac_cv_env_host_alias_value=
ac_cv_env_target_alias_set=
ac_cv_env_target_alias_value=
ac_cv_func_connect=yes
ac_cv_func_gethostbyname=yes
ac_cv_func_remove=yes
ac_cv_func_shmat=yes
ac_cv_have_x='have_x=yes	ac_x_includes='\'''\''	ac_x_libraries='\'''\'''
ac_cv_header_X11_XKBlib_h=yes
ac_cv_header_X11_extensions_XInput_h=yes
ac_cv_header_dlfcn_h=yes
ac_cv_header_inttypes_h=yes
ac_cv_header_memory_h=yes
ac_cv_header_stdc=yes
ac_cv_header_stdint_h=yes
ac_cv_header_stdlib_h=yes
ac_cv_header_string_h=yes
ac_cv_header_strings_h=yes
ac_cv_header_sys_stat_h=yes
ac_cv_header_sys_types_h=yes
ac_cv_header_unistd_h=yes
ac_cv_host=i686-pc-linux-gnu
ac_cv_lib_ICE_IceConnectionNumber=yes
ac_cv_lib_X11_XkbQueryExtension=yes
ac_cv_lib_Xi_XOpenDevice=yes
ac_cv_lib_Xtst_XTestFakeKeyEvent=yes
ac_cv_lib_c_dlopen=no
ac_cv_lib_dl_dlopen=yes
ac_cv_objext=o
ac_cv_path_DBUS_DAEMON=/usr/bin/dbus-daemon
ac_cv_path_EGREP='/bin/grep -E'
ac_cv_path_FGREP='/bin/grep -F'
ac_cv_path_GLIB_MKENUMS=/home/allan/jhbuild/install/bin/glib-mkenums
ac_cv_path_GMSGFMT=/usr/bin/msgfmt
ac_cv_path_GREP=/bin/grep
ac_cv_path_GTKDOC_CHECK_PATH=/home/allan/jhbuild/install/bin/gtkdoc-check
ac_cv_path_GTKDOC_MKPDF=/home/allan/jhbuild/install/bin/gtkdoc-mkpdf
ac_cv_path_GTKDOC_REBASE=/home/allan/jhbuild/install/bin/gtkdoc-rebase
ac_cv_path_INTLTOOL_EXTRACT=/usr/bin/intltool-extract
ac_cv_path_INTLTOOL_MERGE=/usr/bin/intltool-merge
ac_cv_path_INTLTOOL_PERL=/usr/bin/perl
ac_cv_path_INTLTOOL_UPDATE=/usr/bin/intltool-update
ac_cv_path_MSGFMT=/usr/bin/msgfmt
ac_cv_path_MSGMERGE=/usr/bin/msgmerge
ac_cv_path_SED=/bin/sed
ac_cv_path_XGETTEXT=/usr/bin/xgettext
ac_cv_path_ac_pt_PKG_CONFIG=/usr/bin/pkg-config
ac_cv_path_install='/usr/bin/install -c'
ac_cv_path_mkdir=/bin/mkdir
ac_cv_prog_AWK=gawk
ac_cv_prog_CPP='gcc -E'
ac_cv_prog_GTKDOC_CHECK=gtkdoc-check.test
ac_cv_prog_ac_ct_AR=ar
ac_cv_prog_ac_ct_CC=gcc
ac_cv_prog_ac_ct_MANIFEST_TOOL=mt
ac_cv_prog_ac_ct_OBJDUMP=objdump
ac_cv_prog_ac_ct_RANLIB=ranlib
ac_cv_prog_ac_ct_STRIP=strip
ac_cv_prog_cc_c89=
ac_cv_prog_cc_g=yes
ac_cv_prog_make_make_set=yes
am_cv_CC_dependencies_compiler_type=gcc3
am_cv_ar_interface=ar
am_cv_make_support_nested_variables=yes
am_cv_prog_cc_c_o=yes
lt_cv_ar_at_file=@
lt_cv_archive_cmds_need_lc=no
lt_cv_deplibs_check_method=pass_all
lt_cv_file_magic_cmd='$MAGIC_CMD'
lt_cv_file_magic_test_file=
lt_cv_ld_reload_flag=-r
lt_cv_nm_interface='BSD nm'
lt_cv_objdir=.libs
lt_cv_path_LD=/usr/bin/ld
lt_cv_path_NM='/usr/bin/nm -B'
lt_cv_path_mainfest_tool=no
lt_cv_prog_compiler_c_o=yes
lt_cv_prog_compiler_pic='-fPIC -DPIC'
lt_cv_prog_compiler_pic_works=yes
lt_cv_prog_compiler_rtti_exceptions=no
lt_cv_prog_compiler_static_works=yes
lt_cv_prog_gnu_ld=yes
lt_cv_sharedlib_from_linklib_cmd='printf %s\n'
lt_cv_shlibpath_overrides_runpath=no
lt_cv_sys_global_symbol_pipe='sed -n -e '\''s/^.*[	 ]\([ABCDGIRSTW][ABCDGIRSTW]*\)[	 ][	 ]*\([_A-Za-z][_A-Za-z0-9]*\)$/\1 \2 \2/p'\'' | sed '\''/ __gnu_lto/d'\'''
lt_cv_sys_global_symbol_to_c_name_address='sed -n -e '\''s/^: \([^ ]*\)[ ]*$/  {\"\1\", (void *) 0},/p'\'' -e '\''s/^[ABCDGIRSTW]* \([^ ]*\) \([^ ]*\)$/  {"\2", (void *) \&\2},/p'\'''
lt_cv_sys_global_symbol_to_c_name_address_lib_prefix='sed -n -e '\''s/^: \([^ ]*\)[ ]*$/  {\"\1\", (void *) 0},/p'\'' -e '\''s/^[ABCDGIRSTW]* \([^ ]*\) \(lib[^ ]*\)$/  {"\2", (void *) \&\2},/p'\'' -e '\''s/^[ABCDGIRSTW]* \([^ ]*\) \([^ ]*\)$/  {"lib\2", (void *) \&\2},/p'\'''
lt_cv_sys_global_symbol_to_cdecl='sed -n -e '\''s/^T .* \(.*\)$/extern int \1();/p'\'' -e '\''s/^[ABCDGIRSTW]* .* \(.*\)$/extern char \1;/p'\'''
lt_cv_sys_max_cmd_len=1572864
lt_cv_to_host_file_cmd=func_convert_file_noop
lt_cv_to_tool_file_cmd=func_convert_file_noop
pkg_cv_DBUS_CFLAGS='-I/usr/include/dbus-1.0 -I/usr/lib/i386-linux-gnu/dbus-1.0/include '
pkg_cv_DBUS_LIBS='-ldbus-1 '
pkg_cv_GIO_CFLAGS='-pthread -I/home/allan/jhbuild/install/include/glib-2.0 -I/home/allan/jhbuild/install/lib/glib-2.0/include '
pkg_cv_GIO_LIBS='-L/home/allan/jhbuild/install/lib -lgio-2.0 -lgobject-2.0 -lglib-2.0 '
pkg_cv_GLIB_CFLAGS='-I/home/allan/jhbuild/install/include/glib-2.0 -I/home/allan/jhbuild/install/lib/glib-2.0/include '
pkg_cv_GLIB_LIBS='-L/home/allan/jhbuild/install/lib -lglib-2.0 '
pkg_cv_GOBJ_CFLAGS='-I/home/allan/jhbuild/install/include/glib-2.0 -I/home/allan/jhbuild/install/lib/glib-2.0/include '
pkg_cv_GOBJ_LIBS='-L/home/allan/jhbuild/install/lib -lgobject-2.0 -lglib-2.0 '
pkg_cv_GTKDOC_DEPS_CFLAGS='-I/home/allan/jhbuild/install/include/glib-2.0 -I/home/allan/jhbuild/install/lib/glib-2.0/include '
pkg_cv_GTKDOC_DEPS_LIBS='-L/home/allan/jhbuild/install/lib -lgobject-2.0 -lglib-2.0 '

## ----------------- ##
## Output variables. ##
## ----------------- ##

ACLOCAL='${SHELL} /home/allan/jhbuild/checkout/at-spi2-core/config/missing aclocal-1.14'
ALL_LINGUAS=''
AMDEPBACKSLASH='\'
AMDEP_FALSE='#'
AMDEP_TRUE=''
AMTAR='$${TAR-tar}'
AM_BACKSLASH='\'
AM_DEFAULT_V='$(AM_DEFAULT_VERBOSITY)'
AM_DEFAULT_VERBOSITY='0'
AM_V='$(V)'
AR='ar'
AT_SPI_CORE_VERSION='0.1'
AUTOCONF='${SHELL} /home/allan/jhbuild/checkout/at-spi2-core/config/missing autoconf'
AUTOHEADER='${SHELL} /home/allan/jhbuild/checkout/at-spi2-core/config/missing autoheader'
AUTOMAKE='${SHELL} /home/allan/jhbuild/checkout/at-spi2-core/config/missing automake-1.14'
AWK='gawk'
CC='gcc'
CCDEPMODE='depmode=gcc3'
CFLAGS='-g -O2 -Werror-implicit-function-declaration'
CPP='gcc -E'
CPPFLAGS=' '
CYGPATH_W='echo'
DBUS_CFLAGS='-I/usr/include/dbus-1.0 -I/usr/lib/i386-linux-gnu/dbus-1.0/include '
DBUS_DAEMON='/usr/bin/dbus-daemon'
DBUS_LIBS='-ldbus-1 '
DBUS_SERVICES_DIR='${datarootdir}/dbus-1/services'
DEFS='-DHAVE_CONFIG_H'
DEPDIR='.deps'
DLLTOOL='false'
DL_LIBS='-ldl'
DSYMUTIL=''
DUMPBIN=''
ECHO_C=''
ECHO_N='-n'
ECHO_T=''
EGREP='/bin/grep -E'
ENABLE_GTK_DOC_FALSE=''
ENABLE_GTK_DOC_TRUE='#'
EXEEXT=''
FGREP='/bin/grep -F'
GETTEXT_PACKAGE='at-spi2-core'
GIO_CFLAGS='-pthread -I/home/allan/jhbuild/install/include/glib-2.0 -I/home/allan/jhbuild/install/lib/glib-2.0/include '
GIO_LIBS='-L/home/allan/jhbuild/install/lib -lgio-2.0 -lgobject-2.0 -lglib-2.0 '
GLIB_CFLAGS='-I/home/allan/jhbuild/install/include/glib-2.0 -I/home/allan/jhbuild/install/lib/glib-2.0/include '
GLIB_LIBS='-L/home/allan/jhbuild/install/lib -lglib-2.0 '
GLIB_MKENUMS='/home/allan/jhbuild/install/bin/glib-mkenums'
GMSGFMT='/usr/bin/msgfmt'
GOBJ_CFLAGS='-I/home/allan/jhbuild/install/include/glib-2.0 -I/home/allan/jhbuild/install/lib/glib-2.0/include '
GOBJ_LIBS='-L/home/allan/jhbuild/install/lib -lgobject-2.0 -lglib-2.0 '
GREP='/bin/grep'
GTKDOC_CHECK='gtkdoc-check.test'
GTKDOC_CHECK_PATH='/home/allan/jhbuild/install/bin/gtkdoc-check'
GTKDOC_DEPS_CFLAGS='-I/home/allan/jhbuild/install/include/glib-2.0 -I/home/allan/jhbuild/install/lib/glib-2.0/include '
GTKDOC_DEPS_LIBS='-L/home/allan/jhbuild/install/lib -lgobject-2.0 -lglib-2.0 '
GTKDOC_MKPDF='/home/allan/jhbuild/install/bin/gtkdoc-mkpdf'
GTKDOC_REBASE='/home/allan/jhbuild/install/bin/gtkdoc-rebase'
GTK_DOC_BUILD_HTML_FALSE='#'
GTK_DOC_BUILD_HTML_TRUE=''
GTK_DOC_BUILD_PDF_FALSE=''
GTK_DOC_BUILD_PDF_TRUE='#'
GTK_DOC_USE_LIBTOOL_FALSE='#'
GTK_DOC_USE_LIBTOOL_TRUE=''
GTK_DOC_USE_REBASE_FALSE='#'
GTK_DOC_USE_REBASE_TRUE=''
HAVE_GTK_DOC_FALSE='#'
HAVE_GTK_DOC_TRUE=''
HAVE_INTROSPECTION_FALSE='#'
HAVE_INTROSPECTION_TRUE=''
HAVE_X11=''
HTML_DIR='${datadir}/gtk-doc/html'
INSTALL_DATA='${INSTALL} -m 644'
INSTALL_PROGRAM='${INSTALL}'
INSTALL_SCRIPT='${INSTALL}'
INSTALL_STRIP_PROGRAM='$(install_sh) -c -s'
INTLTOOL_CAVES_RULE='%.caves:     %.caves.in     $(INTLTOOL_MERGE) $(wildcard $(top_srcdir)/po/*.po) ; $(INTLTOOL_V_MERGE)LC_ALL=C $(INTLTOOL_MERGE) $(INTLTOOL_V_MERGE_OPTIONS) -d -u -c $(top_builddir)/po/.intltool-merge-cache $(top_srcdir)/po $< $@'
INTLTOOL_DESKTOP_RULE='%.desktop:   %.desktop.in   $(INTLTOOL_MERGE) $(wildcard $(top_srcdir)/po/*.po) ; $(INTLTOOL_V_MERGE)LC_ALL=C $(INTLTOOL_MERGE) $(INTLTOOL_V_MERGE_OPTIONS) -d -u -c $(top_builddir)/po/.intltool-merge-cache $(top_srcdir)/po $< $@'
INTLTOOL_DIRECTORY_RULE='%.directory: %.directory.in $(INTLTOOL_MERGE) $(wildcard $(top_srcdir)/po/*.po) ; $(INTLTOOL_V_MERGE)LC_ALL=C $(INTLTOOL_MERGE) $(INTLTOOL_V_MERGE_OPTIONS) -d -u -c $(top_builddir)/po/.intltool-merge-cache $(top_srcdir)/po $< $@'
INTLTOOL_EXTRACT='/usr/bin/intltool-extract'
INTLTOOL_KBD_RULE='%.kbd:       %.kbd.in       $(INTLTOOL_MERGE) $(wildcard $(top_srcdir)/po/*.po) ; $(INTLTOOL_V_MERGE)LC_ALL=C $(INTLTOOL_MERGE) $(INTLTOOL_V_MERGE_OPTIONS) -x -u -m -c $(top_builddir)/po/.intltool-merge-cache $(top_srcdir)/po $< $@'
INTLTOOL_KEYS_RULE='%.keys:      %.keys.in      $(INTLTOOL_MERGE) $(wildcard $(top_srcdir)/po/*.po) ; $(INTLTOOL_V_MERGE)LC_ALL=C $(INTLTOOL_MERGE) $(INTLTOOL_V_MERGE_OPTIONS) -k -u -c $(top_builddir)/po/.intltool-merge-cache $(top_srcdir)/po $< $@'
INTLTOOL_MERGE='/usr/bin/intltool-merge'
INTLTOOL_OAF_RULE='%.oaf:       %.oaf.in       $(INTLTOOL_MERGE) $(wildcard $(top_srcdir)/po/*.po) ; $(INTLTOOL_V_MERGE)LC_ALL=C $(INTLTOOL_MERGE) $(INTLTOOL_V_MERGE_OPTIONS) -o -p $(top_srcdir)/po $< $@'
INTLTOOL_PERL='/usr/bin/perl'
INTLTOOL_POLICY_RULE='%.policy:    %.policy.in    $(INTLTOOL_MERGE) $(wildcard $(top_srcdir)/po/*.po) ; $(INTLTOOL_V_MERGE)LC_ALL=C $(INTLTOOL_MERGE) $(INTLTOOL_V_MERGE_OPTIONS) -x -u -c $(top_builddir)/po/.intltool-merge-cache $(top_srcdir)/po $< $@'
INTLTOOL_PONG_RULE='%.pong:      %.pong.in      $(INTLTOOL_MERGE) $(wildcard $(top_srcdir)/po/*.po) ; $(INTLTOOL_V_MERGE)LC_ALL=C $(INTLTOOL_MERGE) $(INTLTOOL_V_MERGE_OPTIONS) -x -u -c $(top_builddir)/po/.intltool-merge-cache $(top_srcdir)/po $< $@'
INTLTOOL_PROP_RULE='%.prop:      %.prop.in      $(INTLTOOL_MERGE) $(wildcard $(top_srcdir)/po/*.po) ; $(INTLTOOL_V_MERGE)LC_ALL=C $(INTLTOOL_MERGE) $(INTLTOOL_V_MERGE_OPTIONS) -d -u -c $(top_builddir)/po/.intltool-merge-cache $(top_srcdir)/po $< $@'
INTLTOOL_SCHEMAS_RULE='%.schemas:   %.schemas.in   $(INTLTOOL_MERGE) $(wildcard $(top_srcdir)/po/*.po) ; $(INTLTOOL_V_MERGE)LC_ALL=C $(INTLTOOL_MERGE) $(INTLTOOL_V_MERGE_OPTIONS) -s -u -c $(top_builddir)/po/.intltool-merge-cache $(top_srcdir)/po $< $@'
INTLTOOL_SERVER_RULE='%.server:    %.server.in    $(INTLTOOL_MERGE) $(wildcard $(top_srcdir)/po/*.po) ; $(INTLTOOL_V_MERGE)LC_ALL=C $(INTLTOOL_MERGE) $(INTLTOOL_V_MERGE_OPTIONS) -o -u -c $(top_builddir)/po/.intltool-merge-cache $(top_srcdir)/po $< $@'
INTLTOOL_SERVICE_RULE='%.service: %.service.in   $(INTLTOOL_MERGE) $(wildcard $(top_srcdir)/po/*.po) ; $(INTLTOOL_V_MERGE)LC_ALL=C $(INTLTOOL_MERGE) $(INTLTOOL_V_MERGE_OPTIONS) -d -u -c $(top_builddir)/po/.intltool-merge-cache $(top_srcdir)/po $< $@'
INTLTOOL_SHEET_RULE='%.sheet:     %.sheet.in     $(INTLTOOL_MERGE) $(wildcard $(top_srcdir)/po/*.po) ; $(INTLTOOL_V_MERGE)LC_ALL=C $(INTLTOOL_MERGE) $(INTLTOOL_V_MERGE_OPTIONS) -x -u -c $(top_builddir)/po/.intltool-merge-cache $(top_srcdir)/po $< $@'
INTLTOOL_SOUNDLIST_RULE='%.soundlist: %.soundlist.in $(INTLTOOL_MERGE) $(wildcard $(top_srcdir)/po/*.po) ; $(INTLTOOL_V_MERGE)LC_ALL=C $(INTLTOOL_MERGE) $(INTLTOOL_V_MERGE_OPTIONS) -d -u -c $(top_builddir)/po/.intltool-merge-cache $(top_srcdir)/po $< $@'
INTLTOOL_THEME_RULE='%.theme:     %.theme.in     $(INTLTOOL_MERGE) $(wildcard $(top_srcdir)/po/*.po) ; $(INTLTOOL_V_MERGE)LC_ALL=C $(INTLTOOL_MERGE) $(INTLTOOL_V_MERGE_OPTIONS) -d -u -c $(top_builddir)/po/.intltool-merge-cache $(top_srcdir)/po $< $@'
INTLTOOL_UI_RULE='%.ui:        %.ui.in        $(INTLTOOL_MERGE) $(wildcard $(top_srcdir)/po/*.po) ; $(INTLTOOL_V_MERGE)LC_ALL=C $(INTLTOOL_MERGE) $(INTLTOOL_V_MERGE_OPTIONS) -x -u -c $(top_builddir)/po/.intltool-merge-cache $(top_srcdir)/po $< $@'
INTLTOOL_UPDATE='/usr/bin/intltool-update'
INTLTOOL_V_MERGE='$(INTLTOOL__v_MERGE_$(V))'
INTLTOOL_V_MERGE_OPTIONS='$(intltool__v_merge_options_$(V))'
INTLTOOL_XAM_RULE='%.xam:       %.xml.in       $(INTLTOOL_MERGE) $(wildcard $(top_srcdir)/po/*.po) ; $(INTLTOOL_V_MERGE)LC_ALL=C $(INTLTOOL_MERGE) $(INTLTOOL_V_MERGE_OPTIONS) -x -u -c $(top_builddir)/po/.intltool-merge-cache $(top_srcdir)/po $< $@'
INTLTOOL_XML_NOMERGE_RULE='%.xml:       %.xml.in       $(INTLTOOL_MERGE) ; $(INTLTOOL_V_MERGE)LC_ALL=C $(INTLTOOL_MERGE) $(INTLTOOL_V_MERGE_OPTIONS) -x -u --no-translations $< $@'
INTLTOOL_XML_RULE='%.xml:       %.xml.in       $(INTLTOOL_MERGE) $(wildcard $(top_srcdir)/po/*.po) ; $(INTLTOOL_V_MERGE)LC_ALL=C $(INTLTOOL_MERGE) $(INTLTOOL_V_MERGE_OPTIONS) -x -u -c $(top_builddir)/po/.intltool-merge-cache $(top_srcdir)/po $< $@'
INTLTOOL__v_MERGE_0='@echo "  ITMRG " $@;'
INTLTOOL__v_MERGE_='$(INTLTOOL__v_MERGE_$(AM_DEFAULT_VERBOSITY))'
INTROSPECTION_CFLAGS='-pthread -I/home/allan/jhbuild/install/include/gobject-introspection-1.0 -I/home/allan/jhbuild/install/include/glib-2.0 -I/home/allan/jhbuild/install/lib/glib-2.0/include '
INTROSPECTION_COMPILER='/home/allan/jhbuild/install/bin/g-ir-compiler'
INTROSPECTION_GENERATE='/home/allan/jhbuild/install/bin/g-ir-generate'
INTROSPECTION_GIRDIR='/home/allan/jhbuild/install/share/gir-1.0'
INTROSPECTION_LIBS='-L/home/allan/jhbuild/install/lib -lgirepository-1.0 -lgobject-2.0 -lglib-2.0 '
INTROSPECTION_MAKEFILE='/home/allan/jhbuild/install/share/gobject-introspection-1.0/Makefile.introspection'
INTROSPECTION_SCANNER='/home/allan/jhbuild/install/bin/g-ir-scanner'
INTROSPECTION_TYPELIBDIR='/home/allan/jhbuild/install/lib/girepository-1.0'
LD='/usr/bin/ld'
LDFLAGS='-L/home/allan/jhbuild/install/lib '
LIBOBJS=''
LIBS='  '
LIBTOOL='$(SHELL) $(top_builddir)/libtool'
LIBTOOL_EXPORT_OPTIONS=''
LIPO=''
LN_S='ln -s'
LTLIBOBJS=''
LT_AGE='0'
LT_CURRENT='0'
LT_RELEASE='0.1'
LT_REVISION='1'
LT_VERSION_INFO='-version-info ${LT_CURRENT}:${LT_REVISION}:${LT_AGE}'
MAKEINFO='${SHELL} /home/allan/jhbuild/checkout/at-spi2-core/config/missing makeinfo'
MANIFEST_TOOL=':'
MKDIR_P='/bin/mkdir -p'
MSGFMT='/usr/bin/msgfmt'
MSGMERGE='/usr/bin/msgmerge'
NM='/usr/bin/nm -B'
NMEDIT=''
OBJDUMP='objdump'
OBJEXT='o'
OTOOL64=''
OTOOL=''
PACKAGE='at-spi2-core'
PACKAGE_BUGREPORT='accessibility-atspi@lists.linux-foundation.org'
PACKAGE_NAME='at-spi2-core'
PACKAGE_STRING='at-spi2-core 2.20.0'
PACKAGE_TARNAME='at-spi2-core'
PACKAGE_URL=''
PACKAGE_VERSION='2.20.0'
PATH_SEPARATOR=':'
PKG_CONFIG='/usr/bin/pkg-config'
PKG_CONFIG_LIBDIR=''
PKG_CONFIG_PATH='/home/allan/jhbuild/install/lib/pkgconfig:/home/allan/jhbuild/install/share/pkgconfig:/usr/lib/i386-linux-gnu/pkgconfig:/usr/lib/pkgconfig:/usr/share/pkgconfig'
RANLIB='ranlib'
SED='/bin/sed'
SET_MAKE=''
SHELL='/bin/bash'
STRIP='strip'
USE_NLS='yes'
USE_X11_FALSE='#'
USE_X11_TRUE=''
VERSION='2.20.0'
XEVIE_LIBS=''
XGETTEXT='/usr/bin/xgettext'
XINPUT_LIBS='-lXi'
XMKMF=''
XTST_LIBS='-lXtst'
X_CFLAGS=''
X_EXTRA_LIBS=''
X_LIBS='  -lSM -lICE -lX11 '
X_PRE_LIBS=' -lSM -lICE'
ac_ct_AR='ar'
ac_ct_CC='gcc'
ac_ct_DUMPBIN=''
am__EXEEXT_FALSE=''
am__EXEEXT_TRUE='#'
am__fastdepCC_FALSE='#'
am__fastdepCC_TRUE=''
am__include='include'
am__isrc=''
am__leading_dot='.'
am__nodep='_no'
am__quote=''
am__tar='$${TAR-tar} chof - "$$tardir"'
am__untar='$${TAR-tar} xf -'
bindir='${exec_prefix}/bin'
build='i686-pc-linux-gnu'
build_alias=''
build_cpu='i686'
build_os='linux-gnu'
build_vendor='pc'
datadir='${datarootdir}'
datarootdir='${prefix}/share'
docdir='${datarootdir}/doc/${PACKAGE_TARNAME}'
dvidir='${docdir}'
exec_prefix='${prefix}'
host='i686-pc-linux-gnu'
host_alias=''
host_cpu='i686'
host_os='linux-gnu'
host_vendor='pc'
htmldir='${docdir}'
includedir='${prefix}/include'
infodir='${datarootdir}/info'
install_sh='${SHELL} /home/allan/jhbuild/checkout/at-spi2-core/config/install-sh'
intltool__v_merge_options_0='-q'
intltool__v_merge_options_='$(intltool__v_merge_options_$(AM_DEFAULT_VERBOSITY))'
libdir='${exec_prefix}/lib'
libexecdir='${exec_prefix}/libexec'
localedir='${datarootdir}/locale'
localstatedir='${prefix}/var'
mandir='${datarootdir}/man'
mkdir_p='$(MKDIR_P)'
oldincludedir='/usr/include'
pdfdir='${docdir}'
prefix='/home/allan/jhbuild/install'
program_transform_name='s,x,x,'
psdir='${docdir}'
sbindir='${exec_prefix}/sbin'
sharedstatedir='${prefix}/com'
sysconfdir='${prefix}/etc'
target_alias=''

## ----------- ##
## confdefs.h. ##
## ----------- ##

/* confdefs.h */
#define PACKAGE_NAME "at-spi2-core"
#define PACKAGE_TARNAME "at-spi2-core"
#define PACKAGE_VERSION "2.20.0"
#define PACKAGE_STRING "at-spi2-core 2.20.0"
#define PACKAGE_BUGREPORT "accessibility-atspi@lists.linux-foundation.org"
#define PACKAGE_URL ""
#define PACKAGE "at-spi2-core"
#define VERSION "2.20.0"
#define STDC_HEADERS 1
#define HAVE_SYS_TYPES_H 1
#define HAVE_SYS_STAT_H 1
#define HAVE_STDLIB_H 1
#define HAVE_STRING_H 1
#define HAVE_MEMORY_H 1
#define HAVE_STRINGS_H 1
#define HAVE_INTTYPES_H 1
#define HAVE_STDINT_H 1
#define HAVE_UNISTD_H 1
#define HAVE_DLFCN_H 1
#define LT_OBJDIR ".libs/"
#define HAVE_X11 1
#define HAVE_XKB /**/
#define ALIGNOF_CHAR 1
#define ALIGNOF_DBUS_BOOL_T 4
#define ALIGNOF_DBUS_INT16_T 2
#define ALIGNOF_DBUS_INT32_T 4
#define ALIGNOF_DBUS_INT64_T 4
#define ALIGNOF_DOUBLE 4
#define ALIGNOF_DBIND_POINTER 4
#define ALIGNOF_DBIND_STRUCT 1

configure: exit 0
