This file contains any messages produced by compilers while
running configure, to aid debugging if configure makes a mistake.

It was created by wayland-protocols configure 1.3, which was
generated by GNU Autoconf 2.69.  Invocation command line was

  $ ./configure --prefix /home/allan/jhbuild/install --disable-Werror --disable-static --disable-gtk-doc

## --------- ##
## Platform. ##
## --------- ##

hostname = allan-HP-G42-Notebook-PC
uname -m = i686
uname -r = 3.19.0-58-generic
uname -s = Linux
uname -v = #64-Ubuntu SMP Thu Mar 17 18:28:55 UTC 2016

/usr/bin/uname -p = unknown
/bin/uname -X     = unknown

/bin/arch              = unknown
/usr/bin/arch -k       = unknown
/usr/convex/getsysinfo = unknown
/usr/bin/hostinfo      = unknown
/bin/machine           = unknown
/usr/bin/oslevel       = unknown
/bin/universe          = unknown

PATH: /home/allan/jhbuild/install/bin
PATH: /usr/local/sbin
PATH: /usr/local/bin
PATH: /usr/sbin
PATH: /usr/bin
PATH: /sbin
PATH: /bin
PATH: /usr/games
PATH: /usr/local/games
PATH: /usr/local/java/jdk1.7.0_79/bin
PATH: /usr/local/java/jdk1.7.0_79/jre/bin
PATH: /home/allan/.local/bin


## ----------- ##
## Core tests. ##
## ----------- ##

configure:1799: checking build system type
configure:1813: result: i686-pc-linux-gnu
configure:1833: checking host system type
configure:1846: result: i686-pc-linux-gnu
configure:1871: checking for wayland-scanner
configure:1889: found /home/allan/jhbuild/install/bin/wayland-scanner
configure:1901: result: /home/allan/jhbuild/install/bin/wayland-scanner
configure:2145: checking for a BSD-compatible install
configure:2213: result: /usr/bin/install -c
configure:2224: checking whether build environment is sane
configure:2279: result: yes
configure:2430: checking for a thread-safe mkdir -p
configure:2469: result: /bin/mkdir -p
configure:2476: checking for gawk
configure:2492: found /usr/bin/gawk
configure:2503: result: gawk
configure:2514: checking whether make sets $(MAKE)
configure:2536: result: yes
configure:2565: checking whether make supports nested variables
configure:2582: result: yes
configure:2720: checking whether make supports nested variables
configure:2737: result: yes
configure:2912: checking that generated files are newer than configure
configure:2918: result: done
configure:2926: creating ./config.status

## ---------------------- ##
## Running config.status. ##
## ---------------------- ##

This file was extended by wayland-protocols config.status 1.3, which was
generated by GNU Autoconf 2.69.  Invocation command line was

  CONFIG_FILES    = 
  CONFIG_HEADERS  = 
  CONFIG_LINKS    = 
  CONFIG_COMMANDS = 
  $ ./config.status 

on allan-HP-G42-Notebook-PC

config.status:762: creating Makefile
config.status:762: creating wayland-protocols.pc
configure:3943: WARNING: unrecognized options: --disable-Werror, --disable-static, --disable-gtk-doc
configure:3951: result:
	Version			1.3
	Prefix			/home/allan/jhbuild/install
	

## ---------------- ##
## Cache variables. ##
## ---------------- ##

ac_cv_build=i686-pc-linux-gnu
ac_cv_env_PKG_CONFIG_LIBDIR_set=
ac_cv_env_PKG_CONFIG_LIBDIR_value=
ac_cv_env_PKG_CONFIG_PATH_set=set
ac_cv_env_PKG_CONFIG_PATH_value=/home/allan/jhbuild/install/lib/pkgconfig:/home/allan/jhbuild/install/share/pkgconfig:/usr/lib/i386-linux-gnu/pkgconfig:/usr/lib/pkgconfig:/usr/share/pkgconfig
ac_cv_env_PKG_CONFIG_set=
ac_cv_env_PKG_CONFIG_value=
ac_cv_env_WAYLAND_SCANNER_CFLAGS_set=
ac_cv_env_WAYLAND_SCANNER_CFLAGS_value=
ac_cv_env_WAYLAND_SCANNER_LIBS_set=
ac_cv_env_WAYLAND_SCANNER_LIBS_value=
ac_cv_env_build_alias_set=
ac_cv_env_build_alias_value=
ac_cv_env_host_alias_set=
ac_cv_env_host_alias_value=
ac_cv_env_target_alias_set=
ac_cv_env_target_alias_value=
ac_cv_env_wayland_scanner_set=
ac_cv_env_wayland_scanner_value=
ac_cv_host=i686-pc-linux-gnu
ac_cv_path_install='/usr/bin/install -c'
ac_cv_path_mkdir=/bin/mkdir
ac_cv_path_wayland_scanner=/home/allan/jhbuild/install/bin/wayland-scanner
ac_cv_prog_AWK=gawk
ac_cv_prog_make_make_set=yes
am_cv_make_support_nested_variables=yes

## ----------------- ##
## Output variables. ##
## ----------------- ##

ACLOCAL='${SHELL} /home/allan/jhbuild/checkout/wayland-protocols/missing aclocal-1.14'
AMTAR='$${TAR-tar}'
AM_BACKSLASH='\'
AM_DEFAULT_V='$(AM_DEFAULT_VERBOSITY)'
AM_DEFAULT_VERBOSITY='0'
AM_V='$(V)'
AUTOCONF='${SHELL} /home/allan/jhbuild/checkout/wayland-protocols/missing autoconf'
AUTOHEADER='${SHELL} /home/allan/jhbuild/checkout/wayland-protocols/missing autoheader'
AUTOMAKE='${SHELL} /home/allan/jhbuild/checkout/wayland-protocols/missing automake-1.14'
AWK='gawk'
CYGPATH_W='echo'
DEFS='-DPACKAGE_NAME=\"wayland-protocols\" -DPACKAGE_TARNAME=\"wayland-protocols\" -DPACKAGE_VERSION=\"1.3\" -DPACKAGE_STRING=\"wayland-protocols\ 1.3\" -DPACKAGE_BUGREPORT=\"https://bugs.freedesktop.org/enter_bug.cgi\?product=Wayland\&component=wayland\&version=unspecified\" -DPACKAGE_URL=\"http://wayland.freedesktop.org/\" -DPACKAGE=\"wayland-protocols\" -DVERSION=\"1.3\"'
ECHO_C=''
ECHO_N='-n'
ECHO_T=''
INSTALL_DATA='${INSTALL} -m 644'
INSTALL_PROGRAM='${INSTALL}'
INSTALL_SCRIPT='${INSTALL}'
INSTALL_STRIP_PROGRAM='$(install_sh) -c -s'
LIBOBJS=''
LIBS=''
LTLIBOBJS=''
MAKEINFO='${SHELL} /home/allan/jhbuild/checkout/wayland-protocols/missing makeinfo'
MKDIR_P='/bin/mkdir -p'
PACKAGE='wayland-protocols'
PACKAGE_BUGREPORT='https://bugs.freedesktop.org/enter_bug.cgi?product=Wayland&component=wayland&version=unspecified'
PACKAGE_NAME='wayland-protocols'
PACKAGE_STRING='wayland-protocols 1.3'
PACKAGE_TARNAME='wayland-protocols'
PACKAGE_URL='http://wayland.freedesktop.org/'
PACKAGE_VERSION='1.3'
PATH_SEPARATOR=':'
PKG_CONFIG=''
PKG_CONFIG_LIBDIR=''
PKG_CONFIG_PATH='/home/allan/jhbuild/install/lib/pkgconfig:/home/allan/jhbuild/install/share/pkgconfig:/usr/lib/i386-linux-gnu/pkgconfig:/usr/lib/pkgconfig:/usr/share/pkgconfig'
SET_MAKE=''
SHELL='/bin/bash'
STRIP=''
VERSION='1.3'
WAYLAND_PROTOCOLS_VERSION='1.3'
WAYLAND_SCANNER_CFLAGS=''
WAYLAND_SCANNER_LIBS=''
am__isrc=''
am__leading_dot='.'
am__tar='$${TAR-tar} chof - "$$tardir"'
am__untar='$${TAR-tar} xf -'
bindir='${exec_prefix}/bin'
build='i686-pc-linux-gnu'
build_alias=''
build_cpu='i686'
build_os='linux-gnu'
build_vendor='pc'
datadir='${datarootdir}'
datarootdir='${prefix}/share'
docdir='${datarootdir}/doc/${PACKAGE_TARNAME}'
dvidir='${docdir}'
exec_prefix='${prefix}'
host='i686-pc-linux-gnu'
host_alias=''
host_cpu='i686'
host_os='linux-gnu'
host_vendor='pc'
htmldir='${docdir}'
includedir='${prefix}/include'
infodir='${datarootdir}/info'
install_sh='${SHELL} /home/allan/jhbuild/checkout/wayland-protocols/install-sh'
libdir='${exec_prefix}/lib'
libexecdir='${exec_prefix}/libexec'
localedir='${datarootdir}/locale'
localstatedir='${prefix}/var'
mandir='${datarootdir}/man'
mkdir_p='$(MKDIR_P)'
noarch_pkgconfigdir='${datadir}/pkgconfig'
oldincludedir='/usr/include'
pdfdir='${docdir}'
prefix='/home/allan/jhbuild/install'
program_transform_name='s,x,x,'
psdir='${docdir}'
sbindir='${exec_prefix}/sbin'
sharedstatedir='${prefix}/com'
sysconfdir='${prefix}/etc'
target_alias=''
wayland_scanner='/home/allan/jhbuild/install/bin/wayland-scanner'

## ----------- ##
## confdefs.h. ##
## ----------- ##

/* confdefs.h */
#define PACKAGE_NAME "wayland-protocols"
#define PACKAGE_TARNAME "wayland-protocols"
#define PACKAGE_VERSION "1.3"
#define PACKAGE_STRING "wayland-protocols 1.3"
#define PACKAGE_BUGREPORT "https://bugs.freedesktop.org/enter_bug.cgi?product=Wayland&component=wayland&version=unspecified"
#define PACKAGE_URL "http://wayland.freedesktop.org/"
#define PACKAGE "wayland-protocols"
#define VERSION "1.3"

configure: exit 0
