This file contains any messages produced by compilers while
running configure, to aid debugging if configure makes a mistake.

It was created by wayland configure 1.10.90, which was
generated by GNU Autoconf 2.69.  Invocation command line was

  $ ./configure --prefix /home/allan/jhbuild/install --disable-Werror --disable-documentation --disable-static --disable-gtk-doc

## --------- ##
## Platform. ##
## --------- ##

hostname = allan-HP-G42-Notebook-PC
uname -m = i686
uname -r = 3.19.0-58-generic
uname -s = Linux
uname -v = #64-Ubuntu SMP Thu Mar 17 18:28:55 UTC 2016

/usr/bin/uname -p = unknown
/bin/uname -X     = unknown

/bin/arch              = unknown
/usr/bin/arch -k       = unknown
/usr/convex/getsysinfo = unknown
/usr/bin/hostinfo      = unknown
/bin/machine           = unknown
/usr/bin/oslevel       = unknown
/bin/universe          = unknown

PATH: /home/allan/jhbuild/install/bin
PATH: /usr/local/sbin
PATH: /usr/local/bin
PATH: /usr/sbin
PATH: /usr/bin
PATH: /sbin
PATH: /bin
PATH: /usr/games
PATH: /usr/local/games
PATH: /usr/local/java/jdk1.7.0_79/bin
PATH: /usr/local/java/jdk1.7.0_79/jre/bin
PATH: /home/allan/.local/bin


## ----------- ##
## Core tests. ##
## ----------- ##

configure:2587: checking for a BSD-compatible install
configure:2655: result: /usr/bin/install -c
configure:2666: checking whether build environment is sane
configure:2721: result: yes
configure:2872: checking for a thread-safe mkdir -p
configure:2911: result: /bin/mkdir -p
configure:2918: checking for gawk
configure:2934: found /usr/bin/gawk
configure:2945: result: gawk
configure:2956: checking whether make sets $(MAKE)
configure:2978: result: yes
configure:3007: checking whether make supports nested variables
configure:3024: result: yes
configure:3162: checking whether make supports nested variables
configure:3179: result: yes
configure:3240: checking for gcc
configure:3256: found /usr/bin/gcc
configure:3267: result: gcc
configure:3496: checking for C compiler version
configure:3505: gcc --version >&5
gcc (Ubuntu 4.9.2-10ubuntu13) 4.9.2
Copyright (C) 2014 Free Software Foundation, Inc.
This is free software; see the source for copying conditions.  There is NO
warranty; not even for MERCHANTABILITY or FITNESS FOR A PARTICULAR PURPOSE.

configure:3516: $? = 0
configure:3505: gcc -v >&5
Using built-in specs.
COLLECT_GCC=gcc
COLLECT_LTO_WRAPPER=/usr/lib/gcc/i686-linux-gnu/4.9/lto-wrapper
Target: i686-linux-gnu
Configured with: ../src/configure -v --with-pkgversion='Ubuntu 4.9.2-10ubuntu13' --with-bugurl=file:///usr/share/doc/gcc-4.9/README.Bugs --enable-languages=c,c++,java,go,d,fortran,objc,obj-c++ --prefix=/usr --program-suffix=-4.9 --enable-shared --enable-linker-build-id --libexecdir=/usr/lib --without-included-gettext --enable-threads=posix --with-gxx-include-dir=/usr/include/c++/4.9 --libdir=/usr/lib --enable-nls --with-sysroot=/ --enable-clocale=gnu --enable-libstdcxx-debug --enable-libstdcxx-time=yes --enable-gnu-unique-object --disable-vtable-verify --enable-plugin --with-system-zlib --disable-browser-plugin --enable-java-awt=gtk --enable-gtk-cairo --with-java-home=/usr/lib/jvm/java-1.5.0-gcj-4.9-i386/jre --enable-java-home --with-jvm-root-dir=/usr/lib/jvm/java-1.5.0-gcj-4.9-i386 --with-jvm-jar-dir=/usr/lib/jvm-exports/java-1.5.0-gcj-4.9-i386 --with-arch-directory=i386 --with-ecj-jar=/usr/share/java/eclipse-ecj.jar --enable-objc-gc --enable-targets=all --enable-multiarch --disable-werror --with-arch-32=i686 --with-multilib-list=m32,m64,mx32 --enable-multilib --with-tune=generic --enable-checking=release --build=i686-linux-gnu --host=i686-linux-gnu --target=i686-linux-gnu
Thread model: posix
gcc version 4.9.2 (Ubuntu 4.9.2-10ubuntu13) 
configure:3516: $? = 0
configure:3505: gcc -V >&5
gcc: error: unrecognized command line option '-V'
gcc: fatal error: no input files
compilation terminated.
configure:3516: $? = 4
configure:3505: gcc -qversion >&5
gcc: error: unrecognized command line option '-qversion'
gcc: fatal error: no input files
compilation terminated.
configure:3516: $? = 4
configure:3536: checking whether the C compiler works
configure:3558: gcc   -L/home/allan/jhbuild/install/lib  conftest.c  >&5
configure:3562: $? = 0
configure:3610: result: yes
configure:3613: checking for C compiler default output file name
configure:3615: result: a.out
configure:3621: checking for suffix of executables
configure:3628: gcc -o conftest   -L/home/allan/jhbuild/install/lib  conftest.c  >&5
configure:3632: $? = 0
configure:3654: result: 
configure:3676: checking whether we are cross compiling
configure:3684: gcc -o conftest   -L/home/allan/jhbuild/install/lib  conftest.c  >&5
configure:3688: $? = 0
configure:3695: ./conftest
configure:3699: $? = 0
configure:3714: result: no
configure:3719: checking for suffix of object files
configure:3741: gcc -c   conftest.c >&5
configure:3745: $? = 0
configure:3766: result: o
configure:3770: checking whether we are using the GNU C compiler
configure:3789: gcc -c   conftest.c >&5
configure:3789: $? = 0
configure:3798: result: yes
configure:3807: checking whether gcc accepts -g
configure:3827: gcc -c -g  conftest.c >&5
configure:3827: $? = 0
configure:3868: result: yes
configure:3885: checking for gcc option to accept ISO C89
configure:3948: gcc  -c -g -O2  conftest.c >&5
configure:3948: $? = 0
configure:3961: result: none needed
configure:3986: checking whether gcc understands -c and -o together
configure:4008: gcc -c conftest.c -o conftest2.o
configure:4011: $? = 0
configure:4008: gcc -c conftest.c -o conftest2.o
configure:4011: $? = 0
configure:4023: result: yes
configure:4051: checking for style of include used by make
configure:4079: result: GNU
configure:4105: checking dependency style of gcc
configure:4216: result: gcc3
configure:4289: checking for g++
configure:4305: found /usr/bin/g++
configure:4316: result: g++
configure:4343: checking for C++ compiler version
configure:4352: g++ --version >&5
g++ (Ubuntu 4.9.2-10ubuntu13) 4.9.2
Copyright (C) 2014 Free Software Foundation, Inc.
This is free software; see the source for copying conditions.  There is NO
warranty; not even for MERCHANTABILITY or FITNESS FOR A PARTICULAR PURPOSE.

configure:4363: $? = 0
configure:4352: g++ -v >&5
Using built-in specs.
COLLECT_GCC=g++
COLLECT_LTO_WRAPPER=/usr/lib/gcc/i686-linux-gnu/4.9/lto-wrapper
Target: i686-linux-gnu
Configured with: ../src/configure -v --with-pkgversion='Ubuntu 4.9.2-10ubuntu13' --with-bugurl=file:///usr/share/doc/gcc-4.9/README.Bugs --enable-languages=c,c++,java,go,d,fortran,objc,obj-c++ --prefix=/usr --program-suffix=-4.9 --enable-shared --enable-linker-build-id --libexecdir=/usr/lib --without-included-gettext --enable-threads=posix --with-gxx-include-dir=/usr/include/c++/4.9 --libdir=/usr/lib --enable-nls --with-sysroot=/ --enable-clocale=gnu --enable-libstdcxx-debug --enable-libstdcxx-time=yes --enable-gnu-unique-object --disable-vtable-verify --enable-plugin --with-system-zlib --disable-browser-plugin --enable-java-awt=gtk --enable-gtk-cairo --with-java-home=/usr/lib/jvm/java-1.5.0-gcj-4.9-i386/jre --enable-java-home --with-jvm-root-dir=/usr/lib/jvm/java-1.5.0-gcj-4.9-i386 --with-jvm-jar-dir=/usr/lib/jvm-exports/java-1.5.0-gcj-4.9-i386 --with-arch-directory=i386 --with-ecj-jar=/usr/share/java/eclipse-ecj.jar --enable-objc-gc --enable-targets=all --enable-multiarch --disable-werror --with-arch-32=i686 --with-multilib-list=m32,m64,mx32 --enable-multilib --with-tune=generic --enable-checking=release --build=i686-linux-gnu --host=i686-linux-gnu --target=i686-linux-gnu
Thread model: posix
gcc version 4.9.2 (Ubuntu 4.9.2-10ubuntu13) 
configure:4363: $? = 0
configure:4352: g++ -V >&5
g++: error: unrecognized command line option '-V'
g++: fatal error: no input files
compilation terminated.
configure:4363: $? = 4
configure:4352: g++ -qversion >&5
g++: error: unrecognized command line option '-qversion'
g++: fatal error: no input files
compilation terminated.
configure:4363: $? = 4
configure:4367: checking whether we are using the GNU C++ compiler
configure:4386: g++ -c   conftest.cpp >&5
configure:4386: $? = 0
configure:4395: result: yes
configure:4404: checking whether g++ accepts -g
configure:4424: g++ -c -g  conftest.cpp >&5
configure:4424: $? = 0
configure:4465: result: yes
configure:4490: checking dependency style of g++
configure:4601: result: gcc3
configure:4616: checking for grep that handles long lines and -e
configure:4674: result: /bin/grep
configure:4688: checking dependency style of gcc
configure:4797: result: gcc3
configure:4862: checking build system type
configure:4876: result: i686-pc-linux-gnu
configure:4896: checking host system type
configure:4909: result: i686-pc-linux-gnu
configure:4950: checking how to print strings
configure:4977: result: printf
configure:4998: checking for a sed that does not truncate output
configure:5062: result: /bin/sed
configure:5080: checking for egrep
configure:5142: result: /bin/grep -E
configure:5147: checking for fgrep
configure:5209: result: /bin/grep -F
configure:5244: checking for ld used by gcc
configure:5311: result: /usr/bin/ld
configure:5318: checking if the linker (/usr/bin/ld) is GNU ld
configure:5333: result: yes
configure:5345: checking for BSD- or MS-compatible name lister (nm)
configure:5394: result: /usr/bin/nm -B
configure:5524: checking the name lister (/usr/bin/nm -B) interface
configure:5531: gcc -c -g -O2  conftest.c >&5
configure:5534: /usr/bin/nm -B "conftest.o"
configure:5537: output
00000000 B some_variable
configure:5544: result: BSD nm
configure:5547: checking whether ln -s works
configure:5551: result: yes
configure:5559: checking the maximum length of command line arguments
configure:5690: result: 1572864
configure:5707: checking whether the shell understands some XSI constructs
configure:5717: result: yes
configure:5721: checking whether the shell understands "+="
configure:5727: result: yes
configure:5762: checking how to convert i686-pc-linux-gnu file names to i686-pc-linux-gnu format
configure:5802: result: func_convert_file_noop
configure:5809: checking how to convert i686-pc-linux-gnu file names to toolchain format
configure:5829: result: func_convert_file_noop
configure:5836: checking for /usr/bin/ld option to reload object files
configure:5843: result: -r
configure:5917: checking for objdump
configure:5933: found /usr/bin/objdump
configure:5944: result: objdump
configure:5976: checking how to recognize dependent libraries
configure:6174: result: pass_all
configure:6259: checking for dlltool
configure:6289: result: no
configure:6319: checking how to associate runtime and link libraries
configure:6346: result: printf %s\n
configure:6407: checking for ar
configure:6423: found /usr/bin/ar
configure:6434: result: ar
configure:6471: checking for archiver @FILE support
configure:6488: gcc -c -g -O2  conftest.c >&5
configure:6488: $? = 0
configure:6491: ar cru libconftest.a @conftest.lst >&5
configure:6494: $? = 0
configure:6499: ar cru libconftest.a @conftest.lst >&5
ar: conftest.o: No such file or directory
configure:6502: $? = 1
configure:6514: result: @
configure:6572: checking for strip
configure:6588: found /usr/bin/strip
configure:6599: result: strip
configure:6671: checking for ranlib
configure:6687: found /usr/bin/ranlib
configure:6698: result: ranlib
configure:6800: checking command to parse /usr/bin/nm -B output from gcc object
configure:6920: gcc -c -g -O2  conftest.c >&5
configure:6923: $? = 0
configure:6927: /usr/bin/nm -B conftest.o \| sed -n -e 's/^.*[ ]\([ABCDGIRSTW][ABCDGIRSTW]*\)[ ][ ]*\([_A-Za-z][_A-Za-z0-9]*\)$/\1 \2 \2/p' | sed '/ __gnu_lto/d' \> conftest.nm
configure:6930: $? = 0
configure:6996: gcc -o conftest -g -O2  -L/home/allan/jhbuild/install/lib  conftest.c conftstm.o >&5
configure:6999: $? = 0
configure:7037: result: ok
configure:7074: checking for sysroot
configure:7104: result: no
configure:7373: checking for mt
configure:7389: found /bin/mt
configure:7400: result: mt
configure:7423: checking if mt is a manifest tool
configure:7429: mt '-?'
configure:7437: result: no
configure:8079: checking how to run the C preprocessor
configure:8110: gcc -E  conftest.c
configure:8110: $? = 0
configure:8124: gcc -E  conftest.c
conftest.c:11:28: fatal error: ac_nonexistent.h: No such file or directory
 #include <ac_nonexistent.h>
                            ^
compilation terminated.
configure:8124: $? = 1
configure: failed program was:
| /* confdefs.h */
| #define PACKAGE_NAME "wayland"
| #define PACKAGE_TARNAME "wayland"
| #define PACKAGE_VERSION "1.10.90"
| #define PACKAGE_STRING "wayland 1.10.90"
| #define PACKAGE_BUGREPORT "https://bugs.freedesktop.org/enter_bug.cgi?product=Wayland&component=wayland&version=1.10.90"
| #define PACKAGE_URL "http://wayland.freedesktop.org/"
| #define PACKAGE "wayland"
| #define VERSION "1.10.90"
| /* end confdefs.h.  */
| #include <ac_nonexistent.h>
configure:8149: result: gcc -E
configure:8169: gcc -E  conftest.c
configure:8169: $? = 0
configure:8183: gcc -E  conftest.c
conftest.c:11:28: fatal error: ac_nonexistent.h: No such file or directory
 #include <ac_nonexistent.h>
                            ^
compilation terminated.
configure:8183: $? = 1
configure: failed program was:
| /* confdefs.h */
| #define PACKAGE_NAME "wayland"
| #define PACKAGE_TARNAME "wayland"
| #define PACKAGE_VERSION "1.10.90"
| #define PACKAGE_STRING "wayland 1.10.90"
| #define PACKAGE_BUGREPORT "https://bugs.freedesktop.org/enter_bug.cgi?product=Wayland&component=wayland&version=1.10.90"
| #define PACKAGE_URL "http://wayland.freedesktop.org/"
| #define PACKAGE "wayland"
| #define VERSION "1.10.90"
| /* end confdefs.h.  */
| #include <ac_nonexistent.h>
configure:8212: checking for ANSI C header files
configure:8232: gcc -c -g -O2  conftest.c >&5
configure:8232: $? = 0
configure:8305: gcc -o conftest -g -O2  -L/home/allan/jhbuild/install/lib  conftest.c  >&5
configure:8305: $? = 0
configure:8305: ./conftest
configure:8305: $? = 0
configure:8316: result: yes
configure:8329: checking for sys/types.h
configure:8329: gcc -c -g -O2  conftest.c >&5
configure:8329: $? = 0
configure:8329: result: yes
configure:8329: checking for sys/stat.h
configure:8329: gcc -c -g -O2  conftest.c >&5
configure:8329: $? = 0
configure:8329: result: yes
configure:8329: checking for stdlib.h
configure:8329: gcc -c -g -O2  conftest.c >&5
configure:8329: $? = 0
configure:8329: result: yes
configure:8329: checking for string.h
configure:8329: gcc -c -g -O2  conftest.c >&5
configure:8329: $? = 0
configure:8329: result: yes
configure:8329: checking for memory.h
configure:8329: gcc -c -g -O2  conftest.c >&5
configure:8329: $? = 0
configure:8329: result: yes
configure:8329: checking for strings.h
configure:8329: gcc -c -g -O2  conftest.c >&5
configure:8329: $? = 0
configure:8329: result: yes
configure:8329: checking for inttypes.h
configure:8329: gcc -c -g -O2  conftest.c >&5
configure:8329: $? = 0
configure:8329: result: yes
configure:8329: checking for stdint.h
configure:8329: gcc -c -g -O2  conftest.c >&5
configure:8329: $? = 0
configure:8329: result: yes
configure:8329: checking for unistd.h
configure:8329: gcc -c -g -O2  conftest.c >&5
configure:8329: $? = 0
configure:8329: result: yes
configure:8343: checking for dlfcn.h
configure:8343: gcc -c -g -O2  conftest.c >&5
configure:8343: $? = 0
configure:8343: result: yes
configure:8560: checking for objdir
configure:8575: result: .libs
configure:8846: checking if gcc supports -fno-rtti -fno-exceptions
configure:8864: gcc -c -g -O2  -fno-rtti -fno-exceptions conftest.c >&5
cc1: warning: command line option '-fno-rtti' is valid for C++/ObjC++ but not for C
configure:8868: $? = 0
configure:8881: result: no
configure:9208: checking for gcc option to produce PIC
configure:9215: result: -fPIC -DPIC
configure:9223: checking if gcc PIC flag -fPIC -DPIC works
configure:9241: gcc -c -g -O2  -fPIC -DPIC -DPIC conftest.c >&5
configure:9245: $? = 0
configure:9258: result: yes
configure:9287: checking if gcc static flag -static works
configure:9315: result: yes
configure:9330: checking if gcc supports -c -o file.o
configure:9351: gcc -c -g -O2  -o out/conftest2.o conftest.c >&5
configure:9355: $? = 0
configure:9377: result: yes
configure:9385: checking if gcc supports -c -o file.o
configure:9432: result: yes
configure:9465: checking whether the gcc linker (/usr/bin/ld) supports shared libraries
configure:10622: result: yes
configure:10659: checking whether -lc should be explicitly linked in
configure:10667: gcc -c -g -O2  conftest.c >&5
configure:10670: $? = 0
configure:10685: gcc -shared  -fPIC -DPIC conftest.o  -v -Wl,-soname -Wl,conftest -o conftest 2\>\&1 \| /bin/grep  -lc  \>/dev/null 2\>\&1
configure:10688: $? = 0
configure:10702: result: no
configure:10862: checking dynamic linker characteristics
configure:11362: gcc -o conftest -g -O2  -L/home/allan/jhbuild/install/lib  -Wl,-rpath -Wl,/foo conftest.c  >&5
configure:11362: $? = 0
configure:11596: result: GNU/Linux ld.so
configure:11703: checking how to hardcode library paths into programs
configure:11728: result: immediate
configure:12268: checking whether stripping libraries is possible
configure:12273: result: yes
configure:12308: checking if libtool supports shared libraries
configure:12310: result: yes
configure:12313: checking whether to build shared libraries
configure:12334: result: yes
configure:12337: checking whether to build static libraries
configure:12341: result: no
configure:12364: checking how to run the C++ preprocessor
configure:12391: g++ -E  conftest.cpp
configure:12391: $? = 0
configure:12405: g++ -E  conftest.cpp
conftest.cpp:23:28: fatal error: ac_nonexistent.h: No such file or directory
 #include <ac_nonexistent.h>
                            ^
compilation terminated.
configure:12405: $? = 1
configure: failed program was:
| /* confdefs.h */
| #define PACKAGE_NAME "wayland"
| #define PACKAGE_TARNAME "wayland"
| #define PACKAGE_VERSION "1.10.90"
| #define PACKAGE_STRING "wayland 1.10.90"
| #define PACKAGE_BUGREPORT "https://bugs.freedesktop.org/enter_bug.cgi?product=Wayland&component=wayland&version=1.10.90"
| #define PACKAGE_URL "http://wayland.freedesktop.org/"
| #define PACKAGE "wayland"
| #define VERSION "1.10.90"
| #define STDC_HEADERS 1
| #define HAVE_SYS_TYPES_H 1
| #define HAVE_SYS_STAT_H 1
| #define HAVE_STDLIB_H 1
| #define HAVE_STRING_H 1
| #define HAVE_MEMORY_H 1
| #define HAVE_STRINGS_H 1
| #define HAVE_INTTYPES_H 1
| #define HAVE_STDINT_H 1
| #define HAVE_UNISTD_H 1
| #define HAVE_DLFCN_H 1
| #define LT_OBJDIR ".libs/"
| /* end confdefs.h.  */
| #include <ac_nonexistent.h>
configure:12430: result: g++ -E
configure:12450: g++ -E  conftest.cpp
configure:12450: $? = 0
configure:12464: g++ -E  conftest.cpp
conftest.cpp:23:28: fatal error: ac_nonexistent.h: No such file or directory
 #include <ac_nonexistent.h>
                            ^
compilation terminated.
configure:12464: $? = 1
configure: failed program was:
| /* confdefs.h */
| #define PACKAGE_NAME "wayland"
| #define PACKAGE_TARNAME "wayland"
| #define PACKAGE_VERSION "1.10.90"
| #define PACKAGE_STRING "wayland 1.10.90"
| #define PACKAGE_BUGREPORT "https://bugs.freedesktop.org/enter_bug.cgi?product=Wayland&component=wayland&version=1.10.90"
| #define PACKAGE_URL "http://wayland.freedesktop.org/"
| #define PACKAGE "wayland"
| #define VERSION "1.10.90"
| #define STDC_HEADERS 1
| #define HAVE_SYS_TYPES_H 1
| #define HAVE_SYS_STAT_H 1
| #define HAVE_STDLIB_H 1
| #define HAVE_STRING_H 1
| #define HAVE_MEMORY_H 1
| #define HAVE_STRINGS_H 1
| #define HAVE_INTTYPES_H 1
| #define HAVE_STDINT_H 1
| #define HAVE_UNISTD_H 1
| #define HAVE_DLFCN_H 1
| #define LT_OBJDIR ".libs/"
| /* end confdefs.h.  */
| #include <ac_nonexistent.h>
configure:12633: checking for ld used by g++
configure:12700: result: /usr/bin/ld
configure:12707: checking if the linker (/usr/bin/ld) is GNU ld
configure:12722: result: yes
configure:12777: checking whether the g++ linker (/usr/bin/ld) supports shared libraries
configure:13779: result: yes
configure:13815: g++ -c -g -O2  conftest.cpp >&5
configure:13818: $? = 0
configure:14338: checking for g++ option to produce PIC
configure:14345: result: -fPIC -DPIC
configure:14353: checking if g++ PIC flag -fPIC -DPIC works
configure:14371: g++ -c -g -O2  -fPIC -DPIC -DPIC conftest.cpp >&5
configure:14375: $? = 0
configure:14388: result: yes
configure:14411: checking if g++ static flag -static works
configure:14439: result: yes
configure:14451: checking if g++ supports -c -o file.o
configure:14472: g++ -c -g -O2  -o out/conftest2.o conftest.cpp >&5
configure:14476: $? = 0
configure:14498: result: yes
configure:14503: checking if g++ supports -c -o file.o
configure:14550: result: yes
configure:14580: checking whether the g++ linker (/usr/bin/ld) supports shared libraries
configure:14619: result: yes
configure:14760: checking dynamic linker characteristics
configure:15428: result: GNU/Linux ld.so
configure:15481: checking how to hardcode library paths into programs
configure:15506: result: immediate
configure:15622: checking for pkg-config
configure:15640: found /usr/bin/pkg-config
configure:15652: result: /usr/bin/pkg-config
configure:15677: checking pkg-config is at least version 0.9.0
configure:15680: result: yes
configure:15710: checking for accept4
configure:15710: gcc -o conftest -g -O2  -L/home/allan/jhbuild/install/lib  conftest.c  >&5
configure:15710: $? = 0
configure:15710: result: yes
configure:15710: checking for mkostemp
configure:15710: gcc -o conftest -g -O2  -L/home/allan/jhbuild/install/lib  conftest.c  >&5
configure:15710: $? = 0
configure:15710: result: yes
configure:15710: checking for posix_fallocate
configure:15710: gcc -o conftest -g -O2  -L/home/allan/jhbuild/install/lib  conftest.c  >&5
configure:15710: $? = 0
configure:15710: result: yes
configure:15784: checking for FFI
configure:15791: $PKG_CONFIG --exists --print-errors "libffi"
configure:15794: $? = 0
configure:15808: $PKG_CONFIG --exists --print-errors "libffi"
configure:15811: $? = 0
configure:15869: result: yes
configure:15873: checking whether SFD_CLOEXEC is declared
configure:15873: gcc -c -g -O2  conftest.c >&5
configure:15873: $? = 0
configure:15873: result: yes
configure:15881: checking whether TFD_CLOEXEC is declared
configure:15881: gcc -c -g -O2  conftest.c >&5
configure:15881: $? = 0
configure:15881: result: yes
configure:15889: checking whether CLOCK_MONOTONIC is declared
configure:15889: gcc -c -g -O2  conftest.c >&5
configure:15889: $? = 0
configure:15889: result: yes
configure:15899: checking execinfo.h usability
configure:15899: gcc -c -g -O2  conftest.c >&5
configure:15899: $? = 0
configure:15899: result: yes
configure:15899: checking execinfo.h presence
configure:15899: gcc -E  conftest.c
configure:15899: $? = 0
configure:15899: result: yes
configure:15899: checking for execinfo.h
configure:15899: result: yes
configure:15913: checking for EXPAT
configure:15920: $PKG_CONFIG --exists --print-errors "expat"
configure:15923: $? = 0
configure:15937: $PKG_CONFIG --exists --print-errors "expat"
configure:15940: $? = 0
configure:16130: result: yes
configure:16146: checking for LIBXML
configure:16153: $PKG_CONFIG --exists --print-errors "libxml-2.0"
configure:16156: $? = 0
configure:16170: $PKG_CONFIG --exists --print-errors "libxml-2.0"
configure:16173: $? = 0
configure:16231: result: yes
configure:16244: checking for xsltproc
configure:16262: found /usr/bin/xsltproc
configure:16274: result: /usr/bin/xsltproc
configure:16291: checking for docbook manpages stylesheet
configure:16331: result: yes
configure:16654: checking that generated files are newer than configure
configure:16660: result: done
configure:16727: creating ./config.status

## ---------------------- ##
## Running config.status. ##
## ---------------------- ##

This file was extended by wayland config.status 1.10.90, which was
generated by GNU Autoconf 2.69.  Invocation command line was

  CONFIG_FILES    = 
  CONFIG_HEADERS  = 
  CONFIG_LINKS    = 
  CONFIG_COMMANDS = 
  $ ./config.status 

on allan-HP-G42-Notebook-PC

config.status:1211: creating Makefile
config.status:1211: creating cursor/wayland-cursor.pc
config.status:1211: creating cursor/wayland-cursor-uninstalled.pc
config.status:1211: creating doc/Makefile
config.status:1211: creating doc/publican/Makefile
config.status:1211: creating doc/doxygen/Makefile
config.status:1211: creating doc/man/Makefile
config.status:1211: creating src/wayland-server-uninstalled.pc
config.status:1211: creating src/wayland-client-uninstalled.pc
config.status:1211: creating src/wayland-scanner-uninstalled.pc
config.status:1211: creating src/wayland-server.pc
config.status:1211: creating src/wayland-client.pc
config.status:1211: creating src/wayland-scanner.pc
config.status:1211: creating src/wayland-version.h
config.status:1211: creating config.h
config.status:1452: linking protocol/wayland.dtd to src/wayland.dtd.embed
config.status:1471: executing depfiles commands
config.status:1471: executing libtool commands
configure:19264: WARNING: unrecognized options: --disable-Werror, --disable-gtk-doc

## ---------------- ##
## Cache variables. ##
## ---------------- ##

ac_cv_build=i686-pc-linux-gnu
ac_cv_c_compiler_gnu=yes
ac_cv_cxx_compiler_gnu=yes
ac_cv_env_CCASFLAGS_set=
ac_cv_env_CCASFLAGS_value=
ac_cv_env_CCAS_set=
ac_cv_env_CCAS_value=
ac_cv_env_CCC_set=
ac_cv_env_CCC_value=
ac_cv_env_CC_set=
ac_cv_env_CC_value=
ac_cv_env_CFLAGS_set=
ac_cv_env_CFLAGS_value=
ac_cv_env_CPPFLAGS_set=
ac_cv_env_CPPFLAGS_value=
ac_cv_env_CPP_set=
ac_cv_env_CPP_value=
ac_cv_env_CXXCPP_set=
ac_cv_env_CXXCPP_value=
ac_cv_env_CXXFLAGS_set=
ac_cv_env_CXXFLAGS_value=
ac_cv_env_CXX_set=
ac_cv_env_CXX_value=
ac_cv_env_EXPAT_CFLAGS_set=
ac_cv_env_EXPAT_CFLAGS_value=
ac_cv_env_EXPAT_LIBS_set=
ac_cv_env_EXPAT_LIBS_value=
ac_cv_env_FFI_CFLAGS_set=
ac_cv_env_FFI_CFLAGS_value=
ac_cv_env_FFI_LIBS_set=
ac_cv_env_FFI_LIBS_value=
ac_cv_env_LDFLAGS_set=set
ac_cv_env_LDFLAGS_value='-L/home/allan/jhbuild/install/lib '
ac_cv_env_LIBS_set=
ac_cv_env_LIBS_value=
ac_cv_env_LIBXML_CFLAGS_set=
ac_cv_env_LIBXML_CFLAGS_value=
ac_cv_env_LIBXML_LIBS_set=
ac_cv_env_LIBXML_LIBS_value=
ac_cv_env_PKG_CONFIG_LIBDIR_set=
ac_cv_env_PKG_CONFIG_LIBDIR_value=
ac_cv_env_PKG_CONFIG_PATH_set=set
ac_cv_env_PKG_CONFIG_PATH_value=/home/allan/jhbuild/install/lib/pkgconfig:/home/allan/jhbuild/install/share/pkgconfig:/usr/lib/i386-linux-gnu/pkgconfig:/usr/lib/pkgconfig:/usr/share/pkgconfig
ac_cv_env_PKG_CONFIG_set=
ac_cv_env_PKG_CONFIG_value=
ac_cv_env_build_alias_set=
ac_cv_env_build_alias_value=
ac_cv_env_host_alias_set=
ac_cv_env_host_alias_value=
ac_cv_env_target_alias_set=
ac_cv_env_target_alias_value=
ac_cv_func_accept4=yes
ac_cv_func_mkostemp=yes
ac_cv_func_posix_fallocate=yes
ac_cv_have_decl_CLOCK_MONOTONIC=yes
ac_cv_have_decl_SFD_CLOEXEC=yes
ac_cv_have_decl_TFD_CLOEXEC=yes
ac_cv_header_dlfcn_h=yes
ac_cv_header_execinfo_h=yes
ac_cv_header_inttypes_h=yes
ac_cv_header_memory_h=yes
ac_cv_header_stdc=yes
ac_cv_header_stdint_h=yes
ac_cv_header_stdlib_h=yes
ac_cv_header_string_h=yes
ac_cv_header_strings_h=yes
ac_cv_header_sys_stat_h=yes
ac_cv_header_sys_types_h=yes
ac_cv_header_unistd_h=yes
ac_cv_host=i686-pc-linux-gnu
ac_cv_objext=o
ac_cv_path_EGREP='/bin/grep -E'
ac_cv_path_FGREP='/bin/grep -F'
ac_cv_path_GREP=/bin/grep
ac_cv_path_SED=/bin/sed
ac_cv_path_XSLTPROC=/usr/bin/xsltproc
ac_cv_path_ac_pt_PKG_CONFIG=/usr/bin/pkg-config
ac_cv_path_install='/usr/bin/install -c'
ac_cv_path_mkdir=/bin/mkdir
ac_cv_prog_AWK=gawk
ac_cv_prog_CPP='gcc -E'
ac_cv_prog_CXXCPP='g++ -E'
ac_cv_prog_ac_ct_AR=ar
ac_cv_prog_ac_ct_CC=gcc
ac_cv_prog_ac_ct_CXX=g++
ac_cv_prog_ac_ct_MANIFEST_TOOL=mt
ac_cv_prog_ac_ct_OBJDUMP=objdump
ac_cv_prog_ac_ct_RANLIB=ranlib
ac_cv_prog_ac_ct_STRIP=strip
ac_cv_prog_cc_c89=
ac_cv_prog_cc_g=yes
ac_cv_prog_cxx_g=yes
ac_cv_prog_make_make_set=yes
am_cv_CCAS_dependencies_compiler_type=gcc3
am_cv_CC_dependencies_compiler_type=gcc3
am_cv_CXX_dependencies_compiler_type=gcc3
am_cv_make_support_nested_variables=yes
am_cv_prog_cc_c_o=yes
lt_cv_ar_at_file=@
lt_cv_archive_cmds_need_lc=no
lt_cv_deplibs_check_method=pass_all
lt_cv_file_magic_cmd='$MAGIC_CMD'
lt_cv_file_magic_test_file=
lt_cv_ld_reload_flag=-r
lt_cv_nm_interface='BSD nm'
lt_cv_objdir=.libs
lt_cv_path_LD=/usr/bin/ld
lt_cv_path_LDCXX=/usr/bin/ld
lt_cv_path_NM='/usr/bin/nm -B'
lt_cv_path_mainfest_tool=no
lt_cv_prog_compiler_c_o=yes
lt_cv_prog_compiler_c_o_CXX=yes
lt_cv_prog_compiler_pic='-fPIC -DPIC'
lt_cv_prog_compiler_pic_CXX='-fPIC -DPIC'
lt_cv_prog_compiler_pic_works=yes
lt_cv_prog_compiler_pic_works_CXX=yes
lt_cv_prog_compiler_rtti_exceptions=no
lt_cv_prog_compiler_static_works=yes
lt_cv_prog_compiler_static_works_CXX=yes
lt_cv_prog_gnu_ld=yes
lt_cv_prog_gnu_ldcxx=yes
lt_cv_sharedlib_from_linklib_cmd='printf %s\n'
lt_cv_shlibpath_overrides_runpath=no
lt_cv_sys_global_symbol_pipe='sed -n -e '\''s/^.*[	 ]\([ABCDGIRSTW][ABCDGIRSTW]*\)[	 ][	 ]*\([_A-Za-z][_A-Za-z0-9]*\)$/\1 \2 \2/p'\'' | sed '\''/ __gnu_lto/d'\'''
lt_cv_sys_global_symbol_to_c_name_address='sed -n -e '\''s/^: \([^ ]*\)[ ]*$/  {\"\1\", (void *) 0},/p'\'' -e '\''s/^[ABCDGIRSTW]* \([^ ]*\) \([^ ]*\)$/  {"\2", (void *) \&\2},/p'\'''
lt_cv_sys_global_symbol_to_c_name_address_lib_prefix='sed -n -e '\''s/^: \([^ ]*\)[ ]*$/  {\"\1\", (void *) 0},/p'\'' -e '\''s/^[ABCDGIRSTW]* \([^ ]*\) \(lib[^ ]*\)$/  {"\2", (void *) \&\2},/p'\'' -e '\''s/^[ABCDGIRSTW]* \([^ ]*\) \([^ ]*\)$/  {"lib\2", (void *) \&\2},/p'\'''
lt_cv_sys_global_symbol_to_cdecl='sed -n -e '\''s/^T .* \(.*\)$/extern int \1();/p'\'' -e '\''s/^[ABCDGIRSTW]* .* \(.*\)$/extern char \1;/p'\'''
lt_cv_sys_max_cmd_len=1572864
lt_cv_to_host_file_cmd=func_convert_file_noop
lt_cv_to_tool_file_cmd=func_convert_file_noop
pkg_cv_EXPAT_CFLAGS=
pkg_cv_EXPAT_LIBS='-lexpat '
pkg_cv_FFI_CFLAGS=
pkg_cv_FFI_LIBS='-lffi '
pkg_cv_LIBXML_CFLAGS='-I/usr/include/libxml2 '
pkg_cv_LIBXML_LIBS='-lxml2 '

## ----------------- ##
## Output variables. ##
## ----------------- ##

ACLOCAL='${SHELL} /home/allan/jhbuild/checkout/wayland/missing aclocal-1.14'
AMDEPBACKSLASH='\'
AMDEP_FALSE='#'
AMDEP_TRUE=''
AMTAR='$${TAR-tar}'
AM_BACKSLASH='\'
AM_DEFAULT_V='$(AM_DEFAULT_VERBOSITY)'
AM_DEFAULT_VERBOSITY='0'
AM_V='$(V)'
AR='ar'
AUTOCONF='${SHELL} /home/allan/jhbuild/checkout/wayland/missing autoconf'
AUTOHEADER='${SHELL} /home/allan/jhbuild/checkout/wayland/missing autoheader'
AUTOMAKE='${SHELL} /home/allan/jhbuild/checkout/wayland/missing automake-1.14'
AWK='gawk'
BUILD_DOCS_FALSE=''
BUILD_DOCS_TRUE='#'
CC='gcc'
CCAS='gcc'
CCASDEPMODE='depmode=gcc3'
CCASFLAGS='-g -O2'
CCDEPMODE='depmode=gcc3'
CFLAGS='-g -O2'
CPP='gcc -E'
CPPFLAGS=''
CXX='g++'
CXXCPP='g++ -E'
CXXDEPMODE='depmode=gcc3'
CXXFLAGS='-g -O2'
CYGPATH_W='echo'
DEFS='-DHAVE_CONFIG_H'
DEPDIR='.deps'
DLLTOOL='false'
DOT=''
DOXYGEN=''
DSYMUTIL=''
DTD_VALIDATION_FALSE='#'
DTD_VALIDATION_TRUE=''
DUMPBIN=''
ECHO_C=''
ECHO_N='-n'
ECHO_T=''
EGREP='/bin/grep -E'
ENABLE_CPP_TEST_FALSE='#'
ENABLE_CPP_TEST_TRUE=''
ENABLE_LIBRARIES_FALSE='#'
ENABLE_LIBRARIES_TRUE=''
EXEEXT=''
EXPAT_CFLAGS=''
EXPAT_LIBS='-lexpat '
FFI_CFLAGS=''
FFI_LIBS='-lffi '
FGREP='/bin/grep -F'
GCC_CFLAGS=' -Wall -Wextra -Wno-unused-parameter -g -Wstrict-prototypes -Wmissing-prototypes -fvisibility=hidden'
GREP='/bin/grep'
HAVE_MANPAGES_STYLESHEET_FALSE='#'
HAVE_MANPAGES_STYLESHEET_TRUE=''
HAVE_XMLTO_FALSE=''
HAVE_XMLTO_TRUE='#'
HAVE_XSLTPROC_FALSE='#'
HAVE_XSLTPROC_TRUE=''
ICONDIR='${datarootdir}/icons'
INSTALL_DATA='${INSTALL} -m 644'
INSTALL_PROGRAM='${INSTALL}'
INSTALL_SCRIPT='${INSTALL}'
INSTALL_STRIP_PROGRAM='$(install_sh) -c -s'
LD='/usr/bin/ld'
LDFLAGS='-L/home/allan/jhbuild/install/lib '
LIBOBJS=''
LIBS=''
LIBTOOL='$(SHELL) $(top_builddir)/libtool'
LIBXML_CFLAGS='-I/usr/include/libxml2 '
LIBXML_LIBS='-lxml2 '
LIPO=''
LN_S='ln -s'
LTLIBOBJS=''
MAKEINFO='${SHELL} /home/allan/jhbuild/checkout/wayland/missing makeinfo'
MANIFEST_TOOL=':'
MANPAGES_STYLESHEET='http://docbook.sourceforge.net/release/xsl/current/manpages/docbook.xsl'
MKDIR_P='/bin/mkdir -p'
NM='/usr/bin/nm -B'
NMEDIT=''
OBJDUMP='objdump'
OBJEXT='o'
OTOOL64=''
OTOOL=''
PACKAGE='wayland'
PACKAGE_BUGREPORT='https://bugs.freedesktop.org/enter_bug.cgi?product=Wayland&component=wayland&version=1.10.90'
PACKAGE_NAME='wayland'
PACKAGE_STRING='wayland 1.10.90'
PACKAGE_TARNAME='wayland'
PACKAGE_URL='http://wayland.freedesktop.org/'
PACKAGE_VERSION='1.10.90'
PATH_SEPARATOR=':'
PKG_CONFIG='/usr/bin/pkg-config'
PKG_CONFIG_LIBDIR=''
PKG_CONFIG_PATH='/home/allan/jhbuild/install/lib/pkgconfig:/home/allan/jhbuild/install/share/pkgconfig:/usr/lib/i386-linux-gnu/pkgconfig:/usr/lib/pkgconfig:/usr/share/pkgconfig'
RANLIB='ranlib'
SED='/bin/sed'
SET_MAKE=''
SHELL='/bin/bash'
STRIP='strip'
USE_HOST_SCANNER_FALSE=''
USE_HOST_SCANNER_TRUE='#'
VERSION='1.10.90'
WAYLAND_VERSION='1.10.90'
WAYLAND_VERSION_MAJOR='1'
WAYLAND_VERSION_MICRO='90'
WAYLAND_VERSION_MINOR='10'
XMLTO=''
XSLTPROC='/usr/bin/xsltproc'
ac_ct_AR='ar'
ac_ct_CC='gcc'
ac_ct_CXX='g++'
ac_ct_DUMPBIN=''
am__EXEEXT_FALSE=''
am__EXEEXT_TRUE='#'
am__fastdepCCAS_FALSE='#'
am__fastdepCCAS_TRUE=''
am__fastdepCC_FALSE='#'
am__fastdepCC_TRUE=''
am__fastdepCXX_FALSE='#'
am__fastdepCXX_TRUE=''
am__include='include'
am__isrc=''
am__leading_dot='.'
am__nodep='_no'
am__quote=''
am__tar='$${TAR-tar} chof - "$$tardir"'
am__untar='$${TAR-tar} xf -'
bindir='${exec_prefix}/bin'
build='i686-pc-linux-gnu'
build_alias=''
build_cpu='i686'
build_os='linux-gnu'
build_vendor='pc'
datadir='${datarootdir}'
datarootdir='${prefix}/share'
docdir='${datarootdir}/doc/${PACKAGE_TARNAME}'
dvidir='${docdir}'
exec_prefix='${prefix}'
host='i686-pc-linux-gnu'
host_alias=''
host_cpu='i686'
host_os='linux-gnu'
host_vendor='pc'
htmldir='${docdir}'
includedir='${prefix}/include'
infodir='${datarootdir}/info'
install_sh='${SHELL} /home/allan/jhbuild/checkout/wayland/install-sh'
libdir='${exec_prefix}/lib'
libexecdir='${exec_prefix}/libexec'
localedir='${datarootdir}/locale'
localstatedir='${prefix}/var'
mandir='${datarootdir}/man'
mkdir_p='$(MKDIR_P)'
oldincludedir='/usr/include'
pdfdir='${docdir}'
prefix='/home/allan/jhbuild/install'
program_transform_name='s,x,x,'
psdir='${docdir}'
sbindir='${exec_prefix}/sbin'
sharedstatedir='${prefix}/com'
sysconfdir='${prefix}/etc'
target_alias=''

## ----------- ##
## confdefs.h. ##
## ----------- ##

/* confdefs.h */
#define PACKAGE_NAME "wayland"
#define PACKAGE_TARNAME "wayland"
#define PACKAGE_VERSION "1.10.90"
#define PACKAGE_STRING "wayland 1.10.90"
#define PACKAGE_BUGREPORT "https://bugs.freedesktop.org/enter_bug.cgi?product=Wayland&component=wayland&version=1.10.90"
#define PACKAGE_URL "http://wayland.freedesktop.org/"
#define PACKAGE "wayland"
#define VERSION "1.10.90"
#define STDC_HEADERS 1
#define HAVE_SYS_TYPES_H 1
#define HAVE_SYS_STAT_H 1
#define HAVE_STDLIB_H 1
#define HAVE_STRING_H 1
#define HAVE_MEMORY_H 1
#define HAVE_STRINGS_H 1
#define HAVE_INTTYPES_H 1
#define HAVE_STDINT_H 1
#define HAVE_UNISTD_H 1
#define HAVE_DLFCN_H 1
#define LT_OBJDIR ".libs/"
#define HAVE_ACCEPT4 1
#define HAVE_MKOSTEMP 1
#define HAVE_POSIX_FALLOCATE 1
#define HAVE_EXECINFO_H 1
#define HAVE_LIBXML 1

configure: exit 0
