This file contains any messages produced by compilers while
running configure, to aid debugging if configure makes a mistake.

It was created by pygobject configure 3.21.0, which was
generated by GNU Autoconf 2.69.  Invocation command line was

  $ ./configure --prefix /home/allan/jhbuild/install --disable-Werror --with-python=python3 --disable-static --disable-gtk-doc

## --------- ##
## Platform. ##
## --------- ##

hostname = allan-HP-G42-Notebook-PC
uname -m = i686
uname -r = 3.19.0-58-generic
uname -s = Linux
uname -v = #64-Ubuntu SMP Thu Mar 17 18:28:55 UTC 2016

/usr/bin/uname -p = unknown
/bin/uname -X     = unknown

/bin/arch              = unknown
/usr/bin/arch -k       = unknown
/usr/convex/getsysinfo = unknown
/usr/bin/hostinfo      = unknown
/bin/machine           = unknown
/usr/bin/oslevel       = unknown
/bin/universe          = unknown

PATH: /home/allan/jhbuild/install/bin
PATH: /usr/local/sbin
PATH: /usr/local/bin
PATH: /usr/sbin
PATH: /usr/bin
PATH: /sbin
PATH: /bin
PATH: /usr/games
PATH: /usr/local/games
PATH: /usr/local/java/jdk1.7.0_79/bin
PATH: /usr/local/java/jdk1.7.0_79/jre/bin
PATH: /home/allan/.local/bin


## ----------- ##
## Core tests. ##
## ----------- ##

configure:2266: checking whether make supports nested variables
configure:2283: result: yes
configure:2341: checking for a BSD-compatible install
configure:2409: result: /usr/bin/install -c
configure:2420: checking whether build environment is sane
configure:2475: result: yes
configure:2626: checking for a thread-safe mkdir -p
configure:2665: result: /bin/mkdir -p
configure:2672: checking for gawk
configure:2688: found /usr/bin/gawk
configure:2699: result: gawk
configure:2710: checking whether make sets $(MAKE)
configure:2732: result: yes
configure:2872: checking build system type
configure:2886: result: i686-pc-linux-gnu
configure:2906: checking host system type
configure:2919: result: i686-pc-linux-gnu
configure:2939: checking for build time linking with Python (Darwin and Win32)
configure:2958: result: no
configure:3023: checking how to print strings
configure:3050: result: printf
configure:3083: checking for style of include used by make
configure:3111: result: GNU
configure:3182: checking for gcc
configure:3198: found /usr/bin/gcc
configure:3209: result: gcc
configure:3438: checking for C compiler version
configure:3447: gcc --version >&5
gcc (Ubuntu 4.9.2-10ubuntu13) 4.9.2
Copyright (C) 2014 Free Software Foundation, Inc.
This is free software; see the source for copying conditions.  There is NO
warranty; not even for MERCHANTABILITY or FITNESS FOR A PARTICULAR PURPOSE.

configure:3458: $? = 0
configure:3447: gcc -v >&5
Using built-in specs.
COLLECT_GCC=gcc
COLLECT_LTO_WRAPPER=/usr/lib/gcc/i686-linux-gnu/4.9/lto-wrapper
Target: i686-linux-gnu
Configured with: ../src/configure -v --with-pkgversion='Ubuntu 4.9.2-10ubuntu13' --with-bugurl=file:///usr/share/doc/gcc-4.9/README.Bugs --enable-languages=c,c++,java,go,d,fortran,objc,obj-c++ --prefix=/usr --program-suffix=-4.9 --enable-shared --enable-linker-build-id --libexecdir=/usr/lib --without-included-gettext --enable-threads=posix --with-gxx-include-dir=/usr/include/c++/4.9 --libdir=/usr/lib --enable-nls --with-sysroot=/ --enable-clocale=gnu --enable-libstdcxx-debug --enable-libstdcxx-time=yes --enable-gnu-unique-object --disable-vtable-verify --enable-plugin --with-system-zlib --disable-browser-plugin --enable-java-awt=gtk --enable-gtk-cairo --with-java-home=/usr/lib/jvm/java-1.5.0-gcj-4.9-i386/jre --enable-java-home --with-jvm-root-dir=/usr/lib/jvm/java-1.5.0-gcj-4.9-i386 --with-jvm-jar-dir=/usr/lib/jvm-exports/java-1.5.0-gcj-4.9-i386 --with-arch-directory=i386 --with-ecj-jar=/usr/share/java/eclipse-ecj.jar --enable-objc-gc --enable-targets=all --enable-multiarch --disable-werror --with-arch-32=i686 --with-multilib-list=m32,m64,mx32 --enable-multilib --with-tune=generic --enable-checking=release --build=i686-linux-gnu --host=i686-linux-gnu --target=i686-linux-gnu
Thread model: posix
gcc version 4.9.2 (Ubuntu 4.9.2-10ubuntu13) 
configure:3458: $? = 0
configure:3447: gcc -V >&5
gcc: error: unrecognized command line option '-V'
gcc: fatal error: no input files
compilation terminated.
configure:3458: $? = 4
configure:3447: gcc -qversion >&5
gcc: error: unrecognized command line option '-qversion'
gcc: fatal error: no input files
compilation terminated.
configure:3458: $? = 4
configure:3478: checking whether the C compiler works
configure:3500: gcc   -L/home/allan/jhbuild/install/lib  conftest.c  >&5
configure:3504: $? = 0
configure:3552: result: yes
configure:3555: checking for C compiler default output file name
configure:3557: result: a.out
configure:3563: checking for suffix of executables
configure:3570: gcc -o conftest   -L/home/allan/jhbuild/install/lib  conftest.c  >&5
configure:3574: $? = 0
configure:3596: result: 
configure:3618: checking whether we are cross compiling
configure:3626: gcc -o conftest   -L/home/allan/jhbuild/install/lib  conftest.c  >&5
configure:3630: $? = 0
configure:3637: ./conftest
configure:3641: $? = 0
configure:3656: result: no
configure:3661: checking for suffix of object files
configure:3683: gcc -c   conftest.c >&5
configure:3687: $? = 0
configure:3708: result: o
configure:3712: checking whether we are using the GNU C compiler
configure:3731: gcc -c   conftest.c >&5
configure:3731: $? = 0
configure:3740: result: yes
configure:3749: checking whether gcc accepts -g
configure:3769: gcc -c -g  conftest.c >&5
configure:3769: $? = 0
configure:3810: result: yes
configure:3827: checking for gcc option to accept ISO C89
configure:3890: gcc  -c -g -O2  conftest.c >&5
configure:3890: $? = 0
configure:3903: result: none needed
configure:3928: checking whether gcc understands -c and -o together
configure:3950: gcc -c conftest.c -o conftest2.o
configure:3953: $? = 0
configure:3950: gcc -c conftest.c -o conftest2.o
configure:3953: $? = 0
configure:3965: result: yes
configure:3984: checking dependency style of gcc
configure:4095: result: gcc3
configure:4110: checking for a sed that does not truncate output
configure:4174: result: /bin/sed
configure:4192: checking for grep that handles long lines and -e
configure:4250: result: /bin/grep
configure:4255: checking for egrep
configure:4317: result: /bin/grep -E
configure:4322: checking for fgrep
configure:4384: result: /bin/grep -F
configure:4419: checking for ld used by gcc
configure:4486: result: /usr/bin/ld
configure:4493: checking if the linker (/usr/bin/ld) is GNU ld
configure:4508: result: yes
configure:4520: checking for BSD- or MS-compatible name lister (nm)
configure:4569: result: /usr/bin/nm -B
configure:4699: checking the name lister (/usr/bin/nm -B) interface
configure:4706: gcc -c -g -O2  conftest.c >&5
configure:4709: /usr/bin/nm -B "conftest.o"
configure:4712: output
00000000 B some_variable
configure:4719: result: BSD nm
configure:4722: checking whether ln -s works
configure:4726: result: yes
configure:4734: checking the maximum length of command line arguments
configure:4865: result: 1572864
configure:4882: checking whether the shell understands some XSI constructs
configure:4892: result: yes
configure:4896: checking whether the shell understands "+="
configure:4902: result: yes
configure:4937: checking how to convert i686-pc-linux-gnu file names to i686-pc-linux-gnu format
configure:4977: result: func_convert_file_noop
configure:4984: checking how to convert i686-pc-linux-gnu file names to toolchain format
configure:5004: result: func_convert_file_noop
configure:5011: checking for /usr/bin/ld option to reload object files
configure:5018: result: -r
configure:5092: checking for objdump
configure:5108: found /usr/bin/objdump
configure:5119: result: objdump
configure:5148: checking how to recognize dependent libraries
configure:5346: result: pass_all
configure:5431: checking for dlltool
configure:5461: result: no
configure:5488: checking how to associate runtime and link libraries
configure:5515: result: printf %s\n
configure:5576: checking for ar
configure:5592: found /usr/bin/ar
configure:5603: result: ar
configure:5640: checking for archiver @FILE support
configure:5657: gcc -c -g -O2  conftest.c >&5
configure:5657: $? = 0
configure:5660: ar cru libconftest.a @conftest.lst >&5
configure:5663: $? = 0
configure:5668: ar cru libconftest.a @conftest.lst >&5
ar: conftest.o: No such file or directory
configure:5671: $? = 1
configure:5683: result: @
configure:5741: checking for strip
configure:5757: found /usr/bin/strip
configure:5768: result: strip
configure:5840: checking for ranlib
configure:5856: found /usr/bin/ranlib
configure:5867: result: ranlib
configure:5969: checking command to parse /usr/bin/nm -B output from gcc object
configure:6089: gcc -c -g -O2  conftest.c >&5
configure:6092: $? = 0
configure:6096: /usr/bin/nm -B conftest.o \| sed -n -e 's/^.*[ ]\([ABCDGIRSTW][ABCDGIRSTW]*\)[ ][ ]*\([_A-Za-z][_A-Za-z0-9]*\)$/\1 \2 \2/p' | sed '/ __gnu_lto/d' \> conftest.nm
configure:6099: $? = 0
configure:6165: gcc -o conftest -g -O2  -L/home/allan/jhbuild/install/lib  conftest.c conftstm.o >&5
configure:6168: $? = 0
configure:6206: result: ok
configure:6243: checking for sysroot
configure:6273: result: no
configure:6542: checking for mt
configure:6558: found /bin/mt
configure:6569: result: mt
configure:6592: checking if mt is a manifest tool
configure:6598: mt '-?'
configure:6606: result: no
configure:7248: checking how to run the C preprocessor
configure:7279: gcc -E  conftest.c
configure:7279: $? = 0
configure:7293: gcc -E  conftest.c
conftest.c:15:28: fatal error: ac_nonexistent.h: No such file or directory
 #include <ac_nonexistent.h>
                            ^
compilation terminated.
configure:7293: $? = 1
configure: failed program was:
| /* confdefs.h */
| #define PACKAGE_NAME "pygobject"
| #define PACKAGE_TARNAME "pygobject"
| #define PACKAGE_VERSION "3.21.0"
| #define PACKAGE_STRING "pygobject 3.21.0"
| #define PACKAGE_BUGREPORT "http://bugzilla.gnome.org/enter_bug.cgi?product=pygobject"
| #define PACKAGE_URL "https://wiki.gnome.org/Projects/PyGObject/"
| #define PYGOBJECT_MAJOR_VERSION 3
| #define PYGOBJECT_MINOR_VERSION 21
| #define PYGOBJECT_MICRO_VERSION 0
| #define PACKAGE "pygobject"
| #define VERSION "3.21.0"
| #define OS_EXT "so"
| /* end confdefs.h.  */
| #include <ac_nonexistent.h>
configure:7318: result: gcc -E
configure:7338: gcc -E  conftest.c
configure:7338: $? = 0
configure:7352: gcc -E  conftest.c
conftest.c:15:28: fatal error: ac_nonexistent.h: No such file or directory
 #include <ac_nonexistent.h>
                            ^
compilation terminated.
configure:7352: $? = 1
configure: failed program was:
| /* confdefs.h */
| #define PACKAGE_NAME "pygobject"
| #define PACKAGE_TARNAME "pygobject"
| #define PACKAGE_VERSION "3.21.0"
| #define PACKAGE_STRING "pygobject 3.21.0"
| #define PACKAGE_BUGREPORT "http://bugzilla.gnome.org/enter_bug.cgi?product=pygobject"
| #define PACKAGE_URL "https://wiki.gnome.org/Projects/PyGObject/"
| #define PYGOBJECT_MAJOR_VERSION 3
| #define PYGOBJECT_MINOR_VERSION 21
| #define PYGOBJECT_MICRO_VERSION 0
| #define PACKAGE "pygobject"
| #define VERSION "3.21.0"
| #define OS_EXT "so"
| /* end confdefs.h.  */
| #include <ac_nonexistent.h>
configure:7381: checking for ANSI C header files
configure:7401: gcc -c -g -O2  conftest.c >&5
configure:7401: $? = 0
configure:7474: gcc -o conftest -g -O2  -L/home/allan/jhbuild/install/lib  conftest.c  >&5
configure:7474: $? = 0
configure:7474: ./conftest
configure:7474: $? = 0
configure:7485: result: yes
configure:7498: checking for sys/types.h
configure:7498: gcc -c -g -O2  conftest.c >&5
configure:7498: $? = 0
configure:7498: result: yes
configure:7498: checking for sys/stat.h
configure:7498: gcc -c -g -O2  conftest.c >&5
configure:7498: $? = 0
configure:7498: result: yes
configure:7498: checking for stdlib.h
configure:7498: gcc -c -g -O2  conftest.c >&5
configure:7498: $? = 0
configure:7498: result: yes
configure:7498: checking for string.h
configure:7498: gcc -c -g -O2  conftest.c >&5
configure:7498: $? = 0
configure:7498: result: yes
configure:7498: checking for memory.h
configure:7498: gcc -c -g -O2  conftest.c >&5
configure:7498: $? = 0
configure:7498: result: yes
configure:7498: checking for strings.h
configure:7498: gcc -c -g -O2  conftest.c >&5
configure:7498: $? = 0
configure:7498: result: yes
configure:7498: checking for inttypes.h
configure:7498: gcc -c -g -O2  conftest.c >&5
configure:7498: $? = 0
configure:7498: result: yes
configure:7498: checking for stdint.h
configure:7498: gcc -c -g -O2  conftest.c >&5
configure:7498: $? = 0
configure:7498: result: yes
configure:7498: checking for unistd.h
configure:7498: gcc -c -g -O2  conftest.c >&5
configure:7498: $? = 0
configure:7498: result: yes
configure:7512: checking for dlfcn.h
configure:7512: gcc -c -g -O2  conftest.c >&5
configure:7512: $? = 0
configure:7512: result: yes
configure:8014: checking for objdir
configure:8029: result: .libs
configure:8300: checking if gcc supports -fno-rtti -fno-exceptions
configure:8318: gcc -c -g -O2  -fno-rtti -fno-exceptions conftest.c >&5
cc1: warning: command line option '-fno-rtti' is valid for C++/ObjC++ but not for C
configure:8322: $? = 0
configure:8335: result: no
configure:8662: checking for gcc option to produce PIC
configure:8669: result: -fPIC -DPIC
configure:8677: checking if gcc PIC flag -fPIC -DPIC works
configure:8695: gcc -c -g -O2  -fPIC -DPIC -DPIC conftest.c >&5
configure:8699: $? = 0
configure:8712: result: yes
configure:8741: checking if gcc static flag -static works
configure:8769: result: yes
configure:8784: checking if gcc supports -c -o file.o
configure:8805: gcc -c -g -O2  -o out/conftest2.o conftest.c >&5
configure:8809: $? = 0
configure:8831: result: yes
configure:8839: checking if gcc supports -c -o file.o
configure:8886: result: yes
configure:8919: checking whether the gcc linker (/usr/bin/ld) supports shared libraries
configure:10076: result: yes
configure:10113: checking whether -lc should be explicitly linked in
configure:10121: gcc -c -g -O2  conftest.c >&5
configure:10124: $? = 0
configure:10139: gcc -shared  -fPIC -DPIC conftest.o  -v -Wl,-soname -Wl,conftest -o conftest 2\>\&1 \| /bin/grep  -lc  \>/dev/null 2\>\&1
configure:10142: $? = 0
configure:10156: result: no
configure:10316: checking dynamic linker characteristics
configure:10816: gcc -o conftest -g -O2  -L/home/allan/jhbuild/install/lib  -Wl,-rpath -Wl,/foo conftest.c  >&5
configure:10816: $? = 0
configure:11050: result: GNU/Linux ld.so
configure:11157: checking how to hardcode library paths into programs
configure:11182: result: immediate
configure:11276: checking for shl_load
configure:11276: gcc -o conftest -g -O2  -L/home/allan/jhbuild/install/lib  conftest.c  >&5
/tmp/ccQ1Q07U.o: In function `main':
/home/allan/jhbuild/checkout/pygobject/conftest.c:61: undefined reference to `shl_load'
collect2: error: ld returned 1 exit status
configure:11276: $? = 1
configure: failed program was:
| /* confdefs.h */
| #define PACKAGE_NAME "pygobject"
| #define PACKAGE_TARNAME "pygobject"
| #define PACKAGE_VERSION "3.21.0"
| #define PACKAGE_STRING "pygobject 3.21.0"
| #define PACKAGE_BUGREPORT "http://bugzilla.gnome.org/enter_bug.cgi?product=pygobject"
| #define PACKAGE_URL "https://wiki.gnome.org/Projects/PyGObject/"
| #define PYGOBJECT_MAJOR_VERSION 3
| #define PYGOBJECT_MINOR_VERSION 21
| #define PYGOBJECT_MICRO_VERSION 0
| #define PACKAGE "pygobject"
| #define VERSION "3.21.0"
| #define OS_EXT "so"
| #define STDC_HEADERS 1
| #define HAVE_SYS_TYPES_H 1
| #define HAVE_SYS_STAT_H 1
| #define HAVE_STDLIB_H 1
| #define HAVE_STRING_H 1
| #define HAVE_MEMORY_H 1
| #define HAVE_STRINGS_H 1
| #define HAVE_INTTYPES_H 1
| #define HAVE_STDINT_H 1
| #define HAVE_UNISTD_H 1
| #define HAVE_DLFCN_H 1
| #define LT_OBJDIR ".libs/"
| /* end confdefs.h.  */
| /* Define shl_load to an innocuous variant, in case <limits.h> declares shl_load.
|    For example, HP-UX 11i <limits.h> declares gettimeofday.  */
| #define shl_load innocuous_shl_load
| 
| /* System header to define __stub macros and hopefully few prototypes,
|     which can conflict with char shl_load (); below.
|     Prefer <limits.h> to <assert.h> if __STDC__ is defined, since
|     <limits.h> exists even on freestanding compilers.  */
| 
| #ifdef __STDC__
| # include <limits.h>
| #else
| # include <assert.h>
| #endif
| 
| #undef shl_load
| 
| /* Override any GCC internal prototype to avoid an error.
|    Use char because int might match the return type of a GCC
|    builtin and then its argument prototype would still apply.  */
| #ifdef __cplusplus
| extern "C"
| #endif
| char shl_load ();
| /* The GNU C library defines this for functions which it implements
|     to always fail with ENOSYS.  Some functions are actually named
|     something starting with __ and the normal name is an alias.  */
| #if defined __stub_shl_load || defined __stub___shl_load
| choke me
| #endif
| 
| int
| main ()
| {
| return shl_load ();
|   ;
|   return 0;
| }
configure:11276: result: no
configure:11280: checking for shl_load in -ldld
configure:11305: gcc -o conftest -g -O2  -L/home/allan/jhbuild/install/lib  conftest.c -ldld   >&5
/usr/bin/ld: cannot find -ldld
collect2: error: ld returned 1 exit status
configure:11305: $? = 1
configure: failed program was:
| /* confdefs.h */
| #define PACKAGE_NAME "pygobject"
| #define PACKAGE_TARNAME "pygobject"
| #define PACKAGE_VERSION "3.21.0"
| #define PACKAGE_STRING "pygobject 3.21.0"
| #define PACKAGE_BUGREPORT "http://bugzilla.gnome.org/enter_bug.cgi?product=pygobject"
| #define PACKAGE_URL "https://wiki.gnome.org/Projects/PyGObject/"
| #define PYGOBJECT_MAJOR_VERSION 3
| #define PYGOBJECT_MINOR_VERSION 21
| #define PYGOBJECT_MICRO_VERSION 0
| #define PACKAGE "pygobject"
| #define VERSION "3.21.0"
| #define OS_EXT "so"
| #define STDC_HEADERS 1
| #define HAVE_SYS_TYPES_H 1
| #define HAVE_SYS_STAT_H 1
| #define HAVE_STDLIB_H 1
| #define HAVE_STRING_H 1
| #define HAVE_MEMORY_H 1
| #define HAVE_STRINGS_H 1
| #define HAVE_INTTYPES_H 1
| #define HAVE_STDINT_H 1
| #define HAVE_UNISTD_H 1
| #define HAVE_DLFCN_H 1
| #define LT_OBJDIR ".libs/"
| /* end confdefs.h.  */
| 
| /* Override any GCC internal prototype to avoid an error.
|    Use char because int might match the return type of a GCC
|    builtin and then its argument prototype would still apply.  */
| #ifdef __cplusplus
| extern "C"
| #endif
| char shl_load ();
| int
| main ()
| {
| return shl_load ();
|   ;
|   return 0;
| }
configure:11314: result: no
configure:11319: checking for dlopen
configure:11319: gcc -o conftest -g -O2  -L/home/allan/jhbuild/install/lib  conftest.c  >&5
/tmp/ccCR9Zj8.o: In function `main':
/home/allan/jhbuild/checkout/pygobject/conftest.c:61: undefined reference to `dlopen'
collect2: error: ld returned 1 exit status
configure:11319: $? = 1
configure: failed program was:
| /* confdefs.h */
| #define PACKAGE_NAME "pygobject"
| #define PACKAGE_TARNAME "pygobject"
| #define PACKAGE_VERSION "3.21.0"
| #define PACKAGE_STRING "pygobject 3.21.0"
| #define PACKAGE_BUGREPORT "http://bugzilla.gnome.org/enter_bug.cgi?product=pygobject"
| #define PACKAGE_URL "https://wiki.gnome.org/Projects/PyGObject/"
| #define PYGOBJECT_MAJOR_VERSION 3
| #define PYGOBJECT_MINOR_VERSION 21
| #define PYGOBJECT_MICRO_VERSION 0
| #define PACKAGE "pygobject"
| #define VERSION "3.21.0"
| #define OS_EXT "so"
| #define STDC_HEADERS 1
| #define HAVE_SYS_TYPES_H 1
| #define HAVE_SYS_STAT_H 1
| #define HAVE_STDLIB_H 1
| #define HAVE_STRING_H 1
| #define HAVE_MEMORY_H 1
| #define HAVE_STRINGS_H 1
| #define HAVE_INTTYPES_H 1
| #define HAVE_STDINT_H 1
| #define HAVE_UNISTD_H 1
| #define HAVE_DLFCN_H 1
| #define LT_OBJDIR ".libs/"
| /* end confdefs.h.  */
| /* Define dlopen to an innocuous variant, in case <limits.h> declares dlopen.
|    For example, HP-UX 11i <limits.h> declares gettimeofday.  */
| #define dlopen innocuous_dlopen
| 
| /* System header to define __stub macros and hopefully few prototypes,
|     which can conflict with char dlopen (); below.
|     Prefer <limits.h> to <assert.h> if __STDC__ is defined, since
|     <limits.h> exists even on freestanding compilers.  */
| 
| #ifdef __STDC__
| # include <limits.h>
| #else
| # include <assert.h>
| #endif
| 
| #undef dlopen
| 
| /* Override any GCC internal prototype to avoid an error.
|    Use char because int might match the return type of a GCC
|    builtin and then its argument prototype would still apply.  */
| #ifdef __cplusplus
| extern "C"
| #endif
| char dlopen ();
| /* The GNU C library defines this for functions which it implements
|     to always fail with ENOSYS.  Some functions are actually named
|     something starting with __ and the normal name is an alias.  */
| #if defined __stub_dlopen || defined __stub___dlopen
| choke me
| #endif
| 
| int
| main ()
| {
| return dlopen ();
|   ;
|   return 0;
| }
configure:11319: result: no
configure:11323: checking for dlopen in -ldl
configure:11348: gcc -o conftest -g -O2  -L/home/allan/jhbuild/install/lib  conftest.c -ldl   >&5
configure:11348: $? = 0
configure:11357: result: yes
configure:11476: checking whether a program can dlopen itself
configure:11556: gcc -o conftest -g -O2  -DHAVE_DLFCN_H -L/home/allan/jhbuild/install/lib  -Wl,--export-dynamic conftest.c -ldl  >&5
configure:11559: $? = 0
configure:11577: result: yes
configure:11582: checking whether a statically linked program can dlopen itself
configure:11662: gcc -o conftest -g -O2  -DHAVE_DLFCN_H -L/home/allan/jhbuild/install/lib  -Wl,--export-dynamic -static conftest.c -ldl  >&5
/tmp/cccOe18g.o: In function `main':
/home/allan/jhbuild/checkout/pygobject/configure:11641: warning: Using 'dlopen' in statically linked applications requires at runtime the shared libraries from the glibc version used for linking
/usr/bin/ld: dynamic STT_GNU_IFUNC symbol `strcmp' with pointer equality in `/usr/lib/gcc/i686-linux-gnu/4.9/../../../i386-linux-gnu/libc.a(strcmp.o)' can not be used when making an executable; recompile with -fPIE and relink with -pie
collect2: error: ld returned 1 exit status
configure:11665: $? = 1
configure:11683: result: no
configure:11722: checking whether stripping libraries is possible
configure:11727: result: yes
configure:11762: checking if libtool supports shared libraries
configure:11764: result: yes
configure:11767: checking whether to build shared libraries
configure:11788: result: yes
configure:11791: checking whether to build static libraries
configure:11795: result: no
configure:11833: checking for library containing strerror
configure:11864: gcc -o conftest -g -O2  -L/home/allan/jhbuild/install/lib  conftest.c  >&5
configure:11864: $? = 0
configure:11881: result: none required
configure:11937: checking for gcc
configure:11964: result: gcc
configure:12193: checking for C compiler version
configure:12202: gcc --version >&5
gcc (Ubuntu 4.9.2-10ubuntu13) 4.9.2
Copyright (C) 2014 Free Software Foundation, Inc.
This is free software; see the source for copying conditions.  There is NO
warranty; not even for MERCHANTABILITY or FITNESS FOR A PARTICULAR PURPOSE.

configure:12213: $? = 0
configure:12202: gcc -v >&5
Using built-in specs.
COLLECT_GCC=gcc
COLLECT_LTO_WRAPPER=/usr/lib/gcc/i686-linux-gnu/4.9/lto-wrapper
Target: i686-linux-gnu
Configured with: ../src/configure -v --with-pkgversion='Ubuntu 4.9.2-10ubuntu13' --with-bugurl=file:///usr/share/doc/gcc-4.9/README.Bugs --enable-languages=c,c++,java,go,d,fortran,objc,obj-c++ --prefix=/usr --program-suffix=-4.9 --enable-shared --enable-linker-build-id --libexecdir=/usr/lib --without-included-gettext --enable-threads=posix --with-gxx-include-dir=/usr/include/c++/4.9 --libdir=/usr/lib --enable-nls --with-sysroot=/ --enable-clocale=gnu --enable-libstdcxx-debug --enable-libstdcxx-time=yes --enable-gnu-unique-object --disable-vtable-verify --enable-plugin --with-system-zlib --disable-browser-plugin --enable-java-awt=gtk --enable-gtk-cairo --with-java-home=/usr/lib/jvm/java-1.5.0-gcj-4.9-i386/jre --enable-java-home --with-jvm-root-dir=/usr/lib/jvm/java-1.5.0-gcj-4.9-i386 --with-jvm-jar-dir=/usr/lib/jvm-exports/java-1.5.0-gcj-4.9-i386 --with-arch-directory=i386 --with-ecj-jar=/usr/share/java/eclipse-ecj.jar --enable-objc-gc --enable-targets=all --enable-multiarch --disable-werror --with-arch-32=i686 --with-multilib-list=m32,m64,mx32 --enable-multilib --with-tune=generic --enable-checking=release --build=i686-linux-gnu --host=i686-linux-gnu --target=i686-linux-gnu
Thread model: posix
gcc version 4.9.2 (Ubuntu 4.9.2-10ubuntu13) 
configure:12213: $? = 0
configure:12202: gcc -V >&5
gcc: error: unrecognized command line option '-V'
gcc: fatal error: no input files
compilation terminated.
configure:12213: $? = 4
configure:12202: gcc -qversion >&5
gcc: error: unrecognized command line option '-qversion'
gcc: fatal error: no input files
compilation terminated.
configure:12213: $? = 4
configure:12217: checking whether we are using the GNU C compiler
configure:12245: result: yes
configure:12254: checking whether gcc accepts -g
configure:12315: result: yes
configure:12332: checking for gcc option to accept ISO C89
configure:12408: result: none needed
configure:12433: checking whether gcc understands -c and -o together
configure:12470: result: yes
configure:12489: checking dependency style of gcc
configure:12600: result: gcc3
configure:12640: checking whether python3 version >= 2.7
configure:12651: python3 -c import sys # split strings by '.' and convert to numeric. Append some zeros # because we need at least 4 digits for the hex conversion. # map returns an iterator in Python 3.0 and a list in 2.x minver = list(map(int, '2.7'.split('.'))) + [0, 0, 0] minverhex = 0 # xrange is not present in Python 3.0 and range returns an iterator for i in list(range(0, 4)): minverhex = (minverhex << 8) + minver[i] sys.exit(sys.hexversion < minverhex)
configure:12654: $? = 0
configure:12656: result: yes
configure:12747: checking for python3 version
configure:12754: result: 3.4
configure:12766: checking for python3 platform
configure:12773: result: linux
configure:12780: checking for python3 script directory
configure:12788: result: ${prefix}/lib/python3.4/site-packages
configure:12797: checking for python3 extension module directory
configure:12805: result: ${exec_prefix}/lib/python3.4/site-packages
configure:12829: python3 -c import sys # split strings by '.' and convert to numeric. Append some zeros # because we need at least 4 digits for the hex conversion. # map returns an iterator in Python 3.0 and a list in 2.x minver = list(map(int, '3.0'.split('.'))) + [0, 0, 0] minverhex = 0 # xrange is not present in Python 3.0 and range returns an iterator for i in list(range(0, 4)): minverhex = (minverhex << 8) + minver[i] sys.exit(sys.hexversion < minverhex)
configure:12832: $? = 0
configure:12841: checking for python3 >= 3.1
configure:12852: python3 -c import sys # split strings by '.' and convert to numeric. Append some zeros # because we need at least 4 digits for the hex conversion. # map returns an iterator in Python 3.0 and a list in 2.x minver = list(map(int, '3.1'.split('.'))) + [0, 0, 0] minverhex = 0 # xrange is not present in Python 3.0 and range returns an iterator for i in list(range(0, 4)): minverhex = (minverhex << 8) + minver[i] sys.exit(sys.hexversion < minverhex)
configure:12855: $? = 0
configure:12857: result: yes
configure:12933: checking for python version
configure:12940: result: 3.4
configure:12952: checking for python platform
configure:12959: result: linux
configure:12985: checking for python script directory
configure:13020: result: ${prefix}/lib/python3.4/site-packages
configure:13029: checking for python extension module directory
configure:13064: result: ${exec_prefix}/lib/python3.4/site-packages
configure:13078: checking for headers required to compile python extensions
configure:13096: gcc -E  -I/usr/include/python3.4m -I/usr/include/python3.4m conftest.c
configure:13096: $? = 0
configure:13097: result: found
configure:13159: checking for PySignal_SetWakeupFd in Python.h
configure:13174: gcc -c -g -O2 -Wall -Werror -I/usr/include/python3.4m -I/usr/include/python3.4m conftest.c >&5
configure:13174: $? = 0
configure:13180: result: yes
configure:13202: checking for python module thread
configure:13231: result: no
configure:13239: checking for python module _thread
configure:13265: result: yes
configure:13276: checking whether to enable threading in pygobject
configure:13281: result: yes
configure:13378: checking for pkg-config
configure:13396: found /usr/bin/pkg-config
configure:13408: result: /usr/bin/pkg-config
configure:13433: checking pkg-config is at least version 0.16
configure:13436: result: yes
configure:13453: checking for GLIB - version >= 2.38.0
configure:13565: gcc -o conftest -g -O2 -pthread -I/home/allan/jhbuild/install/include/glib-2.0 -I/home/allan/jhbuild/install/lib/glib-2.0/include    -L/home/allan/jhbuild/install/lib  conftest.c -L/home/allan/jhbuild/install/lib -lgobject-2.0 -lgthread-2.0 -pthread -lglib-2.0   >&5
configure:13565: $? = 0
configure:13565: ./conftest
configure:13565: $? = 0
configure:13579: result: yes (version 2.48.0)
configure:13684: checking for FFI
configure:13691: $PKG_CONFIG --exists --print-errors "libffi >= 3.0"
configure:13694: $? = 0
configure:13708: $PKG_CONFIG --exists --print-errors "libffi >= 3.0"
configure:13711: $? = 0
configure:13769: result: yes
configure:13781: checking for GIO
configure:13788: $PKG_CONFIG --exists --print-errors "gio-2.0 >= 2.38.0"
configure:13791: $? = 0
configure:13805: $PKG_CONFIG --exists --print-errors "gio-2.0 >= 2.38.0"
configure:13808: $? = 0
configure:13866: result: yes
configure:13881: checking for GI
configure:13890: $PKG_CONFIG --exists --print-errors "glib-2.0 >= 2.38.0
    gobject-introspection-1.0 >= 1.46.0
"
configure:13895: $? = 0
configure:13913: $PKG_CONFIG --exists --print-errors "glib-2.0 >= 2.38.0
    gobject-introspection-1.0 >= 1.46.0
"
configure:13918: $? = 0
configure:13984: result: yes
configure:13995: checking for CAIRO
configure:14002: $PKG_CONFIG --exists --print-errors "cairo cairo-gobject"
configure:14005: $? = 0
configure:14019: $PKG_CONFIG --exists --print-errors "cairo cairo-gobject"
configure:14022: $? = 0
configure:14080: result: yes
configure:14088: checking for PYCAIRO
configure:14096: $PKG_CONFIG --exists --print-errors "py3cairo >= 1.10.0
        "
configure:14100: $? = 0
configure:14116: $PKG_CONFIG --exists --print-errors "py3cairo >= 1.10.0
        "
configure:14120: $? = 0
configure:14182: result: yes
configure:14380: checking whether gcc understands -Wall
configure:14393: gcc -c -g -O2 -Wall   conftest.c >&5
configure:14393: $? = 0
configure:14400: result: yes
configure:14380: checking whether gcc understands -Wstrict-prototypes
configure:14393: gcc -c -g -O2 -Wstrict-prototypes   conftest.c >&5
conftest.c:30:1: warning: function declaration isn't a prototype [-Wstrict-prototypes]
 main ()
 ^
configure:14393: $? = 0
configure:14400: result: yes
configure:14380: checking whether gcc understands -Wnested-externs
configure:14393: gcc -c -g -O2 -Wnested-externs   conftest.c >&5
configure:14393: $? = 0
configure:14400: result: yes
configure:14380: checking whether gcc understands -Werror=missing-prototypes
configure:14393: gcc -c -g -O2 -Werror=missing-prototypes   conftest.c >&5
configure:14393: $? = 0
configure:14400: result: yes
configure:14380: checking whether gcc understands -Werror=implicit-function-declaration
configure:14393: gcc -c -g -O2 -Werror=implicit-function-declaration   conftest.c >&5
configure:14393: $? = 0
configure:14400: result: yes
configure:14380: checking whether gcc understands -Werror=pointer-arith
configure:14393: gcc -c -g -O2 -Werror=pointer-arith   conftest.c >&5
configure:14393: $? = 0
configure:14400: result: yes
configure:14380: checking whether gcc understands -Werror=init-self
configure:14393: gcc -c -g -O2 -Werror=init-self   conftest.c >&5
configure:14393: $? = 0
configure:14400: result: yes
configure:14380: checking whether gcc understands -Werror=format-security
configure:14393: gcc -c -g -O2 -Werror=format-security   conftest.c >&5
configure:14393: $? = 0
configure:14400: result: yes
configure:14380: checking whether gcc understands -Werror=format=2
configure:14393: gcc -c -g -O2 -Werror=format=2   conftest.c >&5
configure:14393: $? = 0
configure:14400: result: yes
configure:14380: checking whether gcc understands -Werror=missing-include-dirs
configure:14393: gcc -c -g -O2 -Werror=missing-include-dirs   conftest.c >&5
configure:14393: $? = 0
configure:14400: result: yes
configure:14380: checking whether gcc understands -Werror=return-type
configure:14393: gcc -c -g -O2 -Werror=return-type   conftest.c >&5
configure:14393: $? = 0
configure:14400: result: yes
configure:14410: checking what warning flags to pass to the C compiler
configure:14412: result:  -Wall -Wstrict-prototypes -Wnested-externs -Werror=missing-prototypes -Werror=implicit-function-declaration -Werror=pointer-arith -Werror=init-self -Werror=format-security -Werror=format=2 -Werror=missing-include-dirs -Werror=return-type
configure:14423: checking what language compliance flags to pass to the C compiler
configure:14438: result: 
configure:14444: checking for Gnome code coverage support
configure:14446: result: yes
configure:14450: checking whether to build with code coverage support
configure:14469: result: no
configure:14699: checking whether gcc understands -Wall
configure:14712: gcc -c -g -O2 -Wall   conftest.c >&5
configure:14712: $? = 0
configure:14718: result: yes
configure:14732: checking whether gcc understands -Werror=unused-variable
configure:14745: gcc -c -g -O2 -Wall -Werror=unused-variable   conftest.c >&5
configure:14745: $? = 0
configure:14751: result: yes
configure:14765: checking whether gcc understands -fno-strict-aliasing
configure:14778: gcc -c -g -O2 -Wall -Werror=unused-variable -fno-strict-aliasing   conftest.c >&5
configure:14778: $? = 0
configure:14784: result: yes
configure:14798: checking whether gcc understands -Werror=declaration-after-statement
configure:14811: gcc -c -g -O2 -Wall -Werror=unused-variable -fno-strict-aliasing -Werror=declaration-after-statement   conftest.c >&5
configure:14811: $? = 0
configure:14817: result: yes
configure:14940: checking that generated files are newer than configure
configure:14946: result: done
configure:14989: creating ./config.status

## ---------------------- ##
## Running config.status. ##
## ---------------------- ##

This file was extended by pygobject config.status 3.21.0, which was
generated by GNU Autoconf 2.69.  Invocation command line was

  CONFIG_FILES    = 
  CONFIG_HEADERS  = 
  CONFIG_LINKS    = 
  CONFIG_COMMANDS = 
  $ ./config.status 

on allan-HP-G42-Notebook-PC

config.status:1318: creating Makefile
config.status:1318: creating pygobject-3.0.pc
config.status:1318: creating pygobject-3.0-uninstalled.pc
config.status:1318: creating gi/Makefile
config.status:1318: creating gi/repository/Makefile
config.status:1318: creating gi/overrides/Makefile
config.status:1318: creating gi/_gobject/Makefile
config.status:1318: creating examples/Makefile
config.status:1318: creating tests/Makefile
config.status:1318: creating pygtkcompat/Makefile
config.status:1318: creating PKG-INFO
config.status:1318: creating config.h
config.status:1547: executing depfiles commands
config.status:1547: executing libtool commands
configure:17225: WARNING: unrecognized options: --disable-Werror, --disable-gtk-doc
configure:17237: result:
	pygobject 3.21.0

	Using python interpreter:	python3
	cairo support:			yes
	thread support:			yes
	code coverage support:          no


## ---------------- ##
## Cache variables. ##
## ---------------- ##

ac_cv_build=i686-pc-linux-gnu
ac_cv_c_compiler_gnu=yes
ac_cv_env_CAIRO_CFLAGS_set=
ac_cv_env_CAIRO_CFLAGS_value=
ac_cv_env_CAIRO_LIBS_set=
ac_cv_env_CAIRO_LIBS_value=
ac_cv_env_CC_set=
ac_cv_env_CC_value=
ac_cv_env_CFLAGS_set=
ac_cv_env_CFLAGS_value=
ac_cv_env_CPPFLAGS_set=
ac_cv_env_CPPFLAGS_value=
ac_cv_env_CPP_set=
ac_cv_env_CPP_value=
ac_cv_env_FFI_CFLAGS_set=
ac_cv_env_FFI_CFLAGS_value=
ac_cv_env_FFI_LIBS_set=
ac_cv_env_FFI_LIBS_value=
ac_cv_env_GIO_CFLAGS_set=
ac_cv_env_GIO_CFLAGS_value=
ac_cv_env_GIO_LIBS_set=
ac_cv_env_GIO_LIBS_value=
ac_cv_env_GI_CFLAGS_set=
ac_cv_env_GI_CFLAGS_value=
ac_cv_env_GI_LIBS_set=
ac_cv_env_GI_LIBS_value=
ac_cv_env_LDFLAGS_set=set
ac_cv_env_LDFLAGS_value='-L/home/allan/jhbuild/install/lib '
ac_cv_env_LIBS_set=
ac_cv_env_LIBS_value=
ac_cv_env_PKG_CONFIG_LIBDIR_set=
ac_cv_env_PKG_CONFIG_LIBDIR_value=
ac_cv_env_PKG_CONFIG_PATH_set=set
ac_cv_env_PKG_CONFIG_PATH_value=/home/allan/jhbuild/install/lib/pkgconfig:/home/allan/jhbuild/install/share/pkgconfig:/usr/lib/i386-linux-gnu/pkgconfig:/usr/lib/pkgconfig:/usr/share/pkgconfig
ac_cv_env_PKG_CONFIG_set=
ac_cv_env_PKG_CONFIG_value=
ac_cv_env_PYCAIRO_CFLAGS_set=
ac_cv_env_PYCAIRO_CFLAGS_value=
ac_cv_env_PYCAIRO_LIBS_set=
ac_cv_env_PYCAIRO_LIBS_value=
ac_cv_env_PYTHON_set=
ac_cv_env_PYTHON_value=
ac_cv_env_build_alias_set=
ac_cv_env_build_alias_value=
ac_cv_env_host_alias_set=
ac_cv_env_host_alias_value=
ac_cv_env_target_alias_set=
ac_cv_env_target_alias_value=
ac_cv_func_dlopen=no
ac_cv_func_shl_load=no
ac_cv_header_dlfcn_h=yes
ac_cv_header_inttypes_h=yes
ac_cv_header_memory_h=yes
ac_cv_header_stdc=yes
ac_cv_header_stdint_h=yes
ac_cv_header_stdlib_h=yes
ac_cv_header_string_h=yes
ac_cv_header_strings_h=yes
ac_cv_header_sys_stat_h=yes
ac_cv_header_sys_types_h=yes
ac_cv_header_unistd_h=yes
ac_cv_host=i686-pc-linux-gnu
ac_cv_lib_dl_dlopen=yes
ac_cv_lib_dld_shl_load=no
ac_cv_objext=o
ac_cv_path_EGREP='/bin/grep -E'
ac_cv_path_FGREP='/bin/grep -F'
ac_cv_path_GREP=/bin/grep
ac_cv_path_SED=/bin/sed
ac_cv_path_ac_pt_PKG_CONFIG=/usr/bin/pkg-config
ac_cv_path_install='/usr/bin/install -c'
ac_cv_path_mkdir=/bin/mkdir
ac_cv_prog_AWK=gawk
ac_cv_prog_CPP='gcc -E'
ac_cv_prog_ac_ct_AR=ar
ac_cv_prog_ac_ct_CC=gcc
ac_cv_prog_ac_ct_MANIFEST_TOOL=mt
ac_cv_prog_ac_ct_OBJDUMP=objdump
ac_cv_prog_ac_ct_RANLIB=ranlib
ac_cv_prog_ac_ct_STRIP=strip
ac_cv_prog_cc_c89=
ac_cv_prog_cc_g=yes
ac_cv_prog_make_make_set=yes
ac_cv_search_strerror='none required'
am_cv_CC_dependencies_compiler_type=gcc3
am_cv_make_support_nested_variables=yes
am_cv_prog_cc_c_o=yes
am_cv_python_platform=linux
am_cv_python_pyexecdir='${exec_prefix}/lib/python3.4/site-packages'
am_cv_python_pythondir='${prefix}/lib/python3.4/site-packages'
am_cv_python_version=3.4
lt_cv_ar_at_file=@
lt_cv_archive_cmds_need_lc=no
lt_cv_deplibs_check_method=pass_all
lt_cv_dlopen=dlopen
lt_cv_dlopen_libs=-ldl
lt_cv_dlopen_self=yes
lt_cv_dlopen_self_static=no
lt_cv_file_magic_cmd='$MAGIC_CMD'
lt_cv_file_magic_test_file=
lt_cv_ld_reload_flag=-r
lt_cv_nm_interface='BSD nm'
lt_cv_objdir=.libs
lt_cv_path_LD=/usr/bin/ld
lt_cv_path_NM='/usr/bin/nm -B'
lt_cv_path_mainfest_tool=no
lt_cv_prog_compiler_c_o=yes
lt_cv_prog_compiler_pic='-fPIC -DPIC'
lt_cv_prog_compiler_pic_works=yes
lt_cv_prog_compiler_rtti_exceptions=no
lt_cv_prog_compiler_static_works=yes
lt_cv_prog_gnu_ld=yes
lt_cv_sharedlib_from_linklib_cmd='printf %s\n'
lt_cv_shlibpath_overrides_runpath=no
lt_cv_sys_global_symbol_pipe='sed -n -e '\''s/^.*[	 ]\([ABCDGIRSTW][ABCDGIRSTW]*\)[	 ][	 ]*\([_A-Za-z][_A-Za-z0-9]*\)$/\1 \2 \2/p'\'' | sed '\''/ __gnu_lto/d'\'''
lt_cv_sys_global_symbol_to_c_name_address='sed -n -e '\''s/^: \([^ ]*\)[ ]*$/  {\"\1\", (void *) 0},/p'\'' -e '\''s/^[ABCDGIRSTW]* \([^ ]*\) \([^ ]*\)$/  {"\2", (void *) \&\2},/p'\'''
lt_cv_sys_global_symbol_to_c_name_address_lib_prefix='sed -n -e '\''s/^: \([^ ]*\)[ ]*$/  {\"\1\", (void *) 0},/p'\'' -e '\''s/^[ABCDGIRSTW]* \([^ ]*\) \(lib[^ ]*\)$/  {"\2", (void *) \&\2},/p'\'' -e '\''s/^[ABCDGIRSTW]* \([^ ]*\) \([^ ]*\)$/  {"lib\2", (void *) \&\2},/p'\'''
lt_cv_sys_global_symbol_to_cdecl='sed -n -e '\''s/^T .* \(.*\)$/extern int \1();/p'\'' -e '\''s/^[ABCDGIRSTW]* .* \(.*\)$/extern char \1;/p'\'''
lt_cv_sys_max_cmd_len=1572864
lt_cv_to_host_file_cmd=func_convert_file_noop
lt_cv_to_tool_file_cmd=func_convert_file_noop
pkg_cv_CAIRO_CFLAGS='-I/home/allan/jhbuild/install/include/glib-2.0 -I/home/allan/jhbuild/install/lib/glib-2.0/include -I/usr/include/cairo -I/usr/include/pixman-1 -I/usr/include/freetype2 -I/usr/include/libpng12 '
pkg_cv_CAIRO_LIBS='-L/home/allan/jhbuild/install/lib -lcairo-gobject -lcairo -lgobject-2.0 -lglib-2.0 '
pkg_cv_FFI_CFLAGS=
pkg_cv_FFI_LIBS='-lffi '
pkg_cv_GIO_CFLAGS='-pthread -I/home/allan/jhbuild/install/include/glib-2.0 -I/home/allan/jhbuild/install/lib/glib-2.0/include '
pkg_cv_GIO_LIBS='-L/home/allan/jhbuild/install/lib -lgio-2.0 -lgobject-2.0 -lglib-2.0 '
pkg_cv_GI_CFLAGS='-pthread -I/home/allan/jhbuild/install/include/gobject-introspection-1.0 -I/home/allan/jhbuild/install/include/glib-2.0 -I/home/allan/jhbuild/install/lib/glib-2.0/include '
pkg_cv_GI_LIBS='-L/home/allan/jhbuild/install/lib -lgirepository-1.0 -lgobject-2.0 -lglib-2.0 '
pkg_cv_PYCAIRO_CFLAGS='-I/home/allan/jhbuild/install/include/glib-2.0 -I/home/allan/jhbuild/install/lib/glib-2.0/include -I/usr/include/cairo -I/usr/include/pixman-1 -I/usr/include/freetype2 -I/usr/include/libpng12 -I/usr/include/pycairo '
pkg_cv_PYCAIRO_LIBS='-lcairo '
py_cv_mod__thread_=yes
py_cv_mod_thread_=no

## ----------------- ##
## Output variables. ##
## ----------------- ##



















	$(LCOV) $(code_coverage_quiet) --directory $(CODE_COVERAGE_DIRECTORY) --capture --output-file "$(CODE_COVERAGE_OUTPUT_FILE).tmp" --test-name "$(PACKAGE_NAME)-$(PACKAGE_VERSION)" --no-checksum --compat-libtool $(CODE_COVERAGE_LCOV_OPTIONS)
	$(LCOV) $(code_coverage_quiet) --directory $(CODE_COVERAGE_DIRECTORY) --capture --output-file "$(CODE_COVERAGE_OUTPUT_FILE).tmp" --test-name "$(PACKAGE_NAME)-$(PACKAGE_VERSION)" --no-checksum --compat-libtool $(CODE_COVERAGE_LCOV_OPTIONS)
	$(LCOV) $(code_coverage_quiet) --directory $(CODE_COVERAGE_DIRECTORY) --remove "$(CODE_COVERAGE_OUTPUT_FILE).tmp" "/tmp/*" $(CODE_COVERAGE_IGNORE_PATTERN) --output-file "$(CODE_COVERAGE_OUTPUT_FILE)"
	$(LCOV) $(code_coverage_quiet) --directory $(CODE_COVERAGE_DIRECTORY) --remove "$(CODE_COVERAGE_OUTPUT_FILE).tmp" "/tmp/*" $(CODE_COVERAGE_IGNORE_PATTERN) --output-file "$(CODE_COVERAGE_OUTPUT_FILE)"
	$(MAKE) $(AM_MAKEFLAGS) code-coverage-capture
	$(MAKE) $(AM_MAKEFLAGS) code-coverage-capture
	-$(LCOV) --directory $(top_builddir) -z
	-$(LCOV) --directory $(top_builddir) -z
	-$(MAKE) $(AM_MAKEFLAGS) -k check
	-$(MAKE) $(AM_MAKEFLAGS) -k check
	-@rm -f $(CODE_COVERAGE_OUTPUT_FILE).tmp
	-@rm -f $(CODE_COVERAGE_OUTPUT_FILE).tmp
	-find . -name "*.gcda" -o -name "*.gcov" -delete
	-find . -name "*.gcda" -o -name "*.gcov" -delete
	-rm -rf $(CODE_COVERAGE_OUTPUT_FILE) $(CODE_COVERAGE_OUTPUT_FILE).tmp $(CODE_COVERAGE_OUTPUT_DIRECTORY)
	-rm -rf $(CODE_COVERAGE_OUTPUT_FILE) $(CODE_COVERAGE_OUTPUT_FILE).tmp $(CODE_COVERAGE_OUTPUT_DIRECTORY)
	@echo "Need to reconfigure with --enable-code-coverage"
	@echo "Need to reconfigure with --enable-code-coverage"
	@echo "Need to reconfigure with --enable-code-coverage"
	@echo "Need to reconfigure with --enable-code-coverage"
	@echo "file://$(abs_builddir)/$(CODE_COVERAGE_OUTPUT_DIRECTORY)/index.html"
	@echo "file://$(abs_builddir)/$(CODE_COVERAGE_OUTPUT_DIRECTORY)/index.html"
	LANG=C $(GENHTML) $(code_coverage_quiet) --prefix $(CODE_COVERAGE_DIRECTORY) --output-directory "$(CODE_COVERAGE_OUTPUT_DIRECTORY)" --title "$(PACKAGE_NAME)-$(PACKAGE_VERSION) Code Coverage" --legend --show-details "$(CODE_COVERAGE_OUTPUT_FILE)" $(CODE_COVERAGE_GENHTML_OPTIONS)
	LANG=C $(GENHTML) $(code_coverage_quiet) --prefix $(CODE_COVERAGE_DIRECTORY) --output-directory "$(CODE_COVERAGE_OUTPUT_DIRECTORY)" --title "$(PACKAGE_NAME)-$(PACKAGE_VERSION) Code Coverage" --legend --show-details "$(CODE_COVERAGE_OUTPUT_FILE)" $(CODE_COVERAGE_GENHTML_OPTIONS)
#
#
#
#
#    $(PACKAGE_NAME)-$(PACKAGE_VERSION)-coverage)
#    $(PACKAGE_NAME)-$(PACKAGE_VERSION)-coverage)
#    $(PACKAGE_NAME)-$(PACKAGE_VERSION)-coverage.info)
#    $(PACKAGE_NAME)-$(PACKAGE_VERSION)-coverage.info)
#    (Default: $(top_builddir))
#    (Default: $(top_builddir))
#    (Default: empty)
#    (Default: empty)
#    by lcov for code coverage. (Default:
#    by lcov for code coverage. (Default:
#    instance. (Default: empty)
#    instance. (Default: empty)
#    reports to be created. (Default:
#    reports to be created. (Default:
#  - CODE_COVERAGE_DIRECTORY: Top-level directory for code coverage reporting.
#  - CODE_COVERAGE_DIRECTORY: Top-level directory for code coverage reporting.
#  - CODE_COVERAGE_GENHTML_OPTIONS: Extra options to pass to the genhtml
#  - CODE_COVERAGE_GENHTML_OPTIONS: Extra options to pass to the genhtml
#  - CODE_COVERAGE_IGNORE_PATTERN: Extra glob pattern of files to ignore
#  - CODE_COVERAGE_IGNORE_PATTERN: Extra glob pattern of files to ignore
#  - CODE_COVERAGE_LCOV_OPTIONS: Extra options to pass to the lcov instance.
#  - CODE_COVERAGE_LCOV_OPTIONS: Extra options to pass to the lcov instance.
#  - CODE_COVERAGE_OUTPUT_DIRECTORY: Directory for generated code coverage
#  - CODE_COVERAGE_OUTPUT_DIRECTORY: Directory for generated code coverage
#  - CODE_COVERAGE_OUTPUT_FILE: Filename and path for the .info file generated
#  - CODE_COVERAGE_OUTPUT_FILE: Filename and path for the .info file generated
# $(PACKAGE_VERSION). In order to add the current git hash to the title,
# $(PACKAGE_VERSION). In order to add the current git hash to the title,
# Capture code coverage data
# Capture code coverage data
# Code coverage
# Code coverage
# Hook rule executed before code-coverage-capture, overridable by the user
# Hook rule executed before code-coverage-capture, overridable by the user
# Optional variables
# Optional variables
# Optional:
# Optional:
# The generated report will be titled using the $(PACKAGE_NAME) and
# The generated report will be titled using the $(PACKAGE_NAME) and
# Use recursive makes in order to ignore errors during check
# Use recursive makes in order to ignore errors during check
# use the git-version-gen script, available online.
# use the git-version-gen script, available online.
'
'
.PHONY: check-code-coverage code-coverage-capture code-coverage-capture-hook code-coverage-clean
.PHONY: check-code-coverage code-coverage-capture code-coverage-capture-hook code-coverage-clean
ACLOCAL='${SHELL} /home/allan/jhbuild/checkout/pygobject/missing aclocal-1.14 '
ACLOCAL_AMFLAGS='-I m4 -I .'
AMDEPBACKSLASH='\'
AMDEP_FALSE='#'
AMDEP_TRUE=''
AMTAR='$${TAR-tar}'
AM_BACKSLASH='\'
AM_DEFAULT_V='$(AM_DEFAULT_VERBOSITY)'
AM_DEFAULT_VERBOSITY='0'
AM_V='$(V)'
AR='ar'
AS='as'
AUTOCONF='${SHELL} /home/allan/jhbuild/checkout/pygobject/missing autoconf'
AUTOHEADER='${SHELL} /home/allan/jhbuild/checkout/pygobject/missing autoheader'
AUTOMAKE='${SHELL} /home/allan/jhbuild/checkout/pygobject/missing automake-1.14'
AWK='gawk'
CAIRO_CFLAGS='-I/home/allan/jhbuild/install/include/glib-2.0 -I/home/allan/jhbuild/install/lib/glib-2.0/include -I/usr/include/cairo -I/usr/include/pixman-1 -I/usr/include/freetype2 -I/usr/include/libpng12 '
CAIRO_LIBS='-L/home/allan/jhbuild/install/lib -lcairo-gobject -lcairo -lgobject-2.0 -lglib-2.0 '
CC='gcc'
CCDEPMODE='depmode=gcc3'
CFLAGS='-g -O2 -Wall -Werror=unused-variable -fno-strict-aliasing -Werror=declaration-after-statement  -Wall -Wstrict-prototypes -Wnested-externs -Werror=missing-prototypes -Werror=implicit-function-declaration -Werror=pointer-arith -Werror=init-self -Werror=format-security -Werror=format=2 -Werror=missing-include-dirs -Werror=return-type  '
CODE_COVERAGE_CFLAGS=''
CODE_COVERAGE_DIRECTORY ?= $(top_builddir)
CODE_COVERAGE_DIRECTORY ?= $(top_builddir)
CODE_COVERAGE_ENABLED='no'
CODE_COVERAGE_ENABLED_FALSE=''
CODE_COVERAGE_ENABLED_TRUE='#'
CODE_COVERAGE_GENHTML_OPTIONS ?=
CODE_COVERAGE_GENHTML_OPTIONS ?=
CODE_COVERAGE_IGNORE_PATTERN ?=
CODE_COVERAGE_IGNORE_PATTERN ?=
CODE_COVERAGE_LCOV_OPTIONS ?=
CODE_COVERAGE_LCOV_OPTIONS ?=
CODE_COVERAGE_LDFLAGS=''
CODE_COVERAGE_OUTPUT_DIRECTORY ?= $(PACKAGE_NAME)-$(PACKAGE_VERSION)-coverage
CODE_COVERAGE_OUTPUT_DIRECTORY ?= $(PACKAGE_NAME)-$(PACKAGE_VERSION)-coverage
CODE_COVERAGE_OUTPUT_FILE ?= $(PACKAGE_NAME)-$(PACKAGE_VERSION)-coverage.info
CODE_COVERAGE_OUTPUT_FILE ?= $(PACKAGE_NAME)-$(PACKAGE_VERSION)-coverage.info
CODE_COVERAGE_RULES='
CPP='gcc -E'
CPPFLAGS=' '
CYGPATH_W='echo'
DATADIR='${prefix}/share'
DEFS='-DHAVE_CONFIG_H'
DEPDIR='.deps'
DISTCHECK_CONFIGURE_FLAGS += --disable-code-coverage
DISTCHECK_CONFIGURE_FLAGS += --disable-code-coverage
DISTCHECK_CONFIGURE_FLAGS ?=
DISTCHECK_CONFIGURE_FLAGS ?=
DLLTOOL='false'
DSYMUTIL=''
DUMPBIN=''
ECHO_C=''
ECHO_N='-n'
ECHO_T=''
EGREP='/bin/grep -E'
ENABLE_CAIRO_FALSE='#'
ENABLE_CAIRO_TRUE=''
EXEEXT=''
FFI_CFLAGS=''
FFI_LIBS='-lffi '
FGREP='/bin/grep -F'
GENHTML=''
GIO_CFLAGS='-pthread -I/home/allan/jhbuild/install/include/glib-2.0 -I/home/allan/jhbuild/install/lib/glib-2.0/include '
GIO_LIBS='-L/home/allan/jhbuild/install/lib -lgio-2.0 -lgobject-2.0 -lglib-2.0 '
GITIGNOREFILES += $(CODE_COVERAGE_OUTPUT_FILE) $(CODE_COVERAGE_OUTPUT_DIRECTORY)
GITIGNOREFILES += $(CODE_COVERAGE_OUTPUT_FILE) $(CODE_COVERAGE_OUTPUT_DIRECTORY)
GITIGNOREFILES ?=
GITIGNOREFILES ?=
GI_CFLAGS='-pthread -I/home/allan/jhbuild/install/include/gobject-introspection-1.0 -I/home/allan/jhbuild/install/include/glib-2.0 -I/home/allan/jhbuild/install/lib/glib-2.0/include '
GI_DATADIR='/home/allan/jhbuild/install/share/gobject-introspection-1.0'
GI_LIBS='-L/home/allan/jhbuild/install/lib -lgirepository-1.0 -lgobject-2.0 -lglib-2.0 '
GLIB_CFLAGS='-pthread -I/home/allan/jhbuild/install/include/glib-2.0 -I/home/allan/jhbuild/install/lib/glib-2.0/include '
GLIB_COMPILE_RESOURCES='glib-compile-resources'
GLIB_GENMARSHAL='glib-genmarshal'
GLIB_LIBS='-L/home/allan/jhbuild/install/lib -lgobject-2.0 -lgthread-2.0 -pthread -lglib-2.0 '
GLIB_MKENUMS='glib-mkenums'
GNOME_CODE_COVERAGE_RULES='
GOBJECT_QUERY='gobject-query'
GREP='/bin/grep'
INSTALL_DATA='${INSTALL} -m 644'
INSTALL_PROGRAM='${INSTALL}'
INSTALL_SCRIPT='${INSTALL}'
INSTALL_STRIP_PROGRAM='$(install_sh) -c -s'
INTROSPECTION_COMPILER='/home/allan/jhbuild/install/bin/g-ir-compiler'
INTROSPECTION_SCANNER='/home/allan/jhbuild/install/bin/g-ir-scanner'
LCOV=''
LD='/usr/bin/ld'
LDFLAGS='-L/home/allan/jhbuild/install/lib  '
LIBFFI_PC='libffi'
LIBOBJS=''
LIBS=''
LIBTOOL='$(SHELL) $(top_builddir)/libtool'
LIPO=''
LN_S='ln -s'
LTLIBOBJS=''
MAKEINFO='${SHELL} /home/allan/jhbuild/checkout/pygobject/missing makeinfo'
MANIFEST_TOOL=':'
MKDIR_P='/bin/mkdir -p'
NM='/usr/bin/nm -B'
NMEDIT=''
OBJDUMP='objdump'
OBJEXT='o'
OS_EXT='so'
OS_WIN32_FALSE=''
OS_WIN32_TRUE='#'
OTOOL64=''
OTOOL=''
PACKAGE='pygobject'
PACKAGE_BUGREPORT='http://bugzilla.gnome.org/enter_bug.cgi?product=pygobject'
PACKAGE_NAME='pygobject'
PACKAGE_STRING='pygobject 3.21.0'
PACKAGE_TARNAME='pygobject'
PACKAGE_URL='https://wiki.gnome.org/Projects/PyGObject/'
PACKAGE_VERSION='3.21.0'
PATH_SEPARATOR=':'
PKG_CONFIG='/usr/bin/pkg-config'
PKG_CONFIG_LIBDIR=''
PKG_CONFIG_PATH='/home/allan/jhbuild/install/lib/pkgconfig:/home/allan/jhbuild/install/share/pkgconfig:/usr/lib/i386-linux-gnu/pkgconfig:/usr/lib/pkgconfig:/usr/share/pkgconfig'
PLATFORM='linux-i686'
PYCAIRO_CFLAGS='-I/home/allan/jhbuild/install/include/glib-2.0 -I/home/allan/jhbuild/install/lib/glib-2.0/include -I/usr/include/cairo -I/usr/include/pixman-1 -I/usr/include/freetype2 -I/usr/include/libpng12 -I/usr/include/pycairo '
PYCAIRO_LIBS='-lcairo '
PYGOBJECT_MAJOR_VERSION='3'
PYGOBJECT_MICRO_VERSION='0'
PYGOBJECT_MINOR_VERSION='21'
PYTHON='python3'
PYTHON_BASENAME='python3'
PYTHON_EXEC_PREFIX='${exec_prefix}'
PYTHON_INCLUDES='-I/usr/include/python3.4m -I/usr/include/python3.4m'
PYTHON_LIBS=''
PYTHON_LIB_LOC=''
PYTHON_PLATFORM='linux'
PYTHON_PREFIX='${prefix}'
PYTHON_SO='.cpython-34m.so'
PYTHON_VERSION='3.4'
RANLIB='ranlib'
SED='/bin/sed'
SET_MAKE=''
SHELL='/bin/bash'
STRIP='strip'
THREADING_CFLAGS=''
VERSION='3.21.0'
WARN_CFLAGS=' -Wall -Wstrict-prototypes -Wnested-externs -Werror=missing-prototypes -Werror=implicit-function-declaration -Werror=pointer-arith -Werror=init-self -Werror=format-security -Werror=format=2 -Werror=missing-include-dirs -Werror=return-type '
WITH_COMMON_FALSE='#'
WITH_COMMON_TRUE=''
ac_ct_AR='ar'
ac_ct_CC='gcc'
ac_ct_DUMPBIN=''
am__EXEEXT_FALSE=''
am__EXEEXT_TRUE='#'
am__fastdepCC_FALSE='#'
am__fastdepCC_TRUE=''
am__include='include'
am__isrc=''
am__leading_dot='.'
am__nodep='_no'
am__quote=''
am__tar='$${TAR-tar} chof - "$$tardir"'
am__untar='$${TAR-tar} xf -'
bindir='${exec_prefix}/bin'
build='i686-pc-linux-gnu'
build_alias=''
build_cpu='i686'
build_os='linux-gnu'
build_vendor='pc'
check-code-coverage:
check-code-coverage:
clean: code-coverage-clean
clean: code-coverage-clean
code-coverage-capture-hook:
code-coverage-capture-hook:
code-coverage-capture: code-coverage-capture-hook
code-coverage-capture: code-coverage-capture-hook
code-coverage-clean:
code-coverage-clean:
code_coverage_quiet = $(code_coverage_quiet_$(V))
code_coverage_quiet = $(code_coverage_quiet_$(V))
code_coverage_quiet_ = $(code_coverage_quiet_$(AM_DEFAULT_VERBOSITY))
code_coverage_quiet_ = $(code_coverage_quiet_$(AM_DEFAULT_VERBOSITY))
code_coverage_quiet_0 = --quiet
code_coverage_quiet_0 = --quiet
datadir='${datarootdir}'
datarootdir='${prefix}/share'
docdir='${datarootdir}/doc/${PACKAGE_TARNAME}'
dvidir='${docdir}'
else
else
else
else
endif
endif
endif
endif
endif
endif
exec_prefix='${prefix}'
host='i686-pc-linux-gnu'
host_alias=''
host_cpu='i686'
host_os='linux-gnu'
host_vendor='pc'
htmldir='${docdir}'
ifeq ($(CODE_COVERAGE_ENABLED),yes)
ifeq ($(CODE_COVERAGE_ENABLED),yes)
ifeq ($(CODE_COVERAGE_ENABLED),yes)
ifeq ($(CODE_COVERAGE_ENABLED),yes)
ifeq ($(CODE_COVERAGE_ENABLED),yes)
ifeq ($(CODE_COVERAGE_ENABLED),yes)
includedir='${prefix}/include'
infodir='${datarootdir}/info'
install_sh='${SHELL} /home/allan/jhbuild/checkout/pygobject/install-sh'
libdir='${exec_prefix}/lib'
libexecdir='${exec_prefix}/libexec'
localedir='${datarootdir}/locale'
localstatedir='${prefix}/var'
mandir='${datarootdir}/man'
mkdir_p='$(MKDIR_P)'
oldincludedir='/usr/include'
pdfdir='${docdir}'
pkgpyexecdir='${pyexecdir}/pygobject'
pkgpythondir='${pythondir}/pygobject'
prefix='/home/allan/jhbuild/install'
program_transform_name='s,x,x,'
psdir='${docdir}'
pyexecdir='${exec_prefix}/lib/python3.4/site-packages'
pythondir='${prefix}/lib/python3.4/site-packages'
sbindir='${exec_prefix}/sbin'
sharedstatedir='${prefix}/com'
sysconfdir='${prefix}/etc'
target_alias=''

## ----------- ##
## confdefs.h. ##
## ----------- ##

/* confdefs.h */
#define PACKAGE_NAME "pygobject"
#define PACKAGE_TARNAME "pygobject"
#define PACKAGE_VERSION "3.21.0"
#define PACKAGE_STRING "pygobject 3.21.0"
#define PACKAGE_BUGREPORT "http://bugzilla.gnome.org/enter_bug.cgi?product=pygobject"
#define PACKAGE_URL "https://wiki.gnome.org/Projects/PyGObject/"
#define PYGOBJECT_MAJOR_VERSION 3
#define PYGOBJECT_MINOR_VERSION 21
#define PYGOBJECT_MICRO_VERSION 0
#define PACKAGE "pygobject"
#define VERSION "3.21.0"
#define OS_EXT "so"
#define STDC_HEADERS 1
#define HAVE_SYS_TYPES_H 1
#define HAVE_SYS_STAT_H 1
#define HAVE_STDLIB_H 1
#define HAVE_STRING_H 1
#define HAVE_MEMORY_H 1
#define HAVE_STRINGS_H 1
#define HAVE_INTTYPES_H 1
#define HAVE_STDINT_H 1
#define HAVE_UNISTD_H 1
#define HAVE_DLFCN_H 1
#define LT_OBJDIR ".libs/"
#define HAVE_PYSIGNAL_SETWAKEUPFD 1

configure: exit 0
