This file contains any messages produced by compilers while
running configure, to aid debugging if configure makes a mistake.

It was created by Xproto configure 7.0.28, which was
generated by GNU Autoconf 2.69.  Invocation command line was

  $ ./configure --prefix /home/allan/jhbuild/install --disable-Werror --disable-static --disable-gtk-doc

## --------- ##
## Platform. ##
## --------- ##

hostname = allan-HP-G42-Notebook-PC
uname -m = i686
uname -r = 3.19.0-58-generic
uname -s = Linux
uname -v = #64-Ubuntu SMP Thu Mar 17 18:28:55 UTC 2016

/usr/bin/uname -p = unknown
/bin/uname -X     = unknown

/bin/arch              = unknown
/usr/bin/arch -k       = unknown
/usr/convex/getsysinfo = unknown
/usr/bin/hostinfo      = unknown
/bin/machine           = unknown
/usr/bin/oslevel       = unknown
/bin/universe          = unknown

PATH: /home/allan/jhbuild/install/bin
PATH: /usr/local/sbin
PATH: /usr/local/bin
PATH: /usr/sbin
PATH: /usr/bin
PATH: /sbin
PATH: /bin
PATH: /usr/games
PATH: /usr/local/games
PATH: /usr/local/java/jdk1.7.0_79/bin
PATH: /usr/local/java/jdk1.7.0_79/jre/bin
PATH: /home/allan/.local/bin


## ----------- ##
## Core tests. ##
## ----------- ##

configure:2389: checking for a BSD-compatible install
configure:2457: result: /usr/bin/install -c
configure:2468: checking whether build environment is sane
configure:2523: result: yes
configure:2674: checking for a thread-safe mkdir -p
configure:2713: result: /bin/mkdir -p
configure:2720: checking for gawk
configure:2736: found /usr/bin/gawk
configure:2747: result: gawk
configure:2758: checking whether make sets $(MAKE)
configure:2780: result: yes
configure:2809: checking whether make supports nested variables
configure:2826: result: yes
configure:2977: checking for style of include used by make
configure:3005: result: GNU
configure:3076: checking for gcc
configure:3092: found /usr/bin/gcc
configure:3103: result: gcc
configure:3332: checking for C compiler version
configure:3341: gcc --version >&5
gcc (Ubuntu 4.9.2-10ubuntu13) 4.9.2
Copyright (C) 2014 Free Software Foundation, Inc.
This is free software; see the source for copying conditions.  There is NO
warranty; not even for MERCHANTABILITY or FITNESS FOR A PARTICULAR PURPOSE.

configure:3352: $? = 0
configure:3341: gcc -v >&5
Using built-in specs.
COLLECT_GCC=gcc
COLLECT_LTO_WRAPPER=/usr/lib/gcc/i686-linux-gnu/4.9/lto-wrapper
Target: i686-linux-gnu
Configured with: ../src/configure -v --with-pkgversion='Ubuntu 4.9.2-10ubuntu13' --with-bugurl=file:///usr/share/doc/gcc-4.9/README.Bugs --enable-languages=c,c++,java,go,d,fortran,objc,obj-c++ --prefix=/usr --program-suffix=-4.9 --enable-shared --enable-linker-build-id --libexecdir=/usr/lib --without-included-gettext --enable-threads=posix --with-gxx-include-dir=/usr/include/c++/4.9 --libdir=/usr/lib --enable-nls --with-sysroot=/ --enable-clocale=gnu --enable-libstdcxx-debug --enable-libstdcxx-time=yes --enable-gnu-unique-object --disable-vtable-verify --enable-plugin --with-system-zlib --disable-browser-plugin --enable-java-awt=gtk --enable-gtk-cairo --with-java-home=/usr/lib/jvm/java-1.5.0-gcj-4.9-i386/jre --enable-java-home --with-jvm-root-dir=/usr/lib/jvm/java-1.5.0-gcj-4.9-i386 --with-jvm-jar-dir=/usr/lib/jvm-exports/java-1.5.0-gcj-4.9-i386 --with-arch-directory=i386 --with-ecj-jar=/usr/share/java/eclipse-ecj.jar --enable-objc-gc --enable-targets=all --enable-multiarch --disable-werror --with-arch-32=i686 --with-multilib-list=m32,m64,mx32 --enable-multilib --with-tune=generic --enable-checking=release --build=i686-linux-gnu --host=i686-linux-gnu --target=i686-linux-gnu
Thread model: posix
gcc version 4.9.2 (Ubuntu 4.9.2-10ubuntu13) 
configure:3352: $? = 0
configure:3341: gcc -V >&5
gcc: error: unrecognized command line option '-V'
gcc: fatal error: no input files
compilation terminated.
configure:3352: $? = 4
configure:3341: gcc -qversion >&5
gcc: error: unrecognized command line option '-qversion'
gcc: fatal error: no input files
compilation terminated.
configure:3352: $? = 4
configure:3372: checking whether the C compiler works
configure:3394: gcc   -L/home/allan/jhbuild/install/lib  conftest.c  >&5
configure:3398: $? = 0
configure:3446: result: yes
configure:3449: checking for C compiler default output file name
configure:3451: result: a.out
configure:3457: checking for suffix of executables
configure:3464: gcc -o conftest   -L/home/allan/jhbuild/install/lib  conftest.c  >&5
configure:3468: $? = 0
configure:3490: result: 
configure:3512: checking whether we are cross compiling
configure:3520: gcc -o conftest   -L/home/allan/jhbuild/install/lib  conftest.c  >&5
configure:3524: $? = 0
configure:3531: ./conftest
configure:3535: $? = 0
configure:3550: result: no
configure:3555: checking for suffix of object files
configure:3577: gcc -c   conftest.c >&5
configure:3581: $? = 0
configure:3602: result: o
configure:3606: checking whether we are using the GNU C compiler
configure:3625: gcc -c   conftest.c >&5
configure:3625: $? = 0
configure:3634: result: yes
configure:3643: checking whether gcc accepts -g
configure:3663: gcc -c -g  conftest.c >&5
configure:3663: $? = 0
configure:3704: result: yes
configure:3721: checking for gcc option to accept ISO C89
configure:3784: gcc  -c -g -O2  conftest.c >&5
configure:3784: $? = 0
configure:3797: result: none needed
configure:3822: checking whether gcc understands -c and -o together
configure:3844: gcc -c conftest.c -o conftest2.o
configure:3847: $? = 0
configure:3844: gcc -c conftest.c -o conftest2.o
configure:3847: $? = 0
configure:3859: result: yes
configure:3878: checking dependency style of gcc
configure:3989: result: none
configure:4004: checking for gcc option to accept ISO C99
configure:4153: gcc  -c -g -O2  conftest.c >&5
conftest.c:61:29: error: expected ';', ',' or ')' before 'text'
 test_restrict (ccp restrict text)
                             ^
conftest.c: In function 'main':
conftest.c:115:18: error: expected '=', ',', ';', 'asm' or '__attribute__' before 'newvar'
   char *restrict newvar = "Another string";
                  ^
conftest.c:115:18: error: 'newvar' undeclared (first use in this function)
conftest.c:115:18: note: each undeclared identifier is reported only once for each function it appears in
conftest.c:125:3: error: 'for' loop initial declarations are only allowed in C99 or C11 mode
   for (int i = 0; i < ia->datasize; ++i)
   ^
conftest.c:125:3: note: use option -std=c99, -std=gnu99, -std=c11 or -std=gnu11 to compile your code
configure:4153: $? = 1
configure: failed program was:
| /* confdefs.h */
| #define PACKAGE_NAME "Xproto"
| #define PACKAGE_TARNAME "xproto"
| #define PACKAGE_VERSION "7.0.28"
| #define PACKAGE_STRING "Xproto 7.0.28"
| #define PACKAGE_BUGREPORT "https://bugs.freedesktop.org/enter_bug.cgi?product=xorg"
| #define PACKAGE_URL ""
| #define PACKAGE "xproto"
| #define VERSION "7.0.28"
| /* end confdefs.h.  */
| #include <stdarg.h>
| #include <stdbool.h>
| #include <stdlib.h>
| #include <wchar.h>
| #include <stdio.h>
| 
| // Check varargs macros.  These examples are taken from C99 6.10.3.5.
| #define debug(...) fprintf (stderr, __VA_ARGS__)
| #define showlist(...) puts (#__VA_ARGS__)
| #define report(test,...) ((test) ? puts (#test) : printf (__VA_ARGS__))
| static void
| test_varargs_macros (void)
| {
|   int x = 1234;
|   int y = 5678;
|   debug ("Flag");
|   debug ("X = %d\n", x);
|   showlist (The first, second, and third items.);
|   report (x>y, "x is %d but y is %d", x, y);
| }
| 
| // Check long long types.
| #define BIG64 18446744073709551615ull
| #define BIG32 4294967295ul
| #define BIG_OK (BIG64 / BIG32 == 4294967297ull && BIG64 % BIG32 == 0)
| #if !BIG_OK
|   your preprocessor is broken;
| #endif
| #if BIG_OK
| #else
|   your preprocessor is broken;
| #endif
| static long long int bignum = -9223372036854775807LL;
| static unsigned long long int ubignum = BIG64;
| 
| struct incomplete_array
| {
|   int datasize;
|   double data[];
| };
| 
| struct named_init {
|   int number;
|   const wchar_t *name;
|   double average;
| };
| 
| typedef const char *ccp;
| 
| static inline int
| test_restrict (ccp restrict text)
| {
|   // See if C++-style comments work.
|   // Iterate through items via the restricted pointer.
|   // Also check for declarations in for loops.
|   for (unsigned int i = 0; *(text+i) != '\0'; ++i)
|     continue;
|   return 0;
| }
| 
| // Check varargs and va_copy.
| static void
| test_varargs (const char *format, ...)
| {
|   va_list args;
|   va_start (args, format);
|   va_list args_copy;
|   va_copy (args_copy, args);
| 
|   const char *str;
|   int number;
|   float fnumber;
| 
|   while (*format)
|     {
|       switch (*format++)
| 	{
| 	case 's': // string
| 	  str = va_arg (args_copy, const char *);
| 	  break;
| 	case 'd': // int
| 	  number = va_arg (args_copy, int);
| 	  break;
| 	case 'f': // float
| 	  fnumber = va_arg (args_copy, double);
| 	  break;
| 	default:
| 	  break;
| 	}
|     }
|   va_end (args_copy);
|   va_end (args);
| }
| 
| int
| main ()
| {
| 
|   // Check bool.
|   _Bool success = false;
| 
|   // Check restrict.
|   if (test_restrict ("String literal") == 0)
|     success = true;
|   char *restrict newvar = "Another string";
| 
|   // Check varargs.
|   test_varargs ("s, d' f .", "string", 65, 34.234);
|   test_varargs_macros ();
| 
|   // Check flexible array members.
|   struct incomplete_array *ia =
|     malloc (sizeof (struct incomplete_array) + (sizeof (double) * 10));
|   ia->datasize = 10;
|   for (int i = 0; i < ia->datasize; ++i)
|     ia->data[i] = i * 1.234;
| 
|   // Check named initializers.
|   struct named_init ni = {
|     .number = 34,
|     .name = L"Test wide string",
|     .average = 543.34343,
|   };
| 
|   ni.number = 58;
| 
|   int dynamic_array[ni.number];
|   dynamic_array[ni.number - 1] = 543;
| 
|   // work around unused variable warnings
|   return (!success || bignum == 0LL || ubignum == 0uLL || newvar[0] == 'x'
| 	  || dynamic_array[ni.number - 1] != 543);
| 
|   ;
|   return 0;
| }
configure:4153: gcc -std=gnu99 -c -g -O2  conftest.c >&5
configure:4153: $? = 0
configure:4173: result: -std=gnu99
configure:4187: checking how to run the C preprocessor
configure:4218: gcc -std=gnu99 -E  conftest.c
configure:4218: $? = 0
configure:4232: gcc -std=gnu99 -E  conftest.c
conftest.c:11:28: fatal error: ac_nonexistent.h: No such file or directory
 #include <ac_nonexistent.h>
                            ^
compilation terminated.
configure:4232: $? = 1
configure: failed program was:
| /* confdefs.h */
| #define PACKAGE_NAME "Xproto"
| #define PACKAGE_TARNAME "xproto"
| #define PACKAGE_VERSION "7.0.28"
| #define PACKAGE_STRING "Xproto 7.0.28"
| #define PACKAGE_BUGREPORT "https://bugs.freedesktop.org/enter_bug.cgi?product=xorg"
| #define PACKAGE_URL ""
| #define PACKAGE "xproto"
| #define VERSION "7.0.28"
| /* end confdefs.h.  */
| #include <ac_nonexistent.h>
configure:4257: result: gcc -std=gnu99 -E
configure:4277: gcc -std=gnu99 -E  conftest.c
configure:4277: $? = 0
configure:4291: gcc -std=gnu99 -E  conftest.c
conftest.c:11:28: fatal error: ac_nonexistent.h: No such file or directory
 #include <ac_nonexistent.h>
                            ^
compilation terminated.
configure:4291: $? = 1
configure: failed program was:
| /* confdefs.h */
| #define PACKAGE_NAME "Xproto"
| #define PACKAGE_TARNAME "xproto"
| #define PACKAGE_VERSION "7.0.28"
| #define PACKAGE_STRING "Xproto 7.0.28"
| #define PACKAGE_BUGREPORT "https://bugs.freedesktop.org/enter_bug.cgi?product=xorg"
| #define PACKAGE_URL ""
| #define PACKAGE "xproto"
| #define VERSION "7.0.28"
| /* end confdefs.h.  */
| #include <ac_nonexistent.h>
configure:4320: checking for grep that handles long lines and -e
configure:4378: result: /bin/grep
configure:4383: checking for egrep
configure:4445: result: /bin/grep -E
configure:4450: checking for ANSI C header files
configure:4470: gcc -std=gnu99 -c -g -O2  conftest.c >&5
configure:4470: $? = 0
configure:4543: gcc -std=gnu99 -o conftest -g -O2  -L/home/allan/jhbuild/install/lib  conftest.c  >&5
configure:4543: $? = 0
configure:4543: ./conftest
configure:4543: $? = 0
configure:4554: result: yes
configure:4567: checking for sys/types.h
configure:4567: gcc -std=gnu99 -c -g -O2  conftest.c >&5
configure:4567: $? = 0
configure:4567: result: yes
configure:4567: checking for sys/stat.h
configure:4567: gcc -std=gnu99 -c -g -O2  conftest.c >&5
configure:4567: $? = 0
configure:4567: result: yes
configure:4567: checking for stdlib.h
configure:4567: gcc -std=gnu99 -c -g -O2  conftest.c >&5
configure:4567: $? = 0
configure:4567: result: yes
configure:4567: checking for string.h
configure:4567: gcc -std=gnu99 -c -g -O2  conftest.c >&5
configure:4567: $? = 0
configure:4567: result: yes
configure:4567: checking for memory.h
configure:4567: gcc -std=gnu99 -c -g -O2  conftest.c >&5
configure:4567: $? = 0
configure:4567: result: yes
configure:4567: checking for strings.h
configure:4567: gcc -std=gnu99 -c -g -O2  conftest.c >&5
configure:4567: $? = 0
configure:4567: result: yes
configure:4567: checking for inttypes.h
configure:4567: gcc -std=gnu99 -c -g -O2  conftest.c >&5
configure:4567: $? = 0
configure:4567: result: yes
configure:4567: checking for stdint.h
configure:4567: gcc -std=gnu99 -c -g -O2  conftest.c >&5
configure:4567: $? = 0
configure:4567: result: yes
configure:4567: checking for unistd.h
configure:4567: gcc -std=gnu99 -c -g -O2  conftest.c >&5
configure:4567: $? = 0
configure:4567: result: yes
configure:4583: checking whether __clang__ is declared
configure:4583: gcc -std=gnu99 -c -g -O2  conftest.c >&5
conftest.c: In function 'main':
conftest.c:61:10: error: '__clang__' undeclared (first use in this function)
   (void) __clang__;
          ^
conftest.c:61:10: note: each undeclared identifier is reported only once for each function it appears in
configure:4583: $? = 1
configure: failed program was:
| /* confdefs.h */
| #define PACKAGE_NAME "Xproto"
| #define PACKAGE_TARNAME "xproto"
| #define PACKAGE_VERSION "7.0.28"
| #define PACKAGE_STRING "Xproto 7.0.28"
| #define PACKAGE_BUGREPORT "https://bugs.freedesktop.org/enter_bug.cgi?product=xorg"
| #define PACKAGE_URL ""
| #define PACKAGE "xproto"
| #define VERSION "7.0.28"
| #define STDC_HEADERS 1
| #define HAVE_SYS_TYPES_H 1
| #define HAVE_SYS_STAT_H 1
| #define HAVE_STDLIB_H 1
| #define HAVE_STRING_H 1
| #define HAVE_MEMORY_H 1
| #define HAVE_STRINGS_H 1
| #define HAVE_INTTYPES_H 1
| #define HAVE_STDINT_H 1
| #define HAVE_UNISTD_H 1
| /* end confdefs.h.  */
| #include <stdio.h>
| #ifdef HAVE_SYS_TYPES_H
| # include <sys/types.h>
| #endif
| #ifdef HAVE_SYS_STAT_H
| # include <sys/stat.h>
| #endif
| #ifdef STDC_HEADERS
| # include <stdlib.h>
| # include <stddef.h>
| #else
| # ifdef HAVE_STDLIB_H
| #  include <stdlib.h>
| # endif
| #endif
| #ifdef HAVE_STRING_H
| # if !defined STDC_HEADERS && defined HAVE_MEMORY_H
| #  include <memory.h>
| # endif
| # include <string.h>
| #endif
| #ifdef HAVE_STRINGS_H
| # include <strings.h>
| #endif
| #ifdef HAVE_INTTYPES_H
| # include <inttypes.h>
| #endif
| #ifdef HAVE_STDINT_H
| # include <stdint.h>
| #endif
| #ifdef HAVE_UNISTD_H
| # include <unistd.h>
| #endif
| int
| main ()
| {
| #ifndef __clang__
| #ifdef __cplusplus
|   (void) __clang__;
| #else
|   (void) __clang__;
| #endif
| #endif
| 
|   ;
|   return 0;
| }
configure:4583: result: no
configure:4590: checking whether __INTEL_COMPILER is declared
configure:4590: gcc -std=gnu99 -c -g -O2  conftest.c >&5
conftest.c: In function 'main':
conftest.c:61:10: error: '__INTEL_COMPILER' undeclared (first use in this function)
   (void) __INTEL_COMPILER;
          ^
conftest.c:61:10: note: each undeclared identifier is reported only once for each function it appears in
configure:4590: $? = 1
configure: failed program was:
| /* confdefs.h */
| #define PACKAGE_NAME "Xproto"
| #define PACKAGE_TARNAME "xproto"
| #define PACKAGE_VERSION "7.0.28"
| #define PACKAGE_STRING "Xproto 7.0.28"
| #define PACKAGE_BUGREPORT "https://bugs.freedesktop.org/enter_bug.cgi?product=xorg"
| #define PACKAGE_URL ""
| #define PACKAGE "xproto"
| #define VERSION "7.0.28"
| #define STDC_HEADERS 1
| #define HAVE_SYS_TYPES_H 1
| #define HAVE_SYS_STAT_H 1
| #define HAVE_STDLIB_H 1
| #define HAVE_STRING_H 1
| #define HAVE_MEMORY_H 1
| #define HAVE_STRINGS_H 1
| #define HAVE_INTTYPES_H 1
| #define HAVE_STDINT_H 1
| #define HAVE_UNISTD_H 1
| /* end confdefs.h.  */
| #include <stdio.h>
| #ifdef HAVE_SYS_TYPES_H
| # include <sys/types.h>
| #endif
| #ifdef HAVE_SYS_STAT_H
| # include <sys/stat.h>
| #endif
| #ifdef STDC_HEADERS
| # include <stdlib.h>
| # include <stddef.h>
| #else
| # ifdef HAVE_STDLIB_H
| #  include <stdlib.h>
| # endif
| #endif
| #ifdef HAVE_STRING_H
| # if !defined STDC_HEADERS && defined HAVE_MEMORY_H
| #  include <memory.h>
| # endif
| # include <string.h>
| #endif
| #ifdef HAVE_STRINGS_H
| # include <strings.h>
| #endif
| #ifdef HAVE_INTTYPES_H
| # include <inttypes.h>
| #endif
| #ifdef HAVE_STDINT_H
| # include <stdint.h>
| #endif
| #ifdef HAVE_UNISTD_H
| # include <unistd.h>
| #endif
| int
| main ()
| {
| #ifndef __INTEL_COMPILER
| #ifdef __cplusplus
|   (void) __INTEL_COMPILER;
| #else
|   (void) __INTEL_COMPILER;
| #endif
| #endif
| 
|   ;
|   return 0;
| }
configure:4590: result: no
configure:4597: checking whether __SUNPRO_C is declared
configure:4597: gcc -std=gnu99 -c -g -O2  conftest.c >&5
conftest.c: In function 'main':
conftest.c:61:10: error: '__SUNPRO_C' undeclared (first use in this function)
   (void) __SUNPRO_C;
          ^
conftest.c:61:10: note: each undeclared identifier is reported only once for each function it appears in
configure:4597: $? = 1
configure: failed program was:
| /* confdefs.h */
| #define PACKAGE_NAME "Xproto"
| #define PACKAGE_TARNAME "xproto"
| #define PACKAGE_VERSION "7.0.28"
| #define PACKAGE_STRING "Xproto 7.0.28"
| #define PACKAGE_BUGREPORT "https://bugs.freedesktop.org/enter_bug.cgi?product=xorg"
| #define PACKAGE_URL ""
| #define PACKAGE "xproto"
| #define VERSION "7.0.28"
| #define STDC_HEADERS 1
| #define HAVE_SYS_TYPES_H 1
| #define HAVE_SYS_STAT_H 1
| #define HAVE_STDLIB_H 1
| #define HAVE_STRING_H 1
| #define HAVE_MEMORY_H 1
| #define HAVE_STRINGS_H 1
| #define HAVE_INTTYPES_H 1
| #define HAVE_STDINT_H 1
| #define HAVE_UNISTD_H 1
| /* end confdefs.h.  */
| #include <stdio.h>
| #ifdef HAVE_SYS_TYPES_H
| # include <sys/types.h>
| #endif
| #ifdef HAVE_SYS_STAT_H
| # include <sys/stat.h>
| #endif
| #ifdef STDC_HEADERS
| # include <stdlib.h>
| # include <stddef.h>
| #else
| # ifdef HAVE_STDLIB_H
| #  include <stdlib.h>
| # endif
| #endif
| #ifdef HAVE_STRING_H
| # if !defined STDC_HEADERS && defined HAVE_MEMORY_H
| #  include <memory.h>
| # endif
| # include <string.h>
| #endif
| #ifdef HAVE_STRINGS_H
| # include <strings.h>
| #endif
| #ifdef HAVE_INTTYPES_H
| # include <inttypes.h>
| #endif
| #ifdef HAVE_STDINT_H
| # include <stdint.h>
| #endif
| #ifdef HAVE_UNISTD_H
| # include <unistd.h>
| #endif
| int
| main ()
| {
| #ifndef __SUNPRO_C
| #ifdef __cplusplus
|   (void) __SUNPRO_C;
| #else
|   (void) __SUNPRO_C;
| #endif
| #endif
| 
|   ;
|   return 0;
| }
configure:4597: result: no
configure:4659: checking for pkg-config
configure:4677: found /usr/bin/pkg-config
configure:4689: result: /usr/bin/pkg-config
configure:4714: checking pkg-config is at least version 0.9.0
configure:4717: result: yes
configure:4729: checking build system type
configure:4743: result: i686-pc-linux-gnu
configure:4763: checking host system type
configure:4776: result: i686-pc-linux-gnu
configure:4796: checking for a sed that does not truncate output
configure:4860: result: /bin/sed
configure:4906: checking if gcc -std=gnu99 supports -Werror=unknown-warning-option
configure:4915: gcc -std=gnu99 -c -g -O2 -Werror=unknown-warning-option  conftest.c >&5
cc1: error: -Werror=unknown-warning-option: no option -Wunknown-warning-option
configure:4915: $? = 1
configure: failed program was:
| /* confdefs.h */
| #define PACKAGE_NAME "Xproto"
| #define PACKAGE_TARNAME "xproto"
| #define PACKAGE_VERSION "7.0.28"
| #define PACKAGE_STRING "Xproto 7.0.28"
| #define PACKAGE_BUGREPORT "https://bugs.freedesktop.org/enter_bug.cgi?product=xorg"
| #define PACKAGE_URL ""
| #define PACKAGE "xproto"
| #define VERSION "7.0.28"
| #define STDC_HEADERS 1
| #define HAVE_SYS_TYPES_H 1
| #define HAVE_SYS_STAT_H 1
| #define HAVE_STDLIB_H 1
| #define HAVE_STRING_H 1
| #define HAVE_MEMORY_H 1
| #define HAVE_STRINGS_H 1
| #define HAVE_INTTYPES_H 1
| #define HAVE_STDINT_H 1
| #define HAVE_UNISTD_H 1
| /* end confdefs.h.  */
| int i;
configure:4922: result: no
configure:4933: checking if gcc -std=gnu99 supports -Werror=unused-command-line-argument
configure:4942: gcc -std=gnu99 -c -g -O2 -Werror=unused-command-line-argument  conftest.c >&5
cc1: error: -Werror=unused-command-line-argument: no option -Wunused-command-line-argument
configure:4942: $? = 1
configure: failed program was:
| /* confdefs.h */
| #define PACKAGE_NAME "Xproto"
| #define PACKAGE_TARNAME "xproto"
| #define PACKAGE_VERSION "7.0.28"
| #define PACKAGE_STRING "Xproto 7.0.28"
| #define PACKAGE_BUGREPORT "https://bugs.freedesktop.org/enter_bug.cgi?product=xorg"
| #define PACKAGE_URL ""
| #define PACKAGE "xproto"
| #define VERSION "7.0.28"
| #define STDC_HEADERS 1
| #define HAVE_SYS_TYPES_H 1
| #define HAVE_SYS_STAT_H 1
| #define HAVE_STDLIB_H 1
| #define HAVE_STRING_H 1
| #define HAVE_MEMORY_H 1
| #define HAVE_STRINGS_H 1
| #define HAVE_INTTYPES_H 1
| #define HAVE_STDINT_H 1
| #define HAVE_UNISTD_H 1
| /* end confdefs.h.  */
| int i;
configure:4949: result: no
configure:4968: checking if gcc -std=gnu99 supports -Wall
configure:4985: gcc -std=gnu99 -o conftest -g -O2 -Wall  -L/home/allan/jhbuild/install/lib  conftest.c  >&5
configure:4985: $? = 0
configure:4998: result: yes
configure:5086: checking if gcc -std=gnu99 supports -Wpointer-arith
configure:5103: gcc -std=gnu99 -o conftest -g -O2 -Wpointer-arith  -L/home/allan/jhbuild/install/lib  conftest.c  >&5
configure:5103: $? = 0
configure:5116: result: yes
configure:5204: checking if gcc -std=gnu99 supports -Wmissing-declarations
configure:5221: gcc -std=gnu99 -o conftest -g -O2 -Wmissing-declarations  -L/home/allan/jhbuild/install/lib  conftest.c  >&5
configure:5221: $? = 0
configure:5234: result: yes
configure:5322: checking if gcc -std=gnu99 supports -Wformat=2
configure:5339: gcc -std=gnu99 -o conftest -g -O2 -Wformat=2  -L/home/allan/jhbuild/install/lib  conftest.c  >&5
configure:5339: $? = 0
configure:5352: result: yes
configure:5491: checking if gcc -std=gnu99 supports -Wstrict-prototypes
configure:5508: gcc -std=gnu99 -o conftest -g -O2 -Wstrict-prototypes  -L/home/allan/jhbuild/install/lib  conftest.c  >&5
conftest.c:23:1: warning: function declaration isn't a prototype [-Wstrict-prototypes]
 main ()
 ^
configure:5508: $? = 0
configure:5521: result: yes
configure:5609: checking if gcc -std=gnu99 supports -Wmissing-prototypes
configure:5626: gcc -std=gnu99 -o conftest -g -O2 -Wmissing-prototypes  -L/home/allan/jhbuild/install/lib  conftest.c  >&5
configure:5626: $? = 0
configure:5639: result: yes
configure:5727: checking if gcc -std=gnu99 supports -Wnested-externs
configure:5744: gcc -std=gnu99 -o conftest -g -O2 -Wnested-externs  -L/home/allan/jhbuild/install/lib  conftest.c  >&5
configure:5744: $? = 0
configure:5757: result: yes
configure:5845: checking if gcc -std=gnu99 supports -Wbad-function-cast
configure:5862: gcc -std=gnu99 -o conftest -g -O2 -Wbad-function-cast  -L/home/allan/jhbuild/install/lib  conftest.c  >&5
configure:5862: $? = 0
configure:5875: result: yes
configure:5963: checking if gcc -std=gnu99 supports -Wold-style-definition
configure:5980: gcc -std=gnu99 -o conftest -g -O2 -Wold-style-definition  -L/home/allan/jhbuild/install/lib  conftest.c  >&5
conftest.c: In function 'main':
conftest.c:23:1: warning: old-style function definition [-Wold-style-definition]
 main ()
 ^
configure:5980: $? = 0
configure:5993: result: yes
configure:6130: checking if gcc -std=gnu99 supports -Wdeclaration-after-statement
configure:6147: gcc -std=gnu99 -o conftest -g -O2 -Wdeclaration-after-statement  -L/home/allan/jhbuild/install/lib  conftest.c  >&5
configure:6147: $? = 0
configure:6160: result: yes
configure:6252: checking if gcc -std=gnu99 supports -Wunused
configure:6269: gcc -std=gnu99 -o conftest -g -O2 -Wunused  -L/home/allan/jhbuild/install/lib  conftest.c  >&5
configure:6269: $? = 0
configure:6282: result: yes
configure:6370: checking if gcc -std=gnu99 supports -Wuninitialized
configure:6387: gcc -std=gnu99 -o conftest -g -O2 -Wuninitialized  -L/home/allan/jhbuild/install/lib  conftest.c  >&5
configure:6387: $? = 0
configure:6400: result: yes
configure:6488: checking if gcc -std=gnu99 supports -Wshadow
configure:6505: gcc -std=gnu99 -o conftest -g -O2 -Wshadow  -L/home/allan/jhbuild/install/lib  conftest.c  >&5
configure:6505: $? = 0
configure:6518: result: yes
configure:6606: checking if gcc -std=gnu99 supports -Wmissing-noreturn
configure:6623: gcc -std=gnu99 -o conftest -g -O2 -Wmissing-noreturn  -L/home/allan/jhbuild/install/lib  conftest.c  >&5
configure:6623: $? = 0
configure:6636: result: yes
configure:6724: checking if gcc -std=gnu99 supports -Wmissing-format-attribute
configure:6741: gcc -std=gnu99 -o conftest -g -O2 -Wmissing-format-attribute  -L/home/allan/jhbuild/install/lib  conftest.c  >&5
configure:6741: $? = 0
configure:6754: result: yes
configure:6842: checking if gcc -std=gnu99 supports -Wredundant-decls
configure:6859: gcc -std=gnu99 -o conftest -g -O2 -Wredundant-decls  -L/home/allan/jhbuild/install/lib  conftest.c  >&5
configure:6859: $? = 0
configure:6872: result: yes
configure:6960: checking if gcc -std=gnu99 supports -Wlogical-op
configure:6977: gcc -std=gnu99 -o conftest -g -O2 -Wlogical-op  -L/home/allan/jhbuild/install/lib  conftest.c  >&5
configure:6977: $? = 0
configure:6990: result: yes
configure:7090: checking if gcc -std=gnu99 supports -Werror=implicit
configure:7107: gcc -std=gnu99 -o conftest -g -O2 -Werror=implicit  -L/home/allan/jhbuild/install/lib  conftest.c  >&5
configure:7107: $? = 0
configure:7120: result: yes
configure:7257: checking if gcc -std=gnu99 supports -Werror=nonnull
configure:7274: gcc -std=gnu99 -o conftest -g -O2 -Werror=nonnull  -L/home/allan/jhbuild/install/lib  conftest.c  >&5
configure:7274: $? = 0
configure:7287: result: yes
configure:7375: checking if gcc -std=gnu99 supports -Werror=init-self
configure:7392: gcc -std=gnu99 -o conftest -g -O2 -Werror=init-self  -L/home/allan/jhbuild/install/lib  conftest.c  >&5
configure:7392: $? = 0
configure:7405: result: yes
configure:7493: checking if gcc -std=gnu99 supports -Werror=main
configure:7510: gcc -std=gnu99 -o conftest -g -O2 -Werror=main  -L/home/allan/jhbuild/install/lib  conftest.c  >&5
configure:7510: $? = 0
configure:7523: result: yes
configure:7611: checking if gcc -std=gnu99 supports -Werror=missing-braces
configure:7628: gcc -std=gnu99 -o conftest -g -O2 -Werror=missing-braces  -L/home/allan/jhbuild/install/lib  conftest.c  >&5
configure:7628: $? = 0
configure:7641: result: yes
configure:7729: checking if gcc -std=gnu99 supports -Werror=sequence-point
configure:7746: gcc -std=gnu99 -o conftest -g -O2 -Werror=sequence-point  -L/home/allan/jhbuild/install/lib  conftest.c  >&5
configure:7746: $? = 0
configure:7759: result: yes
configure:7847: checking if gcc -std=gnu99 supports -Werror=return-type
configure:7864: gcc -std=gnu99 -o conftest -g -O2 -Werror=return-type  -L/home/allan/jhbuild/install/lib  conftest.c  >&5
configure:7864: $? = 0
configure:7877: result: yes
configure:8014: checking if gcc -std=gnu99 supports -Werror=trigraphs
configure:8031: gcc -std=gnu99 -o conftest -g -O2 -Werror=trigraphs  -L/home/allan/jhbuild/install/lib  conftest.c  >&5
configure:8031: $? = 0
configure:8044: result: yes
configure:8132: checking if gcc -std=gnu99 supports -Werror=array-bounds
configure:8149: gcc -std=gnu99 -o conftest -g -O2 -Werror=array-bounds  -L/home/allan/jhbuild/install/lib  conftest.c  >&5
configure:8149: $? = 0
configure:8162: result: yes
configure:8250: checking if gcc -std=gnu99 supports -Werror=write-strings
configure:8267: gcc -std=gnu99 -o conftest -g -O2 -Werror=write-strings  -L/home/allan/jhbuild/install/lib  conftest.c  >&5
configure:8267: $? = 0
configure:8280: result: yes
configure:8368: checking if gcc -std=gnu99 supports -Werror=address
configure:8385: gcc -std=gnu99 -o conftest -g -O2 -Werror=address  -L/home/allan/jhbuild/install/lib  conftest.c  >&5
configure:8385: $? = 0
configure:8398: result: yes
configure:8486: checking if gcc -std=gnu99 supports -Werror=int-to-pointer-cast
configure:8503: gcc -std=gnu99 -o conftest -g -O2 -Werror=int-to-pointer-cast  -L/home/allan/jhbuild/install/lib  conftest.c  >&5
configure:8503: $? = 0
configure:8516: result: yes
configure:8653: checking if gcc -std=gnu99 supports -Werror=pointer-to-int-cast
configure:8670: gcc -std=gnu99 -o conftest -g -O2 -Werror=pointer-to-int-cast  -L/home/allan/jhbuild/install/lib  conftest.c  >&5
configure:8670: $? = 0
configure:8683: result: yes
configure:10341: checking if gcc -std=gnu99 supports -pedantic
configure:10358: gcc -std=gnu99 -o conftest -g -O2 -pedantic  -L/home/allan/jhbuild/install/lib  conftest.c  >&5
configure:10358: $? = 0
configure:10371: result: yes
configure:10459: checking if gcc -std=gnu99 supports -Werror
configure:10476: gcc -std=gnu99 -o conftest -g -O2 -Werror  -L/home/allan/jhbuild/install/lib  conftest.c  >&5
configure:10476: $? = 0
configure:10489: result: yes
configure:10629: checking if gcc -std=gnu99 supports -Werror=attributes
configure:10646: gcc -std=gnu99 -o conftest -g -O2 -Werror=attributes  -L/home/allan/jhbuild/install/lib  conftest.c  >&5
configure:10646: $? = 0
configure:10659: result: yes
configure:10819: checking whether make supports nested variables
configure:10836: result: yes
configure:10866: checking whether to build functional specifications
configure:10868: result: yes
configure:10887: checking for xmlto
configure:10905: found /usr/bin/xmlto
configure:10917: result: /usr/bin/xmlto
configure:10990: checking the xmlto version
configure:10993: result: 0.0.25
configure:11062: checking for fop
configure:11095: result: no
configure:11101: WARNING: fop not found - documentation targets will be skipped
configure:11191: checking for xsltproc
configure:11209: found /usr/bin/xsltproc
configure:11221: result: /usr/bin/xsltproc
configure:11301: checking for X.Org SGML entities >= 1.8
configure:11305: $PKG_CONFIG --exists --print-errors "xorg-sgml-doctools >= 1.8"
configure:11308: $? = 0
configure:11319: result: /usr/share/sgml
configure:11391: checking sys/select.h usability
configure:11391: gcc -std=gnu99 -c -g -O2  conftest.c >&5
configure:11391: $? = 0
configure:11391: result: yes
configure:11391: checking sys/select.h presence
configure:11391: gcc -std=gnu99 -E  conftest.c
configure:11391: $? = 0
configure:11391: result: yes
configure:11391: checking for sys/select.h
configure:11391: result: yes
configure:11391: checking sys/param.h usability
configure:11391: gcc -std=gnu99 -c -g -O2  conftest.c >&5
configure:11391: $? = 0
configure:11391: result: yes
configure:11391: checking sys/param.h presence
configure:11391: gcc -std=gnu99 -E  conftest.c
configure:11391: $? = 0
configure:11391: result: yes
configure:11391: checking for sys/param.h
configure:11391: result: yes
configure:11391: checking for sys/types.h
configure:11391: result: yes
configure:11391: checking sys/time.h usability
configure:11391: gcc -std=gnu99 -c -g -O2  conftest.c >&5
configure:11391: $? = 0
configure:11391: result: yes
configure:11391: checking sys/time.h presence
configure:11391: gcc -std=gnu99 -E  conftest.c
configure:11391: $? = 0
configure:11391: result: yes
configure:11391: checking for sys/time.h
configure:11391: result: yes
configure:11410: checking for fd_set.fds_bits
configure:11410: gcc -std=gnu99 -c -g -O2  conftest.c >&5
conftest.c: In function 'main':
conftest.c:47:12: error: 'fd_set' has no member named 'fds_bits'
 if (ac_aggr.fds_bits)
            ^
configure:11410: $? = 1
configure: failed program was:
| /* confdefs.h */
| #define PACKAGE_NAME "Xproto"
| #define PACKAGE_TARNAME "xproto"
| #define PACKAGE_VERSION "7.0.28"
| #define PACKAGE_STRING "Xproto 7.0.28"
| #define PACKAGE_BUGREPORT "https://bugs.freedesktop.org/enter_bug.cgi?product=xorg"
| #define PACKAGE_URL ""
| #define PACKAGE "xproto"
| #define VERSION "7.0.28"
| #define STDC_HEADERS 1
| #define HAVE_SYS_TYPES_H 1
| #define HAVE_SYS_STAT_H 1
| #define HAVE_STDLIB_H 1
| #define HAVE_STRING_H 1
| #define HAVE_MEMORY_H 1
| #define HAVE_STRINGS_H 1
| #define HAVE_INTTYPES_H 1
| #define HAVE_STDINT_H 1
| #define HAVE_UNISTD_H 1
| #define PACKAGE_VERSION_MAJOR 7
| #define PACKAGE_VERSION_MINOR 0
| #define PACKAGE_VERSION_PATCHLEVEL 28
| #define HAVE_SYS_SELECT_H 1
| #define HAVE_SYS_PARAM_H 1
| #define HAVE_SYS_TYPES_H 1
| #define HAVE_SYS_TIME_H 1
| /* end confdefs.h.  */
| 
|                                #ifdef HAVE_SYS_PARAM_H
|                                #include <sys/param.h>
|                                #endif
|                                #ifdef HAVE_SYS_TYPES_H
|                                #include <sys/types.h>
|                                #endif
|                                #ifdef HAVE_SYS_TIME_H
|                                #include <sys/time.h>
|                                #endif
|                                #ifdef HAVE_SYS_SELECT_H
| 			       #include <sys/select.h>
|                                #endif
| 
| 
| int
| main ()
| {
| static fd_set ac_aggr;
| if (ac_aggr.fds_bits)
| return 0;
|   ;
|   return 0;
| }
configure:11410: gcc -std=gnu99 -c -g -O2  conftest.c >&5
conftest.c: In function 'main':
conftest.c:47:19: error: 'fd_set' has no member named 'fds_bits'
 if (sizeof ac_aggr.fds_bits)
                   ^
configure:11410: $? = 1
configure: failed program was:
| /* confdefs.h */
| #define PACKAGE_NAME "Xproto"
| #define PACKAGE_TARNAME "xproto"
| #define PACKAGE_VERSION "7.0.28"
| #define PACKAGE_STRING "Xproto 7.0.28"
| #define PACKAGE_BUGREPORT "https://bugs.freedesktop.org/enter_bug.cgi?product=xorg"
| #define PACKAGE_URL ""
| #define PACKAGE "xproto"
| #define VERSION "7.0.28"
| #define STDC_HEADERS 1
| #define HAVE_SYS_TYPES_H 1
| #define HAVE_SYS_STAT_H 1
| #define HAVE_STDLIB_H 1
| #define HAVE_STRING_H 1
| #define HAVE_MEMORY_H 1
| #define HAVE_STRINGS_H 1
| #define HAVE_INTTYPES_H 1
| #define HAVE_STDINT_H 1
| #define HAVE_UNISTD_H 1
| #define PACKAGE_VERSION_MAJOR 7
| #define PACKAGE_VERSION_MINOR 0
| #define PACKAGE_VERSION_PATCHLEVEL 28
| #define HAVE_SYS_SELECT_H 1
| #define HAVE_SYS_PARAM_H 1
| #define HAVE_SYS_TYPES_H 1
| #define HAVE_SYS_TIME_H 1
| /* end confdefs.h.  */
| 
|                                #ifdef HAVE_SYS_PARAM_H
|                                #include <sys/param.h>
|                                #endif
|                                #ifdef HAVE_SYS_TYPES_H
|                                #include <sys/types.h>
|                                #endif
|                                #ifdef HAVE_SYS_TIME_H
|                                #include <sys/time.h>
|                                #endif
|                                #ifdef HAVE_SYS_SELECT_H
| 			       #include <sys/select.h>
|                                #endif
| 
| 
| int
| main ()
| {
| static fd_set ac_aggr;
| if (sizeof ac_aggr.fds_bits)
| return 0;
|   ;
|   return 0;
| }
configure:11410: result: no
configure:11435: checking for fd_set.__fds_bits
configure:11435: gcc -std=gnu99 -c -g -O2  conftest.c >&5
configure:11435: $? = 0
configure:11435: result: yes
configure:11468: checking whether const prototypes are supported
configure:11480: result: yes
configure:11483: checking whether varargs prototypes are supported
configure:11495: result: yes
configure:11498: checking whether nested prototypes are supported
configure:11510: result: yes
configure:11513: checking whether to force function prototypes
configure:11530: result: yes
configure:11576: checking whether to widen function prototypes
configure:11587: result: no
configure:11708: checking that generated files are newer than configure
configure:11714: result: done
configure:11761: creating ./config.status

## ---------------------- ##
## Running config.status. ##
## ---------------------- ##

This file was extended by Xproto config.status 7.0.28, which was
generated by GNU Autoconf 2.69.  Invocation command line was

  CONFIG_FILES    = 
  CONFIG_HEADERS  = 
  CONFIG_LINKS    = 
  CONFIG_COMMANDS = 
  $ ./config.status 

on allan-HP-G42-Notebook-PC

config.status:928: creating Makefile
config.status:928: creating specs/Makefile
config.status:928: creating specs/SIAddresses/Makefile
config.status:928: creating Xpoll.h
config.status:928: creating xproto.pc
config.status:928: creating do-not-use-config.h
config.status:928: creating Xfuncproto.h
config.status:1157: executing depfiles commands
configure:13078: WARNING: unrecognized options: --disable-Werror, --disable-static, --disable-gtk-doc

## ---------------- ##
## Cache variables. ##
## ---------------- ##

ac_cv_build=i686-pc-linux-gnu
ac_cv_c_compiler_gnu=yes
ac_cv_env_CC_set=
ac_cv_env_CC_value=
ac_cv_env_CFLAGS_set=
ac_cv_env_CFLAGS_value=
ac_cv_env_CPPFLAGS_set=
ac_cv_env_CPPFLAGS_value=
ac_cv_env_CPP_set=
ac_cv_env_CPP_value=
ac_cv_env_FOP_set=
ac_cv_env_FOP_value=
ac_cv_env_LDFLAGS_set=set
ac_cv_env_LDFLAGS_value='-L/home/allan/jhbuild/install/lib '
ac_cv_env_LIBS_set=
ac_cv_env_LIBS_value=
ac_cv_env_PKG_CONFIG_LIBDIR_set=
ac_cv_env_PKG_CONFIG_LIBDIR_value=
ac_cv_env_PKG_CONFIG_PATH_set=set
ac_cv_env_PKG_CONFIG_PATH_value=/home/allan/jhbuild/install/lib/pkgconfig:/home/allan/jhbuild/install/share/pkgconfig:/usr/lib/i386-linux-gnu/pkgconfig:/usr/lib/pkgconfig:/usr/share/pkgconfig
ac_cv_env_PKG_CONFIG_set=
ac_cv_env_PKG_CONFIG_value=
ac_cv_env_XMLTO_set=
ac_cv_env_XMLTO_value=
ac_cv_env_XSLTPROC_set=
ac_cv_env_XSLTPROC_value=
ac_cv_env_build_alias_set=
ac_cv_env_build_alias_value=
ac_cv_env_host_alias_set=
ac_cv_env_host_alias_value=
ac_cv_env_target_alias_set=
ac_cv_env_target_alias_value=
ac_cv_have_decl___INTEL_COMPILER=no
ac_cv_have_decl___SUNPRO_C=no
ac_cv_have_decl___clang__=no
ac_cv_header_inttypes_h=yes
ac_cv_header_memory_h=yes
ac_cv_header_stdc=yes
ac_cv_header_stdint_h=yes
ac_cv_header_stdlib_h=yes
ac_cv_header_string_h=yes
ac_cv_header_strings_h=yes
ac_cv_header_sys_param_h=yes
ac_cv_header_sys_select_h=yes
ac_cv_header_sys_stat_h=yes
ac_cv_header_sys_time_h=yes
ac_cv_header_sys_types_h=yes
ac_cv_header_unistd_h=yes
ac_cv_host=i686-pc-linux-gnu
ac_cv_member_fd_set___fds_bits=yes
ac_cv_member_fd_set_fds_bits=no
ac_cv_objext=o
ac_cv_path_EGREP='/bin/grep -E'
ac_cv_path_GREP=/bin/grep
ac_cv_path_SED=/bin/sed
ac_cv_path_XMLTO=/usr/bin/xmlto
ac_cv_path_XSLTPROC=/usr/bin/xsltproc
ac_cv_path_ac_pt_PKG_CONFIG=/usr/bin/pkg-config
ac_cv_path_install='/usr/bin/install -c'
ac_cv_path_mkdir=/bin/mkdir
ac_cv_prog_AWK=gawk
ac_cv_prog_CPP='gcc -std=gnu99 -E'
ac_cv_prog_ac_ct_CC=gcc
ac_cv_prog_cc_c89=
ac_cv_prog_cc_c99=-std=gnu99
ac_cv_prog_cc_g=yes
ac_cv_prog_make_make_set=yes
am_cv_CC_dependencies_compiler_type=none
am_cv_make_support_nested_variables=yes
am_cv_prog_cc_c_o=yes
xorg_cv_cc_flag__Wall=yes
xorg_cv_cc_flag__Wbad_function_cast=yes
xorg_cv_cc_flag__Wdeclaration_after_statement=yes
xorg_cv_cc_flag__Werror=yes
xorg_cv_cc_flag__Werror_address=yes
xorg_cv_cc_flag__Werror_array_bounds=yes
xorg_cv_cc_flag__Werror_attributes=yes
xorg_cv_cc_flag__Werror_implicit=yes
xorg_cv_cc_flag__Werror_init_self=yes
xorg_cv_cc_flag__Werror_int_to_pointer_cast=yes
xorg_cv_cc_flag__Werror_main=yes
xorg_cv_cc_flag__Werror_missing_braces=yes
xorg_cv_cc_flag__Werror_nonnull=yes
xorg_cv_cc_flag__Werror_pointer_to_int_cast=yes
xorg_cv_cc_flag__Werror_return_type=yes
xorg_cv_cc_flag__Werror_sequence_point=yes
xorg_cv_cc_flag__Werror_trigraphs=yes
xorg_cv_cc_flag__Werror_write_strings=yes
xorg_cv_cc_flag__Wformat_2=yes
xorg_cv_cc_flag__Wlogical_op=yes
xorg_cv_cc_flag__Wmissing_declarations=yes
xorg_cv_cc_flag__Wmissing_format_attribute=yes
xorg_cv_cc_flag__Wmissing_noreturn=yes
xorg_cv_cc_flag__Wmissing_prototypes=yes
xorg_cv_cc_flag__Wnested_externs=yes
xorg_cv_cc_flag__Wold_style_definition=yes
xorg_cv_cc_flag__Wpointer_arith=yes
xorg_cv_cc_flag__Wredundant_decls=yes
xorg_cv_cc_flag__Wshadow=yes
xorg_cv_cc_flag__Wstrict_prototypes=yes
xorg_cv_cc_flag__Wuninitialized=yes
xorg_cv_cc_flag__Wunused=yes
xorg_cv_cc_flag__pedantic=yes
xorg_cv_cc_flag_unknown_warning_option=no
xorg_cv_cc_flag_unused_command_line_argument=no

## ----------------- ##
## Output variables. ##
## ----------------- ##

ACLOCAL='${SHELL} /home/allan/jhbuild/checkout/xproto-7.0.28/missing aclocal-1.15'
ADMIN_MAN_DIR='$(mandir)/man$(ADMIN_MAN_SUFFIX)'
ADMIN_MAN_SUFFIX='8'
AMDEPBACKSLASH='\'
AMDEP_FALSE='#'
AMDEP_TRUE=''
AMTAR='$${TAR-tar}'
AM_BACKSLASH='\'
AM_DEFAULT_V='$(AM_DEFAULT_VERBOSITY)'
AM_DEFAULT_VERBOSITY='0'
AM_V='$(V)'
APP_MAN_DIR='$(mandir)/man$(APP_MAN_SUFFIX)'
APP_MAN_SUFFIX='1'
AUTOCONF='${SHELL} /home/allan/jhbuild/checkout/xproto-7.0.28/missing autoconf'
AUTOHEADER='${SHELL} /home/allan/jhbuild/checkout/xproto-7.0.28/missing autoheader'
AUTOMAKE='${SHELL} /home/allan/jhbuild/checkout/xproto-7.0.28/missing automake-1.15'
AWK='gawk'
BASE_CFLAGS=' -Wall -Wpointer-arith -Wmissing-declarations -Wformat=2 -Wstrict-prototypes -Wmissing-prototypes -Wnested-externs -Wbad-function-cast -Wold-style-definition -Wdeclaration-after-statement -Wunused -Wuninitialized -Wshadow -Wmissing-noreturn -Wmissing-format-attribute -Wredundant-decls -Wlogical-op -Werror=implicit -Werror=nonnull -Werror=init-self -Werror=main -Werror=missing-braces -Werror=sequence-point -Werror=return-type -Werror=trigraphs -Werror=array-bounds -Werror=write-strings -Werror=address -Werror=int-to-pointer-cast -Werror=pointer-to-int-cast'
CC='gcc -std=gnu99'
CCDEPMODE='depmode=none'
CFLAGS='-g -O2'
CHANGELOG_CMD='(GIT_DIR=$(top_srcdir)/.git git log > $(top_srcdir)/.changelog.tmp && mv $(top_srcdir)/.changelog.tmp $(top_srcdir)/ChangeLog) || (rm -f $(top_srcdir)/.changelog.tmp; touch $(top_srcdir)/ChangeLog; echo '\''git directory not found: installing possibly empty changelog.'\'' >&2)'
CPP='gcc -std=gnu99 -E'
CPPFLAGS=''
CWARNFLAGS=' -Wall -Wpointer-arith -Wmissing-declarations -Wformat=2 -Wstrict-prototypes -Wmissing-prototypes -Wnested-externs -Wbad-function-cast -Wold-style-definition -Wdeclaration-after-statement -Wunused -Wuninitialized -Wshadow -Wmissing-noreturn -Wmissing-format-attribute -Wredundant-decls -Wlogical-op -Werror=implicit -Werror=nonnull -Werror=init-self -Werror=main -Werror=missing-braces -Werror=sequence-point -Werror=return-type -Werror=trigraphs -Werror=array-bounds -Werror=write-strings -Werror=address -Werror=int-to-pointer-cast -Werror=pointer-to-int-cast -fno-strict-aliasing'
CYGPATH_W='echo'
DEFS='-DHAVE_CONFIG_H'
DEPDIR='.deps'
DRIVER_MAN_DIR='$(mandir)/man$(DRIVER_MAN_SUFFIX)'
DRIVER_MAN_SUFFIX='4'
ECHO_C=''
ECHO_N='-n'
ECHO_T=''
EGREP='/bin/grep -E'
ENABLE_SPECS_FALSE='#'
ENABLE_SPECS_TRUE=''
EXEEXT=''
FILE_MAN_DIR='$(mandir)/man$(FILE_MAN_SUFFIX)'
FILE_MAN_SUFFIX='5'
FOP=''
GREP='/bin/grep'
HAVE_FOP_FALSE=''
HAVE_FOP_TRUE='#'
HAVE_STYLESHEETS_FALSE='#'
HAVE_STYLESHEETS_TRUE=''
HAVE_XMLTO_FALSE='#'
HAVE_XMLTO_TEXT_FALSE='#'
HAVE_XMLTO_TEXT_TRUE=''
HAVE_XMLTO_TRUE=''
HAVE_XSLTPROC_FALSE='#'
HAVE_XSLTPROC_TRUE=''
INSTALL_CMD='(cp -f /usr/share/util-macros/INSTALL $(top_srcdir)/.INSTALL.tmp && mv $(top_srcdir)/.INSTALL.tmp $(top_srcdir)/INSTALL) || (rm -f $(top_srcdir)/.INSTALL.tmp; touch $(top_srcdir)/INSTALL; echo '\''util-macros "pkgdatadir" from xorg-macros.pc not found: installing possibly empty INSTALL.'\'' >&2)'
INSTALL_DATA='${INSTALL} -m 644'
INSTALL_PROGRAM='${INSTALL}'
INSTALL_SCRIPT='${INSTALL}'
INSTALL_STRIP_PROGRAM='$(install_sh) -c -s'
LDFLAGS='-L/home/allan/jhbuild/install/lib '
LIBOBJS=''
LIBS=''
LIB_MAN_DIR='$(mandir)/man$(LIB_MAN_SUFFIX)'
LIB_MAN_SUFFIX='3'
LTLIBOBJS=''
MAKEINFO='${SHELL} /home/allan/jhbuild/checkout/xproto-7.0.28/missing makeinfo'
MAN_SUBSTS='	-e '\''s|__vendorversion__|"$(PACKAGE_STRING)" "$(XORG_MAN_PAGE)"|'\'' 	-e '\''s|__xorgversion__|"$(PACKAGE_STRING)" "$(XORG_MAN_PAGE)"|'\'' 	-e '\''s|__xservername__|Xorg|g'\'' 	-e '\''s|__xconfigfile__|xorg.conf|g'\'' 	-e '\''s|__projectroot__|$(prefix)|g'\'' 	-e '\''s|__apploaddir__|$(appdefaultdir)|g'\'' 	-e '\''s|__appmansuffix__|$(APP_MAN_SUFFIX)|g'\'' 	-e '\''s|__drivermansuffix__|$(DRIVER_MAN_SUFFIX)|g'\'' 	-e '\''s|__adminmansuffix__|$(ADMIN_MAN_SUFFIX)|g'\'' 	-e '\''s|__libmansuffix__|$(LIB_MAN_SUFFIX)|g'\'' 	-e '\''s|__miscmansuffix__|$(MISC_MAN_SUFFIX)|g'\'' 	-e '\''s|__filemansuffix__|$(FILE_MAN_SUFFIX)|g'\'''
MISC_MAN_DIR='$(mandir)/man$(MISC_MAN_SUFFIX)'
MISC_MAN_SUFFIX='7'
MKDIR_P='/bin/mkdir -p'
OBJEXT='o'
PACKAGE='xproto'
PACKAGE_BUGREPORT='https://bugs.freedesktop.org/enter_bug.cgi?product=xorg'
PACKAGE_NAME='Xproto'
PACKAGE_STRING='Xproto 7.0.28'
PACKAGE_TARNAME='xproto'
PACKAGE_URL=''
PACKAGE_VERSION='7.0.28'
PATH_SEPARATOR=':'
PKG_CONFIG='/usr/bin/pkg-config'
PKG_CONFIG_LIBDIR=''
PKG_CONFIG_PATH='/home/allan/jhbuild/install/lib/pkgconfig:/home/allan/jhbuild/install/share/pkgconfig:/usr/lib/i386-linux-gnu/pkgconfig:/usr/lib/pkgconfig:/usr/share/pkgconfig'
SED='/bin/sed'
SET_MAKE=''
SHELL='/bin/bash'
STRICT_CFLAGS=' -pedantic -Werror -Werror=attributes'
STRIP=''
STYLESHEET_SRCDIR='/usr/share/sgml/X11'
USE_FDS_BITS='__fds_bits'
VERSION='7.0.28'
XMLTO='/usr/bin/xmlto'
XORG_MAN_PAGE='X Version 11'
XORG_SGML_PATH='/usr/share/sgml'
XSLTPROC='/usr/bin/xsltproc'
XSL_STYLESHEET='/usr/share/sgml/X11/xorg.xsl'
ac_ct_CC='gcc'
am__EXEEXT_FALSE=''
am__EXEEXT_TRUE='#'
am__fastdepCC_FALSE=''
am__fastdepCC_TRUE='#'
am__include='include'
am__isrc=''
am__leading_dot='.'
am__nodep='_no'
am__quote=''
am__tar='$${TAR-tar} chof - "$$tardir"'
am__untar='$${TAR-tar} xf -'
bindir='${exec_prefix}/bin'
build='i686-pc-linux-gnu'
build_alias=''
build_cpu='i686'
build_os='linux-gnu'
build_vendor='pc'
datadir='${datarootdir}'
datarootdir='${prefix}/share'
docdir='${datarootdir}/doc/${PACKAGE_TARNAME}'
dvidir='${docdir}'
exec_prefix='${prefix}'
host='i686-pc-linux-gnu'
host_alias=''
host_cpu='i686'
host_os='linux-gnu'
host_vendor='pc'
htmldir='${docdir}'
includedir='${prefix}/include'
infodir='${datarootdir}/info'
install_sh='${SHELL} /home/allan/jhbuild/checkout/xproto-7.0.28/install-sh'
libdir='${exec_prefix}/lib'
libexecdir='${exec_prefix}/libexec'
localedir='${datarootdir}/locale'
localstatedir='${prefix}/var'
mandir='${datarootdir}/man'
mkdir_p='$(MKDIR_P)'
oldincludedir='/usr/include'
pdfdir='${docdir}'
prefix='/home/allan/jhbuild/install'
program_transform_name='s,x,x,'
psdir='${docdir}'
sbindir='${exec_prefix}/sbin'
sharedstatedir='${prefix}/com'
sysconfdir='${prefix}/etc'
target_alias=''

## ----------- ##
## confdefs.h. ##
## ----------- ##

/* confdefs.h */
#define PACKAGE_NAME "Xproto"
#define PACKAGE_TARNAME "xproto"
#define PACKAGE_VERSION "7.0.28"
#define PACKAGE_STRING "Xproto 7.0.28"
#define PACKAGE_BUGREPORT "https://bugs.freedesktop.org/enter_bug.cgi?product=xorg"
#define PACKAGE_URL ""
#define PACKAGE "xproto"
#define VERSION "7.0.28"
#define STDC_HEADERS 1
#define HAVE_SYS_TYPES_H 1
#define HAVE_SYS_STAT_H 1
#define HAVE_STDLIB_H 1
#define HAVE_STRING_H 1
#define HAVE_MEMORY_H 1
#define HAVE_STRINGS_H 1
#define HAVE_INTTYPES_H 1
#define HAVE_STDINT_H 1
#define HAVE_UNISTD_H 1
#define PACKAGE_VERSION_MAJOR 7
#define PACKAGE_VERSION_MINOR 0
#define PACKAGE_VERSION_PATCHLEVEL 28
#define HAVE_SYS_SELECT_H 1
#define HAVE_SYS_PARAM_H 1
#define HAVE_SYS_TYPES_H 1
#define HAVE_SYS_TIME_H 1
#define FUNCPROTO 15
#define NARROWPROTO /**/

configure: exit 0
