

MiKTeX Setup 2.8.3553 Report

Date: Thursday, January 26, 2012
Time: 23:06:09
OS version: Microsoft Windows Vista Home Basic Edition, 32-bit (build 6000)
SystemAdmin: yes
PowerUser: false
Setup path: C:\Users\Allan\Desktop\setup-2.8.3553.exe
starting download...
repository: http://tezcatl.fciencias.unam.mx/tex-archive/systems/win32/miktex/tm/packages/
download directory: "C:\Users\Allan\Desktop\MiKTeX 2.8 Setup"
visiting repository http://tezcatl.fciencias.unam.mx/tex-archive/systems/win32/miktex/tm/packages/...
repository type: remote package repository
loading lightweight database...
downloading http://tezcatl.fciencias.unam.mx/tex-archive/systems/win32/miktex/tm/packages/miktex-zzdb1-2.8.tar.lzma...
115850 bytes, 8.44 KB/Sec
lightweight database digest: 1f6b987eca69dac0d5041b152770cba4
"C:\Users\Allan\Desktop\MiKTeX 2.8 Setup\hepnames.tar.lzma" already exists - keep it
"C:\Users\Allan\Desktop\MiKTeX 2.8 Setup\hpsdiss.cab" already exists - keep it
"C:\Users\Allan\Desktop\MiKTeX 2.8 Setup\jknappen.cab" already exists - keep it
"C:\Users\Allan\Desktop\MiKTeX 2.8 Setup\estcpmm.tar.lzma" already exists - keep it
"C:\Users\Allan\Desktop\MiKTeX 2.8 Setup\mbenotes.tar.lzma" already exists - keep it
"C:\Users\Allan\Desktop\MiKTeX 2.8 Setup\bez123.tar.lzma" already exists - keep it
"C:\Users\Allan\Desktop\MiKTeX 2.8 Setup\draftwatermark.tar.lzma" already exists - keep it
"C:\Users\Allan\Desktop\MiKTeX 2.8 Setup\setspace.tar.lzma" already exists - keep it
"C:\Users\Allan\Desktop\MiKTeX 2.8 Setup\urwchancal.tar.lzma" already exists - keep it
"C:\Users\Allan\Desktop\MiKTeX 2.8 Setup\cookybooky.tar.lzma" already exists - keep it
"C:\Users\Allan\Desktop\MiKTeX 2.8 Setup\statistik.cab" already exists - keep it
"C:\Users\Allan\Desktop\MiKTeX 2.8 Setup\thailatex.tar.lzma" already exists - keep it
"C:\Users\Allan\Desktop\MiKTeX 2.8 Setup\notoccite.tar.lzma" already exists - keep it
"C:\Users\Allan\Desktop\MiKTeX 2.8 Setup\pxfonts.tar.lzma" already exists - keep it
"C:\Users\Allan\Desktop\MiKTeX 2.8 Setup\play.cab" already exists - keep it
"C:\Users\Allan\Desktop\MiKTeX 2.8 Setup\mpfnmark.cab" already exists - keep it
"C:\Users\Allan\Desktop\MiKTeX 2.8 Setup\plgraph.tar.lzma" already exists - keep it
"C:\Users\Allan\Desktop\MiKTeX 2.8 Setup\thaifonts-scalable.tar.lzma" already exists - keep it
"C:\Users\Allan\Desktop\MiKTeX 2.8 Setup\photo.cab" already exists - keep it
"C:\Users\Allan\Desktop\MiKTeX 2.8 Setup\filemod.tar.lzma" already exists - keep it
"C:\Users\Allan\Desktop\MiKTeX 2.8 Setup\miktex-bibtex8bit-bin-2.8.tar.lzma" already exists - keep it
"C:\Users\Allan\Desktop\MiKTeX 2.8 Setup\paresse.tar.lzma" already exists - keep it
"C:\Users\Allan\Desktop\MiKTeX 2.8 Setup\romanneg.tar.lzma" already exists - keep it
"C:\Users\Allan\Desktop\MiKTeX 2.8 Setup\blkarray.tar.lzma" already exists - keep it
"C:\Users\Allan\Desktop\MiKTeX 2.8 Setup\tamefloats.cab" already exists - keep it
"C:\Users\Allan\Desktop\MiKTeX 2.8 Setup\boondox.tar.lzma" already exists - keep it
"C:\Users\Allan\Desktop\MiKTeX 2.8 Setup\listings.tar.bz2" already exists - keep it
"C:\Users\Allan\Desktop\MiKTeX 2.8 Setup\greekdoc.cab" already exists - keep it
"C:\Users\Allan\Desktop\MiKTeX 2.8 Setup\miktex-psutils-bin-2.8.tar.lzma" already exists - keep it
"C:\Users\Allan\Desktop\MiKTeX 2.8 Setup\isotope.tar.lzma" already exists - keep it
"C:\Users\Allan\Desktop\MiKTeX 2.8 Setup\anyfontsize.tar.lzma" already exists - keep it
"C:\Users\Allan\Desktop\MiKTeX 2.8 Setup\biblatex-authoryear-icomp-tt.tar.lzma" already exists - keep it
"C:\Users\Allan\Desktop\MiKTeX 2.8 Setup\gtrcrd.tar.lzma" already exists - keep it
"C:\Users\Allan\Desktop\MiKTeX 2.8 Setup\osmanian.cab" already exists - keep it
"C:\Users\Allan\Desktop\MiKTeX 2.8 Setup\dcpic.tar.lzma" already exists - keep it
"C:\Users\Allan\Desktop\MiKTeX 2.8 Setup\elsevier.tar.lzma" already exists - keep it
"C:\Users\Allan\Desktop\MiKTeX 2.8 Setup\opcit.tar.lzma" already exists - keep it
"C:\Users\Allan\Desktop\MiKTeX 2.8 Setup\ecclesiastic.tar.lzma" already exists - keep it
"C:\Users\Allan\Desktop\MiKTeX 2.8 Setup\blowup.tar.lzma" already exists - keep it
"C:\Users\Allan\Desktop\MiKTeX 2.8 Setup\quoting.tar.lzma" already exists - keep it
"C:\Users\Allan\Desktop\MiKTeX 2.8 Setup\dpfloat.cab" already exists - keep it
"C:\Users\Allan\Desktop\MiKTeX 2.8 Setup\toptesi.tar.lzma" already exists - keep it
"C:\Users\Allan\Desktop\MiKTeX 2.8 Setup\greek-inputenc.tar.lzma" already exists - keep it
"C:\Users\Allan\Desktop\MiKTeX 2.8 Setup\pst-barcode.tar.lzma" already exists - keep it
"C:\Users\Allan\Desktop\MiKTeX 2.8 Setup\xargs.tar.lzma" already exists - keep it
going to download 1177058391 bytes
downloading package database...
downloading http://tezcatl.fciencias.unam.mx/tex-archive/systems/win32/miktex/tm/packages/miktex-zzdb1-2.8.tar.lzma...
115850 bytes, 17.30 KB/Sec
downloading http://tezcatl.fciencias.unam.mx/tex-archive/systems/win32/miktex/tm/packages/miktex-zzdb2-2.8.tar.lzma...
584242 bytes, 88.20 KB/Sec
downloading http://tezcatl.fciencias.unam.mx/tex-archive/systems/win32/miktex/tm/packages/lucasual.cab (expecting 7797 bytes)...
7797 bytes, 5.99 KB/Sec
downloading http://tezcatl.fciencias.unam.mx/tex-archive/systems/win32/miktex/tm/packages/fontinstallationguide.cab (expecting 625758 bytes)...
625758 bytes, 37.64 KB/Sec
downloading http://tezcatl.fciencias.unam.mx/tex-archive/systems/win32/miktex/tm/packages/dlfltxb.tar.lzma (expecting 714651 bytes)...
714651 bytes, 28.27 KB/Sec
downloading http://tezcatl.fciencias.unam.mx/tex-archive/systems/win32/miktex/tm/packages/cyrillic.tar.lzma (expecting 543583 bytes)...
543583 bytes, 39.58 KB/Sec
downloading http://tezcatl.fciencias.unam.mx/tex-archive/systems/win32/miktex/tm/packages/gfsartemisia.tar.lzma (expecting 1409077 bytes)...
1409077 bytes, 52.22 KB/Sec
downloading http://tezcatl.fciencias.unam.mx/tex-archive/systems/win32/miktex/tm/packages/mylatexformat.tar.lzma (expecting 159287 bytes)...
159287 bytes, 23.33 KB/Sec
downloading http://tezcatl.fciencias.unam.mx/tex-archive/systems/win32/miktex/tm/packages/burmese.cab (expecting 95073 bytes)...
95073 bytes, 14.61 KB/Sec
downloading http://tezcatl.fciencias.unam.mx/tex-archive/systems/win32/miktex/tm/packages/pdcmac.tar.lzma (expecting 409012 bytes)...
409012 bytes, 52.96 KB/Sec
downloading http://tezcatl.fciencias.unam.mx/tex-archive/systems/win32/miktex/tm/packages/maltese.cab (expecting 8243 bytes)...
8243 bytes, 11.39 KB/Sec
downloading http://tezcatl.fciencias.unam.mx/tex-archive/systems/win32/miktex/tm/packages/numline.cab (expecting 5569 bytes)...
5569 bytes, 1.49 KB/Sec
downloading http://tezcatl.fciencias.unam.mx/tex-archive/systems/win32/miktex/tm/packages/miktex-etex-base.tar.lzma (expecting 54126 bytes)...
54126 bytes, 19.93 KB/Sec
downloading http://tezcatl.fciencias.unam.mx/tex-archive/systems/win32/miktex/tm/packages/ednotes.tar.lzma (expecting 274639 bytes)...
274639 bytes, 44.83 KB/Sec
downloading http://tezcatl.fciencias.unam.mx/tex-archive/systems/win32/miktex/tm/packages/grtimes.cab (expecting 14575 bytes)...
14575 bytes, 9.85 KB/Sec
downloading http://tezcatl.fciencias.unam.mx/tex-archive/systems/win32/miktex/tm/packages/stdpage.cab (expecting 18241 bytes)...
18241 bytes, 6.77 KB/Sec
downloading http://tezcatl.fciencias.unam.mx/tex-archive/systems/win32/miktex/tm/packages/polski.tar.lzma (expecting 243403 bytes)...
243403 bytes, 63.71 KB/Sec
downloading http://tezcatl.fciencias.unam.mx/tex-archive/systems/win32/miktex/tm/packages/dvdcoll.tar.lzma (expecting 213525 bytes)...
213525 bytes, 53.87 KB/Sec
downloading http://tezcatl.fciencias.unam.mx/tex-archive/systems/win32/miktex/tm/packages/uni-wtal-ger.tar.lzma (expecting 73967 bytes)...
73967 bytes, 16.89 KB/Sec
downloading http://tezcatl.fciencias.unam.mx/tex-archive/systems/win32/miktex/tm/packages/croatian.cab (expecting 47642 bytes)...
47642 bytes, 8.99 KB/Sec
downloading http://tezcatl.fciencias.unam.mx/tex-archive/systems/win32/miktex/tm/packages/chemsym.cab (expecting 24158 bytes)...
24158 bytes, 19.55 KB/Sec
downloading http://tezcatl.fciencias.unam.mx/tex-archive/systems/win32/miktex/tm/packages/titlepic.tar.lzma (expecting 55174 bytes)...
55174 bytes, 16.08 KB/Sec
downloading http://tezcatl.fciencias.unam.mx/tex-archive/systems/win32/miktex/tm/packages/kantlipsum.tar.lzma (expecting 537975 bytes)...
537975 bytes, 59.25 KB/Sec
downloading http://tezcatl.fciencias.unam.mx/tex-archive/systems/win32/miktex/tm/packages/ifxetex.tar.lzma (expecting 169138 bytes)...
169138 bytes, 36.84 KB/Sec
downloading http://tezcatl.fciencias.unam.mx/tex-archive/systems/win32/miktex/tm/packages/romannum.tar.lzma (expecting 134212 bytes)...
134212 bytes, 22.93 KB/Sec
downloading http://tezcatl.fciencias.unam.mx/tex-archive/systems/win32/miktex/tm/packages/amslatex.tar.lzma (expecting 1648670 bytes)...
1648670 bytes, 58.51 KB/Sec
downloading http://tezcatl.fciencias.unam.mx/tex-archive/systems/win32/miktex/tm/packages/pawpict.cab (expecting 11289 bytes)...
11289 bytes, 1.06 KB/Sec
downloading http://tezcatl.fciencias.unam.mx/tex-archive/systems/win32/miktex/tm/packages/musixtex-fonts.tar.lzma (expecting 4499355 bytes)...
4499355 bytes, 48.37 KB/Sec
downloading http://tezcatl.fciencias.unam.mx/tex-archive/systems/win32/miktex/tm/packages/automata.tar.lzma (expecting 55856 bytes)...
55856 bytes, 24.94 KB/Sec
downloading http://tezcatl.fciencias.unam.mx/tex-archive/systems/win32/miktex/tm/packages/thumbpdf.tar.lzma (expecting 25650 bytes)...
25650 bytes, 18.20 KB/Sec
downloading http://tezcatl.fciencias.unam.mx/tex-archive/systems/win32/miktex/tm/packages/numname.tar.lzma (expecting 3278 bytes)...
3278 bytes, 3.77 KB/Sec
downloading http://tezcatl.fciencias.unam.mx/tex-archive/systems/win32/miktex/tm/packages/bigfoot.tar.lzma (expecting 109984 bytes)...
109984 bytes, 43.20 KB/Sec
downloading http://tezcatl.fciencias.unam.mx/tex-archive/systems/win32/miktex/tm/packages/musictex.cab (expecting 303298 bytes)...
303298 bytes, 71.03 KB/Sec
downloading http://tezcatl.fciencias.unam.mx/tex-archive/systems/win32/miktex/tm/packages/pkfix.tar.lzma (expecting 8984 bytes)...
8984 bytes, 5.57 KB/Sec
downloading http://tezcatl.fciencias.unam.mx/tex-archive/systems/win32/miktex/tm/packages/jsmisc.cab (expecting 40401 bytes)...
40401 bytes, 9.07 KB/Sec
downloading http://tezcatl.fciencias.unam.mx/tex-archive/systems/win32/miktex/tm/packages/lucsans.cab (expecting 52189 bytes)...
52189 bytes, 17.92 KB/Sec
downloading http://tezcatl.fciencias.unam.mx/tex-archive/systems/win32/miktex/tm/packages/miktex-dvipdfm-base-2.7.tar.lzma (expecting 183457 bytes)...
183457 bytes, 15.30 KB/Sec
downloading http://tezcatl.fciencias.unam.mx/tex-archive/systems/win32/miktex/tm/packages/fncylab.tar.lzma (expecting 204972 bytes)...
204972 bytes, 26.65 KB/Sec
downloading http://tezcatl.fciencias.unam.mx/tex-archive/systems/win32/miktex/tm/packages/titleref.tar.lzma (expecting 203724 bytes)...
203724 bytes, 36.56 KB/Sec
downloading http://tezcatl.fciencias.unam.mx/tex-archive/systems/win32/miktex/tm/packages/xcite.tar.lzma (expecting 212010 bytes)...
212010 bytes, 22.12 KB/Sec
downloading http://tezcatl.fciencias.unam.mx/tex-archive/systems/win32/miktex/tm/packages/eqparbox.tar.lzma (expecting 178558 bytes)...
178558 bytes, 31.01 KB/Sec
downloading http://tezcatl.fciencias.unam.mx/tex-archive/systems/win32/miktex/tm/packages/miktex-hyph-swedish.cab (expecting 16305 bytes)...
16305 bytes, 9.37 KB/Sec
downloading http://tezcatl.fciencias.unam.mx/tex-archive/systems/win32/miktex/tm/packages/lineno.tar.lzma (expecting 752333 bytes)...
752333 bytes, 51.79 KB/Sec
downloading http://tezcatl.fciencias.unam.mx/tex-archive/systems/win32/miktex/tm/packages/spotcolor.cab (expecting 76541 bytes)...
76541 bytes, 25.19 KB/Sec
downloading http://tezcatl.fciencias.unam.mx/tex-archive/systems/win32/miktex/tm/packages/index.cab (expecting 184997 bytes)...
184997 bytes, 37.46 KB/Sec
downloading http://tezcatl.fciencias.unam.mx/tex-archive/systems/win32/miktex/tm/packages/luapersian.tar.lzma (expecting 84684 bytes)...
84684 bytes, 23.55 KB/Sec
downloading http://tezcatl.fciencias.unam.mx/tex-archive/systems/win32/miktex/tm/packages/coollist.tar.lzma (expecting 119752 bytes)...
119752 bytes, 40.45 KB/Sec
downloading http://tezcatl.fciencias.unam.mx/tex-archive/systems/win32/miktex/tm/packages/miktex-hyph-ukenglish.cab (expecting 26853 bytes)...
26853 bytes, 15.32 KB/Sec
downloading http://tezcatl.fciencias.unam.mx/tex-archive/systems/win32/miktex/tm/packages/plari.cab (expecting 10566 bytes)...
10566 bytes, 2.64 KB/Sec
downloading http://tezcatl.fciencias.unam.mx/tex-archive/systems/win32/miktex/tm/packages/canoniclayout.tar.lzma (expecting 488278 bytes)...
488278 bytes, 58.49 KB/Sec
downloading http://tezcatl.fciencias.unam.mx/tex-archive/systems/win32/miktex/tm/packages/expressg.cab (expecting 526992 bytes)...
526992 bytes, 63.41 KB/Sec
downloading http://tezcatl.fciencias.unam.mx/tex-archive/systems/win32/miktex/tm/packages/titlesec.tar.lzma (expecting 346865 bytes)...
346865 bytes, 36.67 KB/Sec
downloading http://tezcatl.fciencias.unam.mx/tex-archive/systems/win32/miktex/tm/packages/facture.tar.lzma (expecting 137894 bytes)...
137894 bytes, 24.73 KB/Sec
downloading http://tezcatl.fciencias.unam.mx/tex-archive/systems/win32/miktex/tm/packages/miktex-mktex-bin-2.8.tar.lzma (expecting 35387 bytes)...
35387 bytes, 18.33 KB/Sec
downloading http://tezcatl.fciencias.unam.mx/tex-archive/systems/win32/miktex/tm/packages/xmlplay.cab (expecting 2162 bytes)...
2162 bytes, 2.94 KB/Sec
downloading http://tezcatl.fciencias.unam.mx/tex-archive/systems/win32/miktex/tm/packages/bophook.cab (expecting 4705 bytes)...
4705 bytes, 5.70 KB/Sec
downloading http://tezcatl.fciencias.unam.mx/tex-archive/systems/win32/miktex/tm/packages/inconsolata.tar.lzma (expecting 360694 bytes)...
360694 bytes, 39.62 KB/Sec
downloading http://tezcatl.fciencias.unam.mx/tex-archive/systems/win32/miktex/tm/packages/kluwer.cab (expecting 120526 bytes)...
120526 bytes, 39.18 KB/Sec
downloading http://tezcatl.fciencias.unam.mx/tex-archive/systems/win32/miktex/tm/packages/tex-label.tar.lzma (expecting 37882 bytes)...
37882 bytes, 7.57 KB/Sec
downloading http://tezcatl.fciencias.unam.mx/tex-archive/systems/win32/miktex/tm/packages/fc-arith.tar.lzma (expecting 599352 bytes)...
599352 bytes, 31.20 KB/Sec
downloading http://tezcatl.fciencias.unam.mx/tex-archive/systems/win32/miktex/tm/packages/pgfopts.tar.lzma (expecting 132499 bytes)...
132499 bytes, 23.90 KB/Sec
downloading http://tezcatl.fciencias.unam.mx/tex-archive/systems/win32/miktex/tm/packages/bangtex.cab (expecting 280135 bytes)...
280135 bytes, 29.84 KB/Sec
downloading http://tezcatl.fciencias.unam.mx/tex-archive/systems/win32/miktex/tm/packages/type1cm.cab (expecting 6255 bytes)...
6255 bytes, 9.24 KB/Sec
downloading http://tezcatl.fciencias.unam.mx/tex-archive/systems/win32/miktex/tm/packages/greekdates.tar.lzma (expecting 20830 bytes)...
20830 bytes, 10.47 KB/Sec
downloading http://tezcatl.fciencias.unam.mx/tex-archive/systems/win32/miktex/tm/packages/braille.tar.lzma (expecting 66716 bytes)...
66716 bytes, 22.65 KB/Sec
downloading http://tezcatl.fciencias.unam.mx/tex-archive/systems/win32/miktex/tm/packages/computational-complexity.tar.lzma (expecting 187430 bytes)...
187430 bytes, 22.14 KB/Sec
downloading http://tezcatl.fciencias.unam.mx/tex-archive/systems/win32/miktex/tm/packages/xecjk.tar.lzma (expecting 329003 bytes)...
329003 bytes, 47.88 KB/Sec
downloading http://tezcatl.fciencias.unam.mx/tex-archive/systems/win32/miktex/tm/packages/augie.cab (expecting 67680 bytes)...
67680 bytes, 12.40 KB/Sec
downloading http://tezcatl.fciencias.unam.mx/tex-archive/systems/win32/miktex/tm/packages/eemeir.tar.bz2 (expecting 19989 bytes)...
19989 bytes, 42.34 KB/Sec
downloading http://tezcatl.fciencias.unam.mx/tex-archive/systems/win32/miktex/tm/packages/aurical.tar.lzma (expecting 2076891 bytes)...
2076891 bytes, 46.90 KB/Sec
downloading http://tezcatl.fciencias.unam.mx/tex-archive/systems/win32/miktex/tm/packages/pitex.tar.lzma (expecting 131707 bytes)...
131707 bytes, 23.76 KB/Sec
downloading http://tezcatl.fciencias.unam.mx/tex-archive/systems/win32/miktex/tm/packages/pst-dbicons.tar.lzma (expecting 145911 bytes)...
145911 bytes, 77.86 KB/Sec
downloading http://tezcatl.fciencias.unam.mx/tex-archive/systems/win32/miktex/tm/packages/slideshow.cab (expecting 115354 bytes)...
115354 bytes, 40.03 KB/Sec
downloading http://tezcatl.fciencias.unam.mx/tex-archive/systems/win32/miktex/tm/packages/delim.tar.lzma (expecting 305099 bytes)...
305099 bytes, 11.04 KB/Sec
downloading http://tezcatl.fciencias.unam.mx/tex-archive/systems/win32/miktex/tm/packages/psgo.tar.lzma (expecting 89870 bytes)...
89870 bytes, 15.60 KB/Sec
downloading http://tezcatl.fciencias.unam.mx/tex-archive/systems/win32/miktex/tm/packages/pst-blur.tar.lzma (expecting 88892 bytes)...
88892 bytes, 7.35 KB/Sec
downloading http://tezcatl.fciencias.unam.mx/tex-archive/systems/win32/miktex/tm/packages/onrannual.tar.lzma (expecting 159220 bytes)...
159220 bytes, 21.09 KB/Sec
downloading http://tezcatl.fciencias.unam.mx/tex-archive/systems/win32/miktex/tm/packages/draftmark.tar.lzma (expecting 246118 bytes)...
246118 bytes, 45.85 KB/Sec
downloading http://tezcatl.fciencias.unam.mx/tex-archive/systems/win32/miktex/tm/packages/luatextra.tar.lzma (expecting 322873 bytes)...
322873 bytes, 43.08 KB/Sec
downloading http://tezcatl.fciencias.unam.mx/tex-archive/systems/win32/miktex/tm/packages/rotfloat.cab (expecting 16848 bytes)...
16848 bytes, 14.51 KB/Sec
downloading http://tezcatl.fciencias.unam.mx/tex-archive/systems/win32/miktex/tm/packages/bbding.cab (expecting 28994 bytes)...
28994 bytes, 12.88 KB/Sec
downloading http://tezcatl.fciencias.unam.mx/tex-archive/systems/win32/miktex/tm/packages/gamebook.tar.lzma (expecting 226038 bytes)...
226038 bytes, 21.55 KB/Sec
downloading http://tezcatl.fciencias.unam.mx/tex-archive/systems/win32/miktex/tm/packages/pst-circ.tar.lzma (expecting 631911 bytes)...
631911 bytes, 42.17 KB/Sec
downloading http://tezcatl.fciencias.unam.mx/tex-archive/systems/win32/miktex/tm/packages/miktex-dvipng-doc.cab (expecting 53023 bytes)...
53023 bytes, 10.83 KB/Sec
downloading http://tezcatl.fciencias.unam.mx/tex-archive/systems/win32/miktex/tm/packages/enumitem.tar.lzma (expecting 356462 bytes)...
356462 bytes, 39.44 KB/Sec
downloading http://tezcatl.fciencias.unam.mx/tex-archive/systems/win32/miktex/tm/packages/invoice.tar.lzma (expecting 141708 bytes)...
141708 bytes, 43.27 KB/Sec
downloading http://tezcatl.fciencias.unam.mx/tex-archive/systems/win32/miktex/tm/packages/splines.tar.bz2 (expecting 98265 bytes)...
98265 bytes, 29.69 KB/Sec
downloading http://tezcatl.fciencias.unam.mx/tex-archive/systems/win32/miktex/tm/packages/concrete.cab (expecting 13995 bytes)...
13995 bytes, 3.59 KB/Sec
downloading http://tezcatl.fciencias.unam.mx/tex-archive/systems/win32/miktex/tm/packages/first-latex-doc.tar.lzma (expecting 504177 bytes)...
504177 bytes, 25.24 KB/Sec
downloading http://tezcatl.fciencias.unam.mx/tex-archive/systems/win32/miktex/tm/packages/decimal.tar.lzma (expecting 163978 bytes)...
163978 bytes, 16.35 KB/Sec
downloading http://tezcatl.fciencias.unam.mx/tex-archive/systems/win32/miktex/tm/packages/tabu.tar.lzma (expecting 1503046 bytes)...
1503046 bytes, 52.40 KB/Sec
downloading http://tezcatl.fciencias.unam.mx/tex-archive/systems/win32/miktex/tm/packages/expdlist.tar.lzma (expecting 80109 bytes)...
80109 bytes, 8.14 KB/Sec
downloading http://tezcatl.fciencias.unam.mx/tex-archive/systems/win32/miktex/tm/packages/hilowres.cab (expecting 4367 bytes)...
4367 bytes, 6.91 KB/Sec
downloading http://tezcatl.fciencias.unam.mx/tex-archive/systems/win32/miktex/tm/packages/t-angles.cab (expecting 125942 bytes)...
125942 bytes, 25.64 KB/Sec
downloading http://tezcatl.fciencias.unam.mx/tex-archive/systems/win32/miktex/tm/packages/splitindex.tar.lzma (expecting 259925 bytes)...
259925 bytes, 22.71 KB/Sec
downloading http://tezcatl.fciencias.unam.mx/tex-archive/systems/win32/miktex/tm/packages/showexpl.tar.lzma (expecting 404874 bytes)...
404874 bytes, 51.42 KB/Sec
downloading http://tezcatl.fciencias.unam.mx/tex-archive/systems/win32/miktex/tm/packages/punknova.tar.lzma (expecting 957238 bytes)...
957238 bytes, 21.98 KB/Sec
downloading http://tezcatl.fciencias.unam.mx/tex-archive/systems/win32/miktex/tm/packages/gfsporson.tar.lzma (expecting 158415 bytes)...
158415 bytes, 23.76 KB/Sec
downloading http://tezcatl.fciencias.unam.mx/tex-archive/systems/win32/miktex/tm/packages/physe.cab (expecting 19409 bytes)...
19409 bytes, 4.97 KB/Sec
downloading http://tezcatl.fciencias.unam.mx/tex-archive/systems/win32/miktex/tm/packages/shadbox.cab (expecting 1788 bytes)...
1788 bytes, 1.94 KB/Sec
downloading http://tezcatl.fciencias.unam.mx/tex-archive/systems/win32/miktex/tm/packages/t1-fraktur.cab (expecting 176006 bytes)...
176006 bytes, 20.20 KB/Sec
downloading http://tezcatl.fciencias.unam.mx/tex-archive/systems/win32/miktex/tm/packages/arabtex.tar.lzma (expecting 619188 bytes)...
619188 bytes, 27.80 KB/Sec
downloading http://tezcatl.fciencias.unam.mx/tex-archive/systems/win32/miktex/tm/packages/typehtml.tar.lzma (expecting 178784 bytes)...
178784 bytes, 25.51 KB/Sec
downloading http://tezcatl.fciencias.unam.mx/tex-archive/systems/win32/miktex/tm/packages/drawstack.tar.lzma (expecting 52827 bytes)...
52827 bytes, 6.33 KB/Sec
downloading http://tezcatl.fciencias.unam.mx/tex-archive/systems/win32/miktex/tm/packages/ltxnew.tar.lzma (expecting 167243 bytes)...
167243 bytes, 7.01 KB/Sec
downloading http://tezcatl.fciencias.unam.mx/tex-archive/systems/win32/miktex/tm/packages/sdrt.tar.lzma (expecting 181403 bytes)...
181403 bytes, 19.41 KB/Sec
downloading http://tezcatl.fciencias.unam.mx/tex-archive/systems/win32/miktex/tm/packages/fancybox.tar.lzma (expecting 285651 bytes)...
285651 bytes, 13.78 KB/Sec
downloading http://tezcatl.fciencias.unam.mx/tex-archive/systems/win32/miktex/tm/packages/titlepage-uni-dortmund.tar.bz2 (expecting 861587 bytes)...
861587 bytes, 46.60 KB/Sec
downloading http://tezcatl.fciencias.unam.mx/tex-archive/systems/win32/miktex/tm/packages/curve2e.tar.lzma (expecting 406307 bytes)...
406307 bytes, 31.58 KB/Sec
downloading http://tezcatl.fciencias.unam.mx/tex-archive/systems/win32/miktex/tm/packages/philosophersimprint.tar.lzma (expecting 476516 bytes)...
476516 bytes, 18.82 KB/Sec
downloading http://tezcatl.fciencias.unam.mx/tex-archive/systems/win32/miktex/tm/packages/xecyr.tar.lzma (expecting 309979 bytes)...
309979 bytes, 25.77 KB/Sec
downloading http://tezcatl.fciencias.unam.mx/tex-archive/systems/win32/miktex/tm/packages/talk.tar.lzma (expecting 135721 bytes)...
135721 bytes, 11.14 KB/Sec
downloading http://tezcatl.fciencias.unam.mx/tex-archive/systems/win32/miktex/tm/packages/cirth.cab (expecting 18758 bytes)...
18758 bytes, 2.29 KB/Sec
downloading http://tezcatl.fciencias.unam.mx/tex-archive/systems/win32/miktex/tm/packages/ssqquote.cab (expecting 18374 bytes)...
18374 bytes, 3.69 KB/Sec
downloading http://tezcatl.fciencias.unam.mx/tex-archive/systems/win32/miktex/tm/packages/concprog.cab (expecting 6292 bytes)...
6292 bytes, 7.51 KB/Sec
downloading http://tezcatl.fciencias.unam.mx/tex-archive/systems/win32/miktex/tm/packages/savesym.cab (expecting 1311 bytes)...

An error occurred:
  source file: Libraries\MiKTeX\PackageManager\CurlWebFile.cpp
  source line: 162
  message: A timeout was reached while receiving data from the server.
  info: 
