

MiKTeX Setup 2.8.3553 Report

Date: Thursday, January 26, 2012
Time: 23:24:54
OS version: Microsoft Windows Vista Home Basic Edition, 32-bit (build 6000)
SystemAdmin: yes
PowerUser: false
Setup path: C:\Users\Allan\Desktop\setup-2.8.3553.exe
starting download...
repository: http://tezcatl.fciencias.unam.mx/tex-archive/systems/win32/miktex/tm/packages/
download directory: "C:\Users\Allan\Desktop\MiKTeX 2.8 Setup"
visiting repository http://tezcatl.fciencias.unam.mx/tex-archive/systems/win32/miktex/tm/packages/...
repository type: remote package repository
loading lightweight database...
downloading http://tezcatl.fciencias.unam.mx/tex-archive/systems/win32/miktex/tm/packages/miktex-zzdb1-2.8.tar.lzma...
115850 bytes, 8.38 KB/Sec
lightweight database digest: 1f6b987eca69dac0d5041b152770cba4
"C:\Users\Allan\Desktop\MiKTeX 2.8 Setup\jknappen.cab" already exists - keep it
"C:\Users\Allan\Desktop\MiKTeX 2.8 Setup\miktex-bibtex8bit-bin-2.8.tar.lzma" already exists - keep it
"C:\Users\Allan\Desktop\MiKTeX 2.8 Setup\miktex-psutils-bin-2.8.tar.lzma" already exists - keep it
"C:\Users\Allan\Desktop\MiKTeX 2.8 Setup\miktex-etex-base.tar.lzma" already exists - keep it
"C:\Users\Allan\Desktop\MiKTeX 2.8 Setup\ifxetex.tar.lzma" already exists - keep it
"C:\Users\Allan\Desktop\MiKTeX 2.8 Setup\amslatex.tar.lzma" already exists - keep it
"C:\Users\Allan\Desktop\MiKTeX 2.8 Setup\thumbpdf.tar.lzma" already exists - keep it
"C:\Users\Allan\Desktop\MiKTeX 2.8 Setup\miktex-dvipdfm-base-2.7.tar.lzma" already exists - keep it
"C:\Users\Allan\Desktop\MiKTeX 2.8 Setup\miktex-mktex-bin-2.8.tar.lzma" already exists - keep it
going to download 125622612 bytes
downloading package database...
downloading http://tezcatl.fciencias.unam.mx/tex-archive/systems/win32/miktex/tm/packages/miktex-zzdb1-2.8.tar.lzma...
115850 bytes, 12.47 KB/Sec
downloading http://tezcatl.fciencias.unam.mx/tex-archive/systems/win32/miktex/tm/packages/miktex-zzdb2-2.8.tar.lzma...
584242 bytes, 44.19 KB/Sec
downloading http://tezcatl.fciencias.unam.mx/tex-archive/systems/win32/miktex/tm/packages/miktex-makeindex-bin-2.8.tar.lzma (expecting 20121 bytes)...
20121 bytes, 10.63 KB/Sec
downloading http://tezcatl.fciencias.unam.mx/tex-archive/systems/win32/miktex/tm/packages/miktex-dvipdfmx-base-2.7.tar.lzma (expecting 2517429 bytes)...
2517429 bytes, 42.11 KB/Sec
downloading http://tezcatl.fciencias.unam.mx/tex-archive/systems/win32/miktex/tm/packages/ae.tar.lzma (expecting 89063 bytes)...
89063 bytes, 41.92 KB/Sec
downloading http://tezcatl.fciencias.unam.mx/tex-archive/systems/win32/miktex/tm/packages/miktex-zip-bin.tar.lzma (expecting 137464 bytes)...
137464 bytes, 25.49 KB/Sec
downloading http://tezcatl.fciencias.unam.mx/tex-archive/systems/win32/miktex/tm/packages/cm.tar.lzma (expecting 105694 bytes)...
105694 bytes, 27.39 KB/Sec
downloading http://tezcatl.fciencias.unam.mx/tex-archive/systems/win32/miktex/tm/packages/ec.tar.lzma (expecting 289501 bytes)...
289501 bytes, 28.87 KB/Sec
downloading http://tezcatl.fciencias.unam.mx/tex-archive/systems/win32/miktex/tm/packages/miktex-bin-2.8.tar.lzma (expecting 1421335 bytes)...
1421335 bytes, 46.30 KB/Sec
downloading http://tezcatl.fciencias.unam.mx/tex-archive/systems/win32/miktex/tm/packages/miktex-freetype-base.tar.lzma (expecting 131226 bytes)...
131226 bytes, 11.18 KB/Sec
downloading http://tezcatl.fciencias.unam.mx/tex-archive/systems/win32/miktex/tm/packages/lm.tar.lzma (expecting 13560522 bytes)...
13560522 bytes, 52.77 KB/Sec
downloading http://tezcatl.fciencias.unam.mx/tex-archive/systems/win32/miktex/tm/packages/rsfs.tar.lzma (expecting 56606 bytes)...
56606 bytes, 33.22 KB/Sec
downloading http://tezcatl.fciencias.unam.mx/tex-archive/systems/win32/miktex/tm/packages/miktex-mft-base.cab (expecting 3812 bytes)...
3812 bytes, 4.60 KB/Sec
downloading http://tezcatl.fciencias.unam.mx/tex-archive/systems/win32/miktex/tm/packages/miktex-mkfntmap-bin-2.8.tar.lzma (expecting 37433 bytes)...
37433 bytes, 25.96 KB/Sec
downloading http://tezcatl.fciencias.unam.mx/tex-archive/systems/win32/miktex/tm/packages/miktex-dvips-doc.cab (expecting 514034 bytes)...
514034 bytes, 31.01 KB/Sec
downloading http://tezcatl.fciencias.unam.mx/tex-archive/systems/win32/miktex/tm/packages/miktex-fontname-base.tar.lzma (expecting 129233 bytes)...
129233 bytes, 33.75 KB/Sec
downloading http://tezcatl.fciencias.unam.mx/tex-archive/systems/win32/miktex/tm/packages/miktex-makeindex-base.cab (expecting 58876 bytes)...
58876 bytes, 28.05 KB/Sec
downloading http://tezcatl.fciencias.unam.mx/tex-archive/systems/win32/miktex/tm/packages/miktex-dvipng-bin-2.8.tar.lzma (expecting 33054 bytes)...
33054 bytes, 5.61 KB/Sec
downloading http://tezcatl.fciencias.unam.mx/tex-archive/systems/win32/miktex/tm/packages/miktex-dict-english.tar.lzma (expecting 211246 bytes)...
211246 bytes, 38.60 KB/Sec
downloading http://tezcatl.fciencias.unam.mx/tex-archive/systems/win32/miktex/tm/packages/hyph-utf8.tar.lzma (expecting 1995511 bytes)...
1995511 bytes, 120.43 KB/Sec
downloading http://tezcatl.fciencias.unam.mx/tex-archive/systems/win32/miktex/tm/packages/miktex-pdftex-base.tar.lzma (expecting 51487 bytes)...
51487 bytes, 26.52 KB/Sec
downloading http://tezcatl.fciencias.unam.mx/tex-archive/systems/win32/miktex/tm/packages/miktex-texworks-bin-2.8.tar.lzma (expecting 1206559 bytes)...
1206559 bytes, 40.51 KB/Sec
downloading http://tezcatl.fciencias.unam.mx/tex-archive/systems/win32/miktex/tm/packages/latex-fonts.tar.lzma (expecting 18674 bytes)...
18674 bytes, 4.15 KB/Sec
downloading http://tezcatl.fciencias.unam.mx/tex-archive/systems/win32/miktex/tm/packages/geometry.tar.lzma (expecting 231386 bytes)...
231386 bytes, 11.58 KB/Sec
downloading http://tezcatl.fciencias.unam.mx/tex-archive/systems/win32/miktex/tm/packages/miktex-freetype2-bin-2.8.tar.lzma (expecting 195306 bytes)...
195306 bytes, 10.41 KB/Sec
downloading http://tezcatl.fciencias.unam.mx/tex-archive/systems/win32/miktex/tm/packages/miktex-xdvipdfmx-bin-2.8.tar.lzma (expecting 243744 bytes)...
243744 bytes, 12.38 KB/Sec
downloading http://tezcatl.fciencias.unam.mx/tex-archive/systems/win32/miktex/tm/packages/enctex.tar.lzma (expecting 337039 bytes)...
337039 bytes, 25.38 KB/Sec
downloading http://tezcatl.fciencias.unam.mx/tex-archive/systems/win32/miktex/tm/packages/miktex-cjkutils-bin-2.8.tar.lzma (expecting 32140 bytes)...
32140 bytes, 5.86 KB/Sec
downloading http://tezcatl.fciencias.unam.mx/tex-archive/systems/win32/miktex/tm/packages/miktex-arctrl-bin-2.8.tar.lzma (expecting 15294 bytes)...
15294 bytes, 9.08 KB/Sec
downloading http://tezcatl.fciencias.unam.mx/tex-archive/systems/win32/miktex/tm/packages/miktex-tex4ht-bin-2.8.tar.lzma (expecting 55626 bytes)...
55626 bytes, 6.85 KB/Sec
downloading http://tezcatl.fciencias.unam.mx/tex-archive/systems/win32/miktex/tm/packages/miktex-tex-misc.tar.lzma (expecting 30993 bytes)...
30993 bytes, 5.06 KB/Sec
downloading http://tezcatl.fciencias.unam.mx/tex-archive/systems/win32/miktex/tm/packages/miktex-bibtex-bin-2.8.tar.lzma (expecting 50296 bytes)...
50296 bytes, 15.44 KB/Sec
downloading http://tezcatl.fciencias.unam.mx/tex-archive/systems/win32/miktex/tm/packages/miktex-misc.tar.lzma (expecting 41175 bytes)...
41175 bytes, 8.79 KB/Sec
downloading http://tezcatl.fciencias.unam.mx/tex-archive/systems/win32/miktex/tm/packages/miktex-latex-config.tar.lzma (expecting 5107 bytes)...
5107 bytes, 4.97 KB/Sec
downloading http://tezcatl.fciencias.unam.mx/tex-archive/systems/win32/miktex/tm/packages/miktex-bibtex-base.cab (expecting 134263 bytes)...
134263 bytes, 9.35 KB/Sec
downloading http://tezcatl.fciencias.unam.mx/tex-archive/systems/win32/miktex/tm/packages/miktex-metafont-misc.tar.lzma (expecting 57279 bytes)...
57279 bytes, 26.52 KB/Sec
downloading http://tezcatl.fciencias.unam.mx/tex-archive/systems/win32/miktex/tm/packages/miktex-texify-bin-2.8.tar.lzma (expecting 56469 bytes)...
56469 bytes, 22.56 KB/Sec
downloading http://tezcatl.fciencias.unam.mx/tex-archive/systems/win32/miktex/tm/packages/helvetic.cab (expecting 745459 bytes)...
745459 bytes, 36.93 KB/Sec
downloading http://tezcatl.fciencias.unam.mx/tex-archive/systems/win32/miktex/tm/packages/mflogo.cab (expecting 19079 bytes)...
19079 bytes, 14.39 KB/Sec
downloading http://tezcatl.fciencias.unam.mx/tex-archive/systems/win32/miktex/tm/packages/miktex-web-bin-2.8.tar.lzma (expecting 52963 bytes)...
52963 bytes, 24.72 KB/Sec
downloading http://tezcatl.fciencias.unam.mx/tex-archive/systems/win32/miktex/tm/packages/ltxmisc.tar.lzma (expecting 65021 bytes)...
65021 bytes, 30.44 KB/Sec
downloading http://tezcatl.fciencias.unam.mx/tex-archive/systems/win32/miktex/tm/packages/oberdiek.tar.lzma (expecting 22919952 bytes)...
22919952 bytes, 54.38 KB/Sec
downloading http://tezcatl.fciencias.unam.mx/tex-archive/systems/win32/miktex/tm/packages/miktex-metapost-bin-2.8.tar.lzma (expecting 175368 bytes)...
175368 bytes, 34.85 KB/Sec
downloading http://tezcatl.fciencias.unam.mx/tex-archive/systems/win32/miktex/tm/packages/miktex-dvicopy-bin-2.8.tar.lzma (expecting 34386 bytes)...
34386 bytes, 19.67 KB/Sec
downloading http://tezcatl.fciencias.unam.mx/tex-archive/systems/win32/miktex/tm/packages/miktex-pdftex-doc-2.6.tar.bz2 (expecting 2324916 bytes)...
2324916 bytes, 110.31 KB/Sec
downloading http://tezcatl.fciencias.unam.mx/tex-archive/systems/win32/miktex/tm/packages/avantgar.cab (expecting 276931 bytes)...
276931 bytes, 21.66 KB/Sec
downloading http://tezcatl.fciencias.unam.mx/tex-archive/systems/win32/miktex/tm/packages/miktex-icu-bin.tar.lzma (expecting 1488401 bytes)...
1488401 bytes, 48.03 KB/Sec
downloading http://tezcatl.fciencias.unam.mx/tex-archive/systems/win32/miktex/tm/packages/miktex-graphics-bin-2.8.tar.lzma (expecting 279937 bytes)...
279937 bytes, 20.53 KB/Sec
downloading http://tezcatl.fciencias.unam.mx/tex-archive/systems/win32/miktex/tm/packages/hyperref.tar.lzma (expecting 3364682 bytes)...
3364682 bytes, 58.56 KB/Sec
downloading http://tezcatl.fciencias.unam.mx/tex-archive/systems/win32/miktex/tm/packages/miktex-texware-bin-2.8.tar.lzma (expecting 65985 bytes)...
65985 bytes, 43.45 KB/Sec
downloading http://tezcatl.fciencias.unam.mx/tex-archive/systems/win32/miktex/tm/packages/miktex-psutils-base.cab (expecting 26520 bytes)...
26520 bytes, 16.49 KB/Sec
downloading http://tezcatl.fciencias.unam.mx/tex-archive/systems/win32/miktex/tm/packages/miktex-texinfo-base.tar.lzma (expecting 86891 bytes)...
86891 bytes, 38.82 KB/Sec
downloading http://tezcatl.fciencias.unam.mx/tex-archive/systems/win32/miktex/tm/packages/pdftex-def.tar.lzma (expecting 13816 bytes)...
13816 bytes, 15.45 KB/Sec
downloading http://tezcatl.fciencias.unam.mx/tex-archive/systems/win32/miktex/tm/packages/miktex-freetype-bin-2.8.tar.lzma (expecting 100798 bytes)...
100798 bytes, 53.53 KB/Sec
downloading http://tezcatl.fciencias.unam.mx/tex-archive/systems/win32/miktex/tm/packages/miktex-poppler-bin-2.8.tar.lzma (expecting 435648 bytes)...
435648 bytes, 95.67 KB/Sec
downloading http://tezcatl.fciencias.unam.mx/tex-archive/systems/win32/miktex/tm/packages/miktex-texinfo-bin-2.8.tar.lzma (expecting 80119 bytes)...
80119 bytes, 45.46 KB/Sec
downloading http://tezcatl.fciencias.unam.mx/tex-archive/systems/win32/miktex/tm/packages/miktex-yap-bin-2.8.tar.lzma (expecting 387449 bytes)...
387449 bytes, 85.70 KB/Sec
downloading http://tezcatl.fciencias.unam.mx/tex-archive/systems/win32/miktex/tm/packages/miktex-ghostscript-bin.tar.lzma (expecting 1143434 bytes)...
1143434 bytes, 48.60 KB/Sec
downloading http://tezcatl.fciencias.unam.mx/tex-archive/systems/win32/miktex/tm/packages/amsfonts.tar.lzma (expecting 5111002 bytes)...
5111002 bytes, 92.64 KB/Sec
downloading http://tezcatl.fciencias.unam.mx/tex-archive/systems/win32/miktex/tm/packages/miktex-ps2pk-bin-2.8.tar.lzma (expecting 58451 bytes)...
58451 bytes, 26.60 KB/Sec
downloading http://tezcatl.fciencias.unam.mx/tex-archive/systems/win32/miktex/tm/packages/miktex-mthelp-bin-2.8.tar.lzma (expecting 25179 bytes)...
25179 bytes, 15.31 KB/Sec
downloading http://tezcatl.fciencias.unam.mx/tex-archive/systems/win32/miktex/tm/packages/miktex-dvips-base.tar.bz2 (expecting 38211 bytes)...
38211 bytes, 27.62 KB/Sec
downloading http://tezcatl.fciencias.unam.mx/tex-archive/systems/win32/miktex/tm/packages/miktex-dict-french.tar.lzma (expecting 267732 bytes)...
267732 bytes, 42.17 KB/Sec
downloading http://tezcatl.fciencias.unam.mx/tex-archive/systems/win32/miktex/tm/packages/miktex-vc90-bin.tar.lzma (expecting 2468035 bytes)...
2468035 bytes, 49.58 KB/Sec
downloading http://tezcatl.fciencias.unam.mx/tex-archive/systems/win32/miktex/tm/packages/miktex-ghostscript-base.tar.lzma (expecting 515717 bytes)...
515717 bytes, 47.57 KB/Sec
downloading http://tezcatl.fciencias.unam.mx/tex-archive/systems/win32/miktex/tm/packages/multirow.cab (expecting 5346 bytes)...
5346 bytes, 5.97 KB/Sec
downloading http://tezcatl.fciencias.unam.mx/tex-archive/systems/win32/miktex/tm/packages/miktex-cweb-bin-2.8.tar.lzma (expecting 35078 bytes)...
35078 bytes, 6.55 KB/Sec
downloading http://tezcatl.fciencias.unam.mx/tex-archive/systems/win32/miktex/tm/packages/babel.tar.lzma (expecting 3798936 bytes)...
3798936 bytes, 73.82 KB/Sec
downloading http://tezcatl.fciencias.unam.mx/tex-archive/systems/win32/miktex/tm/packages/bidi.tar.lzma (expecting 1138052 bytes)...
1138052 bytes, 39.93 KB/Sec
downloading http://tezcatl.fciencias.unam.mx/tex-archive/systems/win32/miktex/tm/packages/miktex-xetex-bin-2.8.tar.lzma (expecting 428565 bytes)...
428565 bytes, 53.26 KB/Sec
downloading http://tezcatl.fciencias.unam.mx/tex-archive/systems/win32/miktex/tm/packages/graphics.tar.lzma (expecting 913181 bytes)...
913181 bytes, 26.51 KB/Sec
downloading http://tezcatl.fciencias.unam.mx/tex-archive/systems/win32/miktex/tm/packages/hoekwater.tar.lzma (expecting 88288 bytes)...
88288 bytes, 29.62 KB/Sec
downloading http://tezcatl.fciencias.unam.mx/tex-archive/systems/win32/miktex/tm/packages/miktex-hyph-french.tar.bz2 (expecting 8808 bytes)...
8808 bytes, 20.83 KB/Sec
downloading http://tezcatl.fciencias.unam.mx/tex-archive/systems/win32/miktex/tm/packages/float.cab (expecting 30646 bytes)...
30646 bytes, 10.62 KB/Sec
downloading http://tezcatl.fciencias.unam.mx/tex-archive/systems/win32/miktex/tm/packages/xetexref.tar.lzma (expecting 139771 bytes)...
139771 bytes, 23.78 KB/Sec
downloading http://tezcatl.fciencias.unam.mx/tex-archive/systems/win32/miktex/tm/packages/miktex-texworks-doc.tar.lzma (expecting 1052987 bytes)...
1052987 bytes, 125.20 KB/Sec
downloading http://tezcatl.fciencias.unam.mx/tex-archive/systems/win32/miktex/tm/packages/miktex-gsf2pk-base.cab (expecting 3452 bytes)...
3452 bytes, 0.49 KB/Sec
downloading http://tezcatl.fciencias.unam.mx/tex-archive/systems/win32/miktex/tm/packages/tds.cab (expecting 91471 bytes)...
91471 bytes, 25.68 KB/Sec
downloading http://tezcatl.fciencias.unam.mx/tex-archive/systems/win32/miktex/tm/packages/miktex-bibtex8bit-base.cab (expecting 20869 bytes)...
20869 bytes, 22.06 KB/Sec
downloading http://tezcatl.fciencias.unam.mx/tex-archive/systems/win32/miktex/tm/packages/miktex-metapost-base-2.7.tar.lzma (expecting 1897633 bytes)...
1897633 bytes, 101.82 KB/Sec
downloading http://tezcatl.fciencias.unam.mx/tex-archive/systems/win32/miktex/tm/packages/xetexurl.tar.lzma (expecting 7941 bytes)...
7941 bytes, 9.54 KB/Sec
downloading http://tezcatl.fciencias.unam.mx/tex-archive/systems/win32/miktex/tm/packages/times.cab (expecting 391735 bytes)...
391735 bytes, 64.65 KB/Sec
downloading http://tezcatl.fciencias.unam.mx/tex-archive/systems/win32/miktex/tm/packages/eurosym.tar.lzma (expecting 154925 bytes)...
154925 bytes, 46.81 KB/Sec
downloading http://tezcatl.fciencias.unam.mx/tex-archive/systems/win32/miktex/tm/packages/miktex-omega-bin-2.8.tar.lzma (expecting 312784 bytes)...
312784 bytes, 51.36 KB/Sec
downloading http://tezcatl.fciencias.unam.mx/tex-archive/systems/win32/miktex/tm/packages/miktex-findtexmf-bin-2.8.tar.lzma (expecting 13762 bytes)...
13762 bytes, 14.36 KB/Sec
downloading http://tezcatl.fciencias.unam.mx/tex-archive/systems/win32/miktex/tm/packages/miktex-hyph-usenglish.cab (expecting 18298 bytes)...
18298 bytes, 10.73 KB/Sec
downloading http://tezcatl.fciencias.unam.mx/tex-archive/systems/win32/miktex/tm/packages/psnfss.cab (expecting 395818 bytes)...
395818 bytes, 15.52 KB/Sec
downloading http://tezcatl.fciencias.unam.mx/tex-archive/systems/win32/miktex/tm/packages/miktex-doc-2.8.tar.lzma (expecting 2311080 bytes)...
2311080 bytes, 72.32 KB/Sec
downloading http://tezcatl.fciencias.unam.mx/tex-archive/systems/win32/miktex/tm/packages/euenc.tar.lzma (expecting 156297 bytes)...
156297 bytes, 21.71 KB/Sec
downloading http://tezcatl.fciencias.unam.mx/tex-archive/systems/win32/miktex/tm/packages/dehyph-exptl.tar.lzma (expecting 480147 bytes)...
480147 bytes, 73.20 KB/Sec
downloading http://tezcatl.fciencias.unam.mx/tex-archive/systems/win32/miktex/tm/packages/miktex-mo-bin-2.8.tar.lzma (expecting 78178 bytes)...
78178 bytes, 19.80 KB/Sec
downloading http://tezcatl.fciencias.unam.mx/tex-archive/systems/win32/miktex/tm/packages/miktex-gsf2pk-bin-2.8.tar.lzma (expecting 18298 bytes)...
18298 bytes, 18.20 KB/Sec
downloading http://tezcatl.fciencias.unam.mx/tex-archive/systems/win32/miktex/tm/packages/latex2e-help-texinfo.tar.lzma (expecting 1546108 bytes)...
1546108 bytes, 66.84 KB/Sec
downloading http://tezcatl.fciencias.unam.mx/tex-archive/systems/win32/miktex/tm/packages/utopia.cab (expecting 220289 bytes)...
220289 bytes, 37.73 KB/Sec
downloading http://tezcatl.fciencias.unam.mx/tex-archive/systems/win32/miktex/tm/packages/miktex-mfware-bin-2.8.tar.lzma (expecting 65965 bytes)...
65965 bytes, 8.19 KB/Sec
downloading http://tezcatl.fciencias.unam.mx/tex-archive/systems/win32/miktex/tm/packages/miktex-xetex-base.tar.lzma (expecting 638209 bytes)...
638209 bytes, 63.42 KB/Sec
downloading http://tezcatl.fciencias.unam.mx/tex-archive/systems/win32/miktex/tm/packages/pslatex.cab (expecting 7418 bytes)...
7418 bytes, 5.65 KB/Sec
downloading http://tezcatl.fciencias.unam.mx/tex-archive/systems/win32/miktex/tm/packages/miktex-dict-german.tar.lzma (expecting 490970 bytes)...
490970 bytes, 32.51 KB/Sec
downloading http://tezcatl.fciencias.unam.mx/tex-archive/systems/win32/miktex/tm/packages/miktex-cweb-base.cab (expecting 53489 bytes)...
53489 bytes, 20.32 KB/Sec
downloading http://tezcatl.fciencias.unam.mx/tex-archive/systems/win32/miktex/tm/packages/miktex-fontconfig-base.tar.lzma (expecting 8819 bytes)...
8819 bytes, 5.04 KB/Sec
downloading http://tezcatl.fciencias.unam.mx/tex-archive/systems/win32/miktex/tm/packages/miktex-mpm-bin-2.8.tar.lzma (expecting 53472 bytes)...
53472 bytes, 17.85 KB/Sec
downloading http://tezcatl.fciencias.unam.mx/tex-archive/systems/win32/miktex/tm/packages/xypic.tar.lzma (expecting 4710133 bytes)...
4710133 bytes, 87.56 KB/Sec
downloading http://tezcatl.fciencias.unam.mx/tex-archive/systems/win32/miktex/tm/packages/miktex-hyph-german.tar.bz2 (expecting 70916 bytes)...
70916 bytes, 29.57 KB/Sec
downloading http://tezcatl.fciencias.unam.mx/tex-archive/systems/win32/miktex/tm/packages/ncntrsbk.cab (expecting 325591 bytes)...
325591 bytes, 44.21 KB/Sec
downloading http://tezcatl.fciencias.unam.mx/tex-archive/systems/win32/miktex/tm/packages/xkeyval.tar.lzma (expecting 482957 bytes)...
482957 bytes, 36.29 KB/Sec
downloading http://tezcatl.fciencias.unam.mx/tex-archive/systems/win32/miktex/tm/packages/miktex-dvips-bin-2.8.tar.lzma (expecting 77697 bytes)...
77697 bytes, 22.22 KB/Sec
downloading http://tezcatl.fciencias.unam.mx/tex-archive/systems/win32/miktex/tm/packages/xltxtra.tar.lzma (expecting 144202 bytes)...
144202 bytes, 23.50 KB/Sec
downloading http://tezcatl.fciencias.unam.mx/tex-archive/systems/win32/miktex/tm/packages/tools.tar.lzma (expecting 5000369 bytes)...
5000369 bytes, 126.84 KB/Sec
downloading http://tezcatl.fciencias.unam.mx/tex-archive/systems/win32/miktex/tm/packages/miktex-poppler-base.tar.lzma (expecting 1437180 bytes)...
1437180 bytes, 63.77 KB/Sec
downloading http://tezcatl.fciencias.unam.mx/tex-archive/systems/win32/miktex/tm/packages/miktex-mtprint-bin-2.8.tar.lzma (expecting 17507 bytes)...
17507 bytes, 14.39 KB/Sec
downloading http://tezcatl.fciencias.unam.mx/tex-archive/systems/win32/miktex/tm/packages/pstricks.tar.lzma (expecting 7331257 bytes)...
7331257 bytes, 108.26 KB/Sec
downloading http://tezcatl.fciencias.unam.mx/tex-archive/systems/win32/miktex/tm/packages/miktex-dvipdfmx-bin-2.8.tar.lzma (expecting 221944 bytes)...
221944 bytes, 31.09 KB/Sec
downloading http://tezcatl.fciencias.unam.mx/tex-archive/systems/win32/miktex/tm/packages/miktex-fonts-bin-2.8.tar.lzma (expecting 86402 bytes)...
86402 bytes, 27.57 KB/Sec
downloading http://tezcatl.fciencias.unam.mx/tex-archive/systems/win32/miktex/tm/packages/miktex-teckit-bin-2.8.tar.lzma (expecting 23914 bytes)...
23914 bytes, 23.90 KB/Sec
downloading http://tezcatl.fciencias.unam.mx/tex-archive/systems/win32/miktex/tm/packages/palatino.cab (expecting 379872 bytes)...
379872 bytes, 101.55 KB/Sec
downloading http://tezcatl.fciencias.unam.mx/tex-archive/systems/win32/miktex/tm/packages/zapfchan.cab (expecting 89149 bytes)...
89149 bytes, 58.16 KB/Sec
downloading http://tezcatl.fciencias.unam.mx/tex-archive/systems/win32/miktex/tm/packages/miktex-tex-bin-2.8.tar.lzma (expecting 137217 bytes)...
137217 bytes, 38.44 KB/Sec
downloading http://tezcatl.fciencias.unam.mx/tex-archive/systems/win32/miktex/tm/packages/miktex-tex-base.tar.lzma (expecting 40868 bytes)...
40868 bytes, 31.47 KB/Sec
downloading http://tezcatl.fciencias.unam.mx/tex-archive/systems/win32/miktex/tm/packages/miktex-runtime-bin-2.8.tar.lzma (expecting 795821 bytes)...
795821 bytes, 127.89 KB/Sec
downloading http://tezcatl.fciencias.unam.mx/tex-archive/systems/win32/miktex/tm/packages/courier.tar.lzma (expecting 508571 bytes)...
508571 bytes, 49.27 KB/Sec
downloading http://tezcatl.fciencias.unam.mx/tex-archive/systems/win32/miktex/tm/packages/carlisle.tar.lzma (expecting 33735 bytes)...
33735 bytes, 26.55 KB/Sec
downloading http://tezcatl.fciencias.unam.mx/tex-archive/systems/win32/miktex/tm/packages/miktex-metafont-bin-2.8.tar.lzma (expecting 122028 bytes)...
122028 bytes, 14.84 KB/Sec
downloading http://tezcatl.fciencias.unam.mx/tex-archive/systems/win32/miktex/tm/packages/miktex-qt4-bin.tar.lzma (expecting 3602404 bytes)...
3602404 bytes, 122.92 KB/Sec
downloading http://tezcatl.fciencias.unam.mx/tex-archive/systems/win32/miktex/tm/packages/miktex-hunspell-bin-2.8.tar.lzma (expecting 67100 bytes)...
67100 bytes, 23.53 KB/Sec
downloading http://tezcatl.fciencias.unam.mx/tex-archive/systems/win32/miktex/tm/packages/miktex-pdftex-bin-2.8.tar.lzma (expecting 410282 bytes)...
410282 bytes, 26.46 KB/Sec
downloading http://tezcatl.fciencias.unam.mx/tex-archive/systems/win32/miktex/tm/packages/miktex-config-2.8.tar.lzma (expecting 2807 bytes)...
2807 bytes, 4.34 KB/Sec
downloading http://tezcatl.fciencias.unam.mx/tex-archive/systems/win32/miktex/tm/packages/zapfding.cab (expecting 47973 bytes)...
47973 bytes, 29.03 KB/Sec
downloading http://tezcatl.fciencias.unam.mx/tex-archive/systems/win32/miktex/tm/packages/miktex-metafont-base.cab (expecting 7974 bytes)...
7974 bytes, 10.02 KB/Sec
downloading http://tezcatl.fciencias.unam.mx/tex-archive/systems/win32/miktex/tm/packages/miktex-fontconfig-bin-2.8.tar.lzma (expecting 92834 bytes)...
92834 bytes, 27.88 KB/Sec
downloading http://tezcatl.fciencias.unam.mx/tex-archive/systems/win32/miktex/tm/packages/fontspec.tar.lzma (expecting 3028978 bytes)...
3028978 bytes, 66.90 KB/Sec
downloading http://tezcatl.fciencias.unam.mx/tex-archive/systems/win32/miktex/tm/packages/bookman.cab (expecting 329086 bytes)...
329086 bytes, 47.22 KB/Sec
downloading http://tezcatl.fciencias.unam.mx/tex-archive/systems/win32/miktex/tm/packages/ltxbase.tar.lzma (expecting 12174012 bytes)...
12174012 bytes, 128.35 KB/Sec
downloading http://tezcatl.fciencias.unam.mx/tex-archive/systems/win32/miktex/tm/packages/xunicode.tar.lzma (expecting 26157 bytes)...
26157 bytes, 13.72 KB/Sec
downloading http://tezcatl.fciencias.unam.mx/tex-archive/systems/win32/miktex/tm/packages/xgreek.tar.lzma (expecting 71511 bytes)...
71511 bytes, 32.09 KB/Sec
