

MiKTeX Setup 2.8.3553 Report

Date: Thursday, January 26, 2012
Time: 22:57:36
OS version: Microsoft Windows 7 Home Basic Edition, 32-bit (build 7600)
SystemAdmin: yes
PowerUser: false
Setup path: C:\Users\Allan\Desktop\setup-2.8.3553.exe
starting download...
repository: http://tezcatl.fciencias.unam.mx/tex-archive/systems/win32/miktex/tm/packages/
download directory: "C:\Users\Allan\Desktop\MiKTeX 2.8 Setup"
visiting repository http://tezcatl.fciencias.unam.mx/tex-archive/systems/win32/miktex/tm/packages/...
repository type: remote package repository
loading lightweight database...
downloading http://tezcatl.fciencias.unam.mx/tex-archive/systems/win32/miktex/tm/packages/miktex-zzdb1-2.8.tar.lzma...
115850 bytes, 14.80 KB/Sec
lightweight database digest: 1f6b987eca69dac0d5041b152770cba4
going to download 1190728452 bytes
downloading package database...
downloading http://tezcatl.fciencias.unam.mx/tex-archive/systems/win32/miktex/tm/packages/miktex-zzdb1-2.8.tar.lzma...
115850 bytes, 19.31 KB/Sec
downloading http://tezcatl.fciencias.unam.mx/tex-archive/systems/win32/miktex/tm/packages/miktex-zzdb2-2.8.tar.lzma...
584242 bytes, 32.52 KB/Sec
downloading http://tezcatl.fciencias.unam.mx/tex-archive/systems/win32/miktex/tm/packages/hepnames.tar.lzma (expecting 287418 bytes)...
287418 bytes, 24.80 KB/Sec
downloading http://tezcatl.fciencias.unam.mx/tex-archive/systems/win32/miktex/tm/packages/hpsdiss.cab (expecting 125387 bytes)...
125387 bytes, 26.26 KB/Sec
downloading http://tezcatl.fciencias.unam.mx/tex-archive/systems/win32/miktex/tm/packages/jknappen.cab (expecting 13267 bytes)...
13267 bytes, 12.48 KB/Sec
downloading http://tezcatl.fciencias.unam.mx/tex-archive/systems/win32/miktex/tm/packages/estcpmm.tar.lzma (expecting 296163 bytes)...
296163 bytes, 38.87 KB/Sec
downloading http://tezcatl.fciencias.unam.mx/tex-archive/systems/win32/miktex/tm/packages/mbenotes.tar.lzma (expecting 260795 bytes)...
260795 bytes, 22.61 KB/Sec
downloading http://tezcatl.fciencias.unam.mx/tex-archive/systems/win32/miktex/tm/packages/bez123.tar.lzma (expecting 273671 bytes)...
273671 bytes, 26.66 KB/Sec
downloading http://tezcatl.fciencias.unam.mx/tex-archive/systems/win32/miktex/tm/packages/draftwatermark.tar.lzma (expecting 99599 bytes)...
99599 bytes, 10.83 KB/Sec
downloading http://tezcatl.fciencias.unam.mx/tex-archive/systems/win32/miktex/tm/packages/setspace.tar.lzma (expecting 8626 bytes)...
8626 bytes, 6.55 KB/Sec
downloading http://tezcatl.fciencias.unam.mx/tex-archive/systems/win32/miktex/tm/packages/urwchancal.tar.lzma (expecting 24497 bytes)...
24497 bytes, 17.00 KB/Sec
downloading http://tezcatl.fciencias.unam.mx/tex-archive/systems/win32/miktex/tm/packages/cookybooky.tar.lzma (expecting 887213 bytes)...
887213 bytes, 40.23 KB/Sec
downloading http://tezcatl.fciencias.unam.mx/tex-archive/systems/win32/miktex/tm/packages/statistik.cab (expecting 13529 bytes)...
13529 bytes, 14.95 KB/Sec
downloading http://tezcatl.fciencias.unam.mx/tex-archive/systems/win32/miktex/tm/packages/thailatex.tar.lzma (expecting 209277 bytes)...
209277 bytes, 39.19 KB/Sec
downloading http://tezcatl.fciencias.unam.mx/tex-archive/systems/win32/miktex/tm/packages/notoccite.tar.lzma (expecting 228795 bytes)...
228795 bytes, 28.79 KB/Sec
downloading http://tezcatl.fciencias.unam.mx/tex-archive/systems/win32/miktex/tm/packages/pxfonts.tar.lzma (expecting 695938 bytes)...
695938 bytes, 52.52 KB/Sec
downloading http://tezcatl.fciencias.unam.mx/tex-archive/systems/win32/miktex/tm/packages/play.cab (expecting 6164 bytes)...
6164 bytes, 9.36 KB/Sec
downloading http://tezcatl.fciencias.unam.mx/tex-archive/systems/win32/miktex/tm/packages/mpfnmark.cab (expecting 9724 bytes)...
9724 bytes, 13.78 KB/Sec
downloading http://tezcatl.fciencias.unam.mx/tex-archive/systems/win32/miktex/tm/packages/plgraph.tar.lzma (expecting 12493 bytes)...
12493 bytes, 11.64 KB/Sec
downloading http://tezcatl.fciencias.unam.mx/tex-archive/systems/win32/miktex/tm/packages/thaifonts-scalable.tar.lzma (expecting 3074400 bytes)...
3074400 bytes, 32.89 KB/Sec
downloading http://tezcatl.fciencias.unam.mx/tex-archive/systems/win32/miktex/tm/packages/photo.cab (expecting 25826 bytes)...
25826 bytes, 13.30 KB/Sec
downloading http://tezcatl.fciencias.unam.mx/tex-archive/systems/win32/miktex/tm/packages/filemod.tar.lzma (expecting 281409 bytes)...
281409 bytes, 29.94 KB/Sec
downloading http://tezcatl.fciencias.unam.mx/tex-archive/systems/win32/miktex/tm/packages/miktex-bibtex8bit-bin-2.8.tar.lzma (expecting 42207 bytes)...
42207 bytes, 17.04 KB/Sec
downloading http://tezcatl.fciencias.unam.mx/tex-archive/systems/win32/miktex/tm/packages/paresse.tar.lzma (expecting 1440259 bytes)...
1440259 bytes, 47.73 KB/Sec
downloading http://tezcatl.fciencias.unam.mx/tex-archive/systems/win32/miktex/tm/packages/romanneg.tar.lzma (expecting 185381 bytes)...
185381 bytes, 26.73 KB/Sec
downloading http://tezcatl.fciencias.unam.mx/tex-archive/systems/win32/miktex/tm/packages/blkarray.tar.lzma (expecting 310863 bytes)...
310863 bytes, 24.65 KB/Sec
downloading http://tezcatl.fciencias.unam.mx/tex-archive/systems/win32/miktex/tm/packages/tamefloats.cab (expecting 6944 bytes)...
6944 bytes, 1.45 KB/Sec
downloading http://tezcatl.fciencias.unam.mx/tex-archive/systems/win32/miktex/tm/packages/boondox.tar.lzma (expecting 126191 bytes)...
126191 bytes, 32.45 KB/Sec
downloading http://tezcatl.fciencias.unam.mx/tex-archive/systems/win32/miktex/tm/packages/listings.tar.bz2 (expecting 848742 bytes)...
848742 bytes, 57.32 KB/Sec
downloading http://tezcatl.fciencias.unam.mx/tex-archive/systems/win32/miktex/tm/packages/greekdoc.cab (expecting 398678 bytes)...
398678 bytes, 34.53 KB/Sec
downloading http://tezcatl.fciencias.unam.mx/tex-archive/systems/win32/miktex/tm/packages/miktex-psutils-bin-2.8.tar.lzma (expecting 20291 bytes)...
20291 bytes, 16.08 KB/Sec
downloading http://tezcatl.fciencias.unam.mx/tex-archive/systems/win32/miktex/tm/packages/isotope.tar.lzma (expecting 7897 bytes)...
7897 bytes, 5.16 KB/Sec
downloading http://tezcatl.fciencias.unam.mx/tex-archive/systems/win32/miktex/tm/packages/anyfontsize.tar.lzma (expecting 2450 bytes)...
2450 bytes, 3.39 KB/Sec
downloading http://tezcatl.fciencias.unam.mx/tex-archive/systems/win32/miktex/tm/packages/biblatex-authoryear-icomp-tt.tar.lzma (expecting 2404 bytes)...
2404 bytes, 2.96 KB/Sec
downloading http://tezcatl.fciencias.unam.mx/tex-archive/systems/win32/miktex/tm/packages/gtrcrd.tar.lzma (expecting 138632 bytes)...
138632 bytes, 19.14 KB/Sec
downloading http://tezcatl.fciencias.unam.mx/tex-archive/systems/win32/miktex/tm/packages/osmanian.cab (expecting 1825 bytes)...
1825 bytes, 2.97 KB/Sec
downloading http://tezcatl.fciencias.unam.mx/tex-archive/systems/win32/miktex/tm/packages/dcpic.tar.lzma (expecting 342216 bytes)...
342216 bytes, 34.07 KB/Sec
downloading http://tezcatl.fciencias.unam.mx/tex-archive/systems/win32/miktex/tm/packages/elsevier.tar.lzma (expecting 272202 bytes)...
272202 bytes, 38.03 KB/Sec
downloading http://tezcatl.fciencias.unam.mx/tex-archive/systems/win32/miktex/tm/packages/opcit.tar.lzma (expecting 282816 bytes)...
282816 bytes, 27.62 KB/Sec
downloading http://tezcatl.fciencias.unam.mx/tex-archive/systems/win32/miktex/tm/packages/ecclesiastic.tar.lzma (expecting 193039 bytes)...
193039 bytes, 35.97 KB/Sec
downloading http://tezcatl.fciencias.unam.mx/tex-archive/systems/win32/miktex/tm/packages/blowup.tar.lzma (expecting 119099 bytes)...
119099 bytes, 14.42 KB/Sec
downloading http://tezcatl.fciencias.unam.mx/tex-archive/systems/win32/miktex/tm/packages/quoting.tar.lzma (expecting 304870 bytes)...
304870 bytes, 32.02 KB/Sec
downloading http://tezcatl.fciencias.unam.mx/tex-archive/systems/win32/miktex/tm/packages/dpfloat.cab (expecting 2402 bytes)...
2402 bytes, 2.01 KB/Sec
downloading http://tezcatl.fciencias.unam.mx/tex-archive/systems/win32/miktex/tm/packages/toptesi.tar.lzma (expecting 1320184 bytes)...
1320184 bytes, 41.22 KB/Sec
downloading http://tezcatl.fciencias.unam.mx/tex-archive/systems/win32/miktex/tm/packages/greek-inputenc.tar.lzma (expecting 4197 bytes)...
4197 bytes, 3.42 KB/Sec
downloading http://tezcatl.fciencias.unam.mx/tex-archive/systems/win32/miktex/tm/packages/pst-barcode.tar.lzma (expecting 259925 bytes)...
259925 bytes, 34.71 KB/Sec
downloading http://tezcatl.fciencias.unam.mx/tex-archive/systems/win32/miktex/tm/packages/xargs.tar.lzma (expecting 202156 bytes)...
202156 bytes, 33.85 KB/Sec
downloading http://tezcatl.fciencias.unam.mx/tex-archive/systems/win32/miktex/tm/packages/lucasual.cab (expecting 7797 bytes)...

An error occurred:
  source file: Libraries\MiKTeX\PackageManager\CurlWebSession.cpp
  source line: 402
  message: Couldn't connect to server
  info: 
