ISim log file
Running: C:\Users\jonnyTest\sumador4bits\main_isim_beh.exe -intstyle ise -gui -tclbatch isim.cmd -wdb C:/Users/jonnyTest/sumador4bits/main_isim_beh.wdb 
ISim P.68d (signature 0x7708f090)
WARNING: A WEBPACK license was found.
WARNING: Please use Xilinx License Configuration Manager to check out a full ISim license.
WARNING: ISim will run in Lite mode. Please refer to the ISim documentation for more information on the differences between the Lite and the Full version.
This is a Lite version of ISim.
Time resolution is 1 ps
# onerror resume
# wave add /
# run 1000 ns
Simulator is doing circuit initialization process.
Finished circuit initialization process.
# restart
# show driver /main/cin
Driver for /main/cin
	'U'	: /main/cin
		  in File "C:/Users/jonnyTest/sumador4bits/main.vhd" Line 8

# isim force add /main/cin 0 -radix bin
# isim force add /main/veca 0000 -radix bin
# isim force add /main/vecb 0010 -radix bin
# isim force add /main/veca 0000 -radix bin
# run all
Simulator is doing circuit initialization process.
Finished circuit initialization process.
# run all
# isim force add /main/veca 0010 -radix bin
# run all
# isim force add /main/cin 1 -radix bin
# run all
# isim force remove /main/veca
# isim force add /main/veca 1111 -radix bin -value 0001 -radix bin -time 1 ps -repeat 2 ps
# run all
Stopped at time : 1644696 ps : File "C:/Users/jonnyTest/sumador4bits/sumaC.vhd" Line 15
# isim force remove /main/veca
# isim force add /main/veca F -radix hex -value 0 -radix hex -time 1 ps -repeat 2 ps
# restart
# isim force add /main/cin 0 -radix bin
# isim force add /main/vecb 0100 -radix bin
# isim force add /main/veca F -radix hex -value 0 -radix hex -time 1 ps -repeat 2 ps
# run 2ps
Simulator is doing circuit initialization process.
Finished circuit initialization process.
# run 2ps
# run 2ps
# run 2ps
# isim force add /main/veca 15 -radix dec -time 1 ps -value 0 -radix dec -time 2 ps -repeat 2 ps
# run 2ps
# run 2ps
# run 2ps
# run 2ps
# run 2ps
# run 2ps
# run 2ps
# run 2ps
# run 2ps
# run 2ps
# restart
# isim force add /main/veca 0010 -radix bin -value 0001 -radix bin -time 1 ps -repeat 2 ps
# isim force add /main/vecb 0100 -radix bin
# isim force add /main/cin 0 -radix bin
# run 2ps
Simulator is doing circuit initialization process.
Finished circuit initialization process.
# isim force add /main/veca 0011 -radix bin -value 0100 -radix bin -time 1 ps -repeat 2 ps
# run 2ps
# isim force add /main/veca 0101 -radix bin -value 0110 -radix bin -time 1 ps -repeat 2 ps
# run 2ps
# isim force remove /main/veca
# isim force add /main/veca 0110 -radix bin
# isim force remove /main/vecb
# isim force add /main/vecb 1000 -radix bin -value 0111 -radix bin -time 1 ps -repeat 2 ps
# run 2ps
# isim force add /main/vecb 1001 -radix bin -value 1010 -radix bin -time 1 ps -repeat 2 ps
# run 2ps
