2016.03.15 16:10 B D:\milo\inscripciones\gastronomos\imagenes\acuerdo01.jpg --> ftp.sonparamilo.org.mx /domains/sonparamilo.org.mx/public_html/inscripciones/gastronomos/imagenes acuerdo01.jpg
2016.03.15 16:10 B D:\milo\inscripciones\gastronomos\imagenes\acuerdo02.jpg --> ftp.sonparamilo.org.mx /domains/sonparamilo.org.mx/public_html/inscripciones/gastronomos/imagenes acuerdo02.jpg
2016.03.15 16:10 B D:\milo\inscripciones\gastronomos\imagenes\bot01A.jpg --> ftp.sonparamilo.org.mx /domains/sonparamilo.org.mx/public_html/inscripciones/gastronomos/imagenes bot01A.jpg
2016.03.15 16:10 B D:\milo\inscripciones\gastronomos\imagenes\bot01B.jpg --> ftp.sonparamilo.org.mx /domains/sonparamilo.org.mx/public_html/inscripciones/gastronomos/imagenes bot01B.jpg
2016.03.15 16:10 B D:\milo\inscripciones\gastronomos\imagenes\bot02A.jpg --> ftp.sonparamilo.org.mx /domains/sonparamilo.org.mx/public_html/inscripciones/gastronomos/imagenes bot02A.jpg
2016.03.15 16:10 B D:\milo\inscripciones\gastronomos\imagenes\bot02B.jpg --> ftp.sonparamilo.org.mx /domains/sonparamilo.org.mx/public_html/inscripciones/gastronomos/imagenes bot02B.jpg
2016.03.15 16:10 B D:\milo\inscripciones\gastronomos\imagenes\bot03A.jpg --> ftp.sonparamilo.org.mx /domains/sonparamilo.org.mx/public_html/inscripciones/gastronomos/imagenes bot03A.jpg
2016.03.15 16:10 B D:\milo\inscripciones\gastronomos\imagenes\bot03B.jpg --> ftp.sonparamilo.org.mx /domains/sonparamilo.org.mx/public_html/inscripciones/gastronomos/imagenes bot03B.jpg
2016.03.15 16:10 B D:\milo\inscripciones\gastronomos\imagenes\botsalir01.jpg --> ftp.sonparamilo.org.mx /domains/sonparamilo.org.mx/public_html/inscripciones/gastronomos/imagenes botsalir01.jpg
2016.03.15 16:10 B D:\milo\inscripciones\gastronomos\imagenes\botsalir02.jpg --> ftp.sonparamilo.org.mx /domains/sonparamilo.org.mx/public_html/inscripciones/gastronomos/imagenes botsalir02.jpg
2016.03.15 16:10 B D:\milo\inscripciones\gastronomos\imagenes\cabezagastro.jpg --> ftp.sonparamilo.org.mx /domains/sonparamilo.org.mx/public_html/inscripciones/gastronomos/imagenes cabezagastro.jpg
2016.03.15 16:10 B D:\milo\inscripciones\gastronomos\imagenes\fondobots.jpg --> ftp.sonparamilo.org.mx /domains/sonparamilo.org.mx/public_html/inscripciones/gastronomos/imagenes fondobots.jpg
2016.03.15 16:10 B D:\milo\inscripciones\gastronomos\imagenes\gracias.jpg --> ftp.sonparamilo.org.mx /domains/sonparamilo.org.mx/public_html/inscripciones/gastronomos/imagenes gracias.jpg
2016.03.15 16:10 B D:\milo\inscripciones\gastronomos\imagenes\Noacuerdo01.jpg --> ftp.sonparamilo.org.mx /domains/sonparamilo.org.mx/public_html/inscripciones/gastronomos/imagenes Noacuerdo01.jpg
2016.03.15 16:10 B D:\milo\inscripciones\gastronomos\imagenes\Noacuerdo02.jpg --> ftp.sonparamilo.org.mx /domains/sonparamilo.org.mx/public_html/inscripciones/gastronomos/imagenes Noacuerdo02.jpg
2016.03.15 16:10 B D:\milo\inscripciones\gastronomos\imagenes\paso01.jpg --> ftp.sonparamilo.org.mx /domains/sonparamilo.org.mx/public_html/inscripciones/gastronomos/imagenes paso01.jpg
2016.03.15 16:10 B D:\milo\inscripciones\gastronomos\imagenes\paso02-01.jpg --> ftp.sonparamilo.org.mx /domains/sonparamilo.org.mx/public_html/inscripciones/gastronomos/imagenes paso02-01.jpg
2016.03.15 16:10 B D:\milo\inscripciones\gastronomos\imagenes\paso03-01.jpg --> ftp.sonparamilo.org.mx /domains/sonparamilo.org.mx/public_html/inscripciones/gastronomos/imagenes paso03-01.jpg
2016.03.15 16:10 B D:\milo\inscripciones\gastronomos\imagenes\punto.jpg --> ftp.sonparamilo.org.mx /domains/sonparamilo.org.mx/public_html/inscripciones/gastronomos/imagenes punto.jpg
2016.03.15 16:10 B D:\milo\inscripciones\gastronomos\imagenes\regresoA.jpg --> ftp.sonparamilo.org.mx /domains/sonparamilo.org.mx/public_html/inscripciones/gastronomos/imagenes regresoA.jpg
2016.03.15 16:10 B D:\milo\inscripciones\gastronomos\imagenes\regresoB.jpg --> ftp.sonparamilo.org.mx /domains/sonparamilo.org.mx/public_html/inscripciones/gastronomos/imagenes regresoB.jpg
2016.03.15 16:10 B D:\milo\inscripciones\gastronomos\imagenes\siguienteA.jpg --> ftp.sonparamilo.org.mx /domains/sonparamilo.org.mx/public_html/inscripciones/gastronomos/imagenes siguienteA.jpg
2016.03.15 16:10 B D:\milo\inscripciones\gastronomos\imagenes\siguienteB.jpg --> ftp.sonparamilo.org.mx /domains/sonparamilo.org.mx/public_html/inscripciones/gastronomos/imagenes siguienteB.jpg
2016.03.15 16:37 B D:\milo\inscripciones\gastronomos\imagenes\gracias2.jpg --> ftp.sonparamilo.org.mx /domains/sonparamilo.org.mx/public_html/inscripciones/gastronomos/imagenes gracias2.jpg
2016.03.21 15:40 B D:\milo\inscripciones\gastronomos\imagenes\cabezagastro.jpg --> ftp.sonparamilo.org.mx /domains/sonparamilo.org.mx/public_html/inscripciones/gastronomos/imagenes cabezagastro.jpg
2016.03.21 15:45 B D:\milo\inscripciones\gastronomos\imagenes\gracias.jpg --> ftp.sonparamilo.org.mx /domains/sonparamilo.org.mx/public_html/inscripciones/gastronomos/imagenes gracias.jpg
2016.03.21 15:46 B D:\milo\inscripciones\gastronomos\imagenes\gracias2.jpg --> ftp.sonparamilo.org.mx /domains/sonparamilo.org.mx/public_html/inscripciones/gastronomos/imagenes gracias2.jpg
2016.03.21 15:47 B D:\milo\inscripciones\gastronomos\imagenes\acuerdo01.jpg --> ftp.sonparamilo.org.mx /domains/sonparamilo.org.mx/public_html/inscripciones/gastronomos/imagenes acuerdo01.jpg
2016.03.21 15:47 B D:\milo\inscripciones\gastronomos\imagenes\acuerdo02.jpg --> ftp.sonparamilo.org.mx /domains/sonparamilo.org.mx/public_html/inscripciones/gastronomos/imagenes acuerdo02.jpg
2016.03.21 15:47 B D:\milo\inscripciones\gastronomos\imagenes\bot01A.jpg --> ftp.sonparamilo.org.mx /domains/sonparamilo.org.mx/public_html/inscripciones/gastronomos/imagenes bot01A.jpg
2016.03.21 15:47 B D:\milo\inscripciones\gastronomos\imagenes\bot01B.jpg --> ftp.sonparamilo.org.mx /domains/sonparamilo.org.mx/public_html/inscripciones/gastronomos/imagenes bot01B.jpg
2016.03.21 15:47 B D:\milo\inscripciones\gastronomos\imagenes\bot02A.jpg --> ftp.sonparamilo.org.mx /domains/sonparamilo.org.mx/public_html/inscripciones/gastronomos/imagenes bot02A.jpg
2016.03.21 15:47 B D:\milo\inscripciones\gastronomos\imagenes\bot02B.jpg --> ftp.sonparamilo.org.mx /domains/sonparamilo.org.mx/public_html/inscripciones/gastronomos/imagenes bot02B.jpg
2016.03.21 15:47 B D:\milo\inscripciones\gastronomos\imagenes\bot03A.jpg --> ftp.sonparamilo.org.mx /domains/sonparamilo.org.mx/public_html/inscripciones/gastronomos/imagenes bot03A.jpg
2016.03.21 15:47 B D:\milo\inscripciones\gastronomos\imagenes\bot03B.jpg --> ftp.sonparamilo.org.mx /domains/sonparamilo.org.mx/public_html/inscripciones/gastronomos/imagenes bot03B.jpg
2016.03.21 15:47 B D:\milo\inscripciones\gastronomos\imagenes\botsalir01.jpg --> ftp.sonparamilo.org.mx /domains/sonparamilo.org.mx/public_html/inscripciones/gastronomos/imagenes botsalir01.jpg
2016.03.21 15:47 B D:\milo\inscripciones\gastronomos\imagenes\botsalir02.jpg --> ftp.sonparamilo.org.mx /domains/sonparamilo.org.mx/public_html/inscripciones/gastronomos/imagenes botsalir02.jpg
2016.03.21 15:47 B D:\milo\inscripciones\gastronomos\imagenes\cabezagastro.jpg --> ftp.sonparamilo.org.mx /domains/sonparamilo.org.mx/public_html/inscripciones/gastronomos/imagenes cabezagastro.jpg
2016.03.21 15:47 B D:\milo\inscripciones\gastronomos\imagenes\fondobots.jpg --> ftp.sonparamilo.org.mx /domains/sonparamilo.org.mx/public_html/inscripciones/gastronomos/imagenes fondobots.jpg
2016.03.21 15:47 B D:\milo\inscripciones\gastronomos\imagenes\gracias.jpg --> ftp.sonparamilo.org.mx /domains/sonparamilo.org.mx/public_html/inscripciones/gastronomos/imagenes gracias.jpg
2016.03.21 15:47 B D:\milo\inscripciones\gastronomos\imagenes\gracias2.jpg --> ftp.sonparamilo.org.mx /domains/sonparamilo.org.mx/public_html/inscripciones/gastronomos/imagenes gracias2.jpg
2016.03.21 15:47 B D:\milo\inscripciones\gastronomos\imagenes\Noacuerdo01.jpg --> ftp.sonparamilo.org.mx /domains/sonparamilo.org.mx/public_html/inscripciones/gastronomos/imagenes Noacuerdo01.jpg
2016.03.21 15:47 B D:\milo\inscripciones\gastronomos\imagenes\Noacuerdo02.jpg --> ftp.sonparamilo.org.mx /domains/sonparamilo.org.mx/public_html/inscripciones/gastronomos/imagenes Noacuerdo02.jpg
2016.03.21 15:47 B D:\milo\inscripciones\gastronomos\imagenes\paso01.jpg --> ftp.sonparamilo.org.mx /domains/sonparamilo.org.mx/public_html/inscripciones/gastronomos/imagenes paso01.jpg
2016.03.21 15:47 B D:\milo\inscripciones\gastronomos\imagenes\paso02-01.jpg --> ftp.sonparamilo.org.mx /domains/sonparamilo.org.mx/public_html/inscripciones/gastronomos/imagenes paso02-01.jpg
2016.03.21 15:47 B D:\milo\inscripciones\gastronomos\imagenes\paso03-01.jpg --> ftp.sonparamilo.org.mx /domains/sonparamilo.org.mx/public_html/inscripciones/gastronomos/imagenes paso03-01.jpg
2016.03.21 15:47 B D:\milo\inscripciones\gastronomos\imagenes\punto.jpg --> ftp.sonparamilo.org.mx /domains/sonparamilo.org.mx/public_html/inscripciones/gastronomos/imagenes punto.jpg
2016.03.21 15:47 B D:\milo\inscripciones\gastronomos\imagenes\regresoA.jpg --> ftp.sonparamilo.org.mx /domains/sonparamilo.org.mx/public_html/inscripciones/gastronomos/imagenes regresoA.jpg
2016.03.21 15:47 B D:\milo\inscripciones\gastronomos\imagenes\regresoB.jpg --> ftp.sonparamilo.org.mx /domains/sonparamilo.org.mx/public_html/inscripciones/gastronomos/imagenes regresoB.jpg
2016.03.21 15:47 B D:\milo\inscripciones\gastronomos\imagenes\siguienteA.jpg --> ftp.sonparamilo.org.mx /domains/sonparamilo.org.mx/public_html/inscripciones/gastronomos/imagenes siguienteA.jpg
2016.03.21 15:47 B D:\milo\inscripciones\gastronomos\imagenes\siguienteB.jpg --> ftp.sonparamilo.org.mx /domains/sonparamilo.org.mx/public_html/inscripciones/gastronomos/imagenes siguienteB.jpg
2016.03.21 15:50 B D:\milo\inscripciones\gastronomos\imagenes\gracias2.jpg --> ftp.sonparamilo.org.mx /domains/sonparamilo.org.mx/public_html/inscripciones/gastronomos/imagenes gracias2.jpg
2016.03.21 15:51 B D:\milo\inscripciones\gastronomos\imagenes\gracias2.jpg --> ftp.sonparamilo.org.mx /domains/sonparamilo.org.mx/public_html/inscripciones/gastronomos/imagenes gracias2.jpg
2016.03.21 15:54 B D:\milo\inscripciones\gastronomos\imagenes\gracias2.jpg --> ftp.sonparamilo.org.mx /domains/sonparamilo.org.mx/public_html/inscripciones/gastronomos/imagenes gracias2.jpg
2016.03.21 15:54 B D:\milo\inscripciones\gastronomos\imagenes\gracias.jpg --> ftp.sonparamilo.org.mx /domains/sonparamilo.org.mx/public_html/inscripciones/gastronomos/imagenes gracias.jpg
2016.03.21 15:59 B D:\milo\inscripciones\gastronomos\imagenes\gracias2.jpg --> ftp.sonparamilo.org.mx /domains/sonparamilo.org.mx/public_html/inscripciones/gastronomos/imagenes gracias2.jpg
2016.03.21 16:01 B D:\milo\inscripciones\gastronomos\imagenes\gracias2.jpg --> ftp.sonparamilo.org.mx /domains/sonparamilo.org.mx/public_html/inscripciones/gastronomos/imagenes gracias2.jpg
