2016.03.15 16:10 B D:\milo\inscripciones\gastronomos\noacuerdo.html --> ftp.sonparamilo.org.mx /domains/sonparamilo.org.mx/public_html/inscripciones/gastronomos noacuerdo.html
2016.03.15 16:10 B D:\milo\inscripciones\gastronomos\PanelGastronomos.html --> ftp.sonparamilo.org.mx /domains/sonparamilo.org.mx/public_html/inscripciones/gastronomos PanelGastronomos.html
2016.03.15 16:10 B D:\milo\inscripciones\gastronomos\Paso1.html --> ftp.sonparamilo.org.mx /domains/sonparamilo.org.mx/public_html/inscripciones/gastronomos Paso1.html
2016.03.15 16:10 B D:\milo\inscripciones\gastronomos\Paso2.html --> ftp.sonparamilo.org.mx /domains/sonparamilo.org.mx/public_html/inscripciones/gastronomos Paso2.html
2016.03.15 16:10 B D:\milo\inscripciones\gastronomos\Paso3.html --> ftp.sonparamilo.org.mx /domains/sonparamilo.org.mx/public_html/inscripciones/gastronomos Paso3.html
2016.03.15 16:14 B D:\milo\inscripciones\gastronomos\Paso2.html --> ftp.sonparamilo.org.mx /domains/sonparamilo.org.mx/public_html/inscripciones/gastronomos Paso2.html
2016.03.15 16:16 B D:\milo\inscripciones\gastronomos\Paso3.html --> ftp.sonparamilo.org.mx /domains/sonparamilo.org.mx/public_html/inscripciones/gastronomos Paso3.html
2016.03.15 16:18 B D:\milo\inscripciones\gastronomos\Paso3.html --> ftp.sonparamilo.org.mx /domains/sonparamilo.org.mx/public_html/inscripciones Paso3.html
2016.03.15 16:18 B D:\milo\inscripciones\gastronomos\Paso3.html --> ftp.sonparamilo.org.mx /domains/sonparamilo.org.mx/public_html/inscripciones/gastronomos Paso3.html
2016.03.15 16:20 B D:\milo\inscripciones\gastronomos\Paso2.html --> ftp.sonparamilo.org.mx /domains/sonparamilo.org.mx/public_html/inscripciones/gastronomos Paso2.html
2016.03.15 16:34 B D:\milo\inscripciones\gastronomos\gracias.html --> ftp.sonparamilo.org.mx /domains/sonparamilo.org.mx/public_html/inscripciones gracias.html
2016.03.15 16:34 B D:\milo\inscripciones\gastronomos\gracias.html --> ftp.sonparamilo.org.mx /domains/sonparamilo.org.mx/public_html/inscripciones/gastronomos gracias.html
2016.03.21 15:40 B D:\milo\inscripciones\gastronomos\gracias.html --> ftp.sonparamilo.org.mx /domains/sonparamilo.org.mx/public_html/inscripciones/gastronomos gracias.html
2016.03.21 15:40 B D:\milo\inscripciones\gastronomos\noacuerdo.html --> ftp.sonparamilo.org.mx /domains/sonparamilo.org.mx/public_html/inscripciones/gastronomos noacuerdo.html
2016.03.21 15:40 B D:\milo\inscripciones\gastronomos\PanelGastronomos.html --> ftp.sonparamilo.org.mx /domains/sonparamilo.org.mx/public_html/inscripciones/gastronomos PanelGastronomos.html
2016.03.21 15:40 B D:\milo\inscripciones\gastronomos\Paso1.html --> ftp.sonparamilo.org.mx /domains/sonparamilo.org.mx/public_html/inscripciones/gastronomos Paso1.html
2016.03.21 15:40 B D:\milo\inscripciones\gastronomos\Paso2.html --> ftp.sonparamilo.org.mx /domains/sonparamilo.org.mx/public_html/inscripciones/gastronomos Paso2.html
2016.03.21 15:40 B D:\milo\inscripciones\gastronomos\Paso3.html --> ftp.sonparamilo.org.mx /domains/sonparamilo.org.mx/public_html/inscripciones/gastronomos Paso3.html
2016.03.21 15:53 B D:\milo\inscripciones\gastronomos\gracias.html --> ftp.sonparamilo.org.mx /domains/sonparamilo.org.mx/public_html/inscripciones/gastronomos gracias.html
2016.03.21 16:00 B D:\milo\inscripciones\gastronomos\gracias.html --> ftp.sonparamilo.org.mx /domains/sonparamilo.org.mx/public_html/inscripciones/gastronomos gracias.html
2016.03.21 16:01 B D:\milo\inscripciones\gastronomos\gracias.html --> ftp.sonparamilo.org.mx /domains/sonparamilo.org.mx/public_html/inscripciones/gastronomos gracias.html
2016.03.21 16:01 B D:\milo\inscripciones\gastronomos\noacuerdo.html --> ftp.sonparamilo.org.mx /domains/sonparamilo.org.mx/public_html/inscripciones/gastronomos noacuerdo.html
2016.03.21 16:01 B D:\milo\inscripciones\gastronomos\PanelGastronomos.html --> ftp.sonparamilo.org.mx /domains/sonparamilo.org.mx/public_html/inscripciones/gastronomos PanelGastronomos.html
2016.03.21 16:01 B D:\milo\inscripciones\gastronomos\Paso1.html --> ftp.sonparamilo.org.mx /domains/sonparamilo.org.mx/public_html/inscripciones/gastronomos Paso1.html
2016.03.21 16:01 B D:\milo\inscripciones\gastronomos\Paso2.html --> ftp.sonparamilo.org.mx /domains/sonparamilo.org.mx/public_html/inscripciones/gastronomos Paso2.html
2016.03.21 16:01 B D:\milo\inscripciones\gastronomos\Paso3.html --> ftp.sonparamilo.org.mx /domains/sonparamilo.org.mx/public_html/inscripciones/gastronomos Paso3.html
