\BOOKMARK [0][-]{Doc-Start}{ azulFProl\363go \040}{}% 1
\BOOKMARK [0][-]{chapter.1}{C\363mo usar esta plantilla "A"}{}% 2
\BOOKMARK [1][-]{section.1.1}{Requisitos para compilar}{chapter.1}% 3
\BOOKMARK [1][-]{section.1.2}{Dimensiones}{chapter.1}% 4
\BOOKMARK [1][-]{section.1.3}{Plantilla general}{chapter.1}% 5
\BOOKMARK [1][-]{section.1.4}{Entornos}{chapter.1}% 6
\BOOKMARK [1][-]{section.1.5}{Paquetes habilitados en esta plantilla}{chapter.1}% 7
\BOOKMARK [0][-]{chapter.2}{Entornos}{}% 8
\BOOKMARK [1][-]{section.2.1}{Entornos sin cajas}{chapter.2}% 9
\BOOKMARK [1][-]{section.2.2}{Entornos con cajas}{chapter.2}% 10
\BOOKMARK [1][-]{section.2.3}{Cambiar los colores en el pre\341mbulo}{chapter.2}% 11
\BOOKMARK [0][-]{chapter.3}{Otros entornos}{}% 12
\BOOKMARK [1][-]{section.3.1}{Cajas y cajas simples}{chapter.3}% 13
\BOOKMARK [1][-]{section.3.2}{Notas y vocabulario}{chapter.3}% 14
\BOOKMARK [0][-]{chapter.4}{Cosas de edici\363n habilitadas}{}% 15
\BOOKMARK [1][-]{section.4.1}{Listas de enumeraci\363n adicionales}{chapter.4}% 16
\BOOKMARK [1][-]{section.4.2}{C\363digo de programas en color}{chapter.4}% 17
\BOOKMARK [1][-]{section.4.3}{El entorno tabular}{chapter.4}% 18
\BOOKMARK [1][-]{section.4.4}{Tablas con el paquete TIKZ}{chapter.4}% 19
\BOOKMARK [2][-]{subsection.4.4.1}{Tablas con tcolorbox y tabularx}{section.4.4}% 20
\BOOKMARK [1][-]{section.4.5}{Gr\341ficos}{chapter.4}% 21
\BOOKMARK [1][-]{section.4.6}{Listas de ejercicios}{chapter.4}% 22
\BOOKMARK [1][-]{section.4.7}{Caja para listas de ejercicios}{chapter.4}% 23
\BOOKMARK [1][-]{section.4.8}{Entorno bibliograf\355a}{chapter.4}% 24
\BOOKMARK [1][-]{lstnumber.-39.12}{azulF Bibliograf\355a}{chapter.4}% 25
\BOOKMARK [1][-]{chapter*.11}{Soluciones del Cap\355tulo 4}{chapter.4}% 26
