ISim log file
Running: C:\Users\jonnyTest\colector\main_isim_beh.exe -intstyle ise -gui -tclbatch isim.cmd -wdb C:/Users/jonnyTest/colector/main_isim_beh.wdb 
ISim P.68d (signature 0x7708f090)
WARNING: A WEBPACK license was found.
WARNING: Please use Xilinx License Configuration Manager to check out a full ISim license.
WARNING: ISim will run in Lite mode. Please refer to the ISim documentation for more information on the differences between the Lite and the Full version.
This is a Lite version of ISim.
Time resolution is 1 ps
# onerror resume
# wave add /
# run 1000 ns
Simulator is doing circuit initialization process.
Finished circuit initialization process.
# isim force add /main/vclk6 1 -radix bin -value 1 -radix bin -time 500 fs -repeat 1 ps
# isim force add /main/vclk6 1 -radix bin -value 1 -radix bin -time 500 fs -repeat 1 ps
# isim force add /main/ci 0 -radix bin
# isim force add /main/s1 0 -radix bin
# isim force remove /main/vclk6
# isim force add /main/vclk6 1 -radix bin -value 1 -radix bin -time 1 ps -repeat 2 ps
# isim force add /main/vclk6 1 -radix bin -value 1 -radix bin -time 1 ps -repeat 2 ps
# restart
# run all
Simulator is doing circuit initialization process.
Finished circuit initialization process.
# run all
# run all
# run all
# run all
# run all
