Release 14.6 - xst P.68d (nt64)
Copyright (c) 1995-2013 Xilinx, Inc.  All rights reserved.
--> Parameter TMPDIR set to xst/projnav.tmp


Total REAL time to Xst completion: 0.00 secs
Total CPU time to Xst completion: 0.12 secs
 
--> Parameter xsthdpdir set to xst


Total REAL time to Xst completion: 0.00 secs
Total CPU time to Xst completion: 0.12 secs
 
--> Reading design: main.prj

TABLE OF CONTENTS
  1) Synthesis Options Summary
  2) HDL Compilation
  3) Design Hierarchy Analysis
  4) HDL Analysis
  5) HDL Synthesis
     5.1) HDL Synthesis Report
  6) Advanced HDL Synthesis
     6.1) Advanced HDL Synthesis Report
  7) Low Level Synthesis
  8) Partition Report
  9) Final Report
	9.1) Device utilization summary
	9.2) Partition Resource Summary
	9.3) TIMING REPORT


=========================================================================
*                      Synthesis Options Summary                        *
=========================================================================
---- Source Parameters
Input File Name                    : "main.prj"
Input Format                       : mixed
Ignore Synthesis Constraint File   : NO

---- Target Parameters
Output File Name                   : "main"
Output Format                      : NGC
Target Device                      : xc3s100e-5-cp132

---- Source Options
Top Module Name                    : main
Automatic FSM Extraction           : YES
FSM Encoding Algorithm             : Auto
Safe Implementation                : No
FSM Style                          : LUT
RAM Extraction                     : Yes
RAM Style                          : Auto
ROM Extraction                     : Yes
Mux Style                          : Auto
Decoder Extraction                 : YES
Priority Encoder Extraction        : Yes
Shift Register Extraction          : YES
Logical Shifter Extraction         : YES
XOR Collapsing                     : YES
ROM Style                          : Auto
Mux Extraction                     : Yes
Resource Sharing                   : YES
Asynchronous To Synchronous        : NO
Multiplier Style                   : Auto
Automatic Register Balancing       : No

---- Target Options
Add IO Buffers                     : YES
Global Maximum Fanout              : 100000
Add Generic Clock Buffer(BUFG)     : 24
Register Duplication               : YES
Slice Packing                      : YES
Optimize Instantiated Primitives   : NO
Use Clock Enable                   : Yes
Use Synchronous Set                : Yes
Use Synchronous Reset              : Yes
Pack IO Registers into IOBs        : Auto
Equivalent register Removal        : YES

---- General Options
Optimization Goal                  : Speed
Optimization Effort                : 1
Keep Hierarchy                     : No
Netlist Hierarchy                  : As_Optimized
RTL Output                         : Yes
Global Optimization                : AllClockNets
Read Cores                         : YES
Write Timing Constraints           : NO
Cross Clock Analysis               : NO
Hierarchy Separator                : /
Bus Delimiter                      : <>
Case Specifier                     : Maintain
Slice Utilization Ratio            : 100
BRAM Utilization Ratio             : 100
Verilog 2001                       : YES
Auto BRAM Packing                  : NO
Slice Utilization Ratio Delta      : 5

=========================================================================


=========================================================================
*                          HDL Compilation                              *
=========================================================================
Compiling vhdl file "C:/Users/jonnyTest/colector/pack.vhd" in Library work.
Compiling vhdl file "C:/Users/jonnyTest/colector/FFJK.vhd" in Library work.
Architecture prosjk of Entity ffjk is up to date.
Compiling vhdl file "C:/Users/jonnyTest/colector/clock.vhd" in Library work.
Architecture retardo of Entity vclk is up to date.
Compiling vhdl file "C:/Users/jonnyTest/colector/Reg.vhd" in Library work.
Architecture behavioral of Entity reg is up to date.
Compiling vhdl file "C:/Users/jonnyTest/colector/suma.vhd" in Library work.
Architecture behavioral of Entity suma is up to date.
Compiling vhdl file "C:/Users/jonnyTest/colector/main.vhd" in Library work.
Entity <main> compiled.
Entity <main> (Architecture <acum>) compiled.

=========================================================================
*                     Design Hierarchy Analysis                         *
=========================================================================
Analyzing hierarchy for entity <main> in library <work> (architecture <acum>).

Analyzing hierarchy for entity <vclk> in library <work> (architecture <retardo>).

Analyzing hierarchy for entity <Reg> in library <work> (architecture <behavioral>).

Analyzing hierarchy for entity <suma> in library <work> (architecture <behavioral>).

Analyzing hierarchy for entity <FFJK> in library <work> (architecture <prosjk>).


=========================================================================
*                            HDL Analysis                               *
=========================================================================
Analyzing Entity <main> in library <work> (Architecture <acum>).
Entity <main> analyzed. Unit <main> generated.

Analyzing Entity <vclk> in library <work> (Architecture <retardo>).
Entity <vclk> analyzed. Unit <vclk> generated.

Analyzing Entity <Reg> in library <work> (Architecture <behavioral>).
Entity <Reg> analyzed. Unit <Reg> generated.

Analyzing Entity <FFJK> in library <work> (Architecture <prosjk>).
Entity <FFJK> analyzed. Unit <FFJK> generated.

Analyzing Entity <suma> in library <work> (Architecture <behavioral>).
Entity <suma> analyzed. Unit <suma> generated.


=========================================================================
*                           HDL Synthesis                               *
=========================================================================

Performing bidirectional port resolution...

Synthesizing Unit <vclk>.
    Related source file is "C:/Users/jonnyTest/colector/clock.vhd".
    Found 1-bit register for signal <q>.
    Found 28-bit up counter for signal <aux>.
    Summary:
	inferred   1 Counter(s).
	inferred   1 D-type flip-flop(s).
Unit <vclk> synthesized.


Synthesizing Unit <suma>.
    Related source file is "C:/Users/jonnyTest/colector/suma.vhd".
    Found 1-bit xor2 for signal <F>.
    Found 1-bit xor2 for signal <Cout$xor0000> created at line 17.
Unit <suma> synthesized.


Synthesizing Unit <FFJK>.
    Related source file is "C:/Users/jonnyTest/colector/FFJK.vhd".
    Found 1-bit register for signal <aux>.
    Summary:
	inferred   1 D-type flip-flop(s).
Unit <FFJK> synthesized.


Synthesizing Unit <Reg>.
    Related source file is "C:/Users/jonnyTest/colector/Reg.vhd".
WARNING:Xst:646 - Signal <Qn> is assigned but never used. This unconnected signal will be trimmed during the optimization process.
Unit <Reg> synthesized.


Synthesizing Unit <main>.
    Related source file is "C:/Users/jonnyTest/colector/main.vhd".
WARNING:Xst:646 - Signal <Sal> is assigned but never used. This unconnected signal will be trimmed during the optimization process.
WARNING:Xst:646 - Signal <Cout<3>> is assigned but never used. This unconnected signal will be trimmed during the optimization process.
    Found 4-bit xor2 for signal <J>.
Unit <main> synthesized.


=========================================================================
HDL Synthesis Report

Macro Statistics
# Counters                                             : 1
 28-bit up counter                                     : 1
# Registers                                            : 5
 1-bit register                                        : 5
# Xors                                                 : 12
 1-bit xor2                                            : 12

=========================================================================

=========================================================================
*                       Advanced HDL Synthesis                          *
=========================================================================

WARNING:Xst:1290 - Hierarchical block <bitS1> is unconnected in block <main>.
   It will be removed from the design.
WARNING:Xst:1290 - Hierarchical block <bitS2> is unconnected in block <main>.
   It will be removed from the design.
WARNING:Xst:1290 - Hierarchical block <bitS3> is unconnected in block <main>.
   It will be removed from the design.
WARNING:Xst:1290 - Hierarchical block <bitS4> is unconnected in block <main>.
   It will be removed from the design.

=========================================================================
Advanced HDL Synthesis Report

Macro Statistics
# Counters                                             : 1
 28-bit up counter                                     : 1
# Registers                                            : 5
 Flip-Flops                                            : 5
# Xors                                                 : 12
 1-bit xor2                                            : 12

=========================================================================

=========================================================================
*                         Low Level Synthesis                           *
=========================================================================
WARNING:Xst:1710 - FF/Latch <registro/bit1/aux> (without init value) has a constant value of 1 in block <main>. This FF/Latch will be trimmed during the optimization process.
WARNING:Xst:1710 - FF/Latch <registro/bit2/aux> (without init value) has a constant value of 1 in block <main>. This FF/Latch will be trimmed during the optimization process.
WARNING:Xst:1710 - FF/Latch <registro/bit3/aux> (without init value) has a constant value of 1 in block <main>. This FF/Latch will be trimmed during the optimization process.
WARNING:Xst:1710 - FF/Latch <registro/bit4/aux> (without init value) has a constant value of 1 in block <main>. This FF/Latch will be trimmed during the optimization process.

Optimizing unit <main> ...

Mapping all equations...
Building and optimizing final netlist ...
Found area constraint ratio of 100 (+ 5) on block main, actual ratio is 1.

Final Macro Processing ...

=========================================================================
Final Register Report

Macro Statistics
# Registers                                            : 29
 Flip-Flops                                            : 29

=========================================================================

=========================================================================
*                           Partition Report                            *
=========================================================================

Partition Implementation Status
-------------------------------

  No Partitions were found in this design.

-------------------------------

=========================================================================
*                            Final Report                               *
=========================================================================
Final Results
RTL Top Level Output File Name     : main.ngr
Top Level Output File Name         : main
Output Format                      : NGC
Optimization Goal                  : Speed
Keep Hierarchy                     : No

Design Statistics
# IOs                              : 11

Cell Usage :
# BELS                             : 86
#      GND                         : 1
#      INV                         : 2
#      LUT1                        : 27
#      MUXCY                       : 27
#      VCC                         : 1
#      XORCY                       : 28
# FlipFlops/Latches                : 29
#      FDE                         : 1
#      FDR                         : 28
# Clock Buffers                    : 1
#      BUFGP                       : 1
# IO Buffers                       : 5
#      OBUF                        : 5
=========================================================================

Device utilization summary:
---------------------------

Selected Device : 3s100ecp132-5 

 Number of Slices:                       15  out of    960     1%  
 Number of Slice Flip Flops:             29  out of   1920     1%  
 Number of 4 input LUTs:                 29  out of   1920     1%  
 Number of IOs:                          11
 Number of bonded IOBs:                   6  out of     83     7%  
 Number of GCLKs:                         1  out of     24     4%  

---------------------------
Partition Resource Summary:
---------------------------

  No Partitions were found in this design.

---------------------------


=========================================================================
TIMING REPORT

NOTE: THESE TIMING NUMBERS ARE ONLY A SYNTHESIS ESTIMATE.
      FOR ACCURATE TIMING INFORMATION PLEASE REFER TO THE TRACE REPORT
      GENERATED AFTER PLACE-and-ROUTE.

Clock Information:
------------------
-----------------------------------+------------------------+-------+
Clock Signal                       | Clock buffer(FF name)  | Load  |
-----------------------------------+------------------------+-------+
clk                                | BUFGP                  | 29    |
-----------------------------------+------------------------+-------+

Asynchronous Control Signals Information:
----------------------------------------
No asynchronous control signals found in this design

Timing Summary:
---------------
Speed Grade: -5

   Minimum period: 4.294ns (Maximum Frequency: 232.910MHz)
   Minimum input arrival time before clock: No path found
   Maximum output required time after clock: 4.063ns
   Maximum combinational path delay: No path found

Timing Detail:
--------------
All values displayed in nanoseconds (ns)

=========================================================================
Timing constraint: Default period analysis for Clock 'clk'
  Clock period: 4.294ns (frequency: 232.910MHz)
  Total number of paths / destination ports: 436 / 58
-------------------------------------------------------------------------
Delay:               4.294ns (Levels of Logic = 28)
  Source:            reloj/aux_1 (FF)
  Destination:       reloj/aux_27 (FF)
  Source Clock:      clk rising
  Destination Clock: clk rising

  Data Path: reloj/aux_1 to reloj/aux_27
                                Gate     Net
    Cell:in->out      fanout   Delay   Delay  Logical Name (Net Name)
    ----------------------------------------  ------------
     FDR:C->Q              1   0.514   0.509  reloj/aux_1 (reloj/aux_1)
     LUT1:I0->O            1   0.612   0.000  reloj/Mcount_aux_cy<1>_rt (reloj/Mcount_aux_cy<1>_rt)
     MUXCY:S->O            1   0.404   0.000  reloj/Mcount_aux_cy<1> (reloj/Mcount_aux_cy<1>)
     MUXCY:CI->O           1   0.052   0.000  reloj/Mcount_aux_cy<2> (reloj/Mcount_aux_cy<2>)
     MUXCY:CI->O           1   0.052   0.000  reloj/Mcount_aux_cy<3> (reloj/Mcount_aux_cy<3>)
     MUXCY:CI->O           1   0.052   0.000  reloj/Mcount_aux_cy<4> (reloj/Mcount_aux_cy<4>)
     MUXCY:CI->O           1   0.052   0.000  reloj/Mcount_aux_cy<5> (reloj/Mcount_aux_cy<5>)
     MUXCY:CI->O           1   0.052   0.000  reloj/Mcount_aux_cy<6> (reloj/Mcount_aux_cy<6>)
     MUXCY:CI->O           1   0.051   0.000  reloj/Mcount_aux_cy<7> (reloj/Mcount_aux_cy<7>)
     MUXCY:CI->O           1   0.051   0.000  reloj/Mcount_aux_cy<8> (reloj/Mcount_aux_cy<8>)
     MUXCY:CI->O           1   0.051   0.000  reloj/Mcount_aux_cy<9> (reloj/Mcount_aux_cy<9>)
     MUXCY:CI->O           1   0.051   0.000  reloj/Mcount_aux_cy<10> (reloj/Mcount_aux_cy<10>)
     MUXCY:CI->O           1   0.051   0.000  reloj/Mcount_aux_cy<11> (reloj/Mcount_aux_cy<11>)
     MUXCY:CI->O           1   0.051   0.000  reloj/Mcount_aux_cy<12> (reloj/Mcount_aux_cy<12>)
     MUXCY:CI->O           1   0.051   0.000  reloj/Mcount_aux_cy<13> (reloj/Mcount_aux_cy<13>)
     MUXCY:CI->O           1   0.051   0.000  reloj/Mcount_aux_cy<14> (reloj/Mcount_aux_cy<14>)
     MUXCY:CI->O           1   0.051   0.000  reloj/Mcount_aux_cy<15> (reloj/Mcount_aux_cy<15>)
     MUXCY:CI->O           1   0.051   0.000  reloj/Mcount_aux_cy<16> (reloj/Mcount_aux_cy<16>)
     MUXCY:CI->O           1   0.051   0.000  reloj/Mcount_aux_cy<17> (reloj/Mcount_aux_cy<17>)
     MUXCY:CI->O           1   0.051   0.000  reloj/Mcount_aux_cy<18> (reloj/Mcount_aux_cy<18>)
     MUXCY:CI->O           1   0.051   0.000  reloj/Mcount_aux_cy<19> (reloj/Mcount_aux_cy<19>)
     MUXCY:CI->O           1   0.051   0.000  reloj/Mcount_aux_cy<20> (reloj/Mcount_aux_cy<20>)
     MUXCY:CI->O           1   0.051   0.000  reloj/Mcount_aux_cy<21> (reloj/Mcount_aux_cy<21>)
     MUXCY:CI->O           1   0.051   0.000  reloj/Mcount_aux_cy<22> (reloj/Mcount_aux_cy<22>)
     MUXCY:CI->O           1   0.051   0.000  reloj/Mcount_aux_cy<23> (reloj/Mcount_aux_cy<23>)
     MUXCY:CI->O           1   0.051   0.000  reloj/Mcount_aux_cy<24> (reloj/Mcount_aux_cy<24>)
     MUXCY:CI->O           1   0.051   0.000  reloj/Mcount_aux_cy<25> (reloj/Mcount_aux_cy<25>)
     MUXCY:CI->O           0   0.051   0.000  reloj/Mcount_aux_cy<26> (reloj/Mcount_aux_cy<26>)
     XORCY:CI->O           1   0.699   0.000  reloj/Mcount_aux_xor<27> (Result<27>)
     FDR:D                     0.268          reloj/aux_27
    ----------------------------------------
    Total                      4.294ns (3.785ns logic, 0.509ns route)
                                       (88.1% logic, 11.9% route)

=========================================================================
Timing constraint: Default OFFSET OUT AFTER for Clock 'clk'
  Total number of paths / destination ports: 1 / 1
-------------------------------------------------------------------------
Offset:              4.063ns (Levels of Logic = 1)
  Source:            reloj/q (FF)
  Destination:       clk2 (PAD)
  Source Clock:      clk rising

  Data Path: reloj/q to clk2
                                Gate     Net
    Cell:in->out      fanout   Delay   Delay  Logical Name (Net Name)
    ----------------------------------------  ------------
     FDE:C->Q              2   0.514   0.380  reloj/q (reloj/q)
     OBUF:I->O                 3.169          clk2_OBUF (clk2)
    ----------------------------------------
    Total                      4.063ns (3.683ns logic, 0.380ns route)
                                       (90.6% logic, 9.4% route)

=========================================================================


Total REAL time to Xst completion: 8.00 secs
Total CPU time to Xst completion: 7.43 secs
 
--> 

Total memory usage is 255528 kilobytes

Number of errors   :    0 (   0 filtered)
Number of warnings :   11 (   0 filtered)
Number of infos    :    0 (   0 filtered)

