ISim log file
Running: C:\Users\Nancy\Documents\Xilinx\2doParcial\restador\main_isim_beh.exe -intstyle ise -gui -tclbatch isim.cmd -wdb C:/Users/Nancy/Documents/Xilinx/2doParcial/restador/main_isim_beh.wdb 
ISim O.40d (signature 0xc4ca3437)
This is a Full version of ISim.
Time resolution is 1 ps
# onerror resume
# wave add /
# run 1000 ns
Simulator is doing circuit initialization process.
Finished circuit initialization process.
# restart
# isim force add /main/vec1 0000 -radix bin
# isim force add /main/vec2 0001 -radix bin
# isim force add /main/cin 0 -radix bin
# run 1.00us
Simulator is doing circuit initialization process.
Finished circuit initialization process.
# isim force add /main/cin 1 -radix bin
# run 1.00us
# isim force add /main/vec1 1111 -radix bin
# run 1.00us
# isim force add /main/vec2 0011 -radix bin
# run 1.00us
# isim force add /main/vec1 1000 -radix bin
# run 1.00us
# isim force add /main/vec2 0011 -radix bin
# run 1.00us
# isim force add /main/vec2 1000 -radix bin
# run 1.00us
# isim force add /main/vec1 1001 -radix bin
# run 1.00us
