--------------------------------------------------------------------------------
Release 13.1 Trace  (nt64)
Copyright (c) 1995-2011 Xilinx, Inc.  All rights reserved.

C:\Xilinx\13.1\ISE_DS\ISE\bin\nt64\unwrapped\trce.exe -intstyle ise -v 3 -s 5
-n 3 -fastpaths -xml main.twx main.ncd -o main.twr main.pcf -ucf
Basys2_100_250General.ucf

Design file:              main.ncd
Physical constraint file: main.pcf
Device,package,speed:     xc3s100e,cp132,-5 (PRODUCTION 1.27 2011-02-03)
Report level:             verbose report

Environment Variable      Effect 
--------------------      ------ 
NONE                      No environment variables were set
--------------------------------------------------------------------------------

INFO:Timing:2698 - No timing constraints found, doing default enumeration.
INFO:Timing:2752 - To get complete path coverage, use the unconstrained paths 
   option. All paths that are not constrained will be reported in the 
   unconstrained paths section(s) of the report.
INFO:Timing:3339 - The clock-to-out numbers in this timing report are based on 
   a 50 Ohm transmission line loading model.  For the details of this model, 
   and for more information on accounting for different loading conditions, 
   please see the device datasheet.
INFO:Timing:3390 - This architecture does not support a default System Jitter 
   value, please add SYSTEM_JITTER constraint to the UCF to modify the Clock 
   Uncertainty calculation.
INFO:Timing:3389 - This architecture does not support 'Discrete Jitter' and 
   'Phase Error' calculations, these terms will be zero in the Clock 
   Uncertainty calculation.  Please make appropriate modification to 
   SYSTEM_JITTER to account for the unsupported Discrete Jitter and Phase 
   Error.



Data Sheet report:
-----------------
All values displayed in nanoseconds (ns)

Pad to Pad
---------------+---------------+---------+
Source Pad     |Destination Pad|  Delay  |
---------------+---------------+---------+
c<0>           |sum<0>         |    8.493|
c<0>           |sum<1>         |    8.673|
c<0>           |sum<2>         |    9.304|
c<0>           |sum<3>         |    8.458|
c<0>           |sum<4>         |    8.017|
c<1>           |sum<0>         |    7.812|
c<1>           |sum<1>         |    7.992|
c<1>           |sum<2>         |    8.623|
c<1>           |sum<3>         |    7.777|
c<1>           |sum<4>         |    7.066|
c<2>           |sum<0>         |    7.848|
c<2>           |sum<1>         |    7.933|
c<2>           |sum<2>         |    8.769|
c<2>           |sum<3>         |    7.659|
c<2>           |sum<4>         |    7.067|
vec1<0>        |sum<0>         |    7.212|
vec1<1>        |sum<1>         |    7.162|
vec1<2>        |sum<2>         |    6.635|
vec1<3>        |sum<3>         |    7.979|
vec1<3>        |sum<4>         |    8.154|
vec2<0>        |sum<0>         |    6.895|
vec2<1>        |sum<1>         |    7.365|
vec2<2>        |sum<2>         |    7.063|
vec2<3>        |sum<3>         |    7.574|
vec2<3>        |sum<4>         |    7.514|
---------------+---------------+---------+


Analysis completed Wed May 27 08:23:06 2015 
--------------------------------------------------------------------------------

Trace Settings:
-------------------------
Trace Settings 

Peak Memory Usage: 133 MB



