Command line:
   main_isim_beh.exe
     -simmode  gui
     -simrunnum  0
     -socket  60363

Wed Jun 10 15:47:20 2015


 Elaboration Time: 0.078 sec

 Current Memory Usage: 1315.09 Meg

 Total Signals          : 27
 Total Nets             : 17
 Total Signal Drivers   : 9
 Total Blocks           : 7
 Total Primitive Blocks : 6
 Total Processes        : 8
 Total Traceable Variables  : 8
 Total Scalar Nets and Variables : 377
Total Line Count : 8
Total Line Count : 8
Total Line Count : 8
Total Line Count : 8

 Total Simulation Time: 4.27443 sec

 Current Memory Usage: 685.916 Meg

Wed Jun 10 16:14:23 2015

