--------------------------------------------------------------------------------
Release 14.6 Trace  (nt64)
Copyright (c) 1995-2013 Xilinx, Inc.  All rights reserved.

C:\Xilinx\14.6\ISE_DS\ISE\bin\nt64\unwrapped\trce.exe -intstyle ise -v 3 -s 5
-n 3 -fastpaths -xml main.twx main.ncd -o main.twr main.pcf -ucf
Basys2_100_250General.ucf

Design file:              main.ncd
Physical constraint file: main.pcf
Device,package,speed:     xc3s100e,cp132,-5 (PRODUCTION 1.27 2013-06-08)
Report level:             verbose report

Environment Variable      Effect 
--------------------      ------ 
NONE                      No environment variables were set
--------------------------------------------------------------------------------

INFO:Timing:2698 - No timing constraints found, doing default enumeration.
INFO:Timing:3412 - To improve timing, see the Timing Closure User Guide (UG612).
INFO:Timing:2752 - To get complete path coverage, use the unconstrained paths 
   option. All paths that are not constrained will be reported in the 
   unconstrained paths section(s) of the report.
INFO:Timing:3339 - The clock-to-out numbers in this timing report are based on 
   a 50 Ohm transmission line loading model.  For the details of this model, 
   and for more information on accounting for different loading conditions, 
   please see the device datasheet.
INFO:Timing:3390 - This architecture does not support a default System Jitter 
   value, please add SYSTEM_JITTER constraint to the UCF to modify the Clock 
   Uncertainty calculation.
INFO:Timing:3389 - This architecture does not support 'Discrete Jitter' and 
   'Phase Error' calculations, these terms will be zero in the Clock 
   Uncertainty calculation.  Please make appropriate modification to 
   SYSTEM_JITTER to account for the unsupported Discrete Jitter and Phase 
   Error.



Data Sheet report:
-----------------
All values displayed in nanoseconds (ns)

Pad to Pad
---------------+---------------+---------+
Source Pad     |Destination Pad|  Delay  |
---------------+---------------+---------+
A<0>           |Sal<0>         |    6.877|
A<0>           |Sal<1>         |    7.982|
A<0>           |Sal<2>         |    9.044|
A<0>           |Sal<3>         |    9.978|
A<0>           |Sal<4>         |   10.108|
A<1>           |Sal<1>         |    7.255|
A<1>           |Sal<2>         |    8.283|
A<1>           |Sal<3>         |    9.217|
A<1>           |Sal<4>         |    9.347|
A<2>           |Sal<2>         |    7.711|
A<2>           |Sal<3>         |    7.784|
A<2>           |Sal<4>         |    7.914|
A<3>           |Sal<3>         |    7.402|
A<3>           |Sal<4>         |    8.253|
B<0>           |Sal<0>         |    7.579|
B<0>           |Sal<1>         |    8.695|
B<0>           |Sal<2>         |    9.757|
B<0>           |Sal<3>         |   10.691|
B<0>           |Sal<4>         |   10.821|
B<1>           |Sal<1>         |    8.492|
B<1>           |Sal<2>         |    9.549|
B<1>           |Sal<3>         |   10.483|
B<1>           |Sal<4>         |   10.613|
B<2>           |Sal<2>         |    8.158|
B<2>           |Sal<3>         |    9.362|
B<2>           |Sal<4>         |    9.492|
B<3>           |Sal<3>         |    8.034|
B<3>           |Sal<4>         |    8.857|
Cin            |Sal<0>         |    6.884|
Cin            |Sal<1>         |    7.844|
Cin            |Sal<2>         |    8.906|
Cin            |Sal<3>         |    9.840|
Cin            |Sal<4>         |    9.970|
S0             |Sal<0>         |    7.603|
S0             |Sal<1>         |    8.820|
S0             |Sal<2>         |    9.877|
S0             |Sal<3>         |   10.811|
S0             |Sal<4>         |   10.941|
S1             |Sal<0>         |    7.818|
S1             |Sal<1>         |    8.934|
S1             |Sal<2>         |    9.996|
S1             |Sal<3>         |   10.930|
S1             |Sal<4>         |   11.060|
---------------+---------------+---------+


Analysis completed Wed Jun 03 07:52:38 2015 
--------------------------------------------------------------------------------

Trace Settings:
-------------------------
Trace Settings 

Peak Memory Usage: 149 MB



