This is pdfTeX, Version 3.14159265-2.6-1.40.15 (TeX Live 2014) (preloaded format=pdflatex 2014.5.25)  11 JUN 2015 18:59
entering extended mode
 restricted \write18 enabled.
 file:line:error style messages enabled.
 %&-line parsing enabled.
**"Trabajo Terminal v9.2.tex"
(./Trabajo Terminal v9.2.tex
LaTeX2e <2014/05/01>
Babel <3.9k> and hyphenation patterns for 78 languages loaded.
(/usr/local/texlive/2014/texmf-dist/tex/latex/base/report.cls
Document Class: report 2007/10/19 v1.4h Standard LaTeX document class
(/usr/local/texlive/2014/texmf-dist/tex/latex/base/size12.clo
File: size12.clo 2007/10/19 v1.4h Standard LaTeX file (size option)
)
\c@part=\count79
\c@chapter=\count80
\c@section=\count81
\c@subsection=\count82
\c@subsubsection=\count83
\c@paragraph=\count84
\c@subparagraph=\count85
\c@figure=\count86
\c@table=\count87
\abovecaptionskip=\skip41
\belowcaptionskip=\skip42
\bibindent=\dimen102
)
(/usr/local/texlive/2014/texmf-dist/tex/latex/tocbibind/tocbibind.sty
Package: tocbibind 2010/10/13 v1.5k extra ToC listings
Package tocbibind Info: The document has chapter divisions on input line 50.


Package tocbibind Note: Using chapter style headings, unless overridden.

) (/usr/local/texlive/2014/texmf-dist/tex/generic/babel/babel.sty
Package: babel 2014/03/24 3.9k The Babel package

(/usr/local/texlive/2014/texmf-dist/tex/generic/babel-spanish/spanish.ldf
Language: spanish.ldf 2014/04/24 v5.0n Spanish support from the babel system

(/usr/local/texlive/2014/texmf-dist/tex/generic/babel/babel.def
File: babel.def 2014/03/24 3.9k Babel common definitions
\babel@savecnt=\count88
\U@D=\dimen103
)
\es@quottoks=\toks14
\es@quotdepth=\count89
Package babel Info: Making " an active character on input line 516.
Package babel Info: Making . an active character on input line 617.
Package babel Info: Making < an active character on input line 662.
Package babel Info: Making > an active character on input line 662.
))
(/usr/local/texlive/2014/texmf-dist/tex/latex/base/fontenc.sty
Package: fontenc 2005/09/27 v1.99g Standard LaTeX package

(/usr/local/texlive/2014/texmf-dist/tex/latex/base/t1enc.def
File: t1enc.def 2005/09/27 v1.99g Standard LaTeX file
LaTeX Font Info:    Redeclaring font encoding T1 on input line 43.
))
(/usr/local/texlive/2014/texmf-dist/tex/latex/amsmath/amsmath.sty
Package: amsmath 2013/01/14 v2.14 AMS math features
\@mathmargin=\skip43

For additional information on amsmath, use the `?' option.
(/usr/local/texlive/2014/texmf-dist/tex/latex/amsmath/amstext.sty
Package: amstext 2000/06/29 v2.01

(/usr/local/texlive/2014/texmf-dist/tex/latex/amsmath/amsgen.sty
File: amsgen.sty 1999/11/30 v2.0
\@emptytoks=\toks15
\ex@=\dimen104
))
(/usr/local/texlive/2014/texmf-dist/tex/latex/amsmath/amsbsy.sty
Package: amsbsy 1999/11/29 v1.2d
\pmbraise@=\dimen105
)
(/usr/local/texlive/2014/texmf-dist/tex/latex/amsmath/amsopn.sty
Package: amsopn 1999/12/14 v2.01 operator names
)
\inf@bad=\count90
LaTeX Info: Redefining \frac on input line 210.
\uproot@=\count91
\leftroot@=\count92
LaTeX Info: Redefining \overline on input line 306.
\classnum@=\count93
\DOTSCASE@=\count94
LaTeX Info: Redefining \ldots on input line 378.
LaTeX Info: Redefining \dots on input line 381.
LaTeX Info: Redefining \cdots on input line 466.
\Mathstrutbox@=\box26
\strutbox@=\box27
\big@size=\dimen106
LaTeX Font Info:    Redeclaring font encoding OML on input line 566.
LaTeX Font Info:    Redeclaring font encoding OMS on input line 567.
\macc@depth=\count95
\c@MaxMatrixCols=\count96
\dotsspace@=\muskip10
\c@parentequation=\count97
\dspbrk@lvl=\count98
\tag@help=\toks16
\row@=\count99
\column@=\count100
\maxfields@=\count101
\andhelp@=\toks17
\eqnshift@=\dimen107
\alignsep@=\dimen108
\tagshift@=\dimen109
\tagwidth@=\dimen110
\totwidth@=\dimen111
\lineht@=\dimen112
\@envbody=\toks18
\multlinegap=\skip44
\multlinetaggap=\skip45
\mathdisplay@stack=\toks19
LaTeX Info: Redefining \[ on input line 2665.
LaTeX Info: Redefining \] on input line 2666.
)
(/usr/local/texlive/2014/texmf-dist/tex/latex/fancyhdr/fancyhdr.sty
\fancy@headwidth=\skip46
\f@ncyO@elh=\skip47
\f@ncyO@erh=\skip48
\f@ncyO@olh=\skip49
\f@ncyO@orh=\skip50
\f@ncyO@elf=\skip51
\f@ncyO@erf=\skip52
\f@ncyO@olf=\skip53
\f@ncyO@orf=\skip54
)
(/usr/local/texlive/2014/texmf-dist/tex/latex/graphics/graphicx.sty
Package: graphicx 2014/04/25 v1.0g Enhanced LaTeX Graphics (DPC,SPQR)

(/usr/local/texlive/2014/texmf-dist/tex/latex/graphics/keyval.sty
Package: keyval 2014/05/08 v1.15 key=value parser (DPC)
\KV@toks@=\toks20
)
(/usr/local/texlive/2014/texmf-dist/tex/latex/graphics/graphics.sty
Package: graphics 2009/02/05 v1.0o Standard LaTeX Graphics (DPC,SPQR)

(/usr/local/texlive/2014/texmf-dist/tex/latex/graphics/trig.sty
Package: trig 1999/03/16 v1.09 sin cos tan (DPC)
)
(/usr/local/texlive/2014/texmf-dist/tex/latex/latexconfig/graphics.cfg
File: graphics.cfg 2010/04/23 v1.9 graphics configuration of TeX Live
)
Package graphics Info: Driver file: pdftex.def on input line 91.

(/usr/local/texlive/2014/texmf-dist/tex/latex/pdftex-def/pdftex.def
File: pdftex.def 2011/05/27 v0.06d Graphics/color for pdfTeX

(/usr/local/texlive/2014/texmf-dist/tex/generic/oberdiek/infwarerr.sty
Package: infwarerr 2010/04/08 v1.3 Providing info/warning/error messages (HO)
)
(/usr/local/texlive/2014/texmf-dist/tex/generic/oberdiek/ltxcmds.sty
Package: ltxcmds 2011/11/09 v1.22 LaTeX kernel commands for general use (HO)
)
\Gread@gobject=\count102
))
\Gin@req@height=\dimen113
\Gin@req@width=\dimen114
)
(/usr/local/texlive/2014/texmf-dist/tex/latex/cite/cite.sty
LaTeX Info: Redefining \cite on input line 302.
LaTeX Info: Redefining \nocite on input line 373.
Package: cite 2010/09/10  v 5.3
)
(/usr/local/texlive/2014/texmf-dist/tex/latex/tools/multicol.sty
Package: multicol 2014/04/23 v1.8e multicolumn formatting (FMi)
\c@tracingmulticols=\count103
\mult@box=\box28
\multicol@leftmargin=\dimen115
\c@unbalance=\count104
\c@collectmore=\count105
\doublecol@number=\count106
\multicoltolerance=\count107
\multicolpretolerance=\count108
\full@width=\dimen116
\page@free=\dimen117
\premulticols=\dimen118
\postmulticols=\dimen119
\multicolsep=\skip55
\multicolbaselineskip=\skip56
\partial@page=\box29
\last@line=\box30
\maxbalancingoverflow=\dimen120
\mult@rightbox=\box31
\mult@grightbox=\box32
\mult@gfirstbox=\box33
\mult@firstbox=\box34
\@tempa=\box35
\@tempa=\box36
\@tempa=\box37
\@tempa=\box38
\@tempa=\box39
\@tempa=\box40
\@tempa=\box41
\@tempa=\box42
\@tempa=\box43
\@tempa=\box44
\@tempa=\box45
\@tempa=\box46
\@tempa=\box47
\@tempa=\box48
\@tempa=\box49
\@tempa=\box50
\@tempa=\box51
\c@columnbadness=\count109
\c@finalcolumnbadness=\count110
\last@try=\dimen121
\multicolovershoot=\dimen122
\multicolundershoot=\dimen123
\mult@nat@firstbox=\box52
\colbreak@box=\box53
\mc@col@check@num=\count111
)
(/usr/local/texlive/2014/texmf-dist/tex/latex/anyfontsize/anyfontsize.sty
Package: anyfontsize 2007/11/22 anyfontsize.sty by pts
)
(/usr/local/texlive/2014/texmf-dist/tex/latex/base/t1enc.sty
Package: t1enc 1994/06/01 Standard LaTeX package
)
(/usr/local/texlive/2014/texmf-dist/tex/latex/geometry/geometry.sty
Package: geometry 2010/09/12 v5.6 Page Geometry

(/usr/local/texlive/2014/texmf-dist/tex/generic/oberdiek/ifpdf.sty
Package: ifpdf 2011/01/30 v2.3 Provides the ifpdf switch (HO)
Package ifpdf Info: pdfTeX in PDF mode is detected.
)
(/usr/local/texlive/2014/texmf-dist/tex/generic/oberdiek/ifvtex.sty
Package: ifvtex 2010/03/01 v1.5 Detect VTeX and its facilities (HO)
Package ifvtex Info: VTeX not detected.
)
(/usr/local/texlive/2014/texmf-dist/tex/generic/ifxetex/ifxetex.sty
Package: ifxetex 2010/09/12 v0.6 Provides ifxetex conditional
)
\Gm@cnth=\count112
\Gm@cntv=\count113
\c@Gm@tempcnt=\count114
\Gm@bindingoffset=\dimen124
\Gm@wd@mp=\dimen125
\Gm@odd@mp=\dimen126
\Gm@even@mp=\dimen127
\Gm@layoutwidth=\dimen128
\Gm@layoutheight=\dimen129
\Gm@layouthoffset=\dimen130
\Gm@layoutvoffset=\dimen131
\Gm@dimlist=\toks21
)
(/usr/local/texlive/2014/texmf-dist/tex/latex/glossaries/base/glossaries.sty
Package: glossaries 2014/04/04 v4.07 (NLCT)

(/usr/local/texlive/2014/texmf-dist/tex/latex/base/ifthen.sty
Package: ifthen 2001/05/26 v1.1c Standard LaTeX ifthen package (DPC)
)
(/usr/local/texlive/2014/texmf-dist/tex/latex/xkeyval/xkeyval.sty
Package: xkeyval 2014/05/09 v2.6d package option processing (HA)

(/usr/local/texlive/2014/texmf-dist/tex/generic/xkeyval/xkeyval.tex
\XKV@toks=\toks22
\XKV@tempa@toks=\toks23
\XKV@depth=\count115
File: xkeyval.tex 2014/05/09 v2.6d key=value parser (HA)
))
(/usr/local/texlive/2014/texmf-dist/tex/latex/glossaries/base/mfirstuc.sty
Package: mfirstuc 2013/11/04 v1.08 (NLCT)

(/usr/local/texlive/2014/texmf-dist/tex/latex/etoolbox/etoolbox.sty
Package: etoolbox 2011/01/03 v2.1 e-TeX tools for LaTeX

(/usr/local/texlive/2014/texmf-dist/tex/latex/etex-pkg/etex.sty
Package: etex 1998/03/26 v2.0 eTeX basic definition package (PEB)
\et@xins=\count116
)
\etb@tempcnta=\count117
)
\@glsmfirst=\toks24
\@glsmrest=\toks25
)
(/usr/local/texlive/2014/texmf-dist/tex/latex/textcase/textcase.sty
Package: textcase 2004/10/07 v0.07 Text only upper/lower case changing (DPC)
)
(/usr/local/texlive/2014/texmf-dist/tex/latex/xfor/xfor.sty
Package: xfor 2009/02/05 v1.05 (NLCT)
)
(/usr/local/texlive/2014/texmf-dist/tex/latex/datatool/datatool-base.sty
Package: datatool-base 2013/09/06 v2.18 (NLCT)

(/usr/local/texlive/2014/texmf-dist/tex/latex/substr/substr.sty
Package: substr 2009/10/20 v1.2 Handle substrings
\c@su@anzahl=\count118
)
(/usr/local/texlive/2014/texmf-dist/tex/latex/datatool/datatool-fp.sty
Package: datatool-fp 2013/08/29 v2.17 (NLCT)

(/usr/local/texlive/2014/texmf-dist/tex/latex/fp/fp.sty
Package: fp 1995/04/02

`Fixed Point Package', Version 0.8, April 2, 1995 (C) Michael Mehlich
(/usr/local/texlive/2014/texmf-dist/tex/latex/fp/defpattern.sty
Package: defpattern 1994/10/12
\actioncount=\count119
)
(/usr/local/texlive/2014/texmf-dist/tex/latex/fp/fp-basic.sty
Package: fp-basic 1996/05/13
\FP@xs=\count120
\FP@xia=\count121
\FP@xib=\count122
\FP@xfa=\count123
\FP@xfb=\count124
\FP@rega=\count125
\FP@regb=\count126
\FP@regs=\count127
\FP@times=\count128
)
(/usr/local/texlive/2014/texmf-dist/tex/latex/fp/fp-addons.sty
Package: fp-addons 1995/03/15
)
(/usr/local/texlive/2014/texmf-dist/tex/latex/fp/fp-snap.sty
Package: fp-snap 1995/04/05
)
(/usr/local/texlive/2014/texmf-dist/tex/latex/fp/fp-exp.sty
Package: fp-exp 1995/04/03
)
(/usr/local/texlive/2014/texmf-dist/tex/latex/fp/fp-trigo.sty
Package: fp-trigo 1995/04/14
)
(/usr/local/texlive/2014/texmf-dist/tex/latex/fp/fp-pas.sty
Package: fp-pas 1994/08/29
)
(/usr/local/texlive/2014/texmf-dist/tex/latex/fp/fp-random.sty
Package: fp-random 1995/02/23
\FPseed=\count129
)
(/usr/local/texlive/2014/texmf-dist/tex/latex/fp/fp-eqn.sty
Package: fp-eqn 1995/04/03
)
(/usr/local/texlive/2014/texmf-dist/tex/latex/fp/fp-upn.sty
Package: fp-upn 1996/10/21
)
(/usr/local/texlive/2014/texmf-dist/tex/latex/fp/fp-eval.sty
Package: fp-eval 1995/04/03
)))
\@dtl@toks=\toks26
\@dtl@tmpcount=\count130
\dtl@tmplength=\skip57
\dtl@sortresult=\count131
\@dtl@numgrpsepcount=\count132
\@dtl@datatype=\count133
\dtl@codeA=\count134
\dtl@codeB=\count135
\@dtl@foreach@level=\count136
)
(/usr/local/texlive/2014/texmf-dist/tex/latex/glossaries/base/glossaries-compat
ible-307.sty
Package: glossaries-compatible-307 2013/11/14 v4.0 (NLCT)
)
(/usr/local/texlive/2014/texmf-dist/tex/latex/beamer/translator/translator.sty
Package: translator 2010/06/12 ver 1.10

(/usr/local/texlive/2014/texmf-dist/tex/latex/beamer/translator/translator-lang
uage-mappings.tex))
\gls@level=\count137
\@gls@tmpb=\toks27
\gls@tmplen=\skip58
\glskeylisttok=\toks28
\glslabeltok=\toks29
\glsshorttok=\toks30
\glslongtok=\toks31

(/usr/local/texlive/2014/texmf-dist/tex/latex/glossaries/styles/glossary-hypern
av.sty
Package: glossary-hypernav 2013/11/14 v4.0 (NLCT)
)
(/usr/local/texlive/2014/texmf-dist/tex/latex/glossaries/styles/glossary-list.s
ty
Package: glossary-list 2013/11/14 v4.0 (NLCT)
\glslistdottedwidth=\skip59
)
(/usr/local/texlive/2014/texmf-dist/tex/latex/glossaries/styles/glossary-long.s
ty
Package: glossary-long 2013/11/14 v4.0 (NLCT)
 (/usr/local/texlive/2014/texmf-dist/tex/latex/tools/longtable.sty
Package: longtable 2004/02/01 v4.11 Multi-page Table package (DPC)
\LTleft=\skip60
\LTright=\skip61
\LTpre=\skip62
\LTpost=\skip63
\LTchunksize=\count138
\LTcapwidth=\dimen132
\LT@head=\box54
\LT@firsthead=\box55
\LT@foot=\box56
\LT@lastfoot=\box57
\LT@cols=\count139
\LT@rows=\count140
\c@LT@tables=\count141
\c@LT@chunks=\count142
\LT@p@ftn=\toks32
)
\glsdescwidth=\skip64
\glspagelistwidth=\skip65
)
(/usr/local/texlive/2014/texmf-dist/tex/latex/glossaries/styles/glossary-super.
sty
Package: glossary-super 2013/11/14 v4.0 (NLCT)
 (/usr/local/texlive/2014/texmf-dist/tex/latex/supertabular/supertabular.sty
Package: supertabular 2004/02/20 v4.1e the supertabular environment
\c@tracingst=\count143
\ST@wd=\dimen133
\ST@rightskip=\skip66
\ST@leftskip=\skip67
\ST@parfillskip=\skip68
\ST@pageleft=\dimen134
\ST@headht=\dimen135
\ST@tailht=\dimen136
\ST@pagesofar=\dimen137
\ST@pboxht=\dimen138
\ST@lineht=\dimen139
\ST@stretchht=\dimen140
\ST@prevht=\dimen141
\ST@toadd=\dimen142
\ST@dimen=\dimen143
\ST@pbox=\box58
))
(/usr/local/texlive/2014/texmf-dist/tex/latex/glossaries/styles/glossary-tree.s
ty
Package: glossary-tree 2014/03/06 v4.04 (NLCT)
\glstreeindent=\skip69
)) (/usr/local/texlive/2014/texmf-dist/tex/latex/graphics/color.sty
Package: color 2014/04/23 v1.1a Standard LaTeX Color (DPC)

(/usr/local/texlive/2014/texmf-dist/tex/latex/latexconfig/color.cfg
File: color.cfg 2007/01/18 v1.5 color configuration of teTeX/TeXLive
)
Package color Info: Driver file: pdftex.def on input line 137.
)
(/usr/local/texlive/2014/texmf-dist/tex/latex/adjustbox/adjustbox.sty
Package: adjustbox 2012/05/21 v1.0 Adjusting TeX boxes (trim, clip, ...)

(/usr/local/texlive/2014/texmf-dist/tex/latex/adjustbox/adjcalc.sty
Package: adjcalc 2012/05/16 v1.1 Provides advanced setlength with multiple back
-ends (calc, etex, pgfmath)
)
(/usr/local/texlive/2014/texmf-dist/tex/latex/adjustbox/trimclip.sty
Package: trimclip 2012/05/16 v1.0 Trim and clip general TeX material

(/usr/local/texlive/2014/texmf-dist/tex/latex/collectbox/collectbox.sty
Package: collectbox 2012/05/17 v0.4b Collect macro arguments as boxes
\collectedbox=\box59
)
\tc@llx=\dimen144
\tc@lly=\dimen145
\tc@urx=\dimen146
\tc@ury=\dimen147
Package trimclip Info: Using driver 'tc-pdftex.def'.

(/usr/local/texlive/2014/texmf-dist/tex/latex/adjustbox/tc-pdftex.def
File: tc-pdftex.def 2012/05/13 v1.0 Clipping driver for pdftex
))
\adjbox@Width=\dimen148
\adjbox@Height=\dimen149
\adjbox@Depth=\dimen150
\adjbox@Totalheight=\dimen151

(/usr/local/texlive/2014/texmf-dist/tex/latex/ifoddpage/ifoddpage.sty
Package: ifoddpage 2011/09/13 v1.0 Conditionals for odd/even page detection
\c@checkoddpage=\count144
)
(/usr/local/texlive/2014/texmf-dist/tex/latex/varwidth/varwidth.sty
Package: varwidth 2009/03/30 ver 0.92;  Variable-width minipages
\@vwid@box=\box60
\sift@deathcycles=\count145
\@vwid@loff=\dimen152
\@vwid@roff=\dimen153
))
(/usr/local/texlive/2014/texmf-dist/tex/latex/pdfpages/pdfpages.sty
Package: pdfpages 2013/08/25 v0.4v Insert pages of external PDF documents (AM)

(/usr/local/texlive/2014/texmf-dist/tex/latex/tools/calc.sty
Package: calc 2007/08/22 v4.3 Infix arithmetic (KKT,FJ)
\calc@Acount=\count146
\calc@Bcount=\count147
\calc@Adimen=\dimen154
\calc@Bdimen=\dimen155
\calc@Askip=\skip70
\calc@Bskip=\skip71
LaTeX Info: Redefining \setlength on input line 75.
LaTeX Info: Redefining \addtolength on input line 76.
\calc@Ccount=\count148
\calc@Cskip=\skip72
)
(/usr/local/texlive/2014/texmf-dist/tex/latex/eso-pic/eso-pic.sty
Package: eso-pic 2013/10/06 v2.0d eso-pic (RN)

(/usr/local/texlive/2014/texmf-dist/tex/generic/oberdiek/atbegshi.sty
Package: atbegshi 2011/10/05 v1.16 At begin shipout hook (HO)
))
(/usr/local/texlive/2014/texmf-dist/tex/latex/pdfpages/pppdftex.def
File: pppdftex.def 2013/08/25 v0.4v Pdfpages driver for pdfTeX (AM)
)
\AM@pagebox=\box61
\AM@toc@title=\toks33
\c@AM@survey=\count149
\AM@templatesizebox=\box62
)
(/usr/local/texlive/2014/texmf-dist/tex/latex/caption/subcaption.sty
Package: subcaption 2013/02/03 v1.1-62 Sub-captions (AR)

(/usr/local/texlive/2014/texmf-dist/tex/latex/caption/caption.sty
Package: caption 2013/05/02 v3.3-89 Customizing captions (AR)

(/usr/local/texlive/2014/texmf-dist/tex/latex/caption/caption3.sty
Package: caption3 2013/05/02 v1.6-88 caption3 kernel (AR)
Package caption3 Info: TeX engine: e-TeX on input line 57.
\captionmargin=\dimen156
\captionmargin@=\dimen157
\captionwidth=\dimen158
\caption@tempdima=\dimen159
\caption@indent=\dimen160
\caption@parindent=\dimen161
\caption@hangindent=\dimen162
)
\c@ContinuedFloat=\count150
Package caption Info: longtable package is loaded.

(/usr/local/texlive/2014/texmf-dist/tex/latex/caption/ltcaption.sty
Package: ltcaption 2013/02/03 v1.3-62 longtable captions (AR)
)
Package caption Info: supertabular package is loaded.
)
\c@subfigure=\count151
\c@subtable=\count152
)
\glswrite=\write3
\glo@main@file=\write4
\openout4 = `"Trabajo Terminal v9.2.glo"'.

Package glossaries Info: Writing glossary file "Trabajo Terminal v9.2".glo on i
nput line 59.

(./Trabajo Terminal v9.2.aux
LaTeX Info: Redefining \. on input line 13.
LaTeX Info: Redefining \% on input line 13.
)
\openout1 = `"Trabajo Terminal v9.2.aux"'.

LaTeX Font Info:    Checking defaults for OML/cmm/m/it on input line 261.
LaTeX Font Info:    ... okay on input line 261.
LaTeX Font Info:    Checking defaults for T1/cmr/m/n on input line 261.
LaTeX Font Info:    ... okay on input line 261.
LaTeX Font Info:    Checking defaults for OT1/cmr/m/n on input line 261.
LaTeX Font Info:    ... okay on input line 261.
LaTeX Font Info:    Checking defaults for OMS/cmsy/m/n on input line 261.
LaTeX Font Info:    ... okay on input line 261.
LaTeX Font Info:    Checking defaults for OMX/cmex/m/n on input line 261.
LaTeX Font Info:    ... okay on input line 261.
LaTeX Font Info:    Checking defaults for U/cmr/m/n on input line 261.
LaTeX Font Info:    ... okay on input line 261.
LaTeX Info: Redefining \. on input line 261.
LaTeX Info: Redefining \% on input line 261.

(/usr/local/texlive/2014/texmf-dist/tex/context/base/supp-pdf.mkii
[Loading MPS to PDF converter (version 2006.09.02).]
\scratchcounter=\count153
\scratchdimen=\dimen163
\scratchbox=\box63
\nofMPsegments=\count154
\nofMParguments=\count155
\everyMPshowfont=\toks34
\MPscratchCnt=\count156
\MPscratchDim=\dimen164
\MPnumerator=\count157
\makeMPintoPDFobject=\count158
\everyMPtoPDFconversion=\toks35
) (/usr/local/texlive/2014/texmf-dist/tex/generic/oberdiek/pdftexcmds.sty
Package: pdftexcmds 2011/11/29 v0.20 Utility functions of pdfTeX for LuaTeX (HO
)

(/usr/local/texlive/2014/texmf-dist/tex/generic/oberdiek/ifluatex.sty
Package: ifluatex 2010/03/01 v1.3 Provides the ifluatex switch (HO)
Package ifluatex Info: LuaTeX not detected.
)
Package pdftexcmds Info: LuaTeX not detected.
Package pdftexcmds Info: \pdf@primitive is available.
Package pdftexcmds Info: \pdf@ifprimitive is available.
Package pdftexcmds Info: \pdfdraftmode found.
)
(/usr/local/texlive/2014/texmf-dist/tex/latex/oberdiek/epstopdf-base.sty
Package: epstopdf-base 2010/02/09 v2.5 Base part for package epstopdf

(/usr/local/texlive/2014/texmf-dist/tex/latex/oberdiek/grfext.sty
Package: grfext 2010/08/19 v1.1 Manage graphics extensions (HO)

(/usr/local/texlive/2014/texmf-dist/tex/generic/oberdiek/kvdefinekeys.sty
Package: kvdefinekeys 2011/04/07 v1.3 Define keys (HO)
))
(/usr/local/texlive/2014/texmf-dist/tex/latex/oberdiek/kvoptions.sty
Package: kvoptions 2011/06/30 v3.11 Key value format for package options (HO)

(/usr/local/texlive/2014/texmf-dist/tex/generic/oberdiek/kvsetkeys.sty
Package: kvsetkeys 2012/04/25 v1.16 Key value parser (HO)

(/usr/local/texlive/2014/texmf-dist/tex/generic/oberdiek/etexcmds.sty
Package: etexcmds 2011/02/16 v1.5 Avoid name clashes with e-TeX commands (HO)
Package etexcmds Info: Could not find \expanded.
(etexcmds)             That can mean that you are not using pdfTeX 1.50 or
(etexcmds)             that some package has redefined \expanded.
(etexcmds)             In the latter case, load this package earlier.
)))
Package grfext Info: Graphics extension search list:
(grfext)             [.png,.pdf,.jpg,.mps,.jpeg,.jbig2,.jb2,.PNG,.PDF,.JPG,.JPE
G,.JBIG2,.JB2,.eps]
(grfext)             \AppendGraphicsExtensions on input line 452.

(/usr/local/texlive/2014/texmf-dist/tex/latex/latexconfig/epstopdf-sys.cfg
File: epstopdf-sys.cfg 2010/07/13 v1.3 Configuration of (r)epstopdf for TeX Liv
e
))
*geometry* driver: auto-detecting
*geometry* detected driver: pdftex
*geometry* verbose mode - [ preamble ] result:
* driver: pdftex
* paper: letterpaper
* layout: <same size as paper>
* layoutoffset:(h,v)=(0.0pt,0.0pt)
* modes: 
* h-part:(L,W,R)=(85.35826pt, 472.03123pt, 56.9055pt)
* v-part:(T,H,B)=(56.9055pt, 681.15898pt, 56.9055pt)
* \paperwidth=614.295pt
* \paperheight=794.96999pt
* \textwidth=472.03123pt
* \textheight=681.15898pt
* \oddsidemargin=13.08827pt
* \evensidemargin=13.08827pt
* \topmargin=-52.36449pt
* \headheight=12.0pt
* \headsep=25.0pt
* \topskip=12.0pt
* \footskip=30.0pt
* \marginparwidth=44.0pt
* \marginparsep=10.0pt
* \columnsep=10.0pt
* \skip\footins=10.8pt plus 4.0pt minus 2.0pt
* \hoffset=0.0pt
* \voffset=0.0pt
* \mag=1000
* \@twocolumnfalse
* \@twosidefalse
* \@mparswitchfalse
* \@reversemarginfalse
* (1in=72.27pt=25.4mm, 1cm=28.453pt)


(/usr/local/texlive/2014/texmf-dist/tex/latex/glossaries/dict/glossaries-dictio
nary-English.dict
Dictionary: glossaries-dictionary, Language: English 
)
\AtBeginShipoutBox=\box64
Package caption Info: Begin \AtBeginDocument code.
Package caption Info: End \AtBeginDocument code.
 <./images/IPN.jpg, id=1, 1505.625pt x 2491.3075pt>
File: ./images/IPN.jpg Graphic file (type jpg)

<use ./images/IPN.jpg>
Package pdftex.def Info: ./images/IPN.jpg used on input line 269.
(pdftex.def)             Requested size: 56.88351pt x 85.34196pt.
 <./images/lineaAzul.jpg, id=2, 20.075pt x 711.65875pt>
File: ./images/lineaAzul.jpg Graphic file (type jpg)

<use ./images/lineaAzul.jpg>
Package pdftex.def Info: ./images/lineaAzul.jpg used on input line 269.
(pdftex.def)             Requested size: 14.22668pt x 520.70107pt.

<./images/ESCOM.jpg, id=3, 131.03902pt x 89.34479pt>
File: ./images/ESCOM.jpg Graphic file (type jpg)
 <use ./images/ESCOM.jpg>
Package pdftex.def Info: ./images/ESCOM.jpg used on input line 269.
(pdftex.def)             Requested size: 56.90552pt x 85.35829pt.

Overfull \hbox (3.44815pt too wide) in paragraph at lines 269--289
[]$[]$ $[]$ 
 []

[1

\openout3 = `"Trabajo Terminal v9.2.ist"'.

{/usr/local/texlive/2014/texmf-var/fonts/map/pdftex/updmap/pdftex.map} <./image
s/IPN.jpg> <./images/lineaAzul.jpg> <./images/ESCOM.jpg>]
<./pdf/portada2.pdf, id=12, 614.295pt x 794.97pt>
File: ./pdf/portada2.pdf Graphic file (type pdf)
 <use ./pdf/portada2.pdf>
Package pdftex.def Info: ./pdf/portada2.pdf used on input line 291.
(pdftex.def)             Requested size: 614.29349pt x 794.96806pt.
File: ./pdf/portada2.pdf Graphic file (type pdf)

<use ./pdf/portada2.pdf>
Package pdftex.def Info: ./pdf/portada2.pdf used on input line 291.
(pdftex.def)             Requested size: 614.29349pt x 794.96806pt.

<./pdf/portada2.pdf, id=15, page=1, 614.295pt x 794.97pt>
File: ./pdf/portada2.pdf Graphic file (type pdf)

<use ./pdf/portada2.pdf, page 1>
Package pdftex.def Info: ./pdf/portada2.pdf, page1 used on input line 291.
(pdftex.def)             Requested size: 614.29349pt x 794.96806pt.
File: ./pdf/portada2.pdf Graphic file (type pdf)
 <use ./pdf/portada2.pdf, page 1>
Package pdftex.def Info: ./pdf/portada2.pdf, page1 used on input line 291.
(pdftex.def)             Requested size: 614.58406pt x 795.3441pt.
File: ./pdf/portada2.pdf Graphic file (type pdf)

<use ./pdf/portada2.pdf, page 1>
Package pdftex.def Info: ./pdf/portada2.pdf, page1 used on input line 291.
(pdftex.def)             Requested size: 614.58406pt x 795.3441pt.
File: ./pdf/portada2.pdf Graphic file (type pdf)
 <use ./pdf/portada2.pdf, page 1>
Package pdftex.def Info: ./pdf/portada2.pdf, page1 used on input line 291.
(pdftex.def)             Requested size: 614.58406pt x 795.3441pt.
File: ./pdf/portada2.pdf Graphic file (type pdf)

<use ./pdf/portada2.pdf, page 1>
Package pdftex.def Info: ./pdf/portada2.pdf, page1 used on input line 291.
(pdftex.def)             Requested size: 614.58406pt x 795.3441pt.
 [1 <./pdf/portada2.pdf>]
(./Trabajo Terminal v9.2.toc
LaTeX Info: Redefining \. on input line 1.
LaTeX Info: Redefining \% on input line 1.
)
\tf@toc=\write5
\openout5 = `"Trabajo Terminal v9.2.toc"'.

 [2] (./Trabajo Terminal v9.2.lof
LaTeX Info: Redefining \. on input line 1.
LaTeX Info: Redefining \% on input line 1.
)
\tf@lof=\write6
\openout6 = `"Trabajo Terminal v9.2.lof"'.

 [3

]
(./Trabajo Terminal v9.2.lot
LaTeX Info: Redefining \. on input line 1.
LaTeX Info: Redefining \% on input line 1.
)
\tf@lot=\write7
\openout7 = `"Trabajo Terminal v9.2.lot"'.

 [4

]
Underfull \hbox (badness 10000) in paragraph at lines 303--304

 []


Underfull \hbox (badness 10000) in paragraph at lines 305--306

 []


Underfull \hbox (badness 10000) in paragraph at lines 307--308

 []


Underfull \hbox (badness 10000) in paragraph at lines 309--310

 []


Underfull \hbox (badness 10000) in paragraph at lines 311--312

 []

[5

]
Underfull \hbox (badness 10000) in paragraph at lines 314--315

 []

[6] [7

]
Cap\'{\i }tulo 1.

Underfull \hbox (badness 10000) in paragraph at lines 347--348

 []


Underfull \hbox (badness 10000) in paragraph at lines 349--350

 []


Underfull \hbox (badness 10000) in paragraph at lines 351--352

 []


Underfull \hbox (badness 10000) in paragraph at lines 353--354

 []


Underfull \hbox (badness 10000) in paragraph at lines 355--356

 []

[8

]
Underfull \hbox (badness 10000) in paragraph at lines 358--359

 []


Underfull \hbox (badness 10000) in paragraph at lines 360--361

 []


Underfull \hbox (badness 10000) in paragraph at lines 362--363

 []


Underfull \hbox (badness 10000) in paragraph at lines 364--365

 []


Underfull \hbox (badness 1742) in paragraph at lines 398--399
[]\T1/cmr/m/n/12 Aplicaciones es-pe-cia-
 []


Underfull \hbox (badness 10000) in paragraph at lines 399--400
[]\T1/cmr/m/n/12 Sincronización con
 []


Underfull \hbox (badness 3977) in paragraph at lines 411--412
[]\T1/cmr/m/n/12 Recolección de []Ele-
 []


Underfull \hbox (badness 4608) in paragraph at lines 411--412
\T1/cmr/m/n/12 men-tos del uso de
 []


Underfull \hbox (badness 1210) in paragraph at lines 412--413
[]\T1/cmr/m/n/12 Estudio de Pa-tro-nes
 []


Underfull \hbox (badness 1552) in paragraph at lines 413--414
[]\T1/cmr/m/n/12 Servicio de in-for-ma-
 []


LaTeX Warning: `h' float specifier changed to `ht'.

[9] [10]
Cap\'{\i }tulo 2.

Underfull \hbox (badness 10000) in paragraph at lines 431--432

 []


Underfull \hbox (badness 10000) in paragraph at lines 444--445

 []

[11

]
Underfull \hbox (badness 10000) in paragraph at lines 455--456

 []


Underfull \hbox (badness 10000) in paragraph at lines 462--463

 []

[12]
Underfull \hbox (badness 10000) in paragraph at lines 504--505

 []

[13]
Underfull \hbox (badness 10000) in paragraph at lines 522--523

 []


Underfull \hbox (badness 10000) in paragraph at lines 532--533

 []


Underfull \hbox (badness 10000) in paragraph at lines 542--543

 []

[14]
Underfull \hbox (badness 10000) in paragraph at lines 544--545

 []


Underfull \hbox (badness 10000) in paragraph at lines 546--547

 []


Underfull \hbox (badness 10000) in paragraph at lines 554--555

 []


Underfull \hbox (badness 10000) in paragraph at lines 569--570

 []

[15] [16] [17] [18]

LaTeX Warning: No positions in optional float specifier.
               Default added (so using `!tbp') on input line 647.


Underfull \hbox (badness 1132) in paragraph at lines 663--664
[]\T1/cmr/m/n/12 Monitoreo en lla-ma-
 []


Underfull \hbox (badness 10000) in paragraph at lines 675--675
[]\T1/cmr/m/n/12 FLEXY
 []


Underfull \hbox (badness 1132) in paragraph at lines 681--682
[]\T1/cmr/m/n/12 Monitoreo en lla-ma-
 []


Underfull \hbox (badness 8113) in paragraph at lines 682--683
[]\T1/cmr/m/n/12 Monitoreo en SMS
 []


Underfull \hbox (badness 10000) in paragraph at lines 693--693
[]\T1/cmr/m/n/12 Kidlogger
 []


Underfull \hbox (badness 1132) in paragraph at lines 699--700
[]\T1/cmr/m/n/12 Monitoreo en lla-ma-
 []


Underfull \hbox (badness 10000) in paragraph at lines 707--707
[]\T1/cmr/m/n/12 monitoreo
 []


Underfull \hbox (badness 10000) in paragraph at lines 707--707
\T1/cmr/m/n/12 PHO-NE-
 []


Underfull \hbox (badness 1132) in paragraph at lines 713--714
[]\T1/cmr/m/n/12 Monitoreo en lla-ma-
 []


Underfull \hbox (badness 8113) in paragraph at lines 714--715
[]\T1/cmr/m/n/12 Monitoreo en SMS
 []


Overfull \hbox (5.80971pt too wide) in paragraph at lines 721--721
[]\T1/cmr/m/n/12 HIGHSTER
 []


Underfull \hbox (badness 1132) in paragraph at lines 727--728
[]\T1/cmr/m/n/12 Monitoreo en lla-ma-
 []


Underfull \hbox (badness 1132) in paragraph at lines 739--740
[]\T1/cmr/m/n/12 Monitoreo en lla-ma-
 []


Underfull \hbox (badness 8113) in paragraph at lines 740--741
[]\T1/cmr/m/n/12 Monitoreo en SMS
 []


LaTeX Warning: Text page 19 contains only floats.


Overfull \vbox (6.63486pt too high) has occurred while \output is active []


[19]
Underfull \hbox (badness 10000) in paragraph at lines 782--783

 []


Underfull \hbox (badness 10000) in paragraph at lines 786--787

 []

<./images/Procesos.png, id=111, 842.39719pt x 291.33844pt>
File: ./images/Procesos.png Graphic file (type png)

<use ./images/Procesos.png>
Package pdftex.def Info: ./images/Procesos.png used on input line 789.
(pdftex.def)             Requested size: 472.03485pt x 284.5495pt.


LaTeX Warning: `!h' float specifier changed to `!ht'.

[20] [21 <./images/Procesos.png>]
Underfull \hbox (badness 10000) in paragraph at lines 835--836

 []

<./images/Clases.png, id=118, 925.20656pt x 408.02437pt>
File: ./images/Clases.png Graphic file (type png)

<use ./images/Clases.png>
Package pdftex.def Info: ./images/Clases.png used on input line 838.
(pdftex.def)             Requested size: 472.03262pt x 284.53802pt.
 [22 <./images/Clases.png>]
<./images/Clases2.png, id=122, 187.45032pt x 405.76593pt>
File: ./images/Clases2.png Graphic file (type png)

<use ./images/Clases2.png>
Package pdftex.def Info: ./images/Clases2.png used on input line 851.
(pdftex.def)             Requested size: 184.1062pt x 284.53572pt.

Overfull \hbox (42.49539pt too wide) in paragraph at lines 851--852
[][] 
 []

<./images/Clases3.png, id=123, 534.49687pt x 347.04657pt>
File: ./images/Clases3.png Graphic file (type png)

<use ./images/Clases3.png>
Package pdftex.def Info: ./images/Clases3.png used on input line 860.
(pdftex.def)             Requested size: 269.06651pt x 284.53766pt.

Overfull \hbox (127.4557pt too wide) in paragraph at lines 860--861
[][] 
 []


Underfull \hbox (badness 10000) in paragraph at lines 870--871

 []

[23 <./images/Clases2.png> <./images/Clases3.png>]
Underfull \hbox (badness 10000) in paragraph at lines 901--902

 []


Underfull \hbox (badness 10000) in paragraph at lines 908--909

 []

[24] <./images/Rastreo_de_Evento_1.jpg, id=132, 1023.825pt x 542.025pt>
File: ./images/Rastreo_de_Evento_1.jpg Graphic file (type jpg)

<use ./images/Rastreo_de_Evento_1.jpg>
Package pdftex.def Info: ./images/Rastreo_de_Evento_1.jpg used on input line 91
3.
(pdftex.def)             Requested size: 472.02753pt x 483.71576pt.
 [25 <./images/Rastreo_de_Evento_1.jpg>]
Underfull \hbox (badness 10000) in paragraph at lines 927--928

 []

<./images/Rastreo_de_Evento_3.png, id=136, 749.80125pt x 407.27156pt>
File: ./images/Rastreo_de_Evento_3.png Graphic file (type png)

<use ./images/Rastreo_de_Evento_3.png>
Package pdftex.def Info: ./images/Rastreo_de_Evento_3.png used on input line 93
1.
(pdftex.def)             Requested size: 472.03406pt x 284.54126pt.
 [26 <./images/Rastreo_de_Evento_3.png>]
<./images/Estados_de_HM.jpg, id=140, 511.9125pt x 320.69812pt>
File: ./images/Estados_de_HM.jpg Graphic file (type jpg)

<use ./images/Estados_de_HM.jpg>
Package pdftex.def Info: ./images/Estados_de_HM.jpg used on input line 946.
(pdftex.def)             Requested size: 424.82478pt x 233.31493pt.

<./images/Estados_de_GS.jpg, id=141, 676.02562pt x 219.82124pt>
File: ./images/Estados_de_GS.jpg Graphic file (type jpg)

<use ./images/Estados_de_GS.jpg>
Package pdftex.def Info: ./images/Estados_de_GS.jpg used on input line 952.
(pdftex.def)             Requested size: 424.8359pt x 227.62926pt.
 [27 <./images/Estados_de_HM.jpg> <./images/Estados_de_GS.jpg>]
<./images/Estados_de_EDS.jpg, id=145, 432.11438pt x 219.82124pt>
File: ./images/Estados_de_EDS.jpg Graphic file (type jpg)

<use ./images/Estados_de_EDS.jpg>
Package pdftex.def Info: ./images/Estados_de_EDS.jpg used on input line 960.
(pdftex.def)             Requested size: 330.43454pt x 170.72194pt.

<./images/Estados_de_AS.jpg, id=146, 689.57625pt x 219.82124pt>
File: ./images/Estados_de_AS.jpg Graphic file (type jpg)

<use ./images/Estados_de_AS.jpg>
Package pdftex.def Info: ./images/Estados_de_AS.jpg used on input line 966.
(pdftex.def)             Requested size: 330.42464pt x 170.72194pt.

<./images/Estados_de_TS.jpg, id=147, 606.01407pt x 219.82124pt>
File: ./images/Estados_de_TS.jpg Graphic file (type jpg)

<use ./images/Estados_de_TS.jpg>
Package pdftex.def Info: ./images/Estados_de_TS.jpg used on input line 972.
(pdftex.def)             Requested size: 330.42369pt x 170.72194pt.
 [28 <./images/Estados_de_EDS.jpg> <./images/Estados_de_AS.jpg> <./images/Estad
os_de_TS.jpg>]
<./images/Estados_de_LS.jpg, id=151, 661.72218pt x 219.82124pt>
File: ./images/Estados_de_LS.jpg Graphic file (type jpg)

<use ./images/Estados_de_LS.jpg>
Package pdftex.def Info: ./images/Estados_de_LS.jpg used on input line 979.
(pdftex.def)             Requested size: 330.416pt x 170.72194pt.

<./images/Estados_de_IME.jpg, id=152, 661.72218pt x 219.82124pt>
File: ./images/Estados_de_IME.jpg Graphic file (type jpg)

<use ./images/Estados_de_IME.jpg>
Package pdftex.def Info: ./images/Estados_de_IME.jpg used on input line 985.
(pdftex.def)             Requested size: 330.416pt x 170.72194pt.
 [29 <./images/Estados_de_LS.jpg> <./images/Estados_de_IME.jpg>]
<./images/Estados_de_AB.png, id=156, 681.29532pt x 348.55219pt>
File: ./images/Estados_de_AB.png Graphic file (type png)

<use ./images/Estados_de_AB.png>
Package pdftex.def Info: ./images/Estados_de_AB.png used on input line 992.
(pdftex.def)             Requested size: 330.41743pt x 170.71759pt.

<./images/Estados_de_DT.png, id=157, 478.78876pt x 404.26031pt>
File: ./images/Estados_de_DT.png Graphic file (type png)

<use ./images/Estados_de_DT.png>
Package pdftex.def Info: ./images/Estados_de_DT.png used on input line 998.
(pdftex.def)             Requested size: 330.42303pt x 170.71962pt.

<./images/Estados_de_E.png, id=158, 603.75563pt x 401.24907pt>
File: ./images/Estados_de_E.png Graphic file (type png)

<use ./images/Estados_de_E.png>
Package pdftex.def Info: ./images/Estados_de_E.png used on input line 1004.
(pdftex.def)             Requested size: 330.41757pt x 170.72145pt.
 [30 <./images/Estados_de_AB.png> <./images/Estados_de_DT.png> <./images/Estado
s_de_E.png>]
Underfull \hbox (badness 10000) in paragraph at lines 1012--1013

 []


Underfull \hbox (badness 10000) in paragraph at lines 1015--1016

 []

<./images/Entrada_y_Salidas.jpg, id=163, 405.01312pt x 305.64188pt>
File: ./images/Entrada_y_Salidas.jpg Graphic file (type jpg)

<use ./images/Entrada_y_Salidas.jpg>
Package pdftex.def Info: ./images/Entrada_y_Salidas.jpg used on input line 1018
.
(pdftex.def)             Requested size: 330.42575pt x 284.54247pt.
 [31 <./images/Entrada_y_Salidas.jpg>]
Underfull \hbox (badness 10000) in paragraph at lines 1023--1024

 []


Underfull \hbox (badness 10000) in paragraph at lines 1025--1026

 []

<./images/Flujo_de_Datos.jpg, id=167, 393.72093pt x 222.8325pt>
File: ./images/Flujo_de_Datos.jpg Graphic file (type jpg)

<use ./images/Flujo_de_Datos.jpg>
Package pdftex.def Info: ./images/Flujo_de_Datos.jpg used on input line 1028.
(pdftex.def)             Requested size: 330.41693pt x 284.55139pt.
 [32 <./images/Flujo_de_Datos.jpg>]
Underfull \hbox (badness 10000) in paragraph at lines 1048--1050

 []

[33]
Underfull \hbox (badness 10000) in paragraph at lines 1082--1083

 []

[34]
Underfull \hbox (badness 10000) in paragraph at lines 1114--1115

 []


Underfull \hbox (badness 10000) in paragraph at lines 1117--1118

 []


Underfull \hbox (badness 10000) in paragraph at lines 1123--1124

 []


Underfull \hbox (badness 10000) in paragraph at lines 1125--1126

 []

[35]
Underfull \hbox (badness 10000) in paragraph at lines 1137--1138

 []

<./images/AlgoId3.png, id=185, 584.1825pt x 444.15938pt>
File: ./images/AlgoId3.png Graphic file (type png)

<use ./images/AlgoId3.png>
Package pdftex.def Info: ./images/AlgoId3.png used on input line 1140.
(pdftex.def)             Requested size: 330.42918pt x 284.52533pt.
 [36 <./images/AlgoId3.png>]
Underfull \hbox (badness 10000) in paragraph at lines 1151--1152

 []


Overfull \hbox (2.15634pt too wide) in paragraph at lines 1160--1160
[]\T1/cmr/m/n/12 localización| 
 []


Underfull \hbox (badness 10000) in paragraph at lines 1160--1160
[]\T1/cmr/m/n/12 Posición
 []


Underfull \hbox (badness 10000) in paragraph at lines 1164--1164
[]\T1/cmr/m/n/12 Mensseger
 []


Underfull \hbox (badness 10000) in paragraph at lines 1166--1166
[]\T1/cmr/m/n/12 Mensseger
 []

[37] (./Trabajo Terminal v9.2.gls [38


]) [39]
Underfull \hbox (badness 10000) in paragraph at lines 1223--1224
[]\T1/cmr/m/sc/12 Apple\T1/cmr/m/n/12 . \T1/cmr/m/it/12 Ap-ple Watch Des-crip-c
ión[Online]\T1/cmr/m/n/12 , 2015. Ava-lai-ble:
 []

[40

]
Underfull \hbox (badness 10000) in paragraph at lines 1242--1243
[]\T1/cmr/m/sc/12 Android De-ve-lo-pers\T1/cmr/m/n/12 . \T1/cmr/m/it/12 Sen-sor
s Over-view[Online]\T1/cmr/m/n/12 , 2015. Ava-lai-ble:
 []


Underfull \hbox (badness 10000) in paragraph at lines 1245--1246
[]\T1/cmr/m/sc/12 Android De-ve-lo-pers\T1/cmr/m/n/12 . \T1/cmr/m/it/12 Sen-sor
s Mo-tion[Online]\T1/cmr/m/n/12 , 2015. Ava-lai-ble:
 []


Underfull \hbox (badness 10000) in paragraph at lines 1248--1249
[]\T1/cmr/m/sc/12 Android De-ve-lo-pers\T1/cmr/m/n/12 . \T1/cmr/m/it/12 Sen-sor
s Mo-tion[Online]\T1/cmr/m/n/12 , 2015. Ava-lai-ble:
 []


Underfull \hbox (badness 10000) in paragraph at lines 1251--1252
[]\T1/cmr/m/sc/12 Android De-ve-lo-pers\T1/cmr/m/n/12 . \T1/cmr/m/it/12 Sen-sor
s En-vi-ro-ment[Online]\T1/cmr/m/n/12 , 2015. Ava-lai-ble:
 []


Underfull \hbox (badness 10000) in paragraph at lines 1254--1255
[]\T1/cmr/m/sc/12 stackoverflow\T1/cmr/m/n/12 . \T1/cmr/m/it/12 An-droid Wri-ti
ng Logs to text Fi-le\T1/cmr/m/n/12 . Ava-lai-ble:
 []


Underfull \hbox (badness 10000) in paragraph at lines 1257--1258
[]\T1/cmr/m/sc/12 Android De-ve-lo-pers\T1/cmr/m/n/12 . \T1/cmr/m/it/12 Ma-ni-f
est.permission[Online]\T1/cmr/m/n/12 , 2015. Ava-lai-ble:
 []


Underfull \hbox (badness 3019) in paragraph at lines 1260--1261
[]\T1/cmr/m/sc/12 Xataka An-droid\T1/cmr/m/n/12 . \T1/cmr/m/it/12 ?`Có-mo fun-c
io-nan los per-mi-sos y se-gu-ri-dad de los da-tos
 []


Overfull \hbox (7.45671pt too wide) in paragraph at lines 1263--1264
[]\T1/cmr/m/sc/12 elinux\T1/cmr/m/n/12 . \T1/cmr/m/it/12 An-droid Log-ging Sys-
tem\T1/cmr/m/n/12 . Ava-lai-ble: http://elinux.org/Android_Logging_System 
 []


Underfull \hbox (badness 10000) in paragraph at lines 1271--1272
[]\T1/cmr/m/sc/12 Árboles Id3\T1/cmr/m/n/12 . \T1/cmr/m/it/12 Apren-di-za-je de
 ár-bo-les de de-ci-sión\T1/cmr/m/n/12 . Ava-lai-ble:
 []


Underfull \hbox (badness 10000) in paragraph at lines 1273--1274
[]\T1/cmr/m/sc/12 Árboles Id3\T1/cmr/m/n/12 . \T1/cmr/m/it/12 Te-ma 7: Apren-di
-za-je de ár-bo-les de de-ci-sión\T1/cmr/m/n/12 . Ava-lai-ble:
 []


Underfull \hbox (badness 10000) in paragraph at lines 1277--1278
[]\T1/cmr/m/sc/12 Árboles Id3\T1/cmr/m/n/12 . \T1/cmr/m/it/12 Te-ma B.6: ÁR-BO-
LES DE CLA-SI-FI-CA-CIÓN\T1/cmr/m/n/12 . Ava-lai-ble:
 []


Underfull \hbox (badness 10000) in paragraph at lines 1279--1280
[]\T1/cmr/m/sc/12 Tamaño De La Mues-tra\T1/cmr/m/n/12 . \T1/cmr/m/it/12 TA-MA-Ñ
O DE UNA MUES-
 []


Underfull \hbox (badness 10000) in paragraph at lines 1279--1280
\T1/cmr/m/it/12 TRA PA-RA UNA IN-VES-TI-GA-CIÓN DE MER-CA-DO\T1/cmr/m/n/12 . Av
a-lai-ble:
 []

[41] [42] (./Trabajo Terminal v9.2.aux
LaTeX Info: Redefining \. on input line 13.
LaTeX Info: Redefining \% on input line 13.
) ) 
Here is how much of TeX's memory you used:
 11572 strings out of 493117
 178269 string characters out of 6135433
 308184 words of memory out of 5000000
 14747 multiletter control sequences out of 15000+600000
 17593 words of font info for 40 fonts, out of 8000000 for 9000
 1141 hyphenation exceptions out of 8191
 59i,18n,94p,1773b,526s stack positions out of 5000i,500n,10000p,200000b,80000s
{/usr/local/texlive/2014/texmf-dist/fonts/enc/dvips/cm-super/cm-super-t1.enc
}</usr/local/texlive/2014/texmf-dist/fonts/type1/public/amsfonts/cm/cmex10.pfb>
</usr/local/texlive/2014/texmf-dist/fonts/type1/public/amsfonts/cm/cmmi12.pfb><
/usr/local/texlive/2014/texmf-dist/fonts/type1/public/amsfonts/cm/cmmi8.pfb></u
sr/local/texlive/2014/texmf-dist/fonts/type1/public/amsfonts/cm/cmr12.pfb></usr
/local/texlive/2014/texmf-dist/fonts/type1/public/amsfonts/cm/cmr8.pfb></usr/lo
cal/texlive/2014/texmf-dist/fonts/type1/public/amsfonts/cm/cmsy10.pfb></usr/loc
al/texlive/2014/texmf-dist/fonts/type1/public/cm-super/sfbx1200.pfb></usr/local
/texlive/2014/texmf-dist/fonts/type1/public/cm-super/sfbx1440.pfb></usr/local/t
exlive/2014/texmf-dist/fonts/type1/public/cm-super/sfbx1728.pfb></usr/local/tex
live/2014/texmf-dist/fonts/type1/public/cm-super/sfbx2488.pfb></usr/local/texli
ve/2014/texmf-dist/fonts/type1/public/cm-super/sfcc1200.pfb></usr/local/texlive
/2014/texmf-dist/fonts/type1/public/cm-super/sfrm1095.pfb></usr/local/texlive/2
014/texmf-dist/fonts/type1/public/cm-super/sfrm1200.pfb></usr/local/texlive/201
4/texmf-dist/fonts/type1/public/cm-super/sfti1200.pfb></usr/local/texlive/2014/
texmf-dist/fonts/type1/public/cm-super/sfti1440.pfb>
Output written on "Trabajo Terminal v9.2.pdf" (43 pages, 1839881 bytes).
PDF statistics:
 263 PDF objects out of 1000 (max. 8388607)
 168 compressed objects within 2 object streams
 0 named destinations out of 1000 (max. 500000)
 131 words of extra memory for PDF output out of 10000 (max. 10000000)

