\BOOKMARK [0][-]{chapter.1}{C\363mo usar esta plantilla "C"}{}% 1
\BOOKMARK [1][-]{section.1.1}{Requisito para compilar}{chapter.1}% 2
\BOOKMARK [1][-]{section.1.2}{Dimensiones}{chapter.1}% 3
\BOOKMARK [1][-]{section.1.3}{Plantilla general}{chapter.1}% 4
\BOOKMARK [1][-]{section.1.4}{Entornos}{chapter.1}% 5
\BOOKMARK [1][-]{section.1.5}{Paquetes habilitados en esta plantilla. Compilaci\363n}{chapter.1}% 6
\BOOKMARK [0][-]{chapter.2}{Entornos}{}% 7
\BOOKMARK [1][-]{section.2.1}{Cambiar los colores en el pre\341mbulo}{chapter.2}% 8
\BOOKMARK [0][-]{chapter.3}{Otros entornos}{}% 9
\BOOKMARK [1][-]{section.3.1}{Cajas y cajas simples}{chapter.3}% 10
\BOOKMARK [1][-]{section.3.2}{Notas y vocabulario}{chapter.3}% 11
\BOOKMARK [0][-]{chapter.4}{Cosas de edici\363n habilitadas}{}% 12
\BOOKMARK [1][-]{section.4.1}{Listas de enumeraci\363n adicionales}{chapter.4}% 13
\BOOKMARK [1][-]{section.4.2}{Cambiar los colores en el pre\341mbulo}{chapter.4}% 14
\BOOKMARK [1][-]{section.4.3}{C\363digo de programas en color}{chapter.4}% 15
\BOOKMARK [1][-]{section.4.4}{El entorno tabular}{chapter.4}% 16
\BOOKMARK [1][-]{section.4.5}{Tablas con el paquete TIKZ}{chapter.4}% 17
\BOOKMARK [2][-]{subsection.4.5.1}{Tablas con tcolorbox y tabularx}{section.4.5}% 18
\BOOKMARK [1][-]{section.4.6}{Gr\341ficos}{chapter.4}% 19
\BOOKMARK [1][-]{section.4.7}{Listas de ejercicios}{chapter.4}% 20
\BOOKMARK [1][-]{section.4.8}{Caja para listas de ejercicios}{chapter.4}% 21
\BOOKMARK [2][-]{subsection.4.8.1}{Un solo ejercicio}{section.4.8}% 22
\BOOKMARK [1][-]{section.4.9}{Entorno bibliograf\355a}{chapter.4}% 23
\BOOKMARK [1][-]{lstnumber.-39.11}{azulF Bibliograf\355a}{chapter.4}% 24
