\BOOKMARK [0][-]{chapter*.3}{Introducci\363n}{}% 1
\BOOKMARK [0][-]{chapter.1}{Marco Te\363rico}{}% 2
\BOOKMARK [1][-]{section.1.1}{Servidor de Correo electr\363nico}{chapter.1}% 3
\BOOKMARK [1][-]{section.1.2}{Protocolo SMTP}{chapter.1}% 4
\BOOKMARK [1][-]{section.1.3}{Protocolo POP3}{chapter.1}% 5
\BOOKMARK [1][-]{section.1.4}{Protocolo IMAP}{chapter.1}% 6
\BOOKMARK [1][-]{section.1.5}{Cifrado}{chapter.1}% 7
\BOOKMARK [1][-]{section.1.6}{Cifrado Sim\351trico}{chapter.1}% 8
\BOOKMARK [1][-]{section.1.7}{PGP \(Pretty Good Privacy\).}{chapter.1}% 9
\BOOKMARK [1][-]{section.1.8}{Adversarios Clasificadores}{chapter.1}% 10
\BOOKMARK [0][-]{chapter.2}{Antecedentes}{}% 11
\BOOKMARK [0][-]{chapter.3}{Objetivos}{}% 12
\BOOKMARK [0][-]{chapter.3}{Objetivos}{}% 13
\BOOKMARK [1][-]{section.3.1}{Objetivos Generales}{chapter.3}% 14
\BOOKMARK [1][-]{section.3.1}{Objetivos Generales}{chapter.3}% 15
\BOOKMARK [1][-]{section.3.2}{Objetivos Espec\355ficos}{chapter.3}% 16
\BOOKMARK [1][-]{section.3.2}{Objetivos Espec\355ficos}{chapter.3}% 17
\BOOKMARK [0][-]{chapter.4}{Justificaci\363n}{}% 18
\BOOKMARK [0][-]{chapter.5}{Propuesta de soluci\363n}{}% 19
\BOOKMARK [1][-]{section.5.1}{Tecnolog\355as}{chapter.5}% 20
\BOOKMARK [2][-]{subsection.5.1.1}{Cliente de correo electr\363nico}{section.5.1}% 21
\BOOKMARK [2][-]{subsection.5.1.2}{Lenguajes de programaci\363n.}{section.5.1}% 22
\BOOKMARK [2][-]{subsection.5.1.3}{Tipos de CAPTCHAS}{section.5.1}% 23
\BOOKMARK [2][-]{subsection.5.1.4}{Bases de datos para almacenar los CAPTCHAS.}{section.5.1}% 24
\BOOKMARK [0][-]{chapter.6}{An\341lisis y Dise\361o}{}% 25
\BOOKMARK [1][-]{section.6.1}{Diagramas de caso de uso}{chapter.6}% 26
\BOOKMARK [2][-]{subsection.6.1.1}{Diagrama de caos de uso CU2 Registrar usuario en el servidor de CAPTCHAS}{section.6.1}% 27
\BOOKMARK [2][-]{subsection.6.1.2}{Diagrama de casos de uso CU3 Acceso a la cuenta en el servidor de CAPTCHAS}{section.6.1}% 28
\BOOKMARK [2][-]{subsection.6.1.3}{Diagrama de casos de uso CU4 Abrir Correo Electr\363nico.}{section.6.1}% 29
\BOOKMARK [2][-]{subsection.6.1.4}{Diagrama casos de uso CU5 Activar cifrado por CAPTCHAS.}{section.6.1}% 30
\BOOKMARK [2][-]{subsection.6.1.5}{Diagrama de casos de uso CU6 Descifrar correo electr\363nico.}{section.6.1}% 31
\BOOKMARK [2][-]{subsection.6.1.6}{Diagrama de caos de uso CU7 Eliminar CAPTCHA del servidor.}{section.6.1}% 32
\BOOKMARK [2][-]{subsection.6.1.7}{Diagrama de casos de uso CU8 Eliminar correo electr\363nico.}{section.6.1}% 33
\BOOKMARK [2][-]{subsection.6.1.8}{Diagrama de casos de uso CU9 Enviar CAPTCHAS}{section.6.1}% 34
\BOOKMARK [2][-]{subsection.6.1.9}{Diagrama de casos de uso CU10 Enviar correo electr\363nico.}{section.6.1}% 35
\BOOKMARK [1][-]{section.6.2}{Diagramas a bloques}{chapter.6}% 36
\BOOKMARK [0][-]{chapter.7}{Desarrollo de prototipos}{}% 37
\BOOKMARK [1][-]{section.7.1}{Prototipo 1}{chapter.7}% 38
\BOOKMARK [1][-]{section.7.2}{Prototipo 2}{chapter.7}% 39
\BOOKMARK [1][-]{section.7.3}{Prototipo 3}{chapter.7}% 40
\BOOKMARK [1][-]{section.7.4}{Prototipo 4}{chapter.7}% 41
