--------------------------------------------------------------------------------
Release 14.6 Trace  (nt64)
Copyright (c) 1995-2013 Xilinx, Inc.  All rights reserved.

C:\Xilinx\14.6\ISE_DS\ISE\bin\nt64\unwrapped\trce.exe -intstyle ise -v 3 -s 5
-n 3 -fastpaths -xml main.twx main.ncd -o main.twr main.pcf -ucf
Basys2_100_250General.ucf

Design file:              main.ncd
Physical constraint file: main.pcf
Device,package,speed:     xc3s100e,cp132,-5 (PRODUCTION 1.27 2013-06-08)
Report level:             verbose report

Environment Variable      Effect 
--------------------      ------ 
NONE                      No environment variables were set
--------------------------------------------------------------------------------

INFO:Timing:2698 - No timing constraints found, doing default enumeration.
INFO:Timing:3412 - To improve timing, see the Timing Closure User Guide (UG612).
INFO:Timing:2752 - To get complete path coverage, use the unconstrained paths 
   option. All paths that are not constrained will be reported in the 
   unconstrained paths section(s) of the report.
INFO:Timing:3339 - The clock-to-out numbers in this timing report are based on 
   a 50 Ohm transmission line loading model.  For the details of this model, 
   and for more information on accounting for different loading conditions, 
   please see the device datasheet.
INFO:Timing:3390 - This architecture does not support a default System Jitter 
   value, please add SYSTEM_JITTER constraint to the UCF to modify the Clock 
   Uncertainty calculation.
INFO:Timing:3389 - This architecture does not support 'Discrete Jitter' and 
   'Phase Error' calculations, these terms will be zero in the Clock 
   Uncertainty calculation.  Please make appropriate modification to 
   SYSTEM_JITTER to account for the unsupported Discrete Jitter and Phase 
   Error.



Data Sheet report:
-----------------
All values displayed in nanoseconds (ns)

Pad to Pad
---------------+---------------+---------+
Source Pad     |Destination Pad|  Delay  |
---------------+---------------+---------+
Cin            |Sal<0>         |    7.634|
Cin            |Sal<1>         |    9.593|
Cin            |Sal<2>         |    9.191|
Cin            |Sal<3>         |    9.952|
Cin            |Sal<4>         |   10.082|
vecA<0>        |Sal<0>         |    7.751|
vecA<0>        |Sal<1>         |    9.911|
vecA<0>        |Sal<2>         |    9.509|
vecA<0>        |Sal<3>         |   10.270|
vecA<0>        |Sal<4>         |   10.400|
vecA<1>        |Sal<1>         |    7.341|
vecA<1>        |Sal<2>         |    8.053|
vecA<1>        |Sal<3>         |    8.814|
vecA<1>        |Sal<4>         |    8.944|
vecA<2>        |Sal<2>         |    6.699|
vecA<2>        |Sal<3>         |    7.593|
vecA<2>        |Sal<4>         |    7.723|
vecA<3>        |Sal<3>         |    7.402|
vecA<3>        |Sal<4>         |    7.931|
vecB<0>        |Sal<0>         |    6.375|
vecB<0>        |Sal<1>         |    8.344|
vecB<0>        |Sal<2>         |    7.942|
vecB<0>        |Sal<3>         |    8.703|
vecB<0>        |Sal<4>         |    8.833|
vecB<1>        |Sal<1>         |    7.851|
vecB<1>        |Sal<2>         |    7.994|
vecB<1>        |Sal<3>         |    8.755|
vecB<1>        |Sal<4>         |    8.885|
vecB<2>        |Sal<2>         |    6.807|
vecB<2>        |Sal<3>         |    7.606|
vecB<2>        |Sal<4>         |    7.736|
vecB<3>        |Sal<3>         |    7.269|
vecB<3>        |Sal<4>         |    7.959|
---------------+---------------+---------+


Analysis completed Wed May 13 07:23:43 2015 
--------------------------------------------------------------------------------

Trace Settings:
-------------------------
Trace Settings 

Peak Memory Usage: 149 MB



