--------------------------------------------------------------------------------
Release 13.1 Trace  (nt64)
Copyright (c) 1995-2011 Xilinx, Inc.  All rights reserved.

C:\Xilinx\13.1\ISE_DS\ISE\bin\nt64\unwrapped\trce.exe -intstyle ise -v 3 -s 5
-n 3 -fastpaths -xml sumador.twx sumador.ncd -o sumador.twr sumador.pcf -ucf
Basys2_100_250General.ucf

Design file:              sumador.ncd
Physical constraint file: sumador.pcf
Device,package,speed:     xc3s100e,cp132,-5 (PRODUCTION 1.27 2011-02-03)
Report level:             verbose report

Environment Variable      Effect 
--------------------      ------ 
NONE                      No environment variables were set
--------------------------------------------------------------------------------

INFO:Timing:2698 - No timing constraints found, doing default enumeration.
INFO:Timing:2752 - To get complete path coverage, use the unconstrained paths 
   option. All paths that are not constrained will be reported in the 
   unconstrained paths section(s) of the report.
INFO:Timing:3339 - The clock-to-out numbers in this timing report are based on 
   a 50 Ohm transmission line loading model.  For the details of this model, 
   and for more information on accounting for different loading conditions, 
   please see the device datasheet.
INFO:Timing:3390 - This architecture does not support a default System Jitter 
   value, please add SYSTEM_JITTER constraint to the UCF to modify the Clock 
   Uncertainty calculation.
INFO:Timing:3389 - This architecture does not support 'Discrete Jitter' and 
   'Phase Error' calculations, these terms will be zero in the Clock 
   Uncertainty calculation.  Please make appropriate modification to 
   SYSTEM_JITTER to account for the unsupported Discrete Jitter and Phase 
   Error.



Data Sheet report:
-----------------
All values displayed in nanoseconds (ns)

Pad to Pad
---------------+---------------+---------+
Source Pad     |Destination Pad|  Delay  |
---------------+---------------+---------+
a<0>           |cout<1>        |    7.773|
a<0>           |cout<2>        |    8.477|
a<0>           |cout<3>        |    9.489|
a<0>           |cout<4>        |   12.088|
a<0>           |suma<0>        |    7.009|
a<0>           |suma<1>        |    8.304|
a<0>           |suma<2>        |    9.421|
a<0>           |suma<3>        |   10.511|
a<0>           |suma<4>        |   12.281|
a<0>           |suma<5>        |   11.560|
a<1>           |cout<2>        |    7.256|
a<1>           |cout<3>        |    8.268|
a<1>           |cout<4>        |   10.867|
a<1>           |suma<1>        |    7.054|
a<1>           |suma<2>        |    8.200|
a<1>           |suma<3>        |    9.290|
a<1>           |suma<4>        |   11.060|
a<1>           |suma<5>        |   10.339|
a<2>           |cout<3>        |    8.078|
a<2>           |cout<4>        |   10.677|
a<2>           |suma<2>        |    7.167|
a<2>           |suma<3>        |    9.100|
a<2>           |suma<4>        |   10.870|
a<2>           |suma<5>        |   10.149|
a<3>           |cout<4>        |    8.922|
a<3>           |suma<3>        |    7.833|
a<3>           |suma<4>        |    9.115|
a<3>           |suma<5>        |    8.394|
a<4>           |suma<4>        |    6.298|
a<4>           |suma<5>        |    6.252|
b<0>           |cout<1>        |    7.063|
b<0>           |cout<2>        |    7.767|
b<0>           |cout<3>        |    8.779|
b<0>           |cout<4>        |   11.378|
b<0>           |suma<0>        |    6.299|
b<0>           |suma<1>        |    7.594|
b<0>           |suma<2>        |    8.711|
b<0>           |suma<3>        |    9.801|
b<0>           |suma<4>        |   11.571|
b<0>           |suma<5>        |   10.850|
b<1>           |cout<2>        |    7.512|
b<1>           |cout<3>        |    8.524|
b<1>           |cout<4>        |   11.123|
b<1>           |suma<1>        |    7.834|
b<1>           |suma<2>        |    8.456|
b<1>           |suma<3>        |    9.546|
b<1>           |suma<4>        |   11.316|
b<1>           |suma<5>        |   10.595|
b<2>           |cout<3>        |    7.475|
b<2>           |cout<4>        |   10.074|
b<2>           |suma<2>        |    6.605|
b<2>           |suma<3>        |    8.497|
b<2>           |suma<4>        |   10.267|
b<2>           |suma<5>        |    9.546|
b<3>           |cout<4>        |    7.842|
b<3>           |suma<3>        |    6.602|
b<3>           |suma<4>        |    8.035|
b<3>           |suma<5>        |    7.314|
b<4>           |suma<4>        |    6.605|
b<4>           |suma<5>        |    6.845|
cin            |cout<0>        |    5.352|
cin            |cout<1>        |    8.877|
cin            |cout<2>        |    9.581|
cin            |cout<3>        |   10.593|
cin            |cout<4>        |   13.192|
cin            |suma<0>        |    8.113|
cin            |suma<1>        |    9.408|
cin            |suma<2>        |   10.525|
cin            |suma<3>        |   11.615|
cin            |suma<4>        |   13.385|
cin            |suma<5>        |   12.664|
---------------+---------------+---------+


Analysis completed Wed May 27 07:51:50 2015 
--------------------------------------------------------------------------------

Trace Settings:
-------------------------
Trace Settings 

Peak Memory Usage: 134 MB



