\BOOKMARK [0][-]{chapter.1}{Introducci\363n}{}% 1
\BOOKMARK [0][-]{chapter.1}{Introducci\363n}{}% 2
\BOOKMARK [1][-]{section.1.1}{Justificaci\363n}{chapter.1}% 3
\BOOKMARK [1][-]{section.1.2}{Objetivos}{chapter.1}% 4
\BOOKMARK [2][-]{subsection.1.2.1}{Objetivos Generales}{section.1.2}% 5
\BOOKMARK [2][-]{subsection.1.2.2}{Objetivos Espec\355ficos}{section.1.2}% 6
\BOOKMARK [1][-]{section.1.3}{PGP \(Pretty Good Privacy\).}{chapter.1}% 7
\BOOKMARK [1][-]{section.1.4}{GPG \(GnuPG o GNU Privacy Guard\).}{chapter.1}% 8
\BOOKMARK [0][-]{chapter.2}{Preliminares}{}% 9
\BOOKMARK [1][-]{section.2.1}{Correo electr\363nico}{chapter.2}% 10
\BOOKMARK [1][-]{section.2.2}{Criptograf\355a}{chapter.2}% 11
\BOOKMARK [2][-]{subsection.2.2.1}{Tipos de Ataques}{section.2.2}% 12
\BOOKMARK [2][-]{subsection.2.2.2}{Cifrado Sim\351trico}{section.2.2}% 13
\BOOKMARK [2][-]{subsection.2.2.3}{Cifrado por bloques}{section.2.2}% 14
\BOOKMARK [2][-]{subsection.2.2.4}{Modos de operaci\363n}{section.2.2}% 15
\BOOKMARK [1][-]{section.2.3}{Funciones Hash}{chapter.2}% 16
\BOOKMARK [1][-]{section.2.4}{Aritm\351tica Modular}{chapter.2}% 17
\BOOKMARK [1][-]{section.2.5}{Polinomio de Lagrange}{chapter.2}% 18
\BOOKMARK [0][-]{chapter.3}{Adversarios Clasificadores}{}% 19
\BOOKMARK [1][-]{section.3.1}{Adversarios}{chapter.3}% 20
\BOOKMARK [2][-]{subsection.3.1.1}{Esquema Golle - Farahat}{section.3.1}% 21
\BOOKMARK [1][-]{section.3.2}{CAPTCHA}{chapter.3}% 22
\BOOKMARK [1][-]{section.3.3}{Esquema de Secreto Compartido de Shamir}{chapter.3}% 23
\BOOKMARK [1][-]{section.3.4}{Codificacion de caracteres a enteros}{chapter.3}% 24
\BOOKMARK [1][-]{section.3.5}{Decodificaci\363n de enteros a caracteres}{chapter.3}% 25
\BOOKMARK [2][-]{subsection.3.5.1}{Esquema D\355az - Chakraborty}{section.3.5}% 26
\BOOKMARK [0][-]{chapter.4}{Tecnolog\355as usadas}{}% 27
\BOOKMARK [1][-]{section.4.1}{Tecnolog\355as}{chapter.4}% 28
\BOOKMARK [2][-]{subsection.4.1.1}{Cliente de correo electr\363nico}{section.4.1}% 29
\BOOKMARK [2][-]{subsection.4.1.2}{Lenguajes de programaci\363n.}{section.4.1}% 30
\BOOKMARK [2][-]{subsection.4.1.3}{Tipos de CAPTCHAS}{section.4.1}% 31
\BOOKMARK [2][-]{subsection.4.1.4}{Bases de datos para almacenar los CAPTCHAS.}{section.4.1}% 32
\BOOKMARK [0][-]{chapter.5}{An\341lisis y Dise\361o}{}% 33
\BOOKMARK [1][-]{section.5.1}{Diagramas de caso de uso}{chapter.5}% 34
\BOOKMARK [2][-]{subsection.5.1.1}{Diagrama de casos de uso CU2 Registrar usuario en el servidor de CAPTCHAS}{section.5.1}% 35
\BOOKMARK [2][-]{subsection.5.1.2}{Diagrama de casos de uso CU3 Acceso a la cuenta en el servidor de CAPTCHAS}{section.5.1}% 36
\BOOKMARK [2][-]{subsection.5.1.3}{Diagrama de casos de uso CU4 Abrir Correo Electr\363nico.}{section.5.1}% 37
\BOOKMARK [2][-]{subsection.5.1.4}{Diagrama casos de uso CU5 Activar cifrado por CAPTCHAS.}{section.5.1}% 38
\BOOKMARK [2][-]{subsection.5.1.5}{Diagrama de casos de uso CU6 Descifrar correo electr\363nico.}{section.5.1}% 39
\BOOKMARK [2][-]{subsection.5.1.6}{Diagrama de caos de uso CU7 Eliminar CAPTCHA del servidor.}{section.5.1}% 40
\BOOKMARK [2][-]{subsection.5.1.7}{Diagrama de casos de uso CU8 Eliminar correo electr\363nico.}{section.5.1}% 41
\BOOKMARK [2][-]{subsection.5.1.8}{Diagrama de casos de uso CU9 Enviar CAPTCHAS}{section.5.1}% 42
\BOOKMARK [2][-]{subsection.5.1.9}{Diagrama de casos de uso CU10 Enviar correo electr\363nico.}{section.5.1}% 43
\BOOKMARK [1][-]{section.5.2}{Diagramas a bloques}{chapter.5}% 44
\BOOKMARK [0][-]{chapter.6}{Desarrollo de prototipos}{}% 45
\BOOKMARK [1][-]{section.6.1}{Prototipo 1}{chapter.6}% 46
\BOOKMARK [1][-]{section.6.2}{Prototipo 2}{chapter.6}% 47
\BOOKMARK [1][-]{section.6.3}{Prototipo 3}{chapter.6}% 48
\BOOKMARK [1][-]{section.6.4}{Prototipo 4}{chapter.6}% 49
\BOOKMARK [1][-]{section.6.5}{Prototipo 5}{chapter.6}% 50
\BOOKMARK [1][-]{section.6.6}{Prototipo 6}{chapter.6}% 51
\BOOKMARK [1][-]{section.6.7}{Prototipo 7}{chapter.6}% 52
\BOOKMARK [1][-]{section.6.8}{Prototipo 8}{chapter.6}% 53
\BOOKMARK [1][-]{section.6.9}{Prototipo 9}{chapter.6}% 54
\BOOKMARK [1][-]{section.6.10}{Prototipo 10}{chapter.6}% 55
\BOOKMARK [0][-]{chapter.7}{Conclusiones y Trabajo Futuro}{}% 56
\BOOKMARK [1][-]{section.7.1}{Conclusiones}{chapter.7}% 57
\BOOKMARK [1][-]{section.7.2}{Trabajo futuro.}{chapter.7}% 58
