\BOOKMARK [1][-]{section.1}{\376\377\000B\000r\000e\000v\000e\000\040\000h\000i\000s\000t\000o\000r\000i\000a\000\040\000d\000e\000\040\000l\000a\000\040\000g\000u\000i\000t\000a\000r\000r\000a\000\040\000T\000\372\000a\000,\000\040\000p\000a\000n\000z\000o\000n\000a\000\040\000o\000\040\000t\000a\000m\000b\000o\000r\000i\000n\000a}{}% 1
\BOOKMARK [1][-]{section.2}{\376\377\000C\000o\000n\000c\000e\000p\000t\000o\000s\000\040\000u\000s\000a\000d\000o\000s\000\040\000p\000a\000r\000a\000\040\000e\000l\000\040\000a\000n\000a\000l\000i\000s\000i\000s\000\040\000y\000\040\000d\000i\000s\000e\000\361\000o\000\040\000d\000e\000\040\000l\000a\000\040\000g\000u\000i\000t\000a\000r\000r\000a\000\040\000p\000a\000n\000z\000o\000n\000a}{}% 2
\BOOKMARK [2][-]{subsection.2.1}{\376\377\000E\000l\000\040\000T\000a\000n\000t\000o}{section.2}% 3
\BOOKMARK [2][-]{subsection.2.2}{\376\377\000L\000a\000\040\000e\000s\000c\000a\000l\000a\000\040\000y\000\040\000l\000a\000\040\000p\000e\000r\000s\000p\000e\000c\000t\000i\000v\000a\000\040\000i\000s\000o\000m\000e\000t\000r\000i\000c\000a}{section.2}% 4
\BOOKMARK [1][-]{section.3}{\376\377\000O\000r\000g\000a\000n\000o\000l\000o\000g\000i\000a\000\040\000d\000e\000\040\000l\000a\000\040\000g\000u\000i\000t\000a\000r\000r\000a\000\040\000p\000a\000n\000z\000o\000n\000a\000\040\000y\000\040\000c\000a\000r\000a\000c\000t\000e\000r\000i\000s\000t\000i\000c\000a\000s}{}% 5
\BOOKMARK [2][-]{subsection.3.1}{\376\377\000T\000a\000p\000a\000\040\000a\000r\000m\000o\000n\000i\000c\000a}{section.3}% 6
\BOOKMARK [3][-]{subsubsection.3.1.1}{\376\377\000p\000u\000e\000n\000t\000e}{subsection.3.1}% 7
\BOOKMARK [3][-]{subsubsection.3.1.2}{\376\377\000b\000o\000c\000a}{subsection.3.1}% 8
\BOOKMARK [2][-]{subsection.3.2}{\376\377\000c\000a\000j\000a\000\040\000a\000r\000m\000o\000n\000i\000c\000a}{section.3}% 9
\BOOKMARK [3][-]{subsubsection.3.2.1}{\376\377\000f\000o\000n\000d\000o}{subsection.3.2}% 10
\BOOKMARK [2][-]{subsection.3.3}{\376\377\000c\000u\000e\000r\000d\000a\000s}{section.3}% 11
\BOOKMARK [2][-]{subsection.3.4}{\376\377\000b\000r\000a\000z\000o}{section.3}% 12
\BOOKMARK [3][-]{subsubsection.3.4.1}{\376\377\000d\000i\000a\000p\000a\000s\000o\000n}{subsection.3.4}% 13
\BOOKMARK [3][-]{subsubsection.3.4.2}{\376\377\000p\000a\000l\000a}{subsection.3.4}% 14
\BOOKMARK [1][-]{section.4}{\376\377\000a\000n\000a\000l\000i\000s\000i\000s\000\040\000d\000e\000\040\000l\000a\000\040\000g\000u\000i\000t\000a\000r\000r\000a\000\040\000p\000a\000n\000z\000o\000n\000a}{}% 15
\BOOKMARK [2][-]{subsection.4.1}{\376\377\000G\000u\000i\000t\000a\000r\000r\000a\000\040\0001\000\040\000R\000a\000n\000f\000e\000r\000i}{section.4}% 16
\BOOKMARK [2][-]{subsection.4.2}{\376\377\000G\000u\000i\000t\000a\000r\000r\000a\000\040\0002\000\040\000T\000a\000v\000i\000r\000a}{section.4}% 17
\BOOKMARK [2][-]{subsection.4.3}{\376\377\000G\000u\000i\000t\000a\000r\000r\000a\000\040\0003\000\040\000J\000u\000a\000n\000\040\000R\000e\000y\000n\000o\000s\000o}{section.4}% 18
\BOOKMARK [2][-]{subsection.4.4}{\376\377\000G\000u\000i\000t\000a\000r\000r\000a\000\040\0004\000\040\000A\000g\000u\000s\000t\000i\000n\000\040\000v\000i\000l\000l\000a}{section.4}% 19
\BOOKMARK [2][-]{subsection.4.5}{\376\377\000G\000u\000i\000t\000a\000r\000r\000a\000\040\0005\000\040\000C\000o\000n\000j\000u\000n\000t\000o\000\040\000A\000j\000u\000c\000h\000i\000t\000l\000a\000n}{section.4}% 20
\BOOKMARK [1][-]{section.5}{\376\377\000L\000a\000\040\000c\000o\000n\000s\000t\000r\000u\000c\000c\000i\000o\000n\000\040\000d\000e\000\040\000l\000a\000\040\000G\000u\000i\000t\000a\000r\000r\000a\000\040\000p\000a\000n\000z\000o\000n\000a\000\040\000`\000`\000L\000a\000\040\000C\000h\000i\000m\000a\000l\000i\000'\000'}{}% 21
\BOOKMARK [2][-]{subsection.5.1}{\376\377\000E\000l\000\040\000d\000i\000s\000e\000\361\000o}{section.5}% 22
\BOOKMARK [2][-]{subsection.5.2}{\376\377\000L\000a\000\040\000c\000o\000n\000s\000t\000r\000u\000c\000c\000i\000o\000n}{section.5}% 23
\BOOKMARK [2][-]{subsection.5.3}{\376\377\000E\000l\000\040\000r\000e\000s\000u\000l\000t\000a\000d\000o}{section.5}% 24
\BOOKMARK [2][-]{subsection.5.4}{\376\377\000C\000o\000n\000c\000l\000u\000s\000i\000o\000n\000e\000s}{section.5}% 25
